[0.079s] Invoking command in '/home/misys/f1tenth_ws/build/vesc_msgs': CMAKE_PREFIX_PATH=/opt/ros/humble /usr/bin/cmake /home/misys/f1tenth_ws/src/vesc/vesc_msgs -DCMAKE_INSTALL_PREFIX=/home/misys/f1tenth_ws/install/vesc_msgs
[2.694s] -- The C compiler identification is GNU 11.4.0
[2.696s] -- The CXX compiler identification is GNU 11.4.0
[2.697s] -- Detecting C compiler ABI info
[2.697s] -- Detecting C compiler ABI info - done
[2.697s] -- Check for working C compiler: /usr/bin/cc - skipped
[2.697s] -- Detecting C compile features
[2.698s] -- Detecting C compile features - done
[2.698s] -- Detecting CXX compiler ABI info
[2.699s] -- Detecting CXX compiler ABI info - done
[2.699s] -- Check for working CXX compiler: /usr/bin/c++ - skipped
[2.699s] -- Detecting CXX compile features
[2.699s] -- Detecting CXX compile features - done
[2.700s] -- Found ament_cmake_auto: 1.3.12 (/opt/ros/humble/share/ament_cmake_auto/cmake)
[2.700s] -- Found Python3: /usr/bin/python3 (found version "3.10.12") found components: Interpreter 
[2.700s] -- Using all available rosidl_typesupport_c: rosidl_typesupport_fastrtps_c;rosidl_typesupport_introspection_c
[2.700s] -- Found rosidl_adapter: 3.1.7 (/opt/ros/humble/share/rosidl_adapter/cmake)
[2.701s] -- Using all available rosidl_typesupport_cpp: rosidl_typesupport_fastrtps_cpp;rosidl_typesupport_introspection_cpp
[2.702s] -- Found ament_cmake_ros: 0.10.0 (/opt/ros/humble/share/ament_cmake_ros/cmake)
[2.885s] -- Using all available rosidl_typesupport_c: rosidl_typesupport_fastrtps_c;rosidl_typesupport_introspection_c
[3.779s] -- Using all available rosidl_typesupport_cpp: rosidl_typesupport_fastrtps_cpp;rosidl_typesupport_introspection_cpp
[3.852s] -- Found PythonInterp: /usr/bin/python3 (found suitable version "3.10.12", minimum required is "3.6") 
[3.852s] -- Found python_cmake_module: 0.10.0 (/opt/ros/humble/share/python_cmake_module/cmake)
[3.922s] -- Found PythonLibs: /usr/lib/x86_64-linux-gnu/libpython3.10.so (found suitable version "3.10.12", minimum required is "3.5") 
[3.923s] -- Using PYTHON_EXECUTABLE: /usr/bin/python3
[3.923s] -- Using PYTHON_INCLUDE_DIRS: /usr/include/python3.10
[3.923s] -- Using PYTHON_LIBRARIES: /usr/lib/x86_64-linux-gnu/libpython3.10.so
[3.982s] -- Found PythonExtra: .so  
[4.160s] -- Found ament_lint_auto: 0.12.14 (/opt/ros/humble/share/ament_lint_auto/cmake)
[4.283s] -- Added test 'copyright' to check source files copyright and LICENSE
[4.299s] -- Added test 'lint_cmake' to check CMake code style
[4.301s] -- Added test 'xmllint' to check XML markup files
[4.324s] -- Configuring done
[4.594s] -- Generating done
[4.672s] -- Build files have been written to: /home/misys/f1tenth_ws/build/vesc_msgs
[4.697s] Invoked command in '/home/misys/f1tenth_ws/build/vesc_msgs' returned '0': CMAKE_PREFIX_PATH=/opt/ros/humble /usr/bin/cmake /home/misys/f1tenth_ws/src/vesc/vesc_msgs -DCMAKE_INSTALL_PREFIX=/home/misys/f1tenth_ws/install/vesc_msgs
[4.703s] Invoking command in '/home/misys/f1tenth_ws/build/vesc_msgs': CMAKE_PREFIX_PATH=/opt/ros/humble /usr/bin/cmake --build /home/misys/f1tenth_ws/build/vesc_msgs -- -j16 -l16
[4.872s] [  1%] Generating C code for ROS interfaces
[4.895s] [  3%] Generating C++ code for ROS interfaces
[4.946s] [  3%] Built target ament_cmake_python_copy_vesc_msgs
[5.929s] running egg_info
[5.933s] creating vesc_msgs.egg-info
[5.933s] writing vesc_msgs.egg-info/PKG-INFO
[5.933s] writing dependency_links to vesc_msgs.egg-info/dependency_links.txt
[5.934s] writing top-level names to vesc_msgs.egg-info/top_level.txt
[5.934s] writing manifest file 'vesc_msgs.egg-info/SOURCES.txt'
[5.940s] reading manifest file 'vesc_msgs.egg-info/SOURCES.txt'
[5.947s] writing manifest file 'vesc_msgs.egg-info/SOURCES.txt'
[6.022s] [  3%] Built target ament_cmake_python_build_vesc_msgs_egg
[7.603s] [  3%] Built target vesc_msgs__cpp
[7.670s] [  5%] Generating C++ type support for eProsima Fast-RTPS
[7.695s] [  7%] Generating C++ type support dispatch for ROS interfaces
[7.712s] [  9%] Generating C++ introspection for ROS interfaces
[8.866s] [ 10%] Building C object CMakeFiles/vesc_msgs__rosidl_generator_c.dir/rosidl_generator_c/vesc_msgs/msg/detail/vesc_state__functions.c.o
[8.868s] [ 12%] Building C object CMakeFiles/vesc_msgs__rosidl_generator_c.dir/rosidl_generator_c/vesc_msgs/msg/detail/vesc_state_stamped__functions.c.o
[8.896s] [ 14%] Building C object CMakeFiles/vesc_msgs__rosidl_generator_c.dir/rosidl_generator_c/vesc_msgs/msg/detail/vesc_imu_stamped__functions.c.o
[8.909s] [ 16%] Building C object CMakeFiles/vesc_msgs__rosidl_generator_c.dir/rosidl_generator_c/vesc_msgs/msg/detail/vesc_imu__functions.c.o
[9.497s] [ 18%] Linking C shared library libvesc_msgs__rosidl_generator_c.so
[9.998s] [ 18%] Built target vesc_msgs__rosidl_generator_c
[10.071s] [ 20%] Generating C type support dispatch for ROS interfaces
[10.095s] [ 21%] Generating C type support for eProsima Fast-RTPS
[10.123s] [ 23%] Generating C introspection for ROS interfaces
[12.543s] [ 25%] Building CXX object CMakeFiles/vesc_msgs__rosidl_typesupport_introspection_cpp.dir/rosidl_typesupport_introspection_cpp/vesc_msgs/msg/detail/vesc_state__type_support.cpp.o
[12.575s] [ 27%] Building CXX object CMakeFiles/vesc_msgs__rosidl_typesupport_introspection_cpp.dir/rosidl_typesupport_introspection_cpp/vesc_msgs/msg/detail/vesc_state_stamped__type_support.cpp.o
[12.576s] [ 29%] Building CXX object CMakeFiles/vesc_msgs__rosidl_typesupport_introspection_cpp.dir/rosidl_typesupport_introspection_cpp/vesc_msgs/msg/detail/vesc_imu_stamped__type_support.cpp.o
[12.589s] [ 30%] Building CXX object CMakeFiles/vesc_msgs__rosidl_typesupport_introspection_cpp.dir/rosidl_typesupport_introspection_cpp/vesc_msgs/msg/detail/vesc_imu__type_support.cpp.o
[12.653s] [ 32%] Building CXX object CMakeFiles/vesc_msgs__rosidl_typesupport_c.dir/rosidl_typesupport_c/vesc_msgs/msg/vesc_imu__type_support.cpp.o
[12.670s] [ 34%] Building CXX object CMakeFiles/vesc_msgs__rosidl_typesupport_c.dir/rosidl_typesupport_c/vesc_msgs/msg/vesc_state__type_support.cpp.o
[12.675s] [ 36%] Building CXX object CMakeFiles/vesc_msgs__rosidl_typesupport_c.dir/rosidl_typesupport_c/vesc_msgs/msg/vesc_state_stamped__type_support.cpp.o
[12.692s] [ 38%] Building CXX object CMakeFiles/vesc_msgs__rosidl_typesupport_c.dir/rosidl_typesupport_c/vesc_msgs/msg/vesc_imu_stamped__type_support.cpp.o
[12.954s] [ 40%] Linking CXX shared library libvesc_msgs__rosidl_typesupport_c.so
[13.306s] [ 40%] Built target vesc_msgs__rosidl_typesupport_c
[14.154s] [ 41%] Building CXX object CMakeFiles/vesc_msgs__rosidl_typesupport_cpp.dir/rosidl_typesupport_cpp/vesc_msgs/msg/vesc_state__type_support.cpp.o
[14.162s] [ 43%] Building CXX object CMakeFiles/vesc_msgs__rosidl_typesupport_cpp.dir/rosidl_typesupport_cpp/vesc_msgs/msg/vesc_state_stamped__type_support.cpp.o
[14.162s] [ 45%] Building CXX object CMakeFiles/vesc_msgs__rosidl_typesupport_cpp.dir/rosidl_typesupport_cpp/vesc_msgs/msg/vesc_imu_stamped__type_support.cpp.o
[14.173s] [ 47%] Building CXX object CMakeFiles/vesc_msgs__rosidl_typesupport_cpp.dir/rosidl_typesupport_cpp/vesc_msgs/msg/vesc_imu__type_support.cpp.o
[14.750s] [ 50%] Building CXX object CMakeFiles/vesc_msgs__rosidl_typesupport_fastrtps_cpp.dir/rosidl_typesupport_fastrtps_cpp/vesc_msgs/msg/detail/dds_fastrtps/vesc_state__type_support.cpp.o
[14.751s] [ 49%] Building CXX object CMakeFiles/vesc_msgs__rosidl_typesupport_fastrtps_cpp.dir/rosidl_typesupport_fastrtps_cpp/vesc_msgs/msg/detail/dds_fastrtps/vesc_imu__type_support.cpp.o
[14.774s] [ 52%] Building CXX object CMakeFiles/vesc_msgs__rosidl_typesupport_fastrtps_cpp.dir/rosidl_typesupport_fastrtps_cpp/vesc_msgs/msg/detail/dds_fastrtps/vesc_state_stamped__type_support.cpp.o
[14.780s] [ 54%] Building CXX object CMakeFiles/vesc_msgs__rosidl_typesupport_fastrtps_cpp.dir/rosidl_typesupport_fastrtps_cpp/vesc_msgs/msg/detail/dds_fastrtps/vesc_imu_stamped__type_support.cpp.o
[15.552s] [ 56%] Linking CXX shared library libvesc_msgs__rosidl_typesupport_introspection_cpp.so
[15.660s] [ 58%] Building C object CMakeFiles/vesc_msgs__rosidl_typesupport_introspection_c.dir/rosidl_typesupport_introspection_c/vesc_msgs/msg/detail/vesc_state_stamped__type_support.c.o
[15.678s] [ 60%] Building C object CMakeFiles/vesc_msgs__rosidl_typesupport_introspection_c.dir/rosidl_typesupport_introspection_c/vesc_msgs/msg/detail/vesc_imu__type_support.c.o
[15.684s] [ 61%] Building C object CMakeFiles/vesc_msgs__rosidl_typesupport_introspection_c.dir/rosidl_typesupport_introspection_c/vesc_msgs/msg/detail/vesc_imu_stamped__type_support.c.o
[15.702s] [ 63%] Building C object CMakeFiles/vesc_msgs__rosidl_typesupport_introspection_c.dir/rosidl_typesupport_introspection_c/vesc_msgs/msg/detail/vesc_state__type_support.c.o
[15.988s] [ 65%] Linking C shared library libvesc_msgs__rosidl_typesupport_introspection_c.so
[16.087s] [ 65%] Built target vesc_msgs__rosidl_typesupport_introspection_cpp
[16.192s] [ 65%] Built target vesc_msgs__rosidl_typesupport_introspection_c
[16.227s] [ 67%] Building CXX object CMakeFiles/vesc_msgs__rosidl_typesupport_fastrtps_c.dir/rosidl_typesupport_fastrtps_c/vesc_msgs/msg/detail/vesc_state_stamped__type_support_c.cpp.o
[16.232s] [ 69%] Building CXX object CMakeFiles/vesc_msgs__rosidl_typesupport_fastrtps_c.dir/rosidl_typesupport_fastrtps_c/vesc_msgs/msg/detail/vesc_state__type_support_c.cpp.o
[16.237s] [ 70%] Building CXX object CMakeFiles/vesc_msgs__rosidl_typesupport_fastrtps_c.dir/rosidl_typesupport_fastrtps_c/vesc_msgs/msg/detail/vesc_imu_stamped__type_support_c.cpp.o
[16.255s] [ 72%] Building CXX object CMakeFiles/vesc_msgs__rosidl_typesupport_fastrtps_c.dir/rosidl_typesupport_fastrtps_c/vesc_msgs/msg/detail/vesc_imu__type_support_c.cpp.o
[16.478s] [ 74%] Linking CXX shared library libvesc_msgs__rosidl_typesupport_cpp.so
[16.769s] [ 74%] Built target vesc_msgs__rosidl_typesupport_cpp
[17.962s] [ 76%] Linking CXX shared library libvesc_msgs__rosidl_typesupport_fastrtps_cpp.so
[18.328s] [ 76%] Built target vesc_msgs__rosidl_typesupport_fastrtps_cpp
[18.509s] [ 78%] Linking CXX shared library libvesc_msgs__rosidl_typesupport_fastrtps_c.so
[18.968s] [ 78%] Built target vesc_msgs__rosidl_typesupport_fastrtps_c
[19.072s] [ 78%] Built target vesc_msgs
[19.204s] [ 80%] Generating Python code for ROS interfaces
[24.165s] [ 80%] Built target vesc_msgs__py
[24.165s] [ 81%] Building C object CMakeFiles/vesc_msgs__rosidl_generator_py.dir/rosidl_generator_py/vesc_msgs/msg/_vesc_state_stamped_s.c.o
[24.165s] [ 83%] Building C object CMakeFiles/vesc_msgs__rosidl_generator_py.dir/rosidl_generator_py/vesc_msgs/msg/_vesc_state_s.c.o
[24.165s] [ 85%] Building C object CMakeFiles/vesc_msgs__rosidl_generator_py.dir/rosidl_generator_py/vesc_msgs/msg/_vesc_imu_s.c.o
[24.166s] [ 87%] Building C object CMakeFiles/vesc_msgs__rosidl_generator_py.dir/rosidl_generator_py/vesc_msgs/msg/_vesc_imu_stamped_s.c.o
[24.166s] [ 89%] Linking C shared library rosidl_generator_py/vesc_msgs/libvesc_msgs__rosidl_generator_py.so
[24.166s] [ 89%] Built target vesc_msgs__rosidl_generator_py
[24.166s] [ 92%] Building C object CMakeFiles/vesc_msgs__rosidl_typesupport_c__pyext.dir/rosidl_generator_py/vesc_msgs/_vesc_msgs_s.ep.rosidl_typesupport_c.c.o
[24.166s] [ 92%] Building C object CMakeFiles/vesc_msgs__rosidl_typesupport_fastrtps_c__pyext.dir/rosidl_generator_py/vesc_msgs/_vesc_msgs_s.ep.rosidl_typesupport_fastrtps_c.c.o
[24.166s] [ 94%] Building C object CMakeFiles/vesc_msgs__rosidl_typesupport_introspection_c__pyext.dir/rosidl_generator_py/vesc_msgs/_vesc_msgs_s.ep.rosidl_typesupport_introspection_c.c.o
[24.321s] [ 96%] Linking C shared library rosidl_generator_py/vesc_msgs/vesc_msgs_s__rosidl_typesupport_c.cpython-310-x86_64-linux-gnu.so
[24.377s] [ 98%] Linking C shared library rosidl_generator_py/vesc_msgs/vesc_msgs_s__rosidl_typesupport_fastrtps_c.cpython-310-x86_64-linux-gnu.so
[24.466s] [100%] Linking C shared library rosidl_generator_py/vesc_msgs/vesc_msgs_s__rosidl_typesupport_introspection_c.cpython-310-x86_64-linux-gnu.so
[24.559s] [100%] Built target vesc_msgs__rosidl_typesupport_c__pyext
[24.563s] [100%] Built target vesc_msgs__rosidl_typesupport_fastrtps_c__pyext
[24.579s] [100%] Built target vesc_msgs__rosidl_typesupport_introspection_c__pyext
[24.613s] Invoked command in '/home/misys/f1tenth_ws/build/vesc_msgs' returned '0': CMAKE_PREFIX_PATH=/opt/ros/humble /usr/bin/cmake --build /home/misys/f1tenth_ws/build/vesc_msgs -- -j16 -l16
[24.614s] Invoking command in '/home/misys/f1tenth_ws/build/vesc_msgs': CMAKE_PREFIX_PATH=/opt/ros/humble /usr/bin/cmake --install /home/misys/f1tenth_ws/build/vesc_msgs
[24.634s] -- Install configuration: ""
[24.634s] -- Installing: /home/misys/f1tenth_ws/install/vesc_msgs/share/ament_index/resource_index/rosidl_interfaces/vesc_msgs
[24.635s] -- Installing: /home/misys/f1tenth_ws/install/vesc_msgs/include/vesc_msgs/vesc_msgs
[24.636s] -- Installing: /home/misys/f1tenth_ws/install/vesc_msgs/include/vesc_msgs/vesc_msgs/msg
[24.636s] -- Installing: /home/misys/f1tenth_ws/install/vesc_msgs/include/vesc_msgs/vesc_msgs/msg/vesc_state_stamped.h
[24.637s] -- Installing: /home/misys/f1tenth_ws/install/vesc_msgs/include/vesc_msgs/vesc_msgs/msg/vesc_imu_stamped.h
[24.638s] -- Installing: /home/misys/f1tenth_ws/install/vesc_msgs/include/vesc_msgs/vesc_msgs/msg/vesc_imu.h
[24.638s] -- Installing: /home/misys/f1tenth_ws/install/vesc_msgs/include/vesc_msgs/vesc_msgs/msg/detail
[24.638s] -- Installing: /home/misys/f1tenth_ws/install/vesc_msgs/include/vesc_msgs/vesc_msgs/msg/detail/vesc_state_stamped__struct.h
[24.639s] -- Installing: /home/misys/f1tenth_ws/install/vesc_msgs/include/vesc_msgs/vesc_msgs/msg/detail/vesc_imu__functions.c
[24.640s] -- Installing: /home/misys/f1tenth_ws/install/vesc_msgs/include/vesc_msgs/vesc_msgs/msg/detail/vesc_imu_stamped__struct.h
[24.640s] -- Installing: /home/misys/f1tenth_ws/install/vesc_msgs/include/vesc_msgs/vesc_msgs/msg/detail/vesc_state__struct.h
[24.640s] -- Installing: /home/misys/f1tenth_ws/install/vesc_msgs/include/vesc_msgs/vesc_msgs/msg/detail/vesc_state__type_support.h
[24.640s] -- Installing: /home/misys/f1tenth_ws/install/vesc_msgs/include/vesc_msgs/vesc_msgs/msg/detail/vesc_imu_stamped__functions.c
[24.641s] -- Installing: /home/misys/f1tenth_ws/install/vesc_msgs/include/vesc_msgs/vesc_msgs/msg/detail/vesc_state_stamped__type_support.h
[24.642s] -- Installing: /home/misys/f1tenth_ws/install/vesc_msgs/include/vesc_msgs/vesc_msgs/msg/detail/vesc_state__functions.c
[24.642s] -- Installing: /home/misys/f1tenth_ws/install/vesc_msgs/include/vesc_msgs/vesc_msgs/msg/detail/vesc_state__functions.h
[24.642s] -- Installing: /home/misys/f1tenth_ws/install/vesc_msgs/include/vesc_msgs/vesc_msgs/msg/detail/vesc_imu__type_support.h
[24.642s] -- Installing: /home/misys/f1tenth_ws/install/vesc_msgs/include/vesc_msgs/vesc_msgs/msg/detail/vesc_imu__functions.h
[24.646s] -- Installing: /home/misys/f1tenth_ws/install/vesc_msgs/include/vesc_msgs/vesc_msgs/msg/detail/vesc_imu_stamped__functions.h
[24.646s] -- Installing: /home/misys/f1tenth_ws/install/vesc_msgs/include/vesc_msgs/vesc_msgs/msg/detail/vesc_imu_stamped__type_support.h
[24.646s] -- Installing: /home/misys/f1tenth_ws/install/vesc_msgs/include/vesc_msgs/vesc_msgs/msg/detail/vesc_state_stamped__functions.h
[24.647s] -- Installing: /home/misys/f1tenth_ws/install/vesc_msgs/include/vesc_msgs/vesc_msgs/msg/detail/vesc_state_stamped__functions.c
[24.647s] -- Installing: /home/misys/f1tenth_ws/install/vesc_msgs/include/vesc_msgs/vesc_msgs/msg/detail/vesc_imu__struct.h
[24.647s] -- Installing: /home/misys/f1tenth_ws/install/vesc_msgs/include/vesc_msgs/vesc_msgs/msg/rosidl_generator_c__visibility_control.h
[24.647s] -- Installing: /home/misys/f1tenth_ws/install/vesc_msgs/include/vesc_msgs/vesc_msgs/msg/vesc_state.h
[24.648s] -- Installing: /home/misys/f1tenth_ws/install/vesc_msgs/share/vesc_msgs/environment/library_path.sh
[24.650s] -- Installing: /home/misys/f1tenth_ws/install/vesc_msgs/share/vesc_msgs/environment/library_path.dsv
[24.650s] -- Installing: /home/misys/f1tenth_ws/install/vesc_msgs/lib/libvesc_msgs__rosidl_generator_c.so
[24.652s] -- Set runtime path of "/home/misys/f1tenth_ws/install/vesc_msgs/lib/libvesc_msgs__rosidl_generator_c.so" to ""
[24.652s] -- Up-to-date: /home/misys/f1tenth_ws/install/vesc_msgs/include/vesc_msgs/vesc_msgs
[24.652s] -- Up-to-date: /home/misys/f1tenth_ws/install/vesc_msgs/include/vesc_msgs/vesc_msgs/msg
[24.652s] -- Installing: /home/misys/f1tenth_ws/install/vesc_msgs/include/vesc_msgs/vesc_msgs/msg/rosidl_typesupport_fastrtps_c__visibility_control.h
[24.652s] -- Up-to-date: /home/misys/f1tenth_ws/install/vesc_msgs/include/vesc_msgs/vesc_msgs/msg/detail
[24.653s] -- Installing: /home/misys/f1tenth_ws/install/vesc_msgs/include/vesc_msgs/vesc_msgs/msg/detail/vesc_imu_stamped__rosidl_typesupport_fastrtps_c.h
[24.663s] -- Installing: /home/misys/f1tenth_ws/install/vesc_msgs/include/vesc_msgs/vesc_msgs/msg/detail/vesc_imu__rosidl_typesupport_fastrtps_c.h
[24.663s] -- Installing: /home/misys/f1tenth_ws/install/vesc_msgs/include/vesc_msgs/vesc_msgs/msg/detail/vesc_state_stamped__rosidl_typesupport_fastrtps_c.h
[24.663s] -- Installing: /home/misys/f1tenth_ws/install/vesc_msgs/include/vesc_msgs/vesc_msgs/msg/detail/vesc_state__rosidl_typesupport_fastrtps_c.h
[24.664s] -- Installing: /home/misys/f1tenth_ws/install/vesc_msgs/lib/libvesc_msgs__rosidl_typesupport_fastrtps_c.so
[24.664s] -- Set runtime path of "/home/misys/f1tenth_ws/install/vesc_msgs/lib/libvesc_msgs__rosidl_typesupport_fastrtps_c.so" to ""
[24.664s] -- Up-to-date: /home/misys/f1tenth_ws/install/vesc_msgs/include/vesc_msgs/vesc_msgs
[24.664s] -- Up-to-date: /home/misys/f1tenth_ws/install/vesc_msgs/include/vesc_msgs/vesc_msgs/msg
[24.664s] -- Installing: /home/misys/f1tenth_ws/install/vesc_msgs/include/vesc_msgs/vesc_msgs/msg/rosidl_typesupport_introspection_c__visibility_control.h
[24.665s] -- Up-to-date: /home/misys/f1tenth_ws/install/vesc_msgs/include/vesc_msgs/vesc_msgs/msg/detail
[24.665s] -- Installing: /home/misys/f1tenth_ws/install/vesc_msgs/include/vesc_msgs/vesc_msgs/msg/detail/vesc_imu__rosidl_typesupport_introspection_c.h
[24.665s] -- Installing: /home/misys/f1tenth_ws/install/vesc_msgs/include/vesc_msgs/vesc_msgs/msg/detail/vesc_state_stamped__rosidl_typesupport_introspection_c.h
[24.668s] -- Installing: /home/misys/f1tenth_ws/install/vesc_msgs/include/vesc_msgs/vesc_msgs/msg/detail/vesc_state__rosidl_typesupport_introspection_c.h
[24.668s] -- Installing: /home/misys/f1tenth_ws/install/vesc_msgs/include/vesc_msgs/vesc_msgs/msg/detail/vesc_state_stamped__type_support.c
[24.668s] -- Installing: /home/misys/f1tenth_ws/install/vesc_msgs/include/vesc_msgs/vesc_msgs/msg/detail/vesc_imu__type_support.c
[24.668s] -- Installing: /home/misys/f1tenth_ws/install/vesc_msgs/include/vesc_msgs/vesc_msgs/msg/detail/vesc_imu_stamped__rosidl_typesupport_introspection_c.h
[24.668s] -- Installing: /home/misys/f1tenth_ws/install/vesc_msgs/include/vesc_msgs/vesc_msgs/msg/detail/vesc_state__type_support.c
[24.672s] -- Installing: /home/misys/f1tenth_ws/install/vesc_msgs/include/vesc_msgs/vesc_msgs/msg/detail/vesc_imu_stamped__type_support.c
[24.672s] -- Installing: /home/misys/f1tenth_ws/install/vesc_msgs/lib/libvesc_msgs__rosidl_typesupport_introspection_c.so
[24.672s] -- Set runtime path of "/home/misys/f1tenth_ws/install/vesc_msgs/lib/libvesc_msgs__rosidl_typesupport_introspection_c.so" to ""
[24.672s] -- Installing: /home/misys/f1tenth_ws/install/vesc_msgs/lib/libvesc_msgs__rosidl_typesupport_c.so
[24.672s] -- Set runtime path of "/home/misys/f1tenth_ws/install/vesc_msgs/lib/libvesc_msgs__rosidl_typesupport_c.so" to ""
[24.673s] -- Up-to-date: /home/misys/f1tenth_ws/install/vesc_msgs/include/vesc_msgs/vesc_msgs
[24.673s] -- Up-to-date: /home/misys/f1tenth_ws/install/vesc_msgs/include/vesc_msgs/vesc_msgs/msg
[24.673s] -- Installing: /home/misys/f1tenth_ws/install/vesc_msgs/include/vesc_msgs/vesc_msgs/msg/rosidl_generator_cpp__visibility_control.hpp
[24.673s] -- Installing: /home/misys/f1tenth_ws/install/vesc_msgs/include/vesc_msgs/vesc_msgs/msg/vesc_imu_stamped.hpp
[24.673s] -- Installing: /home/misys/f1tenth_ws/install/vesc_msgs/include/vesc_msgs/vesc_msgs/msg/vesc_state_stamped.hpp
[24.673s] -- Installing: /home/misys/f1tenth_ws/install/vesc_msgs/include/vesc_msgs/vesc_msgs/msg/vesc_state.hpp
[24.673s] -- Installing: /home/misys/f1tenth_ws/install/vesc_msgs/include/vesc_msgs/vesc_msgs/msg/vesc_imu.hpp
[24.673s] -- Up-to-date: /home/misys/f1tenth_ws/install/vesc_msgs/include/vesc_msgs/vesc_msgs/msg/detail
[24.674s] -- Installing: /home/misys/f1tenth_ws/install/vesc_msgs/include/vesc_msgs/vesc_msgs/msg/detail/vesc_imu__traits.hpp
[24.674s] -- Installing: /home/misys/f1tenth_ws/install/vesc_msgs/include/vesc_msgs/vesc_msgs/msg/detail/vesc_state_stamped__struct.hpp
[24.674s] -- Installing: /home/misys/f1tenth_ws/install/vesc_msgs/include/vesc_msgs/vesc_msgs/msg/detail/vesc_imu_stamped__struct.hpp
[24.674s] -- Installing: /home/misys/f1tenth_ws/install/vesc_msgs/include/vesc_msgs/vesc_msgs/msg/detail/vesc_imu__builder.hpp
[24.674s] -- Installing: /home/misys/f1tenth_ws/install/vesc_msgs/include/vesc_msgs/vesc_msgs/msg/detail/vesc_state__builder.hpp
[24.674s] -- Installing: /home/misys/f1tenth_ws/install/vesc_msgs/include/vesc_msgs/vesc_msgs/msg/detail/vesc_imu_stamped__traits.hpp
[24.678s] -- Installing: /home/misys/f1tenth_ws/install/vesc_msgs/include/vesc_msgs/vesc_msgs/msg/detail/vesc_state__struct.hpp
[24.679s] -- Installing: /home/misys/f1tenth_ws/install/vesc_msgs/include/vesc_msgs/vesc_msgs/msg/detail/vesc_state__type_support.hpp
[24.679s] -- Installing: /home/misys/f1tenth_ws/install/vesc_msgs/include/vesc_msgs/vesc_msgs/msg/detail/vesc_imu__type_support.hpp
[24.679s] -- Installing: /home/misys/f1tenth_ws/install/vesc_msgs/include/vesc_msgs/vesc_msgs/msg/detail/vesc_state_stamped__type_support.hpp
[24.679s] -- Installing: /home/misys/f1tenth_ws/install/vesc_msgs/include/vesc_msgs/vesc_msgs/msg/detail/vesc_imu__struct.hpp
[24.680s] -- Installing: /home/misys/f1tenth_ws/install/vesc_msgs/include/vesc_msgs/vesc_msgs/msg/detail/vesc_state__traits.hpp
[24.680s] -- Installing: /home/misys/f1tenth_ws/install/vesc_msgs/include/vesc_msgs/vesc_msgs/msg/detail/vesc_imu_stamped__type_support.hpp
[24.680s] -- Installing: /home/misys/f1tenth_ws/install/vesc_msgs/include/vesc_msgs/vesc_msgs/msg/detail/vesc_imu_stamped__builder.hpp
[24.680s] -- Installing: /home/misys/f1tenth_ws/install/vesc_msgs/include/vesc_msgs/vesc_msgs/msg/detail/vesc_state_stamped__traits.hpp
[24.680s] -- Installing: /home/misys/f1tenth_ws/install/vesc_msgs/include/vesc_msgs/vesc_msgs/msg/detail/vesc_state_stamped__builder.hpp
[24.680s] -- Up-to-date: /home/misys/f1tenth_ws/install/vesc_msgs/include/vesc_msgs/vesc_msgs
[24.680s] -- Up-to-date: /home/misys/f1tenth_ws/install/vesc_msgs/include/vesc_msgs/vesc_msgs/msg
[24.681s] -- Installing: /home/misys/f1tenth_ws/install/vesc_msgs/include/vesc_msgs/vesc_msgs/msg/rosidl_typesupport_fastrtps_cpp__visibility_control.h
[24.681s] -- Up-to-date: /home/misys/f1tenth_ws/install/vesc_msgs/include/vesc_msgs/vesc_msgs/msg/detail
[24.681s] -- Installing: /home/misys/f1tenth_ws/install/vesc_msgs/include/vesc_msgs/vesc_msgs/msg/detail/dds_fastrtps
[24.681s] -- Installing: /home/misys/f1tenth_ws/install/vesc_msgs/include/vesc_msgs/vesc_msgs/msg/detail/vesc_state__rosidl_typesupport_fastrtps_cpp.hpp
[24.684s] -- Installing: /home/misys/f1tenth_ws/install/vesc_msgs/include/vesc_msgs/vesc_msgs/msg/detail/vesc_state_stamped__rosidl_typesupport_fastrtps_cpp.hpp
[24.684s] -- Installing: /home/misys/f1tenth_ws/install/vesc_msgs/include/vesc_msgs/vesc_msgs/msg/detail/vesc_imu__rosidl_typesupport_fastrtps_cpp.hpp
[24.684s] -- Installing: /home/misys/f1tenth_ws/install/vesc_msgs/include/vesc_msgs/vesc_msgs/msg/detail/vesc_imu_stamped__rosidl_typesupport_fastrtps_cpp.hpp
[24.688s] -- Installing: /home/misys/f1tenth_ws/install/vesc_msgs/lib/libvesc_msgs__rosidl_typesupport_fastrtps_cpp.so
[24.688s] -- Set runtime path of "/home/misys/f1tenth_ws/install/vesc_msgs/lib/libvesc_msgs__rosidl_typesupport_fastrtps_cpp.so" to ""
[24.688s] -- Up-to-date: /home/misys/f1tenth_ws/install/vesc_msgs/include/vesc_msgs/vesc_msgs
[24.688s] -- Up-to-date: /home/misys/f1tenth_ws/install/vesc_msgs/include/vesc_msgs/vesc_msgs/msg
[24.689s] -- Up-to-date: /home/misys/f1tenth_ws/install/vesc_msgs/include/vesc_msgs/vesc_msgs/msg/detail
[24.689s] -- Installing: /home/misys/f1tenth_ws/install/vesc_msgs/include/vesc_msgs/vesc_msgs/msg/detail/vesc_state_stamped__rosidl_typesupport_introspection_cpp.hpp
[24.689s] -- Installing: /home/misys/f1tenth_ws/install/vesc_msgs/include/vesc_msgs/vesc_msgs/msg/detail/vesc_imu__type_support.cpp
[24.689s] -- Installing: /home/misys/f1tenth_ws/install/vesc_msgs/include/vesc_msgs/vesc_msgs/msg/detail/vesc_imu_stamped__rosidl_typesupport_introspection_cpp.hpp
[24.689s] -- Installing: /home/misys/f1tenth_ws/install/vesc_msgs/include/vesc_msgs/vesc_msgs/msg/detail/vesc_state__type_support.cpp
[24.689s] -- Installing: /home/misys/f1tenth_ws/install/vesc_msgs/include/vesc_msgs/vesc_msgs/msg/detail/vesc_state_stamped__type_support.cpp
[24.689s] -- Installing: /home/misys/f1tenth_ws/install/vesc_msgs/include/vesc_msgs/vesc_msgs/msg/detail/vesc_imu__rosidl_typesupport_introspection_cpp.hpp
[24.689s] -- Installing: /home/misys/f1tenth_ws/install/vesc_msgs/include/vesc_msgs/vesc_msgs/msg/detail/vesc_state__rosidl_typesupport_introspection_cpp.hpp
[24.690s] -- Installing: /home/misys/f1tenth_ws/install/vesc_msgs/include/vesc_msgs/vesc_msgs/msg/detail/vesc_imu_stamped__type_support.cpp
[24.690s] -- Installing: /home/misys/f1tenth_ws/install/vesc_msgs/lib/libvesc_msgs__rosidl_typesupport_introspection_cpp.so
[24.694s] -- Set runtime path of "/home/misys/f1tenth_ws/install/vesc_msgs/lib/libvesc_msgs__rosidl_typesupport_introspection_cpp.so" to ""
[24.694s] -- Installing: /home/misys/f1tenth_ws/install/vesc_msgs/lib/libvesc_msgs__rosidl_typesupport_cpp.so
[24.694s] -- Set runtime path of "/home/misys/f1tenth_ws/install/vesc_msgs/lib/libvesc_msgs__rosidl_typesupport_cpp.so" to ""
[24.694s] -- Installing: /home/misys/f1tenth_ws/install/vesc_msgs/share/vesc_msgs/environment/pythonpath.sh
[24.694s] -- Installing: /home/misys/f1tenth_ws/install/vesc_msgs/share/vesc_msgs/environment/pythonpath.dsv
[24.695s] -- Installing: /home/misys/f1tenth_ws/install/vesc_msgs/local/lib/python3.10/dist-packages/vesc_msgs-1.1.0-py3.10.egg-info
[24.695s] -- Installing: /home/misys/f1tenth_ws/install/vesc_msgs/local/lib/python3.10/dist-packages/vesc_msgs-1.1.0-py3.10.egg-info/top_level.txt
[24.695s] -- Installing: /home/misys/f1tenth_ws/install/vesc_msgs/local/lib/python3.10/dist-packages/vesc_msgs-1.1.0-py3.10.egg-info/PKG-INFO
[24.695s] -- Installing: /home/misys/f1tenth_ws/install/vesc_msgs/local/lib/python3.10/dist-packages/vesc_msgs-1.1.0-py3.10.egg-info/SOURCES.txt
[24.696s] -- Installing: /home/misys/f1tenth_ws/install/vesc_msgs/local/lib/python3.10/dist-packages/vesc_msgs-1.1.0-py3.10.egg-info/dependency_links.txt
[24.696s] -- Installing: /home/misys/f1tenth_ws/install/vesc_msgs/local/lib/python3.10/dist-packages/vesc_msgs
[24.696s] -- Installing: /home/misys/f1tenth_ws/install/vesc_msgs/local/lib/python3.10/dist-packages/vesc_msgs/vesc_msgs_s__rosidl_typesupport_c.cpython-310-x86_64-linux-gnu.so
[24.696s] -- Installing: /home/misys/f1tenth_ws/install/vesc_msgs/local/lib/python3.10/dist-packages/vesc_msgs/msg
[24.696s] -- Installing: /home/misys/f1tenth_ws/install/vesc_msgs/local/lib/python3.10/dist-packages/vesc_msgs/msg/_vesc_imu_stamped.py
[24.697s] -- Installing: /home/misys/f1tenth_ws/install/vesc_msgs/local/lib/python3.10/dist-packages/vesc_msgs/msg/_vesc_state_stamped_s.c
[24.697s] -- Installing: /home/misys/f1tenth_ws/install/vesc_msgs/local/lib/python3.10/dist-packages/vesc_msgs/msg/_vesc_state_s.c
[24.698s] -- Installing: /home/misys/f1tenth_ws/install/vesc_msgs/local/lib/python3.10/dist-packages/vesc_msgs/msg/_vesc_imu_s.c
[24.699s] -- Installing: /home/misys/f1tenth_ws/install/vesc_msgs/local/lib/python3.10/dist-packages/vesc_msgs/msg/_vesc_imu.py
[24.699s] -- Installing: /home/misys/f1tenth_ws/install/vesc_msgs/local/lib/python3.10/dist-packages/vesc_msgs/msg/_vesc_state_stamped.py
[24.700s] -- Installing: /home/misys/f1tenth_ws/install/vesc_msgs/local/lib/python3.10/dist-packages/vesc_msgs/msg/__init__.py
[24.701s] -- Installing: /home/misys/f1tenth_ws/install/vesc_msgs/local/lib/python3.10/dist-packages/vesc_msgs/msg/_vesc_state.py
[24.701s] -- Installing: /home/misys/f1tenth_ws/install/vesc_msgs/local/lib/python3.10/dist-packages/vesc_msgs/msg/_vesc_imu_stamped_s.c
[24.702s] -- Installing: /home/misys/f1tenth_ws/install/vesc_msgs/local/lib/python3.10/dist-packages/vesc_msgs/vesc_msgs_s__rosidl_typesupport_introspection_c.cpython-310-x86_64-linux-gnu.so
[24.703s] -- Installing: /home/misys/f1tenth_ws/install/vesc_msgs/local/lib/python3.10/dist-packages/vesc_msgs/_vesc_msgs_s.ep.rosidl_typesupport_fastrtps_c.c
[24.703s] -- Installing: /home/misys/f1tenth_ws/install/vesc_msgs/local/lib/python3.10/dist-packages/vesc_msgs/libvesc_msgs__rosidl_generator_py.so
[24.704s] -- Installing: /home/misys/f1tenth_ws/install/vesc_msgs/local/lib/python3.10/dist-packages/vesc_msgs/__init__.py
[24.704s] -- Installing: /home/misys/f1tenth_ws/install/vesc_msgs/local/lib/python3.10/dist-packages/vesc_msgs/_vesc_msgs_s.ep.rosidl_typesupport_c.c
[24.705s] -- Installing: /home/misys/f1tenth_ws/install/vesc_msgs/local/lib/python3.10/dist-packages/vesc_msgs/vesc_msgs_s__rosidl_typesupport_fastrtps_c.cpython-310-x86_64-linux-gnu.so
[24.706s] -- Installing: /home/misys/f1tenth_ws/install/vesc_msgs/local/lib/python3.10/dist-packages/vesc_msgs/_vesc_msgs_s.ep.rosidl_typesupport_introspection_c.c
[24.846s] Listing '/home/misys/f1tenth_ws/install/vesc_msgs/local/lib/python3.10/dist-packages/vesc_msgs'...
[24.846s] Compiling '/home/misys/f1tenth_ws/install/vesc_msgs/local/lib/python3.10/dist-packages/vesc_msgs/__init__.py'...
[24.846s] Listing '/home/misys/f1tenth_ws/install/vesc_msgs/local/lib/python3.10/dist-packages/vesc_msgs/msg'...
[24.847s] Compiling '/home/misys/f1tenth_ws/install/vesc_msgs/local/lib/python3.10/dist-packages/vesc_msgs/msg/__init__.py'...
[24.847s] Compiling '/home/misys/f1tenth_ws/install/vesc_msgs/local/lib/python3.10/dist-packages/vesc_msgs/msg/_vesc_imu.py'...
[24.847s] Compiling '/home/misys/f1tenth_ws/install/vesc_msgs/local/lib/python3.10/dist-packages/vesc_msgs/msg/_vesc_imu_stamped.py'...
[24.847s] Compiling '/home/misys/f1tenth_ws/install/vesc_msgs/local/lib/python3.10/dist-packages/vesc_msgs/msg/_vesc_state.py'...
[24.847s] Compiling '/home/misys/f1tenth_ws/install/vesc_msgs/local/lib/python3.10/dist-packages/vesc_msgs/msg/_vesc_state_stamped.py'...
[24.860s] -- Installing: /home/misys/f1tenth_ws/install/vesc_msgs/local/lib/python3.10/dist-packages/vesc_msgs/vesc_msgs_s__rosidl_typesupport_fastrtps_c.cpython-310-x86_64-linux-gnu.so
[24.864s] -- Set runtime path of "/home/misys/f1tenth_ws/install/vesc_msgs/local/lib/python3.10/dist-packages/vesc_msgs/vesc_msgs_s__rosidl_typesupport_fastrtps_c.cpython-310-x86_64-linux-gnu.so" to ""
[24.864s] -- Installing: /home/misys/f1tenth_ws/install/vesc_msgs/local/lib/python3.10/dist-packages/vesc_msgs/vesc_msgs_s__rosidl_typesupport_introspection_c.cpython-310-x86_64-linux-gnu.so
[24.865s] -- Set runtime path of "/home/misys/f1tenth_ws/install/vesc_msgs/local/lib/python3.10/dist-packages/vesc_msgs/vesc_msgs_s__rosidl_typesupport_introspection_c.cpython-310-x86_64-linux-gnu.so" to ""
[24.867s] -- Installing: /home/misys/f1tenth_ws/install/vesc_msgs/local/lib/python3.10/dist-packages/vesc_msgs/vesc_msgs_s__rosidl_typesupport_c.cpython-310-x86_64-linux-gnu.so
[24.868s] -- Set runtime path of "/home/misys/f1tenth_ws/install/vesc_msgs/local/lib/python3.10/dist-packages/vesc_msgs/vesc_msgs_s__rosidl_typesupport_c.cpython-310-x86_64-linux-gnu.so" to ""
[24.872s] -- Installing: /home/misys/f1tenth_ws/install/vesc_msgs/lib/libvesc_msgs__rosidl_generator_py.so
[24.872s] -- Set runtime path of "/home/misys/f1tenth_ws/install/vesc_msgs/lib/libvesc_msgs__rosidl_generator_py.so" to ""
[24.872s] -- Installing: /home/misys/f1tenth_ws/install/vesc_msgs/share/vesc_msgs/msg/VescState.idl
[24.873s] -- Installing: /home/misys/f1tenth_ws/install/vesc_msgs/share/vesc_msgs/msg/VescStateStamped.idl
[24.873s] -- Installing: /home/misys/f1tenth_ws/install/vesc_msgs/share/vesc_msgs/msg/VescImu.idl
[24.873s] -- Installing: /home/misys/f1tenth_ws/install/vesc_msgs/share/vesc_msgs/msg/VescImuStamped.idl
[24.873s] -- Installing: /home/misys/f1tenth_ws/install/vesc_msgs/share/vesc_msgs/msg/VescState.msg
[24.874s] -- Installing: /home/misys/f1tenth_ws/install/vesc_msgs/share/vesc_msgs/msg/VescStateStamped.msg
[24.874s] -- Installing: /home/misys/f1tenth_ws/install/vesc_msgs/share/vesc_msgs/msg/VescImu.msg
[24.875s] -- Installing: /home/misys/f1tenth_ws/install/vesc_msgs/share/vesc_msgs/msg/VescImuStamped.msg
[24.876s] -- Installing: /home/misys/f1tenth_ws/install/vesc_msgs/share/ament_index/resource_index/package_run_dependencies/vesc_msgs
[24.877s] -- Installing: /home/misys/f1tenth_ws/install/vesc_msgs/share/ament_index/resource_index/parent_prefix_path/vesc_msgs
[24.879s] -- Installing: /home/misys/f1tenth_ws/install/vesc_msgs/share/vesc_msgs/environment/ament_prefix_path.sh
[24.880s] -- Installing: /home/misys/f1tenth_ws/install/vesc_msgs/share/vesc_msgs/environment/ament_prefix_path.dsv
[24.880s] -- Installing: /home/misys/f1tenth_ws/install/vesc_msgs/share/vesc_msgs/environment/path.sh
[24.884s] -- Installing: /home/misys/f1tenth_ws/install/vesc_msgs/share/vesc_msgs/environment/path.dsv
[24.884s] -- Installing: /home/misys/f1tenth_ws/install/vesc_msgs/share/vesc_msgs/local_setup.bash
[24.884s] -- Installing: /home/misys/f1tenth_ws/install/vesc_msgs/share/vesc_msgs/local_setup.sh
[24.884s] -- Installing: /home/misys/f1tenth_ws/install/vesc_msgs/share/vesc_msgs/local_setup.zsh
[24.885s] -- Installing: /home/misys/f1tenth_ws/install/vesc_msgs/share/vesc_msgs/local_setup.dsv
[24.885s] -- Installing: /home/misys/f1tenth_ws/install/vesc_msgs/share/vesc_msgs/package.dsv
[24.885s] -- Installing: /home/misys/f1tenth_ws/install/vesc_msgs/share/ament_index/resource_index/packages/vesc_msgs
[24.885s] -- Installing: /home/misys/f1tenth_ws/install/vesc_msgs/share/vesc_msgs/cmake/export_vesc_msgs__rosidl_generator_cExport.cmake
[24.885s] -- Installing: /home/misys/f1tenth_ws/install/vesc_msgs/share/vesc_msgs/cmake/export_vesc_msgs__rosidl_generator_cExport-noconfig.cmake
[24.886s] -- Installing: /home/misys/f1tenth_ws/install/vesc_msgs/share/vesc_msgs/cmake/export_vesc_msgs__rosidl_typesupport_fastrtps_cExport.cmake
[24.886s] -- Installing: /home/misys/f1tenth_ws/install/vesc_msgs/share/vesc_msgs/cmake/export_vesc_msgs__rosidl_typesupport_fastrtps_cExport-noconfig.cmake
[24.886s] -- Installing: /home/misys/f1tenth_ws/install/vesc_msgs/share/vesc_msgs/cmake/vesc_msgs__rosidl_typesupport_introspection_cExport.cmake
[24.886s] -- Installing: /home/misys/f1tenth_ws/install/vesc_msgs/share/vesc_msgs/cmake/vesc_msgs__rosidl_typesupport_introspection_cExport-noconfig.cmake
[24.887s] -- Installing: /home/misys/f1tenth_ws/install/vesc_msgs/share/vesc_msgs/cmake/vesc_msgs__rosidl_typesupport_cExport.cmake
[24.888s] -- Installing: /home/misys/f1tenth_ws/install/vesc_msgs/share/vesc_msgs/cmake/vesc_msgs__rosidl_typesupport_cExport-noconfig.cmake
[24.892s] -- Installing: /home/misys/f1tenth_ws/install/vesc_msgs/share/vesc_msgs/cmake/export_vesc_msgs__rosidl_generator_cppExport.cmake
[24.892s] -- Installing: /home/misys/f1tenth_ws/install/vesc_msgs/share/vesc_msgs/cmake/export_vesc_msgs__rosidl_typesupport_fastrtps_cppExport.cmake
[24.892s] -- Installing: /home/misys/f1tenth_ws/install/vesc_msgs/share/vesc_msgs/cmake/export_vesc_msgs__rosidl_typesupport_fastrtps_cppExport-noconfig.cmake
[24.892s] -- Installing: /home/misys/f1tenth_ws/install/vesc_msgs/share/vesc_msgs/cmake/vesc_msgs__rosidl_typesupport_introspection_cppExport.cmake
[24.895s] -- Installing: /home/misys/f1tenth_ws/install/vesc_msgs/share/vesc_msgs/cmake/vesc_msgs__rosidl_typesupport_introspection_cppExport-noconfig.cmake
[24.895s] -- Installing: /home/misys/f1tenth_ws/install/vesc_msgs/share/vesc_msgs/cmake/vesc_msgs__rosidl_typesupport_cppExport.cmake
[24.896s] -- Installing: /home/misys/f1tenth_ws/install/vesc_msgs/share/vesc_msgs/cmake/vesc_msgs__rosidl_typesupport_cppExport-noconfig.cmake
[24.896s] -- Installing: /home/misys/f1tenth_ws/install/vesc_msgs/share/vesc_msgs/cmake/export_vesc_msgs__rosidl_generator_pyExport.cmake
[24.896s] -- Installing: /home/misys/f1tenth_ws/install/vesc_msgs/share/vesc_msgs/cmake/export_vesc_msgs__rosidl_generator_pyExport-noconfig.cmake
[24.896s] -- Installing: /home/misys/f1tenth_ws/install/vesc_msgs/share/vesc_msgs/cmake/rosidl_cmake-extras.cmake
[24.896s] -- Installing: /home/misys/f1tenth_ws/install/vesc_msgs/share/vesc_msgs/cmake/ament_cmake_export_dependencies-extras.cmake
[24.901s] -- Installing: /home/misys/f1tenth_ws/install/vesc_msgs/share/vesc_msgs/cmake/ament_cmake_export_include_directories-extras.cmake
[24.901s] -- Installing: /home/misys/f1tenth_ws/install/vesc_msgs/share/vesc_msgs/cmake/ament_cmake_export_libraries-extras.cmake
[24.901s] -- Installing: /home/misys/f1tenth_ws/install/vesc_msgs/share/vesc_msgs/cmake/ament_cmake_export_targets-extras.cmake
[24.902s] -- Installing: /home/misys/f1tenth_ws/install/vesc_msgs/share/vesc_msgs/cmake/rosidl_cmake_export_typesupport_targets-extras.cmake
[24.903s] -- Installing: /home/misys/f1tenth_ws/install/vesc_msgs/share/vesc_msgs/cmake/rosidl_cmake_export_typesupport_libraries-extras.cmake
[24.903s] -- Installing: /home/misys/f1tenth_ws/install/vesc_msgs/share/vesc_msgs/cmake/vesc_msgsConfig.cmake
[24.904s] -- Installing: /home/misys/f1tenth_ws/install/vesc_msgs/share/vesc_msgs/cmake/vesc_msgsConfig-version.cmake
[24.904s] -- Installing: /home/misys/f1tenth_ws/install/vesc_msgs/share/vesc_msgs/package.xml
[24.916s] Invoked command in '/home/misys/f1tenth_ws/build/vesc_msgs' returned '0': CMAKE_PREFIX_PATH=/opt/ros/humble /usr/bin/cmake --install /home/misys/f1tenth_ws/build/vesc_msgs
