[2.393s] Invoking command in '/home/misys/f1tenth_ws/src/teleop_tools/joy_teleop': AMENT_PREFIX_PATH=/home/misys/f1tenth_ws/install/teleop_tools_msgs:${AMENT_PREFIX_PATH} CMAKE_PREFIX_PATH=/home/misys/f1tenth_ws/install/teleop_tools_msgs LD_LIBRARY_PATH=/home/misys/f1tenth_ws/install/teleop_tools_msgs/lib:${LD_LIBRARY_PATH} PYTHONPATH=/home/misys/f1tenth_ws/build/joy_teleop/prefix_override:/usr/lib/python3/dist-packages/colcon_core/task/python/colcon_distutils_commands:/home/misys/f1tenth_ws/install/joy_teleop/lib/python3.10/site-packages:/home/misys/f1tenth_ws/install/teleop_tools_msgs/local/lib/python3.10/dist-packages:${PYTHONPATH} /usr/bin/python3 -W ignore:setup.py install is deprecated -W ignore:easy_install command is deprecated setup.py egg_info --egg-base ../../../build/joy_teleop build --build-base /home/misys/f1tenth_ws/build/joy_teleop/build install --record /home/misys/f1tenth_ws/build/joy_teleop/install.log --single-version-externally-managed install_data
[3.131s] running egg_info
[3.133s] creating ../../../build/joy_teleop/joy_teleop.egg-info
[3.133s] writing ../../../build/joy_teleop/joy_teleop.egg-info/PKG-INFO
[3.134s] writing dependency_links to ../../../build/joy_teleop/joy_teleop.egg-info/dependency_links.txt
[3.137s] writing entry points to ../../../build/joy_teleop/joy_teleop.egg-info/entry_points.txt
[3.137s] writing requirements to ../../../build/joy_teleop/joy_teleop.egg-info/requires.txt
[3.137s] writing top-level names to ../../../build/joy_teleop/joy_teleop.egg-info/top_level.txt
[3.138s] writing manifest file '../../../build/joy_teleop/joy_teleop.egg-info/SOURCES.txt'
[3.138s] reading manifest file '../../../build/joy_teleop/joy_teleop.egg-info/SOURCES.txt'
[3.140s] writing manifest file '../../../build/joy_teleop/joy_teleop.egg-info/SOURCES.txt'
[3.140s] running build
[3.141s] running build_py
[3.141s] creating /home/misys/f1tenth_ws/build/joy_teleop/build
[3.141s] creating /home/misys/f1tenth_ws/build/joy_teleop/build/lib
[3.141s] creating /home/misys/f1tenth_ws/build/joy_teleop/build/lib/joy_teleop
[3.142s] copying joy_teleop/incrementer_server.py -> /home/misys/f1tenth_ws/build/joy_teleop/build/lib/joy_teleop
[3.143s] copying joy_teleop/__init__.py -> /home/misys/f1tenth_ws/build/joy_teleop/build/lib/joy_teleop
[3.143s] copying joy_teleop/joy_teleop.py -> /home/misys/f1tenth_ws/build/joy_teleop/build/lib/joy_teleop
[3.145s] running install
[3.145s] running install_lib
[3.151s] creating /home/misys/f1tenth_ws/install/joy_teleop/lib/python3.10/site-packages/joy_teleop
[3.151s] copying /home/misys/f1tenth_ws/build/joy_teleop/build/lib/joy_teleop/incrementer_server.py -> /home/misys/f1tenth_ws/install/joy_teleop/lib/python3.10/site-packages/joy_teleop
[3.152s] copying /home/misys/f1tenth_ws/build/joy_teleop/build/lib/joy_teleop/__init__.py -> /home/misys/f1tenth_ws/install/joy_teleop/lib/python3.10/site-packages/joy_teleop
[3.152s] copying /home/misys/f1tenth_ws/build/joy_teleop/build/lib/joy_teleop/joy_teleop.py -> /home/misys/f1tenth_ws/install/joy_teleop/lib/python3.10/site-packages/joy_teleop
[3.152s] byte-compiling /home/misys/f1tenth_ws/install/joy_teleop/lib/python3.10/site-packages/joy_teleop/incrementer_server.py to incrementer_server.cpython-310.pyc
[3.157s] byte-compiling /home/misys/f1tenth_ws/install/joy_teleop/lib/python3.10/site-packages/joy_teleop/__init__.py to __init__.cpython-310.pyc
[3.157s] byte-compiling /home/misys/f1tenth_ws/install/joy_teleop/lib/python3.10/site-packages/joy_teleop/joy_teleop.py to joy_teleop.cpython-310.pyc
[3.163s] running install_data
[3.163s] copying package.xml -> /home/misys/f1tenth_ws/install/joy_teleop/share/joy_teleop
[3.165s] creating /home/misys/f1tenth_ws/install/joy_teleop/share/joy_teleop/config
[3.165s] copying config/joy_teleop_example.yaml -> /home/misys/f1tenth_ws/install/joy_teleop/share/joy_teleop/config
[3.165s] creating /home/misys/f1tenth_ws/install/joy_teleop/share/joy_teleop/launch
[3.165s] copying launch/example.launch.py -> /home/misys/f1tenth_ws/install/joy_teleop/share/joy_teleop/launch
[3.166s] creating /home/misys/f1tenth_ws/install/joy_teleop/share/ament_index
[3.166s] creating /home/misys/f1tenth_ws/install/joy_teleop/share/ament_index/resource_index
[3.166s] creating /home/misys/f1tenth_ws/install/joy_teleop/share/ament_index/resource_index/packages
[3.166s] copying resource/joy_teleop -> /home/misys/f1tenth_ws/install/joy_teleop/share/ament_index/resource_index/packages
[3.166s] running install_egg_info
[3.170s] Copying ../../../build/joy_teleop/joy_teleop.egg-info to /home/misys/f1tenth_ws/install/joy_teleop/lib/python3.10/site-packages/joy_teleop-1.8.0-py3.10.egg-info
[3.175s] running install_scripts
[3.228s] Installing incrementer_server script to /home/misys/f1tenth_ws/install/joy_teleop/lib/joy_teleop
[3.228s] Installing joy_teleop script to /home/misys/f1tenth_ws/install/joy_teleop/lib/joy_teleop
[3.229s] writing list of installed files to '/home/misys/f1tenth_ws/build/joy_teleop/install.log'
[3.295s] Invoked command in '/home/misys/f1tenth_ws/src/teleop_tools/joy_teleop' returned '0': AMENT_PREFIX_PATH=/home/misys/f1tenth_ws/install/teleop_tools_msgs:${AMENT_PREFIX_PATH} CMAKE_PREFIX_PATH=/home/misys/f1tenth_ws/install/teleop_tools_msgs LD_LIBRARY_PATH=/home/misys/f1tenth_ws/install/teleop_tools_msgs/lib:${LD_LIBRARY_PATH} PYTHONPATH=/home/misys/f1tenth_ws/build/joy_teleop/prefix_override:/usr/lib/python3/dist-packages/colcon_core/task/python/colcon_distutils_commands:/home/misys/f1tenth_ws/install/joy_teleop/lib/python3.10/site-packages:/home/misys/f1tenth_ws/install/teleop_tools_msgs/local/lib/python3.10/dist-packages:${PYTHONPATH} /usr/bin/python3 -W ignore:setup.py install is deprecated -W ignore:easy_install command is deprecated setup.py egg_info --egg-base ../../../build/joy_teleop build --build-base /home/misys/f1tenth_ws/build/joy_teleop/build install --record /home/misys/f1tenth_ws/build/joy_teleop/install.log --single-version-externally-managed install_data
