[0.034s] Invoking command in '/home/misys/f1tenth_ws/build/teleop_tools': AMENT_PREFIX_PATH=/home/misys/f1tenth_ws/install/joy_teleop:/home/misys/f1tenth_ws/install/teleop_tools_msgs:/home/misys/f1tenth_ws/install/key_teleop:${AMENT_PREFIX_PATH} CMAKE_PREFIX_PATH=/home/misys/f1tenth_ws/install/teleop_tools_msgs:/opt/ros/humble LD_LIBRARY_PATH=/home/misys/f1tenth_ws/install/teleop_tools_msgs/lib:${LD_LIBRARY_PATH} PYTHONPATH=/home/misys/f1tenth_ws/install/joy_teleop/lib/python3.10/site-packages:/home/misys/f1tenth_ws/install/teleop_tools_msgs/local/lib/python3.10/dist-packages:/home/misys/f1tenth_ws/install/key_teleop/lib/python3.10/site-packages:${PYTHONPATH} /usr/bin/cmake /home/misys/f1tenth_ws/src/teleop_tools/teleop_tools -DCMAKE_INSTALL_PREFIX=/home/misys/f1tenth_ws/install/teleop_tools
[0.074s] -- Found ament_cmake: 1.3.12 (/opt/ros/humble/share/ament_cmake/cmake)
[0.627s] -- Found Python3: /usr/bin/python3 (found version "3.10.12") found components: Interpreter 
[1.195s] -- Configuring done
[1.203s] -- Generating done
[1.208s] -- Build files have been written to: /home/misys/f1tenth_ws/build/teleop_tools
[1.214s] Invoked command in '/home/misys/f1tenth_ws/build/teleop_tools' returned '0': AMENT_PREFIX_PATH=/home/misys/f1tenth_ws/install/joy_teleop:/home/misys/f1tenth_ws/install/teleop_tools_msgs:/home/misys/f1tenth_ws/install/key_teleop:${AMENT_PREFIX_PATH} CMAKE_PREFIX_PATH=/home/misys/f1tenth_ws/install/teleop_tools_msgs:/opt/ros/humble LD_LIBRARY_PATH=/home/misys/f1tenth_ws/install/teleop_tools_msgs/lib:${LD_LIBRARY_PATH} PYTHONPATH=/home/misys/f1tenth_ws/install/joy_teleop/lib/python3.10/site-packages:/home/misys/f1tenth_ws/install/teleop_tools_msgs/local/lib/python3.10/dist-packages:/home/misys/f1tenth_ws/install/key_teleop/lib/python3.10/site-packages:${PYTHONPATH} /usr/bin/cmake /home/misys/f1tenth_ws/src/teleop_tools/teleop_tools -DCMAKE_INSTALL_PREFIX=/home/misys/f1tenth_ws/install/teleop_tools
[1.220s] Invoking command in '/home/misys/f1tenth_ws/build/teleop_tools': AMENT_PREFIX_PATH=/home/misys/f1tenth_ws/install/joy_teleop:/home/misys/f1tenth_ws/install/teleop_tools_msgs:/home/misys/f1tenth_ws/install/key_teleop:${AMENT_PREFIX_PATH} CMAKE_PREFIX_PATH=/home/misys/f1tenth_ws/install/teleop_tools_msgs:/opt/ros/humble LD_LIBRARY_PATH=/home/misys/f1tenth_ws/install/teleop_tools_msgs/lib:${LD_LIBRARY_PATH} PYTHONPATH=/home/misys/f1tenth_ws/install/joy_teleop/lib/python3.10/site-packages:/home/misys/f1tenth_ws/install/teleop_tools_msgs/local/lib/python3.10/dist-packages:/home/misys/f1tenth_ws/install/key_teleop/lib/python3.10/site-packages:${PYTHONPATH} /usr/bin/cmake --build /home/misys/f1tenth_ws/build/teleop_tools -- -j16 -l16
[1.412s] Invoked command in '/home/misys/f1tenth_ws/build/teleop_tools' returned '0': AMENT_PREFIX_PATH=/home/misys/f1tenth_ws/install/joy_teleop:/home/misys/f1tenth_ws/install/teleop_tools_msgs:/home/misys/f1tenth_ws/install/key_teleop:${AMENT_PREFIX_PATH} CMAKE_PREFIX_PATH=/home/misys/f1tenth_ws/install/teleop_tools_msgs:/opt/ros/humble LD_LIBRARY_PATH=/home/misys/f1tenth_ws/install/teleop_tools_msgs/lib:${LD_LIBRARY_PATH} PYTHONPATH=/home/misys/f1tenth_ws/install/joy_teleop/lib/python3.10/site-packages:/home/misys/f1tenth_ws/install/teleop_tools_msgs/local/lib/python3.10/dist-packages:/home/misys/f1tenth_ws/install/key_teleop/lib/python3.10/site-packages:${PYTHONPATH} /usr/bin/cmake --build /home/misys/f1tenth_ws/build/teleop_tools -- -j16 -l16
[1.413s] Invoking command in '/home/misys/f1tenth_ws/build/teleop_tools': AMENT_PREFIX_PATH=/home/misys/f1tenth_ws/install/joy_teleop:/home/misys/f1tenth_ws/install/teleop_tools_msgs:/home/misys/f1tenth_ws/install/key_teleop:${AMENT_PREFIX_PATH} CMAKE_PREFIX_PATH=/home/misys/f1tenth_ws/install/teleop_tools_msgs:/opt/ros/humble LD_LIBRARY_PATH=/home/misys/f1tenth_ws/install/teleop_tools_msgs/lib:${LD_LIBRARY_PATH} PYTHONPATH=/home/misys/f1tenth_ws/install/joy_teleop/lib/python3.10/site-packages:/home/misys/f1tenth_ws/install/teleop_tools_msgs/local/lib/python3.10/dist-packages:/home/misys/f1tenth_ws/install/key_teleop/lib/python3.10/site-packages:${PYTHONPATH} /usr/bin/cmake --install /home/misys/f1tenth_ws/build/teleop_tools
[1.439s] -- Install configuration: ""
[1.440s] -- Installing: /home/misys/f1tenth_ws/install/teleop_tools/share/ament_index/resource_index/package_run_dependencies/teleop_tools
[1.444s] -- Installing: /home/misys/f1tenth_ws/install/teleop_tools/share/ament_index/resource_index/parent_prefix_path/teleop_tools
[1.444s] -- Installing: /home/misys/f1tenth_ws/install/teleop_tools/share/teleop_tools/environment/ament_prefix_path.sh
[1.444s] -- Installing: /home/misys/f1tenth_ws/install/teleop_tools/share/teleop_tools/environment/ament_prefix_path.dsv
[1.444s] -- Installing: /home/misys/f1tenth_ws/install/teleop_tools/share/teleop_tools/environment/path.sh
[1.445s] -- Installing: /home/misys/f1tenth_ws/install/teleop_tools/share/teleop_tools/environment/path.dsv
[1.445s] -- Installing: /home/misys/f1tenth_ws/install/teleop_tools/share/teleop_tools/local_setup.bash
[1.446s] -- Installing: /home/misys/f1tenth_ws/install/teleop_tools/share/teleop_tools/local_setup.sh
[1.449s] -- Installing: /home/misys/f1tenth_ws/install/teleop_tools/share/teleop_tools/local_setup.zsh
[1.450s] -- Installing: /home/misys/f1tenth_ws/install/teleop_tools/share/teleop_tools/local_setup.dsv
[1.454s] -- Installing: /home/misys/f1tenth_ws/install/teleop_tools/share/teleop_tools/package.dsv
[1.454s] -- Installing: /home/misys/f1tenth_ws/install/teleop_tools/share/ament_index/resource_index/packages/teleop_tools
[1.455s] -- Installing: /home/misys/f1tenth_ws/install/teleop_tools/share/teleop_tools/cmake/teleop_toolsConfig.cmake
[1.456s] -- Installing: /home/misys/f1tenth_ws/install/teleop_tools/share/teleop_tools/cmake/teleop_toolsConfig-version.cmake
[1.456s] -- Installing: /home/misys/f1tenth_ws/install/teleop_tools/share/teleop_tools/package.xml
[1.466s] Invoked command in '/home/misys/f1tenth_ws/build/teleop_tools' returned '0': AMENT_PREFIX_PATH=/home/misys/f1tenth_ws/install/joy_teleop:/home/misys/f1tenth_ws/install/teleop_tools_msgs:/home/misys/f1tenth_ws/install/key_teleop:${AMENT_PREFIX_PATH} CMAKE_PREFIX_PATH=/home/misys/f1tenth_ws/install/teleop_tools_msgs:/opt/ros/humble LD_LIBRARY_PATH=/home/misys/f1tenth_ws/install/teleop_tools_msgs/lib:${LD_LIBRARY_PATH} PYTHONPATH=/home/misys/f1tenth_ws/install/joy_teleop/lib/python3.10/site-packages:/home/misys/f1tenth_ws/install/teleop_tools_msgs/local/lib/python3.10/dist-packages:/home/misys/f1tenth_ws/install/key_teleop/lib/python3.10/site-packages:${PYTHONPATH} /usr/bin/cmake --install /home/misys/f1tenth_ws/build/teleop_tools
