[0.081s] Invoking command in '/home/misys/f1tenth_ws/build/asio_cmake_module': CMAKE_PREFIX_PATH=/opt/ros/humble /usr/bin/cmake /home/misys/f1tenth_ws/src/transport_drivers/asio_cmake_module -DCMAKE_INSTALL_PREFIX=/home/misys/f1tenth_ws/install/asio_cmake_module
[2.697s] -- The C compiler identification is GNU 11.4.0
[2.697s] -- The CXX compiler identification is GNU 11.4.0
[2.697s] -- Detecting C compiler ABI info
[2.697s] -- Detecting C compiler ABI info - done
[2.697s] -- Check for working C compiler: /usr/bin/cc - skipped
[2.697s] -- Detecting C compile features
[2.697s] -- Detecting C compile features - done
[2.697s] -- Detecting CXX compiler ABI info
[2.698s] -- Detecting CXX compiler ABI info - done
[2.698s] -- Check for working CXX compiler: /usr/bin/c++ - skipped
[2.698s] -- Detecting CXX compile features
[2.698s] -- Detecting CXX compile features - done
[2.698s] -- Found ament_cmake: 1.3.12 (/opt/ros/humble/share/ament_cmake/cmake)
[2.698s] -- Found Python3: /usr/bin/python3 (found version "3.10.12") found components: Interpreter 
[2.698s] -- Found ament_lint_auto: 0.12.14 (/opt/ros/humble/share/ament_lint_auto/cmake)
[2.698s] -- Added test 'copyright' to check source files copyright and LICENSE
[2.698s] -- Added test 'lint_cmake' to check CMake code style
[2.698s] -- Added test 'xmllint' to check XML markup files
[2.699s] -- Configuring done
[2.699s] -- Generating done
[2.699s] -- Build files have been written to: /home/misys/f1tenth_ws/build/asio_cmake_module
[2.735s] Invoked command in '/home/misys/f1tenth_ws/build/asio_cmake_module' returned '0': CMAKE_PREFIX_PATH=/opt/ros/humble /usr/bin/cmake /home/misys/f1tenth_ws/src/transport_drivers/asio_cmake_module -DCMAKE_INSTALL_PREFIX=/home/misys/f1tenth_ws/install/asio_cmake_module
[2.736s] Invoking command in '/home/misys/f1tenth_ws/build/asio_cmake_module': CMAKE_PREFIX_PATH=/opt/ros/humble /usr/bin/cmake --build /home/misys/f1tenth_ws/build/asio_cmake_module -- -j16 -l16
[2.775s] Invoked command in '/home/misys/f1tenth_ws/build/asio_cmake_module' returned '0': CMAKE_PREFIX_PATH=/opt/ros/humble /usr/bin/cmake --build /home/misys/f1tenth_ws/build/asio_cmake_module -- -j16 -l16
[2.799s] Invoking command in '/home/misys/f1tenth_ws/build/asio_cmake_module': CMAKE_PREFIX_PATH=/opt/ros/humble /usr/bin/cmake --install /home/misys/f1tenth_ws/build/asio_cmake_module
[2.816s] -- Install configuration: ""
[2.816s] -- Installing: /home/misys/f1tenth_ws/install/asio_cmake_module/share/ament_index/resource_index/package_run_dependencies/asio_cmake_module
[2.817s] -- Installing: /home/misys/f1tenth_ws/install/asio_cmake_module/share/ament_index/resource_index/parent_prefix_path/asio_cmake_module
[2.818s] -- Installing: /home/misys/f1tenth_ws/install/asio_cmake_module/share/asio_cmake_module/environment/ament_prefix_path.sh
[2.819s] -- Installing: /home/misys/f1tenth_ws/install/asio_cmake_module/share/asio_cmake_module/environment/ament_prefix_path.dsv
[2.819s] -- Installing: /home/misys/f1tenth_ws/install/asio_cmake_module/share/asio_cmake_module/environment/path.sh
[2.820s] -- Installing: /home/misys/f1tenth_ws/install/asio_cmake_module/share/asio_cmake_module/environment/path.dsv
[2.820s] -- Installing: /home/misys/f1tenth_ws/install/asio_cmake_module/share/asio_cmake_module/local_setup.bash
[2.820s] -- Installing: /home/misys/f1tenth_ws/install/asio_cmake_module/share/asio_cmake_module/local_setup.sh
[2.821s] -- Installing: /home/misys/f1tenth_ws/install/asio_cmake_module/share/asio_cmake_module/local_setup.zsh
[2.821s] -- Installing: /home/misys/f1tenth_ws/install/asio_cmake_module/share/asio_cmake_module/local_setup.dsv
[2.822s] -- Installing: /home/misys/f1tenth_ws/install/asio_cmake_module/share/asio_cmake_module/package.dsv
[2.823s] -- Installing: /home/misys/f1tenth_ws/install/asio_cmake_module/share/ament_index/resource_index/packages/asio_cmake_module
[2.823s] -- Installing: /home/misys/f1tenth_ws/install/asio_cmake_module/share/asio_cmake_module/cmake/asio_cmake_module-extras.cmake
[2.824s] -- Installing: /home/misys/f1tenth_ws/install/asio_cmake_module/share/asio_cmake_module/cmake/asio_cmake_moduleConfig.cmake
[2.824s] -- Installing: /home/misys/f1tenth_ws/install/asio_cmake_module/share/asio_cmake_module/cmake/asio_cmake_moduleConfig-version.cmake
[2.825s] -- Installing: /home/misys/f1tenth_ws/install/asio_cmake_module/share/asio_cmake_module/package.xml
[2.825s] -- Up-to-date: /home/misys/f1tenth_ws/install/asio_cmake_module/share/asio_cmake_module/cmake
[2.825s] -- Installing: /home/misys/f1tenth_ws/install/asio_cmake_module/share/asio_cmake_module/cmake/Modules
[2.826s] -- Installing: /home/misys/f1tenth_ws/install/asio_cmake_module/share/asio_cmake_module/cmake/Modules/FindASIO.cmake
[2.831s] Invoked command in '/home/misys/f1tenth_ws/build/asio_cmake_module' returned '0': CMAKE_PREFIX_PATH=/opt/ros/humble /usr/bin/cmake --install /home/misys/f1tenth_ws/build/asio_cmake_module
