[3.836s] Invoking command in '/home/misys/f1tenth_ws/src/teleop_tools/key_teleop': PYTHONPATH=/home/misys/f1tenth_ws/build/key_teleop/prefix_override:/usr/lib/python3/dist-packages/colcon_core/task/python/colcon_distutils_commands:/home/misys/f1tenth_ws/install/key_teleop/lib/python3.10/site-packages:${PYTHONPATH} /usr/bin/python3 -W ignore:setup.py install is deprecated -W ignore:easy_install command is deprecated setup.py egg_info --egg-base ../../../build/key_teleop build --build-base /home/misys/f1tenth_ws/build/key_teleop/build install --record /home/misys/f1tenth_ws/build/key_teleop/install.log --single-version-externally-managed install_data
[4.605s] running egg_info
[4.605s] creating ../../../build/key_teleop/key_teleop.egg-info
[4.606s] writing ../../../build/key_teleop/key_teleop.egg-info/PKG-INFO
[4.606s] writing dependency_links to ../../../build/key_teleop/key_teleop.egg-info/dependency_links.txt
[4.607s] writing entry points to ../../../build/key_teleop/key_teleop.egg-info/entry_points.txt
[4.607s] writing requirements to ../../../build/key_teleop/key_teleop.egg-info/requires.txt
[4.607s] writing top-level names to ../../../build/key_teleop/key_teleop.egg-info/top_level.txt
[4.611s] writing manifest file '../../../build/key_teleop/key_teleop.egg-info/SOURCES.txt'
[4.617s] reading manifest file '../../../build/key_teleop/key_teleop.egg-info/SOURCES.txt'
[4.617s] adding license file 'LICENSE'
[4.617s] writing manifest file '../../../build/key_teleop/key_teleop.egg-info/SOURCES.txt'
[4.618s] running build
[4.618s] running build_py
[4.618s] creating /home/misys/f1tenth_ws/build/key_teleop/build
[4.618s] creating /home/misys/f1tenth_ws/build/key_teleop/build/lib
[4.618s] creating /home/misys/f1tenth_ws/build/key_teleop/build/lib/key_teleop
[4.619s] copying key_teleop/key_teleop.py -> /home/misys/f1tenth_ws/build/key_teleop/build/lib/key_teleop
[4.623s] copying key_teleop/__init__.py -> /home/misys/f1tenth_ws/build/key_teleop/build/lib/key_teleop
[4.623s] running install
[4.623s] running install_lib
[4.624s] creating /home/misys/f1tenth_ws/install/key_teleop/lib/python3.10/site-packages/key_teleop
[4.624s] copying /home/misys/f1tenth_ws/build/key_teleop/build/lib/key_teleop/key_teleop.py -> /home/misys/f1tenth_ws/install/key_teleop/lib/python3.10/site-packages/key_teleop
[4.624s] copying /home/misys/f1tenth_ws/build/key_teleop/build/lib/key_teleop/__init__.py -> /home/misys/f1tenth_ws/install/key_teleop/lib/python3.10/site-packages/key_teleop
[4.624s] byte-compiling /home/misys/f1tenth_ws/install/key_teleop/lib/python3.10/site-packages/key_teleop/key_teleop.py to key_teleop.cpython-310.pyc
[4.628s] byte-compiling /home/misys/f1tenth_ws/install/key_teleop/lib/python3.10/site-packages/key_teleop/__init__.py to __init__.cpython-310.pyc
[4.631s] running install_data
[4.632s] copying package.xml -> /home/misys/f1tenth_ws/install/key_teleop/share/key_teleop
[4.632s] creating /home/misys/f1tenth_ws/install/key_teleop/share/key_teleop/config
[4.632s] copying config/key_teleop.yaml -> /home/misys/f1tenth_ws/install/key_teleop/share/key_teleop/config
[4.639s] creating /home/misys/f1tenth_ws/install/key_teleop/share/ament_index
[4.640s] creating /home/misys/f1tenth_ws/install/key_teleop/share/ament_index/resource_index
[4.640s] creating /home/misys/f1tenth_ws/install/key_teleop/share/ament_index/resource_index/packages
[4.640s] copying resource/key_teleop -> /home/misys/f1tenth_ws/install/key_teleop/share/ament_index/resource_index/packages
[4.640s] running install_egg_info
[4.643s] Copying ../../../build/key_teleop/key_teleop.egg-info to /home/misys/f1tenth_ws/install/key_teleop/lib/python3.10/site-packages/key_teleop-1.8.0-py3.10.egg-info
[4.656s] running install_scripts
[4.725s] Installing key_teleop script to /home/misys/f1tenth_ws/install/key_teleop/lib/key_teleop
[4.728s] writing list of installed files to '/home/misys/f1tenth_ws/build/key_teleop/install.log'
[4.854s] Invoked command in '/home/misys/f1tenth_ws/src/teleop_tools/key_teleop' returned '0': PYTHONPATH=/home/misys/f1tenth_ws/build/key_teleop/prefix_override:/usr/lib/python3/dist-packages/colcon_core/task/python/colcon_distutils_commands:/home/misys/f1tenth_ws/install/key_teleop/lib/python3.10/site-packages:${PYTHONPATH} /usr/bin/python3 -W ignore:setup.py install is deprecated -W ignore:easy_install command is deprecated setup.py egg_info --egg-base ../../../build/key_teleop build --build-base /home/misys/f1tenth_ws/build/key_teleop/build install --record /home/misys/f1tenth_ws/build/key_teleop/install.log --single-version-externally-managed install_data
