-- The C compiler identification is GNU 11.4.0
-- The CXX compiler identification is GNU 11.4.0
-- Detecting C compiler ABI info
-- Detecting C compiler ABI info - done
-- Check for working C compiler: /usr/bin/cc - skipped
-- Detecting C compile features
-- Detecting C compile features - done
-- Detecting CXX compiler ABI info
-- Detecting CXX compiler ABI info - done
-- Check for working CXX compiler: /usr/bin/c++ - skipped
-- Detecting CXX compile features
-- Detecting CXX compile features - done
-- Found ament_cmake_auto: 1.3.12 (/opt/ros/humble/share/ament_cmake_auto/cmake)
-- Found Python3: /usr/bin/python3 (found version "3.10.12") found components: Interpreter 
-- Found rosidl_generator_c: 3.1.7 (/opt/ros/humble/share/rosidl_generator_c/cmake)
-- Found rosidl_adapter: 3.1.7 (/opt/ros/humble/share/rosidl_adapter/cmake)
-- Found rosidl_generator_cpp: 3.1.7 (/opt/ros/humble/share/rosidl_generator_cpp/cmake)
-- Using all available rosidl_typesupport_c: rosidl_typesupport_fastrtps_c;rosidl_typesupport_introspection_c
-- Using all available rosidl_typesupport_cpp: rosidl_typesupport_fastrtps_cpp;rosidl_typesupport_introspection_cpp
-- Found rmw_implementation_cmake: 6.1.2 (/opt/ros/humble/share/rmw_implementation_cmake/cmake)
-- Found rmw_fastrtps_cpp: 6.2.9 (/opt/ros/humble/share/rmw_fastrtps_cpp/cmake)
-- Found OpenSSL: /usr/lib/x86_64-linux-gnu/libcrypto.so (found version "3.0.2")  
-- Found FastRTPS: /opt/ros/humble/include  
-- Using RMW implementation 'rmw_fastrtps_cpp' as default
-- Looking for pthread.h
-- Looking for pthread.h - found
-- Performing Test CMAKE_HAVE_LIBC_PTHREAD
-- Performing Test CMAKE_HAVE_LIBC_PTHREAD - Success
-- Found Threads: TRUE  
-- Found asio_cmake_module: 1.2.0 (/home/misys/f1tenth_ws/install/asio_cmake_module/share/asio_cmake_module/cmake)
-- Found ASIO: /usr/include  
-- Found ament_lint_auto: 0.12.14 (/opt/ros/humble/share/ament_lint_auto/cmake)
-- Found gtest sources under '/opt/ros/humble/src/gtest_vendor': C++ tests using 'Google Test' will be built
In this package, headers install destination is set to `include` by ament_auto_package. It is recommended to install `include/serial_driver` instead and will be the default behavior of ament_auto_package from ROS 2 Kilted Kaiju. On distributions before Kilted, ament_auto_package behaves the same way when you use USE_SCOPED_HEADER_INSTALL_DIR option.
-- Added test 'copyright' to check source files copyright and LICENSE
-- Added test 'cppcheck' to perform static code analysis on C / C++ code
-- Configured cppcheck include dirs: /home/misys/f1tenth_ws/src/transport_drivers/serial_driver/include
-- Configured cppcheck exclude dirs and/or files: 
-- Added test 'cpplint' to check C / C++ code against the Google style
-- Configured cpplint exclude dirs and/or files: 
-- Added test 'flake8' to check Python code syntax and style conventions
-- Added test 'lint_cmake' to check CMake code style
-- Added test 'pep257' to check Python code against some of the docstring style conventions in PEP 257
-- Added test 'uncrustify' to check C / C++ code style
-- Configured uncrustify additional arguments: 
-- Added test 'xmllint' to check XML markup files
-- Configuring done
-- Generating done
-- Build files have been written to: /home/misys/f1tenth_ws/build/serial_driver
[  6%] Building CXX object CMakeFiles/serial_driver.dir/src/serial_port.cpp.o
[ 13%] Building CXX object CMakeFiles/serial_driver.dir/src/serial_driver.cpp.o
[ 20%] Linking CXX shared library libserial_driver.so
[ 20%] Built target serial_driver
[ 26%] Building CXX object gtest/CMakeFiles/gtest.dir/src/gtest-all.cc.o
[ 33%] Linking CXX static library libgtest.a
[ 33%] Built target gtest
[ 40%] Building CXX object gtest/CMakeFiles/gtest_main.dir/src/gtest_main.cc.o
[ 46%] Building CXX object CMakeFiles/serial_driver_nodes.dir/src/serial_bridge_node.cpp.o
[ 53%] Building CXX object CMakeFiles/serial_bridge.dir/rclcpp_components/node_main_serial_bridge.cpp.o
[ 60%] Linking CXX static library libgtest_main.a
[ 60%] Built target gtest_main
[ 66%] Linking CXX executable serial_bridge
[ 66%] Built target serial_bridge
[ 73%] Linking CXX shared library libserial_driver_nodes.so
[ 73%] Built target serial_driver_nodes
[ 86%] Building CXX object CMakeFiles/test_serial_port.dir/test/test_serial_port.cpp.o
[ 86%] Building CXX object CMakeFiles/test_serial_driver.dir/test/test_serial_driver.cpp.o
[ 93%] Linking CXX executable test_serial_driver
[100%] Linking CXX executable test_serial_port
[100%] Built target test_serial_driver
[100%] Built target test_serial_port
-- Install configuration: ""
-- Installing: /home/misys/f1tenth_ws/install/serial_driver/lib/serial_driver/serial_bridge
-- Set runtime path of "/home/misys/f1tenth_ws/install/serial_driver/lib/serial_driver/serial_bridge" to ""
-- Installing: /home/misys/f1tenth_ws/install/serial_driver/include
-- Installing: /home/misys/f1tenth_ws/install/serial_driver/include/serial_driver
-- Installing: /home/misys/f1tenth_ws/install/serial_driver/include/serial_driver/serial_driver.hpp
-- Installing: /home/misys/f1tenth_ws/install/serial_driver/include/serial_driver/visibility_control.hpp
-- Installing: /home/misys/f1tenth_ws/install/serial_driver/include/serial_driver/serial_port.hpp
-- Installing: /home/misys/f1tenth_ws/install/serial_driver/include/serial_driver/serial_bridge_node.hpp
-- Installing: /home/misys/f1tenth_ws/install/serial_driver/share/serial_driver/environment/library_path.sh
-- Installing: /home/misys/f1tenth_ws/install/serial_driver/share/serial_driver/environment/library_path.dsv
-- Installing: /home/misys/f1tenth_ws/install/serial_driver/lib/libserial_driver.so
-- Set runtime path of "/home/misys/f1tenth_ws/install/serial_driver/lib/libserial_driver.so" to ""
-- Installing: /home/misys/f1tenth_ws/install/serial_driver/lib/libserial_driver_nodes.so
-- Set runtime path of "/home/misys/f1tenth_ws/install/serial_driver/lib/libserial_driver_nodes.so" to ""
-- Installing: /home/misys/f1tenth_ws/install/serial_driver/share/serial_driver/launch
-- Installing: /home/misys/f1tenth_ws/install/serial_driver/share/serial_driver/launch/serial_driver_bridge_node.launch.py
-- Installing: /home/misys/f1tenth_ws/install/serial_driver/share/serial_driver/params
-- Installing: /home/misys/f1tenth_ws/install/serial_driver/share/serial_driver/params/example.params.yaml
-- Installing: /home/misys/f1tenth_ws/install/serial_driver/share/ament_index/resource_index/package_run_dependencies/serial_driver
-- Installing: /home/misys/f1tenth_ws/install/serial_driver/share/ament_index/resource_index/parent_prefix_path/serial_driver
-- Installing: /home/misys/f1tenth_ws/install/serial_driver/share/serial_driver/environment/ament_prefix_path.sh
-- Installing: /home/misys/f1tenth_ws/install/serial_driver/share/serial_driver/environment/ament_prefix_path.dsv
-- Installing: /home/misys/f1tenth_ws/install/serial_driver/share/serial_driver/environment/path.sh
-- Installing: /home/misys/f1tenth_ws/install/serial_driver/share/serial_driver/environment/path.dsv
-- Installing: /home/misys/f1tenth_ws/install/serial_driver/share/serial_driver/local_setup.bash
-- Installing: /home/misys/f1tenth_ws/install/serial_driver/share/serial_driver/local_setup.sh
-- Installing: /home/misys/f1tenth_ws/install/serial_driver/share/serial_driver/local_setup.zsh
-- Installing: /home/misys/f1tenth_ws/install/serial_driver/share/serial_driver/local_setup.dsv
-- Installing: /home/misys/f1tenth_ws/install/serial_driver/share/serial_driver/package.dsv
-- Installing: /home/misys/f1tenth_ws/install/serial_driver/share/ament_index/resource_index/packages/serial_driver
-- Installing: /home/misys/f1tenth_ws/install/serial_driver/share/ament_index/resource_index/rclcpp_components/serial_driver
-- Installing: /home/misys/f1tenth_ws/install/serial_driver/share/serial_driver/cmake/ament_cmake_export_dependencies-extras.cmake
-- Installing: /home/misys/f1tenth_ws/install/serial_driver/share/serial_driver/cmake/ament_cmake_export_include_directories-extras.cmake
-- Installing: /home/misys/f1tenth_ws/install/serial_driver/share/serial_driver/cmake/ament_cmake_export_libraries-extras.cmake
-- Installing: /home/misys/f1tenth_ws/install/serial_driver/share/serial_driver/cmake/serial_driver-extras.cmake
-- Installing: /home/misys/f1tenth_ws/install/serial_driver/share/serial_driver/cmake/serial_driverConfig.cmake
-- Installing: /home/misys/f1tenth_ws/install/serial_driver/share/serial_driver/cmake/serial_driverConfig-version.cmake
-- Installing: /home/misys/f1tenth_ws/install/serial_driver/share/serial_driver/package.xml
