[0.072s] Invoking command in '/home/misys/f1tenth_ws/build/serial_driver': AMENT_PREFIX_PATH=/home/misys/f1tenth_ws/install/io_context:/home/misys/f1tenth_ws/install/udp_msgs:/home/misys/f1tenth_ws/install/asio_cmake_module:${AMENT_PREFIX_PATH} CMAKE_PREFIX_PATH=/home/misys/f1tenth_ws/install/io_context:/home/misys/f1tenth_ws/install/udp_msgs:/home/misys/f1tenth_ws/install/asio_cmake_module:/opt/ros/humble LD_LIBRARY_PATH=/home/misys/f1tenth_ws/install/io_context/lib:/home/misys/f1tenth_ws/install/udp_msgs/lib:${LD_LIBRARY_PATH} PYTHONPATH=/home/misys/f1tenth_ws/install/udp_msgs/local/lib/python3.10/dist-packages:${PYTHONPATH} /usr/bin/cmake /home/misys/f1tenth_ws/src/transport_drivers/serial_driver -DCMAKE_INSTALL_PREFIX=/home/misys/f1tenth_ws/install/serial_driver
[0.378s] -- The C compiler identification is GNU 11.4.0
[0.610s] -- The CXX compiler identification is GNU 11.4.0
[0.654s] -- Detecting C compiler ABI info
[1.105s] -- Detecting C compiler ABI info - done
[1.164s] -- Check for working C compiler: /usr/bin/cc - skipped
[1.166s] -- Detecting C compile features
[1.172s] -- Detecting C compile features - done
[1.197s] -- Detecting CXX compiler ABI info
[1.644s] -- Detecting CXX compiler ABI info - done
[1.701s] -- Check for working CXX compiler: /usr/bin/c++ - skipped
[1.702s] -- Detecting CXX compile features
[1.709s] -- Detecting CXX compile features - done
[1.724s] -- Found ament_cmake_auto: 1.3.12 (/opt/ros/humble/share/ament_cmake_auto/cmake)
[2.597s] -- Found Python3: /usr/bin/python3 (found version "3.10.12") found components: Interpreter 
[3.751s] -- Found rosidl_generator_c: 3.1.7 (/opt/ros/humble/share/rosidl_generator_c/cmake)
[3.790s] -- Found rosidl_adapter: 3.1.7 (/opt/ros/humble/share/rosidl_adapter/cmake)
[3.861s] -- Found rosidl_generator_cpp: 3.1.7 (/opt/ros/humble/share/rosidl_generator_cpp/cmake)
[3.950s] -- Using all available rosidl_typesupport_c: rosidl_typesupport_fastrtps_c;rosidl_typesupport_introspection_c
[4.073s] -- Using all available rosidl_typesupport_cpp: rosidl_typesupport_fastrtps_cpp;rosidl_typesupport_introspection_cpp
[4.445s] -- Found rmw_implementation_cmake: 6.1.2 (/opt/ros/humble/share/rmw_implementation_cmake/cmake)
[4.470s] -- Found rmw_fastrtps_cpp: 6.2.9 (/opt/ros/humble/share/rmw_fastrtps_cpp/cmake)
[5.043s] -- Found OpenSSL: /usr/lib/x86_64-linux-gnu/libcrypto.so (found version "3.0.2")  
[5.186s] -- Found FastRTPS: /opt/ros/humble/include  
[5.360s] -- Using RMW implementation 'rmw_fastrtps_cpp' as default
[5.406s] -- Looking for pthread.h
[5.699s] -- Looking for pthread.h - found
[5.700s] -- Performing Test CMAKE_HAVE_LIBC_PTHREAD
[6.019s] -- Performing Test CMAKE_HAVE_LIBC_PTHREAD - Success
[6.028s] -- Found Threads: TRUE  
[6.424s] -- Found asio_cmake_module: 1.2.0 (/home/misys/f1tenth_ws/install/asio_cmake_module/share/asio_cmake_module/cmake)
[6.437s] -- Found ASIO: /usr/include  
[6.780s] -- Found ament_lint_auto: 0.12.14 (/opt/ros/humble/share/ament_lint_auto/cmake)
[6.855s] -- Found gtest sources under '/opt/ros/humble/src/gtest_vendor': C++ tests using 'Google Test' will be built
[6.882s] In this package, headers install destination is set to `include` by ament_auto_package. It is recommended to install `include/serial_driver` instead and will be the default behavior of ament_auto_package from ROS 2 Kilted Kaiju. On distributions before Kilted, ament_auto_package behaves the same way when you use USE_SCOPED_HEADER_INSTALL_DIR option.
[6.897s] -- Added test 'copyright' to check source files copyright and LICENSE
[6.925s] -- Added test 'cppcheck' to perform static code analysis on C / C++ code
[6.925s] -- Configured cppcheck include dirs: /home/misys/f1tenth_ws/src/transport_drivers/serial_driver/include
[6.926s] -- Configured cppcheck exclude dirs and/or files: 
[6.938s] -- Added test 'cpplint' to check C / C++ code against the Google style
[6.942s] -- Configured cpplint exclude dirs and/or files: 
[6.949s] -- Added test 'flake8' to check Python code syntax and style conventions
[6.950s] -- Added test 'lint_cmake' to check CMake code style
[6.956s] -- Added test 'pep257' to check Python code against some of the docstring style conventions in PEP 257
[6.970s] -- Added test 'uncrustify' to check C / C++ code style
[6.970s] -- Configured uncrustify additional arguments: 
[6.971s] -- Added test 'xmllint' to check XML markup files
[6.997s] -- Configuring done
[7.381s] -- Generating done
[7.477s] -- Build files have been written to: /home/misys/f1tenth_ws/build/serial_driver
[7.534s] Invoked command in '/home/misys/f1tenth_ws/build/serial_driver' returned '0': AMENT_PREFIX_PATH=/home/misys/f1tenth_ws/install/io_context:/home/misys/f1tenth_ws/install/udp_msgs:/home/misys/f1tenth_ws/install/asio_cmake_module:${AMENT_PREFIX_PATH} CMAKE_PREFIX_PATH=/home/misys/f1tenth_ws/install/io_context:/home/misys/f1tenth_ws/install/udp_msgs:/home/misys/f1tenth_ws/install/asio_cmake_module:/opt/ros/humble LD_LIBRARY_PATH=/home/misys/f1tenth_ws/install/io_context/lib:/home/misys/f1tenth_ws/install/udp_msgs/lib:${LD_LIBRARY_PATH} PYTHONPATH=/home/misys/f1tenth_ws/install/udp_msgs/local/lib/python3.10/dist-packages:${PYTHONPATH} /usr/bin/cmake /home/misys/f1tenth_ws/src/transport_drivers/serial_driver -DCMAKE_INSTALL_PREFIX=/home/misys/f1tenth_ws/install/serial_driver
[7.535s] Invoking command in '/home/misys/f1tenth_ws/build/serial_driver': AMENT_PREFIX_PATH=/home/misys/f1tenth_ws/install/io_context:/home/misys/f1tenth_ws/install/udp_msgs:/home/misys/f1tenth_ws/install/asio_cmake_module:${AMENT_PREFIX_PATH} CMAKE_PREFIX_PATH=/home/misys/f1tenth_ws/install/io_context:/home/misys/f1tenth_ws/install/udp_msgs:/home/misys/f1tenth_ws/install/asio_cmake_module:/opt/ros/humble LD_LIBRARY_PATH=/home/misys/f1tenth_ws/install/io_context/lib:/home/misys/f1tenth_ws/install/udp_msgs/lib:${LD_LIBRARY_PATH} PYTHONPATH=/home/misys/f1tenth_ws/install/udp_msgs/local/lib/python3.10/dist-packages:${PYTHONPATH} /usr/bin/cmake --build /home/misys/f1tenth_ws/build/serial_driver -- -j16 -l16
[7.824s] [  6%] Building CXX object CMakeFiles/serial_driver.dir/src/serial_port.cpp.o
[15.520s] [ 13%] Building CXX object CMakeFiles/serial_driver.dir/src/serial_driver.cpp.o
[19.714s] [ 20%] Linking CXX shared library libserial_driver.so
[20.042s] [ 20%] Built target serial_driver
[20.086s] [ 26%] Building CXX object gtest/CMakeFiles/gtest.dir/src/gtest-all.cc.o
[26.717s] [ 33%] Linking CXX static library libgtest.a
[26.884s] [ 33%] Built target gtest
[26.993s] [ 40%] Building CXX object gtest/CMakeFiles/gtest_main.dir/src/gtest_main.cc.o
[27.012s] [ 46%] Building CXX object CMakeFiles/serial_driver_nodes.dir/src/serial_bridge_node.cpp.o
[27.018s] [ 53%] Building CXX object CMakeFiles/serial_bridge.dir/rclcpp_components/node_main_serial_bridge.cpp.o
[31.436s] [ 60%] Linking CXX static library libgtest_main.a
[31.593s] [ 60%] Built target gtest_main
[40.437s] [ 66%] Linking CXX executable serial_bridge
[41.153s] [ 66%] Built target serial_bridge
[62.313s] [ 73%] Linking CXX shared library libserial_driver_nodes.so
[63.819s] [ 73%] Built target serial_driver_nodes
[63.874s] [ 86%] Building CXX object CMakeFiles/test_serial_port.dir/test/test_serial_port.cpp.o
[63.875s] [ 86%] Building CXX object CMakeFiles/test_serial_driver.dir/test/test_serial_driver.cpp.o
[70.251s] [ 93%] Linking CXX executable test_serial_driver
[70.523s] [100%] Linking CXX executable test_serial_port
[70.775s] [100%] Built target test_serial_driver
[71.045s] [100%] Built target test_serial_port
[71.066s] Invoked command in '/home/misys/f1tenth_ws/build/serial_driver' returned '0': AMENT_PREFIX_PATH=/home/misys/f1tenth_ws/install/io_context:/home/misys/f1tenth_ws/install/udp_msgs:/home/misys/f1tenth_ws/install/asio_cmake_module:${AMENT_PREFIX_PATH} CMAKE_PREFIX_PATH=/home/misys/f1tenth_ws/install/io_context:/home/misys/f1tenth_ws/install/udp_msgs:/home/misys/f1tenth_ws/install/asio_cmake_module:/opt/ros/humble LD_LIBRARY_PATH=/home/misys/f1tenth_ws/install/io_context/lib:/home/misys/f1tenth_ws/install/udp_msgs/lib:${LD_LIBRARY_PATH} PYTHONPATH=/home/misys/f1tenth_ws/install/udp_msgs/local/lib/python3.10/dist-packages:${PYTHONPATH} /usr/bin/cmake --build /home/misys/f1tenth_ws/build/serial_driver -- -j16 -l16
[71.068s] Invoking command in '/home/misys/f1tenth_ws/build/serial_driver': AMENT_PREFIX_PATH=/home/misys/f1tenth_ws/install/io_context:/home/misys/f1tenth_ws/install/udp_msgs:/home/misys/f1tenth_ws/install/asio_cmake_module:${AMENT_PREFIX_PATH} CMAKE_PREFIX_PATH=/home/misys/f1tenth_ws/install/io_context:/home/misys/f1tenth_ws/install/udp_msgs:/home/misys/f1tenth_ws/install/asio_cmake_module:/opt/ros/humble LD_LIBRARY_PATH=/home/misys/f1tenth_ws/install/io_context/lib:/home/misys/f1tenth_ws/install/udp_msgs/lib:${LD_LIBRARY_PATH} PYTHONPATH=/home/misys/f1tenth_ws/install/udp_msgs/local/lib/python3.10/dist-packages:${PYTHONPATH} /usr/bin/cmake --install /home/misys/f1tenth_ws/build/serial_driver
[71.087s] -- Install configuration: ""
[71.087s] -- Installing: /home/misys/f1tenth_ws/install/serial_driver/lib/serial_driver/serial_bridge
[71.088s] -- Set runtime path of "/home/misys/f1tenth_ws/install/serial_driver/lib/serial_driver/serial_bridge" to ""
[71.089s] -- Installing: /home/misys/f1tenth_ws/install/serial_driver/include
[71.089s] -- Installing: /home/misys/f1tenth_ws/install/serial_driver/include/serial_driver
[71.089s] -- Installing: /home/misys/f1tenth_ws/install/serial_driver/include/serial_driver/serial_driver.hpp
[71.090s] -- Installing: /home/misys/f1tenth_ws/install/serial_driver/include/serial_driver/visibility_control.hpp
[71.090s] -- Installing: /home/misys/f1tenth_ws/install/serial_driver/include/serial_driver/serial_port.hpp
[71.090s] -- Installing: /home/misys/f1tenth_ws/install/serial_driver/include/serial_driver/serial_bridge_node.hpp
[71.091s] -- Installing: /home/misys/f1tenth_ws/install/serial_driver/share/serial_driver/environment/library_path.sh
[71.091s] -- Installing: /home/misys/f1tenth_ws/install/serial_driver/share/serial_driver/environment/library_path.dsv
[71.092s] -- Installing: /home/misys/f1tenth_ws/install/serial_driver/lib/libserial_driver.so
[71.094s] -- Set runtime path of "/home/misys/f1tenth_ws/install/serial_driver/lib/libserial_driver.so" to ""
[71.095s] -- Installing: /home/misys/f1tenth_ws/install/serial_driver/lib/libserial_driver_nodes.so
[71.104s] -- Set runtime path of "/home/misys/f1tenth_ws/install/serial_driver/lib/libserial_driver_nodes.so" to ""
[71.104s] -- Installing: /home/misys/f1tenth_ws/install/serial_driver/share/serial_driver/launch
[71.105s] -- Installing: /home/misys/f1tenth_ws/install/serial_driver/share/serial_driver/launch/serial_driver_bridge_node.launch.py
[71.105s] -- Installing: /home/misys/f1tenth_ws/install/serial_driver/share/serial_driver/params
[71.105s] -- Installing: /home/misys/f1tenth_ws/install/serial_driver/share/serial_driver/params/example.params.yaml
[71.106s] -- Installing: /home/misys/f1tenth_ws/install/serial_driver/share/ament_index/resource_index/package_run_dependencies/serial_driver
[71.106s] -- Installing: /home/misys/f1tenth_ws/install/serial_driver/share/ament_index/resource_index/parent_prefix_path/serial_driver
[71.107s] -- Installing: /home/misys/f1tenth_ws/install/serial_driver/share/serial_driver/environment/ament_prefix_path.sh
[71.107s] -- Installing: /home/misys/f1tenth_ws/install/serial_driver/share/serial_driver/environment/ament_prefix_path.dsv
[71.108s] -- Installing: /home/misys/f1tenth_ws/install/serial_driver/share/serial_driver/environment/path.sh
[71.108s] -- Installing: /home/misys/f1tenth_ws/install/serial_driver/share/serial_driver/environment/path.dsv
[71.109s] -- Installing: /home/misys/f1tenth_ws/install/serial_driver/share/serial_driver/local_setup.bash
[71.109s] -- Installing: /home/misys/f1tenth_ws/install/serial_driver/share/serial_driver/local_setup.sh
[71.110s] -- Installing: /home/misys/f1tenth_ws/install/serial_driver/share/serial_driver/local_setup.zsh
[71.110s] -- Installing: /home/misys/f1tenth_ws/install/serial_driver/share/serial_driver/local_setup.dsv
[71.111s] -- Installing: /home/misys/f1tenth_ws/install/serial_driver/share/serial_driver/package.dsv
[71.111s] -- Installing: /home/misys/f1tenth_ws/install/serial_driver/share/ament_index/resource_index/packages/serial_driver
[71.112s] -- Installing: /home/misys/f1tenth_ws/install/serial_driver/share/ament_index/resource_index/rclcpp_components/serial_driver
[71.112s] -- Installing: /home/misys/f1tenth_ws/install/serial_driver/share/serial_driver/cmake/ament_cmake_export_dependencies-extras.cmake
[71.113s] -- Installing: /home/misys/f1tenth_ws/install/serial_driver/share/serial_driver/cmake/ament_cmake_export_include_directories-extras.cmake
[71.113s] -- Installing: /home/misys/f1tenth_ws/install/serial_driver/share/serial_driver/cmake/ament_cmake_export_libraries-extras.cmake
[71.114s] -- Installing: /home/misys/f1tenth_ws/install/serial_driver/share/serial_driver/cmake/serial_driver-extras.cmake
[71.114s] -- Installing: /home/misys/f1tenth_ws/install/serial_driver/share/serial_driver/cmake/serial_driverConfig.cmake
[71.115s] -- Installing: /home/misys/f1tenth_ws/install/serial_driver/share/serial_driver/cmake/serial_driverConfig-version.cmake
[71.115s] -- Installing: /home/misys/f1tenth_ws/install/serial_driver/share/serial_driver/package.xml
[71.120s] Invoked command in '/home/misys/f1tenth_ws/build/serial_driver' returned '0': AMENT_PREFIX_PATH=/home/misys/f1tenth_ws/install/io_context:/home/misys/f1tenth_ws/install/udp_msgs:/home/misys/f1tenth_ws/install/asio_cmake_module:${AMENT_PREFIX_PATH} CMAKE_PREFIX_PATH=/home/misys/f1tenth_ws/install/io_context:/home/misys/f1tenth_ws/install/udp_msgs:/home/misys/f1tenth_ws/install/asio_cmake_module:/opt/ros/humble LD_LIBRARY_PATH=/home/misys/f1tenth_ws/install/io_context/lib:/home/misys/f1tenth_ws/install/udp_msgs/lib:${LD_LIBRARY_PATH} PYTHONPATH=/home/misys/f1tenth_ws/install/udp_msgs/local/lib/python3.10/dist-packages:${PYTHONPATH} /usr/bin/cmake --install /home/misys/f1tenth_ws/build/serial_driver
