[1.226s] Invoking command in '/home/misys/f1tenth_ws/src/f1tenth_system/f1tenth_stack': AMENT_PREFIX_PATH=/home/misys/f1tenth_ws/install/vesc:/home/misys/f1tenth_ws/install/vesc_driver:/home/misys/f1tenth_ws/install/serial_driver:/home/misys/f1tenth_ws/install/vesc_ackermann:/home/misys/f1tenth_ws/install/joy_teleop:/home/misys/f1tenth_ws/install/io_context:/home/misys/f1tenth_ws/install/ackermann_mux:/home/misys/f1tenth_ws/install/vesc_msgs:/home/misys/f1tenth_ws/install/udp_msgs:/home/misys/f1tenth_ws/install/teleop_tools_msgs:/home/misys/f1tenth_ws/install/diagnostic_updater:/home/misys/f1tenth_ws/install/asio_cmake_module:/home/misys/f1tenth_ws/install/ackermann_msgs:${AMENT_PREFIX_PATH} CMAKE_PREFIX_PATH=/home/misys/f1tenth_ws/install/vesc:/home/misys/f1tenth_ws/install/vesc_driver:/home/misys/f1tenth_ws/install/serial_driver:/home/misys/f1tenth_ws/install/vesc_ackermann:/home/misys/f1tenth_ws/install/io_context:/home/misys/f1tenth_ws/install/ackermann_mux:/home/misys/f1tenth_ws/install/vesc_msgs:/home/misys/f1tenth_ws/install/udp_msgs:/home/misys/f1tenth_ws/install/teleop_tools_msgs:/home/misys/f1tenth_ws/install/diagnostic_updater:/home/misys/f1tenth_ws/install/asio_cmake_module:/home/misys/f1tenth_ws/install/ackermann_msgs LD_LIBRARY_PATH=/home/misys/f1tenth_ws/install/vesc_driver/lib:/home/misys/f1tenth_ws/install/serial_driver/lib:/home/misys/f1tenth_ws/install/vesc_ackermann/lib:/home/misys/f1tenth_ws/install/io_context/lib:/home/misys/f1tenth_ws/install/vesc_msgs/lib:/home/misys/f1tenth_ws/install/udp_msgs/lib:/home/misys/f1tenth_ws/install/teleop_tools_msgs/lib:/home/misys/f1tenth_ws/install/diagnostic_updater/lib:/home/misys/f1tenth_ws/install/ackermann_msgs/lib:${LD_LIBRARY_PATH} PYTHONPATH=/home/misys/f1tenth_ws/build/f1tenth_stack/prefix_override:/usr/lib/python3/dist-packages/colcon_core/task/python/colcon_distutils_commands:/home/misys/f1tenth_ws/install/f1tenth_stack/lib/python3.10/site-packages:/home/misys/f1tenth_ws/install/joy_teleop/lib/python3.10/site-packages:/home/misys/f1tenth_ws/install/vesc_msgs/local/lib/python3.10/dist-packages:/home/misys/f1tenth_ws/install/udp_msgs/local/lib/python3.10/dist-packages:/home/misys/f1tenth_ws/install/teleop_tools_msgs/local/lib/python3.10/dist-packages:/home/misys/f1tenth_ws/install/diagnostic_updater/local/lib/python3.10/dist-packages:/home/misys/f1tenth_ws/install/ackermann_msgs/local/lib/python3.10/dist-packages:${PYTHONPATH} /usr/bin/python3 -W ignore:setup.py install is deprecated -W ignore:easy_install command is deprecated setup.py egg_info --egg-base ../../../build/f1tenth_stack build --build-base /home/misys/f1tenth_ws/build/f1tenth_stack/build install --record /home/misys/f1tenth_ws/build/f1tenth_stack/install.log --install_scripts $base/lib/f1tenth_stack --single-version-externally-managed install_data
[1.586s] /usr/lib/python3/dist-packages/setuptools/dist.py:723: UserWarning: Usage of dash-separated 'script_dir' will not be supported in future versions. Please use the underscore name 'script_dir' instead
[1.586s]   warnings.warn(
[1.600s] running egg_info
[1.601s] creating ../../../build/f1tenth_stack/f1tenth_stack.egg-info
[1.601s] writing ../../../build/f1tenth_stack/f1tenth_stack.egg-info/PKG-INFO
[1.602s] writing dependency_links to ../../../build/f1tenth_stack/f1tenth_stack.egg-info/dependency_links.txt
[1.602s] writing entry points to ../../../build/f1tenth_stack/f1tenth_stack.egg-info/entry_points.txt
[1.602s] writing requirements to ../../../build/f1tenth_stack/f1tenth_stack.egg-info/requires.txt
[1.602s] writing top-level names to ../../../build/f1tenth_stack/f1tenth_stack.egg-info/top_level.txt
[1.602s] writing manifest file '../../../build/f1tenth_stack/f1tenth_stack.egg-info/SOURCES.txt'
[1.613s] reading manifest file '../../../build/f1tenth_stack/f1tenth_stack.egg-info/SOURCES.txt'
[1.615s] writing manifest file '../../../build/f1tenth_stack/f1tenth_stack.egg-info/SOURCES.txt'
[1.615s] running build
[1.615s] running build_py
[1.615s] creating /home/misys/f1tenth_ws/build/f1tenth_stack/build
[1.616s] creating /home/misys/f1tenth_ws/build/f1tenth_stack/build/lib
[1.616s] creating /home/misys/f1tenth_ws/build/f1tenth_stack/build/lib/f1tenth_stack
[1.616s] copying f1tenth_stack/throttle_interpolator.py -> /home/misys/f1tenth_ws/build/f1tenth_stack/build/lib/f1tenth_stack
[1.616s] copying f1tenth_stack/__init__.py -> /home/misys/f1tenth_ws/build/f1tenth_stack/build/lib/f1tenth_stack
[1.616s] copying f1tenth_stack/tf_publisher.py -> /home/misys/f1tenth_ws/build/f1tenth_stack/build/lib/f1tenth_stack
[1.616s] running install
[1.616s] running install_lib
[1.617s] creating /home/misys/f1tenth_ws/install/f1tenth_stack/lib/python3.10/site-packages/f1tenth_stack
[1.618s] copying /home/misys/f1tenth_ws/build/f1tenth_stack/build/lib/f1tenth_stack/throttle_interpolator.py -> /home/misys/f1tenth_ws/install/f1tenth_stack/lib/python3.10/site-packages/f1tenth_stack
[1.618s] copying /home/misys/f1tenth_ws/build/f1tenth_stack/build/lib/f1tenth_stack/__init__.py -> /home/misys/f1tenth_ws/install/f1tenth_stack/lib/python3.10/site-packages/f1tenth_stack
[1.618s] copying /home/misys/f1tenth_ws/build/f1tenth_stack/build/lib/f1tenth_stack/tf_publisher.py -> /home/misys/f1tenth_ws/install/f1tenth_stack/lib/python3.10/site-packages/f1tenth_stack
[1.619s] byte-compiling /home/misys/f1tenth_ws/install/f1tenth_stack/lib/python3.10/site-packages/f1tenth_stack/throttle_interpolator.py to throttle_interpolator.cpython-310.pyc
[1.620s] byte-compiling /home/misys/f1tenth_ws/install/f1tenth_stack/lib/python3.10/site-packages/f1tenth_stack/__init__.py to __init__.cpython-310.pyc
[1.621s] byte-compiling /home/misys/f1tenth_ws/install/f1tenth_stack/lib/python3.10/site-packages/f1tenth_stack/tf_publisher.py to tf_publisher.cpython-310.pyc
[1.622s] running install_data
[1.622s] creating /home/misys/f1tenth_ws/install/f1tenth_stack/share/ament_index
[1.622s] creating /home/misys/f1tenth_ws/install/f1tenth_stack/share/ament_index/resource_index
[1.622s] creating /home/misys/f1tenth_ws/install/f1tenth_stack/share/ament_index/resource_index/packages
[1.622s] copying resource/f1tenth_stack -> /home/misys/f1tenth_ws/install/f1tenth_stack/share/ament_index/resource_index/packages
[1.622s] copying package.xml -> /home/misys/f1tenth_ws/install/f1tenth_stack/share/f1tenth_stack
[1.622s] creating /home/misys/f1tenth_ws/install/f1tenth_stack/share/f1tenth_stack/launch
[1.622s] copying launch/bringup_launch.py -> /home/misys/f1tenth_ws/install/f1tenth_stack/share/f1tenth_stack/launch
[1.623s] creating /home/misys/f1tenth_ws/install/f1tenth_stack/share/f1tenth_stack/config
[1.623s] copying config/vesc.yaml -> /home/misys/f1tenth_ws/install/f1tenth_stack/share/f1tenth_stack/config
[1.623s] copying config/f1tenth_online_async.yaml -> /home/misys/f1tenth_ws/install/f1tenth_stack/share/f1tenth_stack/config
[1.623s] copying config/mux.yaml -> /home/misys/f1tenth_ws/install/f1tenth_stack/share/f1tenth_stack/config
[1.623s] copying config/sensors.yaml -> /home/misys/f1tenth_ws/install/f1tenth_stack/share/f1tenth_stack/config
[1.623s] copying config/joy_teleop.yaml -> /home/misys/f1tenth_ws/install/f1tenth_stack/share/f1tenth_stack/config
[1.623s] running install_egg_info
[1.627s] Copying ../../../build/f1tenth_stack/f1tenth_stack.egg-info to /home/misys/f1tenth_ws/install/f1tenth_stack/lib/python3.10/site-packages/f1tenth_stack-0.0.1-py3.10.egg-info
[1.628s] running install_scripts
[1.662s] Installing tf_publisher script to /home/misys/f1tenth_ws/install/f1tenth_stack/lib/f1tenth_stack
[1.662s] Installing throttle_interpolator script to /home/misys/f1tenth_ws/install/f1tenth_stack/lib/f1tenth_stack
[1.662s] writing list of installed files to '/home/misys/f1tenth_ws/build/f1tenth_stack/install.log'
[1.697s] Invoked command in '/home/misys/f1tenth_ws/src/f1tenth_system/f1tenth_stack' returned '0': AMENT_PREFIX_PATH=/home/misys/f1tenth_ws/install/vesc:/home/misys/f1tenth_ws/install/vesc_driver:/home/misys/f1tenth_ws/install/serial_driver:/home/misys/f1tenth_ws/install/vesc_ackermann:/home/misys/f1tenth_ws/install/joy_teleop:/home/misys/f1tenth_ws/install/io_context:/home/misys/f1tenth_ws/install/ackermann_mux:/home/misys/f1tenth_ws/install/vesc_msgs:/home/misys/f1tenth_ws/install/udp_msgs:/home/misys/f1tenth_ws/install/teleop_tools_msgs:/home/misys/f1tenth_ws/install/diagnostic_updater:/home/misys/f1tenth_ws/install/asio_cmake_module:/home/misys/f1tenth_ws/install/ackermann_msgs:${AMENT_PREFIX_PATH} CMAKE_PREFIX_PATH=/home/misys/f1tenth_ws/install/vesc:/home/misys/f1tenth_ws/install/vesc_driver:/home/misys/f1tenth_ws/install/serial_driver:/home/misys/f1tenth_ws/install/vesc_ackermann:/home/misys/f1tenth_ws/install/io_context:/home/misys/f1tenth_ws/install/ackermann_mux:/home/misys/f1tenth_ws/install/vesc_msgs:/home/misys/f1tenth_ws/install/udp_msgs:/home/misys/f1tenth_ws/install/teleop_tools_msgs:/home/misys/f1tenth_ws/install/diagnostic_updater:/home/misys/f1tenth_ws/install/asio_cmake_module:/home/misys/f1tenth_ws/install/ackermann_msgs LD_LIBRARY_PATH=/home/misys/f1tenth_ws/install/vesc_driver/lib:/home/misys/f1tenth_ws/install/serial_driver/lib:/home/misys/f1tenth_ws/install/vesc_ackermann/lib:/home/misys/f1tenth_ws/install/io_context/lib:/home/misys/f1tenth_ws/install/vesc_msgs/lib:/home/misys/f1tenth_ws/install/udp_msgs/lib:/home/misys/f1tenth_ws/install/teleop_tools_msgs/lib:/home/misys/f1tenth_ws/install/diagnostic_updater/lib:/home/misys/f1tenth_ws/install/ackermann_msgs/lib:${LD_LIBRARY_PATH} PYTHONPATH=/home/misys/f1tenth_ws/build/f1tenth_stack/prefix_override:/usr/lib/python3/dist-packages/colcon_core/task/python/colcon_distutils_commands:/home/misys/f1tenth_ws/install/f1tenth_stack/lib/python3.10/site-packages:/home/misys/f1tenth_ws/install/joy_teleop/lib/python3.10/site-packages:/home/misys/f1tenth_ws/install/vesc_msgs/local/lib/python3.10/dist-packages:/home/misys/f1tenth_ws/install/udp_msgs/local/lib/python3.10/dist-packages:/home/misys/f1tenth_ws/install/teleop_tools_msgs/local/lib/python3.10/dist-packages:/home/misys/f1tenth_ws/install/diagnostic_updater/local/lib/python3.10/dist-packages:/home/misys/f1tenth_ws/install/ackermann_msgs/local/lib/python3.10/dist-packages:${PYTHONPATH} /usr/bin/python3 -W ignore:setup.py install is deprecated -W ignore:easy_install command is deprecated setup.py egg_info --egg-base ../../../build/f1tenth_stack build --build-base /home/misys/f1tenth_ws/build/f1tenth_stack/build install --record /home/misys/f1tenth_ws/build/f1tenth_stack/install.log --install_scripts $base/lib/f1tenth_stack --single-version-externally-managed install_data
