[3.298s] Invoking command in '/home/misys/f1tenth_ws/src/f1tenth_gym_ros': AMENT_PREFIX_PATH=/home/misys/f1tenth_ws/install/ackermann_msgs:${AMENT_PREFIX_PATH} CMAKE_PREFIX_PATH=/home/misys/f1tenth_ws/install/ackermann_msgs LD_LIBRARY_PATH=/home/misys/f1tenth_ws/install/ackermann_msgs/lib:${LD_LIBRARY_PATH} PYTHONPATH=/home/misys/f1tenth_ws/build/f1tenth_gym_ros/prefix_override:/usr/lib/python3/dist-packages/colcon_core/task/python/colcon_distutils_commands:/home/misys/f1tenth_ws/install/f1tenth_gym_ros/lib/python3.10/site-packages:/home/misys/f1tenth_ws/install/ackermann_msgs/local/lib/python3.10/dist-packages:${PYTHONPATH} /usr/bin/python3 -W ignore:setup.py install is deprecated -W ignore:easy_install command is deprecated setup.py egg_info --egg-base ../../build/f1tenth_gym_ros build --build-base /home/misys/f1tenth_ws/build/f1tenth_gym_ros/build install --record /home/misys/f1tenth_ws/build/f1tenth_gym_ros/install.log --install_scripts $base/lib/f1tenth_gym_ros --single-version-externally-managed install_data
[4.150s] /usr/lib/python3/dist-packages/setuptools/dist.py:723: UserWarning: Usage of dash-separated 'script_dir' will not be supported in future versions. Please use the underscore name 'script_dir' instead
[4.151s]   warnings.warn(
[4.151s] running egg_info
[4.151s] creating ../../build/f1tenth_gym_ros/f1tenth_gym_ros.egg-info
[4.151s] writing ../../build/f1tenth_gym_ros/f1tenth_gym_ros.egg-info/PKG-INFO
[4.151s] writing dependency_links to ../../build/f1tenth_gym_ros/f1tenth_gym_ros.egg-info/dependency_links.txt
[4.152s] writing entry points to ../../build/f1tenth_gym_ros/f1tenth_gym_ros.egg-info/entry_points.txt
[4.152s] writing requirements to ../../build/f1tenth_gym_ros/f1tenth_gym_ros.egg-info/requires.txt
[4.152s] writing top-level names to ../../build/f1tenth_gym_ros/f1tenth_gym_ros.egg-info/top_level.txt
[4.152s] writing manifest file '../../build/f1tenth_gym_ros/f1tenth_gym_ros.egg-info/SOURCES.txt'
[4.152s] reading manifest file '../../build/f1tenth_gym_ros/f1tenth_gym_ros.egg-info/SOURCES.txt'
[4.152s] adding license file 'LICENSE'
[4.156s] writing manifest file '../../build/f1tenth_gym_ros/f1tenth_gym_ros.egg-info/SOURCES.txt'
[4.157s] running build
[4.157s] running build_py
[4.157s] creating /home/misys/f1tenth_ws/build/f1tenth_gym_ros/build
[4.157s] creating /home/misys/f1tenth_ws/build/f1tenth_gym_ros/build/lib
[4.157s] creating /home/misys/f1tenth_ws/build/f1tenth_gym_ros/build/lib/f1tenth_gym_ros
[4.158s] copying f1tenth_gym_ros/gym_bridge.py -> /home/misys/f1tenth_ws/build/f1tenth_gym_ros/build/lib/f1tenth_gym_ros
[4.158s] copying f1tenth_gym_ros/__init__.py -> /home/misys/f1tenth_ws/build/f1tenth_gym_ros/build/lib/f1tenth_gym_ros
[4.158s] running install
[4.158s] running install_lib
[4.158s] creating /home/misys/f1tenth_ws/install/f1tenth_gym_ros/lib/python3.10/site-packages/f1tenth_gym_ros
[4.158s] copying /home/misys/f1tenth_ws/build/f1tenth_gym_ros/build/lib/f1tenth_gym_ros/gym_bridge.py -> /home/misys/f1tenth_ws/install/f1tenth_gym_ros/lib/python3.10/site-packages/f1tenth_gym_ros
[4.158s] copying /home/misys/f1tenth_ws/build/f1tenth_gym_ros/build/lib/f1tenth_gym_ros/__init__.py -> /home/misys/f1tenth_ws/install/f1tenth_gym_ros/lib/python3.10/site-packages/f1tenth_gym_ros
[4.159s] byte-compiling /home/misys/f1tenth_ws/install/f1tenth_gym_ros/lib/python3.10/site-packages/f1tenth_gym_ros/gym_bridge.py to gym_bridge.cpython-310.pyc
[4.172s] byte-compiling /home/misys/f1tenth_ws/install/f1tenth_gym_ros/lib/python3.10/site-packages/f1tenth_gym_ros/__init__.py to __init__.cpython-310.pyc
[4.172s] running install_data
[4.172s] creating /home/misys/f1tenth_ws/install/f1tenth_gym_ros/share/ament_index
[4.172s] creating /home/misys/f1tenth_ws/install/f1tenth_gym_ros/share/ament_index/resource_index
[4.173s] creating /home/misys/f1tenth_ws/install/f1tenth_gym_ros/share/ament_index/resource_index/packages
[4.174s] copying resource/f1tenth_gym_ros -> /home/misys/f1tenth_ws/install/f1tenth_gym_ros/share/ament_index/resource_index/packages
[4.174s] copying package.xml -> /home/misys/f1tenth_ws/install/f1tenth_gym_ros/share/f1tenth_gym_ros
[4.178s] creating /home/misys/f1tenth_ws/install/f1tenth_gym_ros/share/f1tenth_gym_ros/launch
[4.178s] copying launch/gym_bridge_launch.py -> /home/misys/f1tenth_ws/install/f1tenth_gym_ros/share/f1tenth_gym_ros/launch
[4.188s] copying launch/opp_racecar.xacro -> /home/misys/f1tenth_ws/install/f1tenth_gym_ros/share/f1tenth_gym_ros/launch
[4.188s] copying launch/ego_racecar.xacro -> /home/misys/f1tenth_ws/install/f1tenth_gym_ros/share/f1tenth_gym_ros/launch
[4.188s] copying launch/gym_bridge.rviz -> /home/misys/f1tenth_ws/install/f1tenth_gym_ros/share/f1tenth_gym_ros/launch
[4.188s] creating /home/misys/f1tenth_ws/install/f1tenth_gym_ros/share/f1tenth_gym_ros/config
[4.189s] copying config/sim.yaml -> /home/misys/f1tenth_ws/install/f1tenth_gym_ros/share/f1tenth_gym_ros/config
[4.189s] running install_egg_info
[4.198s] Copying ../../build/f1tenth_gym_ros/f1tenth_gym_ros.egg-info to /home/misys/f1tenth_ws/install/f1tenth_gym_ros/lib/python3.10/site-packages/f1tenth_gym_ros-0.0.0-py3.10.egg-info
[4.205s] running install_scripts
[4.300s] Installing gym_bridge script to /home/misys/f1tenth_ws/install/f1tenth_gym_ros/lib/f1tenth_gym_ros
[4.302s] writing list of installed files to '/home/misys/f1tenth_ws/build/f1tenth_gym_ros/install.log'
[4.381s] Invoked command in '/home/misys/f1tenth_ws/src/f1tenth_gym_ros' returned '0': AMENT_PREFIX_PATH=/home/misys/f1tenth_ws/install/ackermann_msgs:${AMENT_PREFIX_PATH} CMAKE_PREFIX_PATH=/home/misys/f1tenth_ws/install/ackermann_msgs LD_LIBRARY_PATH=/home/misys/f1tenth_ws/install/ackermann_msgs/lib:${LD_LIBRARY_PATH} PYTHONPATH=/home/misys/f1tenth_ws/build/f1tenth_gym_ros/prefix_override:/usr/lib/python3/dist-packages/colcon_core/task/python/colcon_distutils_commands:/home/misys/f1tenth_ws/install/f1tenth_gym_ros/lib/python3.10/site-packages:/home/misys/f1tenth_ws/install/ackermann_msgs/local/lib/python3.10/dist-packages:${PYTHONPATH} /usr/bin/python3 -W ignore:setup.py install is deprecated -W ignore:easy_install command is deprecated setup.py egg_info --egg-base ../../build/f1tenth_gym_ros build --build-base /home/misys/f1tenth_ws/build/f1tenth_gym_ros/build install --record /home/misys/f1tenth_ws/build/f1tenth_gym_ros/install.log --install_scripts $base/lib/f1tenth_gym_ros --single-version-externally-managed install_data
