[0.116s] Invoking command in '/home/misys/f1tenth_ws/build/diagnostic_common_diagnostics': AMENT_PREFIX_PATH=/home/misys/f1tenth_ws/install/diagnostic_updater:${AMENT_PREFIX_PATH} CMAKE_PREFIX_PATH=/home/misys/f1tenth_ws/install/diagnostic_updater:/opt/ros/humble LD_LIBRARY_PATH=/home/misys/f1tenth_ws/install/diagnostic_updater/lib:${LD_LIBRARY_PATH} PYTHONPATH=/home/misys/f1tenth_ws/install/diagnostic_updater/local/lib/python3.10/dist-packages:${PYTHONPATH} /usr/bin/cmake /home/misys/f1tenth_ws/src/diagnostics/diagnostic_common_diagnostics -DCMAKE_INSTALL_PREFIX=/home/misys/f1tenth_ws/install/diagnostic_common_diagnostics
[0.497s] -- The C compiler identification is GNU 11.4.0
[0.876s] -- The CXX compiler identification is GNU 11.4.0
[0.907s] -- Detecting C compiler ABI info
[1.321s] -- Detecting C compiler ABI info - done
[1.380s] -- Check for working C compiler: /usr/bin/cc - skipped
[1.381s] -- Detecting C compile features
[1.382s] -- Detecting C compile features - done
[1.414s] -- Detecting CXX compiler ABI info
[2.003s] -- Detecting CXX compiler ABI info - done
[2.055s] -- Check for working CXX compiler: /usr/bin/c++ - skipped
[2.057s] -- Detecting CXX compile features
[2.062s] -- Detecting CXX compile features - done
[2.077s] -- Found ament_cmake: 1.3.12 (/opt/ros/humble/share/ament_cmake/cmake)
[3.010s] -- Found Python3: /usr/bin/python3 (found version "3.10.12") found components: Interpreter 
[4.141s] -- Found ament_lint_auto: 0.12.14 (/opt/ros/humble/share/ament_lint_auto/cmake)
[4.155s] -- Found launch_testing_ament_cmake: 1.0.11 (/opt/ros/humble/share/launch_testing_ament_cmake/cmake)
[4.163s] -- Found python_cmake_module: 0.10.0 (/opt/ros/humble/share/python_cmake_module/cmake)
[4.245s] -- Found PythonInterp: /usr/bin/python3 (found suitable version "3.10.12", minimum required is "3.6") 
[4.305s] -- Found PythonLibs: /usr/lib/x86_64-linux-gnu/libpython3.10.so (found suitable version "3.10.12", minimum required is "3.5") 
[4.306s] -- Using PYTHON_EXECUTABLE: /usr/bin/python3
[4.306s] -- Using PYTHON_INCLUDE_DIRS: /usr/include/python3.10
[4.306s] -- Using PYTHON_LIBRARIES: /usr/lib/x86_64-linux-gnu/libpython3.10.so
[4.454s] -- Found PythonExtra: .so  
[6.942s] -- Added test 'xmllint' to check XML markup files
[6.947s] -- Added test 'lint_cmake' to check CMake code style
[6.955s] -- Configuring done
[6.984s] -- Generating done
[7.002s] -- Build files have been written to: /home/misys/f1tenth_ws/build/diagnostic_common_diagnostics
[7.039s] Invoked command in '/home/misys/f1tenth_ws/build/diagnostic_common_diagnostics' returned '0': AMENT_PREFIX_PATH=/home/misys/f1tenth_ws/install/diagnostic_updater:${AMENT_PREFIX_PATH} CMAKE_PREFIX_PATH=/home/misys/f1tenth_ws/install/diagnostic_updater:/opt/ros/humble LD_LIBRARY_PATH=/home/misys/f1tenth_ws/install/diagnostic_updater/lib:${LD_LIBRARY_PATH} PYTHONPATH=/home/misys/f1tenth_ws/install/diagnostic_updater/local/lib/python3.10/dist-packages:${PYTHONPATH} /usr/bin/cmake /home/misys/f1tenth_ws/src/diagnostics/diagnostic_common_diagnostics -DCMAKE_INSTALL_PREFIX=/home/misys/f1tenth_ws/install/diagnostic_common_diagnostics
[7.040s] Invoking command in '/home/misys/f1tenth_ws/build/diagnostic_common_diagnostics': AMENT_PREFIX_PATH=/home/misys/f1tenth_ws/install/diagnostic_updater:${AMENT_PREFIX_PATH} CMAKE_PREFIX_PATH=/home/misys/f1tenth_ws/install/diagnostic_updater:/opt/ros/humble LD_LIBRARY_PATH=/home/misys/f1tenth_ws/install/diagnostic_updater/lib:${LD_LIBRARY_PATH} PYTHONPATH=/home/misys/f1tenth_ws/install/diagnostic_updater/local/lib/python3.10/dist-packages:${PYTHONPATH} /usr/bin/cmake --build /home/misys/f1tenth_ws/build/diagnostic_common_diagnostics -- -j16 -l16
[7.347s] Built target ament_cmake_python_copy_diagnostic_common_diagnostics
[9.111s] running egg_info
[9.112s] creating diagnostic_common_diagnostics.egg-info
[9.117s] writing diagnostic_common_diagnostics.egg-info/PKG-INFO
[9.117s] writing dependency_links to diagnostic_common_diagnostics.egg-info/dependency_links.txt
[9.117s] writing top-level names to diagnostic_common_diagnostics.egg-info/top_level.txt
[9.118s] writing manifest file 'diagnostic_common_diagnostics.egg-info/SOURCES.txt'
[9.133s] reading manifest file 'diagnostic_common_diagnostics.egg-info/SOURCES.txt'
[9.143s] writing manifest file 'diagnostic_common_diagnostics.egg-info/SOURCES.txt'
[9.295s] Built target ament_cmake_python_build_diagnostic_common_diagnostics_egg
[9.333s] Invoked command in '/home/misys/f1tenth_ws/build/diagnostic_common_diagnostics' returned '0': AMENT_PREFIX_PATH=/home/misys/f1tenth_ws/install/diagnostic_updater:${AMENT_PREFIX_PATH} CMAKE_PREFIX_PATH=/home/misys/f1tenth_ws/install/diagnostic_updater:/opt/ros/humble LD_LIBRARY_PATH=/home/misys/f1tenth_ws/install/diagnostic_updater/lib:${LD_LIBRARY_PATH} PYTHONPATH=/home/misys/f1tenth_ws/install/diagnostic_updater/local/lib/python3.10/dist-packages:${PYTHONPATH} /usr/bin/cmake --build /home/misys/f1tenth_ws/build/diagnostic_common_diagnostics -- -j16 -l16
[9.334s] Invoking command in '/home/misys/f1tenth_ws/build/diagnostic_common_diagnostics': AMENT_PREFIX_PATH=/home/misys/f1tenth_ws/install/diagnostic_updater:${AMENT_PREFIX_PATH} CMAKE_PREFIX_PATH=/home/misys/f1tenth_ws/install/diagnostic_updater:/opt/ros/humble LD_LIBRARY_PATH=/home/misys/f1tenth_ws/install/diagnostic_updater/lib:${LD_LIBRARY_PATH} PYTHONPATH=/home/misys/f1tenth_ws/install/diagnostic_updater/local/lib/python3.10/dist-packages:${PYTHONPATH} /usr/bin/cmake --install /home/misys/f1tenth_ws/build/diagnostic_common_diagnostics
[9.380s] -- Install configuration: ""
[9.381s] -- Installing: /home/misys/f1tenth_ws/install/diagnostic_common_diagnostics/share/diagnostic_common_diagnostics/environment/pythonpath.sh
[9.381s] -- Installing: /home/misys/f1tenth_ws/install/diagnostic_common_diagnostics/share/diagnostic_common_diagnostics/environment/pythonpath.dsv
[9.387s] -- Installing: /home/misys/f1tenth_ws/install/diagnostic_common_diagnostics/local/lib/python3.10/dist-packages/diagnostic_common_diagnostics-4.4.6-py3.10.egg-info
[9.388s] -- Installing: /home/misys/f1tenth_ws/install/diagnostic_common_diagnostics/local/lib/python3.10/dist-packages/diagnostic_common_diagnostics-4.4.6-py3.10.egg-info/top_level.txt
[9.388s] -- Installing: /home/misys/f1tenth_ws/install/diagnostic_common_diagnostics/local/lib/python3.10/dist-packages/diagnostic_common_diagnostics-4.4.6-py3.10.egg-info/PKG-INFO
[9.388s] -- Installing: /home/misys/f1tenth_ws/install/diagnostic_common_diagnostics/local/lib/python3.10/dist-packages/diagnostic_common_diagnostics-4.4.6-py3.10.egg-info/SOURCES.txt
[9.388s] -- Installing: /home/misys/f1tenth_ws/install/diagnostic_common_diagnostics/local/lib/python3.10/dist-packages/diagnostic_common_diagnostics-4.4.6-py3.10.egg-info/dependency_links.txt
[9.389s] -- Installing: /home/misys/f1tenth_ws/install/diagnostic_common_diagnostics/local/lib/python3.10/dist-packages/diagnostic_common_diagnostics
[9.389s] -- Installing: /home/misys/f1tenth_ws/install/diagnostic_common_diagnostics/local/lib/python3.10/dist-packages/diagnostic_common_diagnostics/hd_monitor.py
[9.395s] -- Installing: /home/misys/f1tenth_ws/install/diagnostic_common_diagnostics/local/lib/python3.10/dist-packages/diagnostic_common_diagnostics/sensors_monitor.py
[9.396s] -- Installing: /home/misys/f1tenth_ws/install/diagnostic_common_diagnostics/local/lib/python3.10/dist-packages/diagnostic_common_diagnostics/ntp_monitor.py
[9.396s] -- Installing: /home/misys/f1tenth_ws/install/diagnostic_common_diagnostics/local/lib/python3.10/dist-packages/diagnostic_common_diagnostics/cpu_monitor.py
[9.396s] -- Installing: /home/misys/f1tenth_ws/install/diagnostic_common_diagnostics/local/lib/python3.10/dist-packages/diagnostic_common_diagnostics/__init__.py
[9.396s] -- Installing: /home/misys/f1tenth_ws/install/diagnostic_common_diagnostics/local/lib/python3.10/dist-packages/diagnostic_common_diagnostics/ram_monitor.py
[9.651s] Listing '/home/misys/f1tenth_ws/install/diagnostic_common_diagnostics/local/lib/python3.10/dist-packages/diagnostic_common_diagnostics'...
[9.652s] Compiling '/home/misys/f1tenth_ws/install/diagnostic_common_diagnostics/local/lib/python3.10/dist-packages/diagnostic_common_diagnostics/__init__.py'...
[9.652s] Compiling '/home/misys/f1tenth_ws/install/diagnostic_common_diagnostics/local/lib/python3.10/dist-packages/diagnostic_common_diagnostics/cpu_monitor.py'...
[9.652s] Compiling '/home/misys/f1tenth_ws/install/diagnostic_common_diagnostics/local/lib/python3.10/dist-packages/diagnostic_common_diagnostics/hd_monitor.py'...
[9.652s] Compiling '/home/misys/f1tenth_ws/install/diagnostic_common_diagnostics/local/lib/python3.10/dist-packages/diagnostic_common_diagnostics/ntp_monitor.py'...
[9.653s] Compiling '/home/misys/f1tenth_ws/install/diagnostic_common_diagnostics/local/lib/python3.10/dist-packages/diagnostic_common_diagnostics/ram_monitor.py'...
[9.653s] Compiling '/home/misys/f1tenth_ws/install/diagnostic_common_diagnostics/local/lib/python3.10/dist-packages/diagnostic_common_diagnostics/sensors_monitor.py'...
[9.689s] -- Installing: /home/misys/f1tenth_ws/install/diagnostic_common_diagnostics/lib/diagnostic_common_diagnostics/cpu_monitor.py
[9.689s] -- Installing: /home/misys/f1tenth_ws/install/diagnostic_common_diagnostics/lib/diagnostic_common_diagnostics/ntp_monitor.py
[9.689s] -- Installing: /home/misys/f1tenth_ws/install/diagnostic_common_diagnostics/lib/diagnostic_common_diagnostics/ram_monitor.py
[9.689s] -- Installing: /home/misys/f1tenth_ws/install/diagnostic_common_diagnostics/lib/diagnostic_common_diagnostics/sensors_monitor.py
[9.689s] -- Installing: /home/misys/f1tenth_ws/install/diagnostic_common_diagnostics/lib/diagnostic_common_diagnostics/hd_monitor.py
[9.690s] -- Installing: /home/misys/f1tenth_ws/install/diagnostic_common_diagnostics/share/ament_index/resource_index/package_run_dependencies/diagnostic_common_diagnostics
[9.695s] -- Installing: /home/misys/f1tenth_ws/install/diagnostic_common_diagnostics/share/ament_index/resource_index/parent_prefix_path/diagnostic_common_diagnostics
[9.695s] -- Installing: /home/misys/f1tenth_ws/install/diagnostic_common_diagnostics/share/diagnostic_common_diagnostics/environment/ament_prefix_path.sh
[9.695s] -- Installing: /home/misys/f1tenth_ws/install/diagnostic_common_diagnostics/share/diagnostic_common_diagnostics/environment/ament_prefix_path.dsv
[9.703s] -- Installing: /home/misys/f1tenth_ws/install/diagnostic_common_diagnostics/share/diagnostic_common_diagnostics/environment/path.sh
[9.703s] -- Installing: /home/misys/f1tenth_ws/install/diagnostic_common_diagnostics/share/diagnostic_common_diagnostics/environment/path.dsv
[9.703s] -- Installing: /home/misys/f1tenth_ws/install/diagnostic_common_diagnostics/share/diagnostic_common_diagnostics/local_setup.bash
[9.703s] -- Installing: /home/misys/f1tenth_ws/install/diagnostic_common_diagnostics/share/diagnostic_common_diagnostics/local_setup.sh
[9.703s] -- Installing: /home/misys/f1tenth_ws/install/diagnostic_common_diagnostics/share/diagnostic_common_diagnostics/local_setup.zsh
[9.711s] -- Installing: /home/misys/f1tenth_ws/install/diagnostic_common_diagnostics/share/diagnostic_common_diagnostics/local_setup.dsv
[9.711s] -- Installing: /home/misys/f1tenth_ws/install/diagnostic_common_diagnostics/share/diagnostic_common_diagnostics/package.dsv
[9.711s] -- Installing: /home/misys/f1tenth_ws/install/diagnostic_common_diagnostics/share/ament_index/resource_index/packages/diagnostic_common_diagnostics
[9.711s] -- Installing: /home/misys/f1tenth_ws/install/diagnostic_common_diagnostics/share/diagnostic_common_diagnostics/cmake/diagnostic_common_diagnosticsConfig.cmake
[9.713s] -- Installing: /home/misys/f1tenth_ws/install/diagnostic_common_diagnostics/share/diagnostic_common_diagnostics/cmake/diagnostic_common_diagnosticsConfig-version.cmake
[9.714s] -- Installing: /home/misys/f1tenth_ws/install/diagnostic_common_diagnostics/share/diagnostic_common_diagnostics/package.xml
[9.735s] Invoked command in '/home/misys/f1tenth_ws/build/diagnostic_common_diagnostics' returned '0': AMENT_PREFIX_PATH=/home/misys/f1tenth_ws/install/diagnostic_updater:${AMENT_PREFIX_PATH} CMAKE_PREFIX_PATH=/home/misys/f1tenth_ws/install/diagnostic_updater:/opt/ros/humble LD_LIBRARY_PATH=/home/misys/f1tenth_ws/install/diagnostic_updater/lib:${LD_LIBRARY_PATH} PYTHONPATH=/home/misys/f1tenth_ws/install/diagnostic_updater/local/lib/python3.10/dist-packages:${PYTHONPATH} /usr/bin/cmake --install /home/misys/f1tenth_ws/build/diagnostic_common_diagnostics
