-- The C compiler identification is GNU 11.4.0
-- The CXX compiler identification is GNU 11.4.0
-- Detecting C compiler ABI info
-- Detecting C compiler ABI info - done
-- Check for working C compiler: /usr/bin/cc - skipped
-- Detecting C compile features
-- Detecting C compile features - done
-- Detecting CXX compiler ABI info
-- Detecting CXX compiler ABI info - done
-- Check for working CXX compiler: /usr/bin/c++ - skipped
-- Detecting CXX compile features
-- Detecting CXX compile features - done
-- Found ament_cmake: 1.3.12 (/opt/ros/humble/share/ament_cmake/cmake)
-- Found Python3: /usr/bin/python3 (found version "3.10.12") found components: Interpreter 
-- Found std_msgs: 4.9.0 (/opt/ros/humble/share/std_msgs/cmake)
-- Found rosidl_generator_c: 3.1.7 (/opt/ros/humble/share/rosidl_generator_c/cmake)
-- Found rosidl_adapter: 3.1.7 (/opt/ros/humble/share/rosidl_adapter/cmake)
-- Found rosidl_generator_cpp: 3.1.7 (/opt/ros/humble/share/rosidl_generator_cpp/cmake)
-- Using all available rosidl_typesupport_c: rosidl_typesupport_fastrtps_c;rosidl_typesupport_introspection_c
-- Using all available rosidl_typesupport_cpp: rosidl_typesupport_fastrtps_cpp;rosidl_typesupport_introspection_cpp
-- Found rosidl_default_generators: 1.2.0 (/opt/ros/humble/share/rosidl_default_generators/cmake)
-- Found ament_cmake_ros: 0.10.0 (/opt/ros/humble/share/ament_cmake_ros/cmake)
-- Using all available rosidl_typesupport_c: rosidl_typesupport_fastrtps_c;rosidl_typesupport_introspection_c
-- Using all available rosidl_typesupport_cpp: rosidl_typesupport_fastrtps_cpp;rosidl_typesupport_introspection_cpp
-- Found PythonInterp: /usr/bin/python3 (found suitable version "3.10.12", minimum required is "3.6") 
-- Found python_cmake_module: 0.10.0 (/opt/ros/humble/share/python_cmake_module/cmake)
-- Found PythonLibs: /usr/lib/x86_64-linux-gnu/libpython3.10.so (found suitable version "3.10.12", minimum required is "3.5") 
-- Using PYTHON_EXECUTABLE: /usr/bin/python3
-- Using PYTHON_INCLUDE_DIRS: /usr/include/python3.10
-- Using PYTHON_LIBRARIES: /usr/lib/x86_64-linux-gnu/libpython3.10.so
-- Found PythonExtra: .so  
-- Found ament_lint_auto: 0.12.14 (/opt/ros/humble/share/ament_lint_auto/cmake)
-- Added test 'copyright' to check source files copyright and LICENSE
-- Added test 'lint_cmake' to check CMake code style
-- Added test 'xmllint' to check XML markup files
-- Configuring done
-- Generating done
-- Build files have been written to: /home/misys/f1tenth_ws/build/udp_msgs
[  2%] Generating C code for ROS interfaces
[  4%] Generating C++ code for ROS interfaces
[  4%] Built target ament_cmake_python_copy_udp_msgs
running egg_info
creating udp_msgs.egg-info
writing udp_msgs.egg-info/PKG-INFO
writing dependency_links to udp_msgs.egg-info/dependency_links.txt
writing top-level names to udp_msgs.egg-info/top_level.txt
writing manifest file 'udp_msgs.egg-info/SOURCES.txt'
reading manifest file 'udp_msgs.egg-info/SOURCES.txt'
writing manifest file 'udp_msgs.egg-info/SOURCES.txt'
[  4%] Built target ament_cmake_python_build_udp_msgs_egg
[  6%] Building C object CMakeFiles/udp_msgs__rosidl_generator_c.dir/rosidl_generator_c/udp_msgs/srv/detail/udp_socket__functions.c.o
[  8%] Building C object CMakeFiles/udp_msgs__rosidl_generator_c.dir/rosidl_generator_c/udp_msgs/msg/detail/udp_packet__functions.c.o
[ 10%] Building C object CMakeFiles/udp_msgs__rosidl_generator_c.dir/rosidl_generator_c/udp_msgs/srv/detail/udp_send__functions.c.o
[ 12%] Linking C shared library libudp_msgs__rosidl_generator_c.so
[ 12%] Built target udp_msgs__cpp
[ 14%] Generating C++ introspection for ROS interfaces
[ 17%] Generating C++ type support dispatch for ROS interfaces
[ 19%] Generating C++ type support for eProsima Fast-RTPS
[ 19%] Built target udp_msgs__rosidl_generator_c
[ 21%] Generating C introspection for ROS interfaces
[ 23%] Generating C type support dispatch for ROS interfaces
[ 25%] Generating C type support for eProsima Fast-RTPS
[ 27%] Building CXX object CMakeFiles/udp_msgs__rosidl_typesupport_introspection_cpp.dir/rosidl_typesupport_introspection_cpp/udp_msgs/msg/detail/udp_packet__type_support.cpp.o
[ 29%] Building CXX object CMakeFiles/udp_msgs__rosidl_typesupport_introspection_cpp.dir/rosidl_typesupport_introspection_cpp/udp_msgs/srv/detail/udp_socket__type_support.cpp.o
[ 31%] Building CXX object CMakeFiles/udp_msgs__rosidl_typesupport_introspection_cpp.dir/rosidl_typesupport_introspection_cpp/udp_msgs/srv/detail/udp_send__type_support.cpp.o
[ 34%] Building CXX object CMakeFiles/udp_msgs__rosidl_typesupport_fastrtps_cpp.dir/rosidl_typesupport_fastrtps_cpp/udp_msgs/msg/detail/dds_fastrtps/udp_packet__type_support.cpp.o
[ 36%] Building CXX object CMakeFiles/udp_msgs__rosidl_typesupport_fastrtps_cpp.dir/rosidl_typesupport_fastrtps_cpp/udp_msgs/srv/detail/dds_fastrtps/udp_socket__type_support.cpp.o
[ 38%] Building CXX object CMakeFiles/udp_msgs__rosidl_typesupport_fastrtps_cpp.dir/rosidl_typesupport_fastrtps_cpp/udp_msgs/srv/detail/dds_fastrtps/udp_send__type_support.cpp.o
[ 40%] Building CXX object CMakeFiles/udp_msgs__rosidl_typesupport_cpp.dir/rosidl_typesupport_cpp/udp_msgs/msg/udp_packet__type_support.cpp.o
[ 42%] Building CXX object CMakeFiles/udp_msgs__rosidl_typesupport_cpp.dir/rosidl_typesupport_cpp/udp_msgs/srv/udp_socket__type_support.cpp.o
[ 44%] Building CXX object CMakeFiles/udp_msgs__rosidl_typesupport_cpp.dir/rosidl_typesupport_cpp/udp_msgs/srv/udp_send__type_support.cpp.o
[ 46%] Building CXX object CMakeFiles/udp_msgs__rosidl_typesupport_c.dir/rosidl_typesupport_c/udp_msgs/srv/udp_socket__type_support.cpp.o
[ 48%] Building CXX object CMakeFiles/udp_msgs__rosidl_typesupport_c.dir/rosidl_typesupport_c/udp_msgs/srv/udp_send__type_support.cpp.o
[ 51%] Building CXX object CMakeFiles/udp_msgs__rosidl_typesupport_c.dir/rosidl_typesupport_c/udp_msgs/msg/udp_packet__type_support.cpp.o
[ 53%] Building C object CMakeFiles/udp_msgs__rosidl_typesupport_introspection_c.dir/rosidl_typesupport_introspection_c/udp_msgs/srv/detail/udp_socket__type_support.c.o
[ 55%] Building C object CMakeFiles/udp_msgs__rosidl_typesupport_introspection_c.dir/rosidl_typesupport_introspection_c/udp_msgs/msg/detail/udp_packet__type_support.c.o
[ 57%] Building C object CMakeFiles/udp_msgs__rosidl_typesupport_introspection_c.dir/rosidl_typesupport_introspection_c/udp_msgs/srv/detail/udp_send__type_support.c.o
[ 61%] Building CXX object CMakeFiles/udp_msgs__rosidl_typesupport_fastrtps_c.dir/rosidl_typesupport_fastrtps_c/udp_msgs/msg/detail/udp_packet__type_support_c.cpp.o
[ 63%] Building CXX object CMakeFiles/udp_msgs__rosidl_typesupport_fastrtps_c.dir/rosidl_typesupport_fastrtps_c/udp_msgs/srv/detail/udp_socket__type_support_c.cpp.o
[ 63%] Building CXX object CMakeFiles/udp_msgs__rosidl_typesupport_fastrtps_c.dir/rosidl_typesupport_fastrtps_c/udp_msgs/srv/detail/udp_send__type_support_c.cpp.o
[ 65%] Linking CXX shared library libudp_msgs__rosidl_typesupport_c.so
[ 68%] Linking C shared library libudp_msgs__rosidl_typesupport_introspection_c.so
[ 68%] Built target udp_msgs__rosidl_typesupport_introspection_c
[ 68%] Built target udp_msgs__rosidl_typesupport_c
[ 70%] Linking CXX shared library libudp_msgs__rosidl_typesupport_cpp.so
[ 70%] Built target udp_msgs__rosidl_typesupport_cpp
[ 72%] Linking CXX shared library libudp_msgs__rosidl_typesupport_fastrtps_c.so
[ 74%] Linking CXX shared library libudp_msgs__rosidl_typesupport_introspection_cpp.so
[ 74%] Built target udp_msgs__rosidl_typesupport_fastrtps_c
[ 76%] Linking CXX shared library libudp_msgs__rosidl_typesupport_fastrtps_cpp.so
[ 76%] Built target udp_msgs__rosidl_typesupport_introspection_cpp
[ 76%] Built target udp_msgs__rosidl_typesupport_fastrtps_cpp
[ 76%] Built target udp_msgs
[ 78%] Generating Python code for ROS interfaces
[ 78%] Built target udp_msgs__py
[ 80%] Building C object CMakeFiles/udp_msgs__rosidl_generator_py.dir/rosidl_generator_py/udp_msgs/msg/_udp_packet_s.c.o
[ 82%] Building C object CMakeFiles/udp_msgs__rosidl_generator_py.dir/rosidl_generator_py/udp_msgs/srv/_udp_send_s.c.o
[ 85%] Building C object CMakeFiles/udp_msgs__rosidl_generator_py.dir/rosidl_generator_py/udp_msgs/srv/_udp_socket_s.c.o
[ 87%] Linking C shared library rosidl_generator_py/udp_msgs/libudp_msgs__rosidl_generator_py.so
[ 87%] Built target udp_msgs__rosidl_generator_py
[ 89%] Building C object CMakeFiles/udp_msgs__rosidl_typesupport_fastrtps_c__pyext.dir/rosidl_generator_py/udp_msgs/_udp_msgs_s.ep.rosidl_typesupport_fastrtps_c.c.o
[ 91%] Building C object CMakeFiles/udp_msgs__rosidl_typesupport_introspection_c__pyext.dir/rosidl_generator_py/udp_msgs/_udp_msgs_s.ep.rosidl_typesupport_introspection_c.c.o
[ 93%] Building C object CMakeFiles/udp_msgs__rosidl_typesupport_c__pyext.dir/rosidl_generator_py/udp_msgs/_udp_msgs_s.ep.rosidl_typesupport_c.c.o
[ 95%] Linking C shared library rosidl_generator_py/udp_msgs/udp_msgs_s__rosidl_typesupport_fastrtps_c.cpython-310-x86_64-linux-gnu.so
[ 97%] Linking C shared library rosidl_generator_py/udp_msgs/udp_msgs_s__rosidl_typesupport_introspection_c.cpython-310-x86_64-linux-gnu.so
[ 97%] Built target udp_msgs__rosidl_typesupport_fastrtps_c__pyext
[ 97%] Built target udp_msgs__rosidl_typesupport_introspection_c__pyext
[100%] Linking C shared library rosidl_generator_py/udp_msgs/udp_msgs_s__rosidl_typesupport_c.cpython-310-x86_64-linux-gnu.so
[100%] Built target udp_msgs__rosidl_typesupport_c__pyext
-- Install configuration: ""
-- Installing: /home/misys/f1tenth_ws/install/udp_msgs/share/ament_index/resource_index/rosidl_interfaces/udp_msgs
-- Installing: /home/misys/f1tenth_ws/install/udp_msgs/include/udp_msgs/udp_msgs
-- Installing: /home/misys/f1tenth_ws/install/udp_msgs/include/udp_msgs/udp_msgs/msg
-- Installing: /home/misys/f1tenth_ws/install/udp_msgs/include/udp_msgs/udp_msgs/msg/udp_packet.h
-- Installing: /home/misys/f1tenth_ws/install/udp_msgs/include/udp_msgs/udp_msgs/msg/detail
-- Installing: /home/misys/f1tenth_ws/install/udp_msgs/include/udp_msgs/udp_msgs/msg/detail/udp_packet__type_support.h
-- Installing: /home/misys/f1tenth_ws/install/udp_msgs/include/udp_msgs/udp_msgs/msg/detail/udp_packet__struct.h
-- Installing: /home/misys/f1tenth_ws/install/udp_msgs/include/udp_msgs/udp_msgs/msg/detail/udp_packet__functions.h
-- Installing: /home/misys/f1tenth_ws/install/udp_msgs/include/udp_msgs/udp_msgs/msg/detail/udp_packet__functions.c
-- Installing: /home/misys/f1tenth_ws/install/udp_msgs/include/udp_msgs/udp_msgs/msg/rosidl_generator_c__visibility_control.h
-- Installing: /home/misys/f1tenth_ws/install/udp_msgs/include/udp_msgs/udp_msgs/srv
-- Installing: /home/misys/f1tenth_ws/install/udp_msgs/include/udp_msgs/udp_msgs/srv/udp_socket.h
-- Installing: /home/misys/f1tenth_ws/install/udp_msgs/include/udp_msgs/udp_msgs/srv/detail
-- Installing: /home/misys/f1tenth_ws/install/udp_msgs/include/udp_msgs/udp_msgs/srv/detail/udp_send__functions.c
-- Installing: /home/misys/f1tenth_ws/install/udp_msgs/include/udp_msgs/udp_msgs/srv/detail/udp_send__functions.h
-- Installing: /home/misys/f1tenth_ws/install/udp_msgs/include/udp_msgs/udp_msgs/srv/detail/udp_socket__functions.h
-- Installing: /home/misys/f1tenth_ws/install/udp_msgs/include/udp_msgs/udp_msgs/srv/detail/udp_socket__struct.h
-- Installing: /home/misys/f1tenth_ws/install/udp_msgs/include/udp_msgs/udp_msgs/srv/detail/udp_send__type_support.h
-- Installing: /home/misys/f1tenth_ws/install/udp_msgs/include/udp_msgs/udp_msgs/srv/detail/udp_send__struct.h
-- Installing: /home/misys/f1tenth_ws/install/udp_msgs/include/udp_msgs/udp_msgs/srv/detail/udp_socket__functions.c
-- Installing: /home/misys/f1tenth_ws/install/udp_msgs/include/udp_msgs/udp_msgs/srv/detail/udp_socket__type_support.h
-- Installing: /home/misys/f1tenth_ws/install/udp_msgs/include/udp_msgs/udp_msgs/srv/udp_send.h
-- Installing: /home/misys/f1tenth_ws/install/udp_msgs/share/udp_msgs/environment/library_path.sh
-- Installing: /home/misys/f1tenth_ws/install/udp_msgs/share/udp_msgs/environment/library_path.dsv
-- Installing: /home/misys/f1tenth_ws/install/udp_msgs/lib/libudp_msgs__rosidl_generator_c.so
-- Set runtime path of "/home/misys/f1tenth_ws/install/udp_msgs/lib/libudp_msgs__rosidl_generator_c.so" to ""
-- Up-to-date: /home/misys/f1tenth_ws/install/udp_msgs/include/udp_msgs/udp_msgs
-- Up-to-date: /home/misys/f1tenth_ws/install/udp_msgs/include/udp_msgs/udp_msgs/msg
-- Installing: /home/misys/f1tenth_ws/install/udp_msgs/include/udp_msgs/udp_msgs/msg/rosidl_typesupport_fastrtps_c__visibility_control.h
-- Up-to-date: /home/misys/f1tenth_ws/install/udp_msgs/include/udp_msgs/udp_msgs/msg/detail
-- Installing: /home/misys/f1tenth_ws/install/udp_msgs/include/udp_msgs/udp_msgs/msg/detail/udp_packet__rosidl_typesupport_fastrtps_c.h
-- Up-to-date: /home/misys/f1tenth_ws/install/udp_msgs/include/udp_msgs/udp_msgs/srv
-- Up-to-date: /home/misys/f1tenth_ws/install/udp_msgs/include/udp_msgs/udp_msgs/srv/detail
-- Installing: /home/misys/f1tenth_ws/install/udp_msgs/include/udp_msgs/udp_msgs/srv/detail/udp_send__rosidl_typesupport_fastrtps_c.h
-- Installing: /home/misys/f1tenth_ws/install/udp_msgs/include/udp_msgs/udp_msgs/srv/detail/udp_socket__rosidl_typesupport_fastrtps_c.h
-- Installing: /home/misys/f1tenth_ws/install/udp_msgs/lib/libudp_msgs__rosidl_typesupport_fastrtps_c.so
-- Set runtime path of "/home/misys/f1tenth_ws/install/udp_msgs/lib/libudp_msgs__rosidl_typesupport_fastrtps_c.so" to ""
-- Up-to-date: /home/misys/f1tenth_ws/install/udp_msgs/include/udp_msgs/udp_msgs
-- Up-to-date: /home/misys/f1tenth_ws/install/udp_msgs/include/udp_msgs/udp_msgs/msg
-- Installing: /home/misys/f1tenth_ws/install/udp_msgs/include/udp_msgs/udp_msgs/msg/rosidl_generator_cpp__visibility_control.hpp
-- Installing: /home/misys/f1tenth_ws/install/udp_msgs/include/udp_msgs/udp_msgs/msg/udp_packet.hpp
-- Up-to-date: /home/misys/f1tenth_ws/install/udp_msgs/include/udp_msgs/udp_msgs/msg/detail
-- Installing: /home/misys/f1tenth_ws/install/udp_msgs/include/udp_msgs/udp_msgs/msg/detail/udp_packet__struct.hpp
-- Installing: /home/misys/f1tenth_ws/install/udp_msgs/include/udp_msgs/udp_msgs/msg/detail/udp_packet__builder.hpp
-- Installing: /home/misys/f1tenth_ws/install/udp_msgs/include/udp_msgs/udp_msgs/msg/detail/udp_packet__type_support.hpp
-- Installing: /home/misys/f1tenth_ws/install/udp_msgs/include/udp_msgs/udp_msgs/msg/detail/udp_packet__traits.hpp
-- Up-to-date: /home/misys/f1tenth_ws/install/udp_msgs/include/udp_msgs/udp_msgs/srv
-- Installing: /home/misys/f1tenth_ws/install/udp_msgs/include/udp_msgs/udp_msgs/srv/udp_send.hpp
-- Up-to-date: /home/misys/f1tenth_ws/install/udp_msgs/include/udp_msgs/udp_msgs/srv/detail
-- Installing: /home/misys/f1tenth_ws/install/udp_msgs/include/udp_msgs/udp_msgs/srv/detail/udp_send__traits.hpp
-- Installing: /home/misys/f1tenth_ws/install/udp_msgs/include/udp_msgs/udp_msgs/srv/detail/udp_send__struct.hpp
-- Installing: /home/misys/f1tenth_ws/install/udp_msgs/include/udp_msgs/udp_msgs/srv/detail/udp_send__type_support.hpp
-- Installing: /home/misys/f1tenth_ws/install/udp_msgs/include/udp_msgs/udp_msgs/srv/detail/udp_socket__struct.hpp
-- Installing: /home/misys/f1tenth_ws/install/udp_msgs/include/udp_msgs/udp_msgs/srv/detail/udp_socket__traits.hpp
-- Installing: /home/misys/f1tenth_ws/install/udp_msgs/include/udp_msgs/udp_msgs/srv/detail/udp_socket__builder.hpp
-- Installing: /home/misys/f1tenth_ws/install/udp_msgs/include/udp_msgs/udp_msgs/srv/detail/udp_send__builder.hpp
-- Installing: /home/misys/f1tenth_ws/install/udp_msgs/include/udp_msgs/udp_msgs/srv/detail/udp_socket__type_support.hpp
-- Installing: /home/misys/f1tenth_ws/install/udp_msgs/include/udp_msgs/udp_msgs/srv/udp_socket.hpp
-- Up-to-date: /home/misys/f1tenth_ws/install/udp_msgs/include/udp_msgs/udp_msgs
-- Up-to-date: /home/misys/f1tenth_ws/install/udp_msgs/include/udp_msgs/udp_msgs/msg
-- Installing: /home/misys/f1tenth_ws/install/udp_msgs/include/udp_msgs/udp_msgs/msg/rosidl_typesupport_fastrtps_cpp__visibility_control.h
-- Up-to-date: /home/misys/f1tenth_ws/install/udp_msgs/include/udp_msgs/udp_msgs/msg/detail
-- Installing: /home/misys/f1tenth_ws/install/udp_msgs/include/udp_msgs/udp_msgs/msg/detail/udp_packet__rosidl_typesupport_fastrtps_cpp.hpp
-- Installing: /home/misys/f1tenth_ws/install/udp_msgs/include/udp_msgs/udp_msgs/msg/detail/dds_fastrtps
-- Up-to-date: /home/misys/f1tenth_ws/install/udp_msgs/include/udp_msgs/udp_msgs/srv
-- Up-to-date: /home/misys/f1tenth_ws/install/udp_msgs/include/udp_msgs/udp_msgs/srv/detail
-- Installing: /home/misys/f1tenth_ws/install/udp_msgs/include/udp_msgs/udp_msgs/srv/detail/dds_fastrtps
-- Installing: /home/misys/f1tenth_ws/install/udp_msgs/include/udp_msgs/udp_msgs/srv/detail/udp_send__rosidl_typesupport_fastrtps_cpp.hpp
-- Installing: /home/misys/f1tenth_ws/install/udp_msgs/include/udp_msgs/udp_msgs/srv/detail/udp_socket__rosidl_typesupport_fastrtps_cpp.hpp
-- Installing: /home/misys/f1tenth_ws/install/udp_msgs/lib/libudp_msgs__rosidl_typesupport_fastrtps_cpp.so
-- Set runtime path of "/home/misys/f1tenth_ws/install/udp_msgs/lib/libudp_msgs__rosidl_typesupport_fastrtps_cpp.so" to ""
-- Up-to-date: /home/misys/f1tenth_ws/install/udp_msgs/include/udp_msgs/udp_msgs
-- Up-to-date: /home/misys/f1tenth_ws/install/udp_msgs/include/udp_msgs/udp_msgs/msg
-- Installing: /home/misys/f1tenth_ws/install/udp_msgs/include/udp_msgs/udp_msgs/msg/rosidl_typesupport_introspection_c__visibility_control.h
-- Up-to-date: /home/misys/f1tenth_ws/install/udp_msgs/include/udp_msgs/udp_msgs/msg/detail
-- Installing: /home/misys/f1tenth_ws/install/udp_msgs/include/udp_msgs/udp_msgs/msg/detail/udp_packet__type_support.c
-- Installing: /home/misys/f1tenth_ws/install/udp_msgs/include/udp_msgs/udp_msgs/msg/detail/udp_packet__rosidl_typesupport_introspection_c.h
-- Up-to-date: /home/misys/f1tenth_ws/install/udp_msgs/include/udp_msgs/udp_msgs/srv
-- Up-to-date: /home/misys/f1tenth_ws/install/udp_msgs/include/udp_msgs/udp_msgs/srv/detail
-- Installing: /home/misys/f1tenth_ws/install/udp_msgs/include/udp_msgs/udp_msgs/srv/detail/udp_socket__rosidl_typesupport_introspection_c.h
-- Installing: /home/misys/f1tenth_ws/install/udp_msgs/include/udp_msgs/udp_msgs/srv/detail/udp_socket__type_support.c
-- Installing: /home/misys/f1tenth_ws/install/udp_msgs/include/udp_msgs/udp_msgs/srv/detail/udp_send__type_support.c
-- Installing: /home/misys/f1tenth_ws/install/udp_msgs/include/udp_msgs/udp_msgs/srv/detail/udp_send__rosidl_typesupport_introspection_c.h
-- Installing: /home/misys/f1tenth_ws/install/udp_msgs/lib/libudp_msgs__rosidl_typesupport_introspection_c.so
-- Set runtime path of "/home/misys/f1tenth_ws/install/udp_msgs/lib/libudp_msgs__rosidl_typesupport_introspection_c.so" to ""
-- Installing: /home/misys/f1tenth_ws/install/udp_msgs/lib/libudp_msgs__rosidl_typesupport_c.so
-- Set runtime path of "/home/misys/f1tenth_ws/install/udp_msgs/lib/libudp_msgs__rosidl_typesupport_c.so" to ""
-- Up-to-date: /home/misys/f1tenth_ws/install/udp_msgs/include/udp_msgs/udp_msgs
-- Up-to-date: /home/misys/f1tenth_ws/install/udp_msgs/include/udp_msgs/udp_msgs/msg
-- Up-to-date: /home/misys/f1tenth_ws/install/udp_msgs/include/udp_msgs/udp_msgs/msg/detail
-- Installing: /home/misys/f1tenth_ws/install/udp_msgs/include/udp_msgs/udp_msgs/msg/detail/udp_packet__type_support.cpp
-- Installing: /home/misys/f1tenth_ws/install/udp_msgs/include/udp_msgs/udp_msgs/msg/detail/udp_packet__rosidl_typesupport_introspection_cpp.hpp
-- Up-to-date: /home/misys/f1tenth_ws/install/udp_msgs/include/udp_msgs/udp_msgs/srv
-- Up-to-date: /home/misys/f1tenth_ws/install/udp_msgs/include/udp_msgs/udp_msgs/srv/detail
-- Installing: /home/misys/f1tenth_ws/install/udp_msgs/include/udp_msgs/udp_msgs/srv/detail/udp_socket__type_support.cpp
-- Installing: /home/misys/f1tenth_ws/install/udp_msgs/include/udp_msgs/udp_msgs/srv/detail/udp_socket__rosidl_typesupport_introspection_cpp.hpp
-- Installing: /home/misys/f1tenth_ws/install/udp_msgs/include/udp_msgs/udp_msgs/srv/detail/udp_send__type_support.cpp
-- Installing: /home/misys/f1tenth_ws/install/udp_msgs/include/udp_msgs/udp_msgs/srv/detail/udp_send__rosidl_typesupport_introspection_cpp.hpp
-- Installing: /home/misys/f1tenth_ws/install/udp_msgs/lib/libudp_msgs__rosidl_typesupport_introspection_cpp.so
-- Set runtime path of "/home/misys/f1tenth_ws/install/udp_msgs/lib/libudp_msgs__rosidl_typesupport_introspection_cpp.so" to ""
-- Installing: /home/misys/f1tenth_ws/install/udp_msgs/lib/libudp_msgs__rosidl_typesupport_cpp.so
-- Set runtime path of "/home/misys/f1tenth_ws/install/udp_msgs/lib/libudp_msgs__rosidl_typesupport_cpp.so" to ""
-- Installing: /home/misys/f1tenth_ws/install/udp_msgs/share/udp_msgs/environment/pythonpath.sh
-- Installing: /home/misys/f1tenth_ws/install/udp_msgs/share/udp_msgs/environment/pythonpath.dsv
-- Installing: /home/misys/f1tenth_ws/install/udp_msgs/local/lib/python3.10/dist-packages/udp_msgs-0.0.5-py3.10.egg-info
-- Installing: /home/misys/f1tenth_ws/install/udp_msgs/local/lib/python3.10/dist-packages/udp_msgs-0.0.5-py3.10.egg-info/top_level.txt
-- Installing: /home/misys/f1tenth_ws/install/udp_msgs/local/lib/python3.10/dist-packages/udp_msgs-0.0.5-py3.10.egg-info/PKG-INFO
-- Installing: /home/misys/f1tenth_ws/install/udp_msgs/local/lib/python3.10/dist-packages/udp_msgs-0.0.5-py3.10.egg-info/SOURCES.txt
-- Installing: /home/misys/f1tenth_ws/install/udp_msgs/local/lib/python3.10/dist-packages/udp_msgs-0.0.5-py3.10.egg-info/dependency_links.txt
-- Installing: /home/misys/f1tenth_ws/install/udp_msgs/local/lib/python3.10/dist-packages/udp_msgs
-- Installing: /home/misys/f1tenth_ws/install/udp_msgs/local/lib/python3.10/dist-packages/udp_msgs/_udp_msgs_s.ep.rosidl_typesupport_fastrtps_c.c
-- Installing: /home/misys/f1tenth_ws/install/udp_msgs/local/lib/python3.10/dist-packages/udp_msgs/udp_msgs_s__rosidl_typesupport_c.cpython-310-x86_64-linux-gnu.so
-- Installing: /home/misys/f1tenth_ws/install/udp_msgs/local/lib/python3.10/dist-packages/udp_msgs/msg
-- Installing: /home/misys/f1tenth_ws/install/udp_msgs/local/lib/python3.10/dist-packages/udp_msgs/msg/__init__.py
-- Installing: /home/misys/f1tenth_ws/install/udp_msgs/local/lib/python3.10/dist-packages/udp_msgs/msg/_udp_packet.py
-- Installing: /home/misys/f1tenth_ws/install/udp_msgs/local/lib/python3.10/dist-packages/udp_msgs/msg/_udp_packet_s.c
-- Installing: /home/misys/f1tenth_ws/install/udp_msgs/local/lib/python3.10/dist-packages/udp_msgs/udp_msgs_s__rosidl_typesupport_introspection_c.cpython-310-x86_64-linux-gnu.so
-- Installing: /home/misys/f1tenth_ws/install/udp_msgs/local/lib/python3.10/dist-packages/udp_msgs/_udp_msgs_s.ep.rosidl_typesupport_c.c
-- Installing: /home/misys/f1tenth_ws/install/udp_msgs/local/lib/python3.10/dist-packages/udp_msgs/libudp_msgs__rosidl_generator_py.so
-- Installing: /home/misys/f1tenth_ws/install/udp_msgs/local/lib/python3.10/dist-packages/udp_msgs/__init__.py
-- Installing: /home/misys/f1tenth_ws/install/udp_msgs/local/lib/python3.10/dist-packages/udp_msgs/_udp_msgs_s.ep.rosidl_typesupport_introspection_c.c
-- Installing: /home/misys/f1tenth_ws/install/udp_msgs/local/lib/python3.10/dist-packages/udp_msgs/srv
-- Installing: /home/misys/f1tenth_ws/install/udp_msgs/local/lib/python3.10/dist-packages/udp_msgs/srv/_udp_send.py
-- Installing: /home/misys/f1tenth_ws/install/udp_msgs/local/lib/python3.10/dist-packages/udp_msgs/srv/_udp_socket_s.c
-- Installing: /home/misys/f1tenth_ws/install/udp_msgs/local/lib/python3.10/dist-packages/udp_msgs/srv/__init__.py
-- Installing: /home/misys/f1tenth_ws/install/udp_msgs/local/lib/python3.10/dist-packages/udp_msgs/srv/_udp_socket.py
-- Installing: /home/misys/f1tenth_ws/install/udp_msgs/local/lib/python3.10/dist-packages/udp_msgs/srv/_udp_send_s.c
-- Installing: /home/misys/f1tenth_ws/install/udp_msgs/local/lib/python3.10/dist-packages/udp_msgs/udp_msgs_s__rosidl_typesupport_fastrtps_c.cpython-310-x86_64-linux-gnu.so
Listing '/home/misys/f1tenth_ws/install/udp_msgs/local/lib/python3.10/dist-packages/udp_msgs'...
Compiling '/home/misys/f1tenth_ws/install/udp_msgs/local/lib/python3.10/dist-packages/udp_msgs/__init__.py'...
Listing '/home/misys/f1tenth_ws/install/udp_msgs/local/lib/python3.10/dist-packages/udp_msgs/msg'...
Compiling '/home/misys/f1tenth_ws/install/udp_msgs/local/lib/python3.10/dist-packages/udp_msgs/msg/__init__.py'...
Compiling '/home/misys/f1tenth_ws/install/udp_msgs/local/lib/python3.10/dist-packages/udp_msgs/msg/_udp_packet.py'...
Listing '/home/misys/f1tenth_ws/install/udp_msgs/local/lib/python3.10/dist-packages/udp_msgs/srv'...
Compiling '/home/misys/f1tenth_ws/install/udp_msgs/local/lib/python3.10/dist-packages/udp_msgs/srv/__init__.py'...
Compiling '/home/misys/f1tenth_ws/install/udp_msgs/local/lib/python3.10/dist-packages/udp_msgs/srv/_udp_send.py'...
Compiling '/home/misys/f1tenth_ws/install/udp_msgs/local/lib/python3.10/dist-packages/udp_msgs/srv/_udp_socket.py'...
-- Installing: /home/misys/f1tenth_ws/install/udp_msgs/local/lib/python3.10/dist-packages/udp_msgs/udp_msgs_s__rosidl_typesupport_fastrtps_c.cpython-310-x86_64-linux-gnu.so
-- Set runtime path of "/home/misys/f1tenth_ws/install/udp_msgs/local/lib/python3.10/dist-packages/udp_msgs/udp_msgs_s__rosidl_typesupport_fastrtps_c.cpython-310-x86_64-linux-gnu.so" to ""
-- Installing: /home/misys/f1tenth_ws/install/udp_msgs/local/lib/python3.10/dist-packages/udp_msgs/udp_msgs_s__rosidl_typesupport_introspection_c.cpython-310-x86_64-linux-gnu.so
-- Set runtime path of "/home/misys/f1tenth_ws/install/udp_msgs/local/lib/python3.10/dist-packages/udp_msgs/udp_msgs_s__rosidl_typesupport_introspection_c.cpython-310-x86_64-linux-gnu.so" to ""
-- Installing: /home/misys/f1tenth_ws/install/udp_msgs/local/lib/python3.10/dist-packages/udp_msgs/udp_msgs_s__rosidl_typesupport_c.cpython-310-x86_64-linux-gnu.so
-- Set runtime path of "/home/misys/f1tenth_ws/install/udp_msgs/local/lib/python3.10/dist-packages/udp_msgs/udp_msgs_s__rosidl_typesupport_c.cpython-310-x86_64-linux-gnu.so" to ""
-- Installing: /home/misys/f1tenth_ws/install/udp_msgs/lib/libudp_msgs__rosidl_generator_py.so
-- Set runtime path of "/home/misys/f1tenth_ws/install/udp_msgs/lib/libudp_msgs__rosidl_generator_py.so" to ""
-- Installing: /home/misys/f1tenth_ws/install/udp_msgs/share/udp_msgs/msg/UdpPacket.idl
-- Installing: /home/misys/f1tenth_ws/install/udp_msgs/share/udp_msgs/srv/UdpSend.idl
-- Installing: /home/misys/f1tenth_ws/install/udp_msgs/share/udp_msgs/srv/UdpSocket.idl
-- Installing: /home/misys/f1tenth_ws/install/udp_msgs/share/udp_msgs/msg/UdpPacket.msg
-- Installing: /home/misys/f1tenth_ws/install/udp_msgs/share/udp_msgs/srv/UdpSend.srv
-- Installing: /home/misys/f1tenth_ws/install/udp_msgs/share/udp_msgs/srv/UdpSend_Request.msg
-- Installing: /home/misys/f1tenth_ws/install/udp_msgs/share/udp_msgs/srv/UdpSend_Response.msg
-- Installing: /home/misys/f1tenth_ws/install/udp_msgs/share/udp_msgs/srv/UdpSocket.srv
-- Installing: /home/misys/f1tenth_ws/install/udp_msgs/share/udp_msgs/srv/UdpSocket_Request.msg
-- Installing: /home/misys/f1tenth_ws/install/udp_msgs/share/udp_msgs/srv/UdpSocket_Response.msg
-- Installing: /home/misys/f1tenth_ws/install/udp_msgs/share/ament_index/resource_index/package_run_dependencies/udp_msgs
-- Installing: /home/misys/f1tenth_ws/install/udp_msgs/share/ament_index/resource_index/parent_prefix_path/udp_msgs
-- Installing: /home/misys/f1tenth_ws/install/udp_msgs/share/udp_msgs/environment/ament_prefix_path.sh
-- Installing: /home/misys/f1tenth_ws/install/udp_msgs/share/udp_msgs/environment/ament_prefix_path.dsv
-- Installing: /home/misys/f1tenth_ws/install/udp_msgs/share/udp_msgs/environment/path.sh
-- Installing: /home/misys/f1tenth_ws/install/udp_msgs/share/udp_msgs/environment/path.dsv
-- Installing: /home/misys/f1tenth_ws/install/udp_msgs/share/udp_msgs/local_setup.bash
-- Installing: /home/misys/f1tenth_ws/install/udp_msgs/share/udp_msgs/local_setup.sh
-- Installing: /home/misys/f1tenth_ws/install/udp_msgs/share/udp_msgs/local_setup.zsh
-- Installing: /home/misys/f1tenth_ws/install/udp_msgs/share/udp_msgs/local_setup.dsv
-- Installing: /home/misys/f1tenth_ws/install/udp_msgs/share/udp_msgs/package.dsv
-- Installing: /home/misys/f1tenth_ws/install/udp_msgs/share/ament_index/resource_index/packages/udp_msgs
-- Installing: /home/misys/f1tenth_ws/install/udp_msgs/share/udp_msgs/cmake/export_udp_msgs__rosidl_generator_cExport.cmake
-- Installing: /home/misys/f1tenth_ws/install/udp_msgs/share/udp_msgs/cmake/export_udp_msgs__rosidl_generator_cExport-noconfig.cmake
-- Installing: /home/misys/f1tenth_ws/install/udp_msgs/share/udp_msgs/cmake/export_udp_msgs__rosidl_typesupport_fastrtps_cExport.cmake
-- Installing: /home/misys/f1tenth_ws/install/udp_msgs/share/udp_msgs/cmake/export_udp_msgs__rosidl_typesupport_fastrtps_cExport-noconfig.cmake
-- Installing: /home/misys/f1tenth_ws/install/udp_msgs/share/udp_msgs/cmake/export_udp_msgs__rosidl_generator_cppExport.cmake
-- Installing: /home/misys/f1tenth_ws/install/udp_msgs/share/udp_msgs/cmake/export_udp_msgs__rosidl_typesupport_fastrtps_cppExport.cmake
-- Installing: /home/misys/f1tenth_ws/install/udp_msgs/share/udp_msgs/cmake/export_udp_msgs__rosidl_typesupport_fastrtps_cppExport-noconfig.cmake
-- Installing: /home/misys/f1tenth_ws/install/udp_msgs/share/udp_msgs/cmake/udp_msgs__rosidl_typesupport_introspection_cExport.cmake
-- Installing: /home/misys/f1tenth_ws/install/udp_msgs/share/udp_msgs/cmake/udp_msgs__rosidl_typesupport_introspection_cExport-noconfig.cmake
-- Installing: /home/misys/f1tenth_ws/install/udp_msgs/share/udp_msgs/cmake/udp_msgs__rosidl_typesupport_cExport.cmake
-- Installing: /home/misys/f1tenth_ws/install/udp_msgs/share/udp_msgs/cmake/udp_msgs__rosidl_typesupport_cExport-noconfig.cmake
-- Installing: /home/misys/f1tenth_ws/install/udp_msgs/share/udp_msgs/cmake/udp_msgs__rosidl_typesupport_introspection_cppExport.cmake
-- Installing: /home/misys/f1tenth_ws/install/udp_msgs/share/udp_msgs/cmake/udp_msgs__rosidl_typesupport_introspection_cppExport-noconfig.cmake
-- Installing: /home/misys/f1tenth_ws/install/udp_msgs/share/udp_msgs/cmake/udp_msgs__rosidl_typesupport_cppExport.cmake
-- Installing: /home/misys/f1tenth_ws/install/udp_msgs/share/udp_msgs/cmake/udp_msgs__rosidl_typesupport_cppExport-noconfig.cmake
-- Installing: /home/misys/f1tenth_ws/install/udp_msgs/share/udp_msgs/cmake/export_udp_msgs__rosidl_generator_pyExport.cmake
-- Installing: /home/misys/f1tenth_ws/install/udp_msgs/share/udp_msgs/cmake/export_udp_msgs__rosidl_generator_pyExport-noconfig.cmake
-- Installing: /home/misys/f1tenth_ws/install/udp_msgs/share/udp_msgs/cmake/rosidl_cmake-extras.cmake
-- Installing: /home/misys/f1tenth_ws/install/udp_msgs/share/udp_msgs/cmake/ament_cmake_export_dependencies-extras.cmake
-- Installing: /home/misys/f1tenth_ws/install/udp_msgs/share/udp_msgs/cmake/ament_cmake_export_include_directories-extras.cmake
-- Installing: /home/misys/f1tenth_ws/install/udp_msgs/share/udp_msgs/cmake/ament_cmake_export_libraries-extras.cmake
-- Installing: /home/misys/f1tenth_ws/install/udp_msgs/share/udp_msgs/cmake/ament_cmake_export_targets-extras.cmake
-- Installing: /home/misys/f1tenth_ws/install/udp_msgs/share/udp_msgs/cmake/rosidl_cmake_export_typesupport_targets-extras.cmake
-- Installing: /home/misys/f1tenth_ws/install/udp_msgs/share/udp_msgs/cmake/rosidl_cmake_export_typesupport_libraries-extras.cmake
-- Installing: /home/misys/f1tenth_ws/install/udp_msgs/share/udp_msgs/cmake/udp_msgsConfig.cmake
-- Installing: /home/misys/f1tenth_ws/install/udp_msgs/share/udp_msgs/cmake/udp_msgsConfig-version.cmake
-- Installing: /home/misys/f1tenth_ws/install/udp_msgs/share/udp_msgs/package.xml
