[0.079s] Invoking command in '/home/misys/f1tenth_ws/build/udp_msgs': CMAKE_PREFIX_PATH=/opt/ros/humble /usr/bin/cmake /home/misys/f1tenth_ws/src/udp_msgs -DCMAKE_INSTALL_PREFIX=/home/misys/f1tenth_ws/install/udp_msgs
[2.696s] -- The C compiler identification is GNU 11.4.0
[2.697s] -- The CXX compiler identification is GNU 11.4.0
[2.697s] -- Detecting C compiler ABI info
[2.697s] -- Detecting C compiler ABI info - done
[2.697s] -- Check for working C compiler: /usr/bin/cc - skipped
[2.697s] -- Detecting C compile features
[2.697s] -- Detecting C compile features - done
[2.697s] -- Detecting CXX compiler ABI info
[2.697s] -- Detecting CXX compiler ABI info - done
[2.698s] -- Check for working CXX compiler: /usr/bin/c++ - skipped
[2.698s] -- Detecting CXX compile features
[2.698s] -- Detecting CXX compile features - done
[2.698s] -- Found ament_cmake: 1.3.12 (/opt/ros/humble/share/ament_cmake/cmake)
[2.698s] -- Found Python3: /usr/bin/python3 (found version "3.10.12") found components: Interpreter 
[2.698s] -- Found std_msgs: 4.9.0 (/opt/ros/humble/share/std_msgs/cmake)
[2.698s] -- Found rosidl_generator_c: 3.1.7 (/opt/ros/humble/share/rosidl_generator_c/cmake)
[2.698s] -- Found rosidl_adapter: 3.1.7 (/opt/ros/humble/share/rosidl_adapter/cmake)
[2.698s] -- Found rosidl_generator_cpp: 3.1.7 (/opt/ros/humble/share/rosidl_generator_cpp/cmake)
[2.699s] -- Using all available rosidl_typesupport_c: rosidl_typesupport_fastrtps_c;rosidl_typesupport_introspection_c
[2.699s] -- Using all available rosidl_typesupport_cpp: rosidl_typesupport_fastrtps_cpp;rosidl_typesupport_introspection_cpp
[2.699s] -- Found rosidl_default_generators: 1.2.0 (/opt/ros/humble/share/rosidl_default_generators/cmake)
[2.699s] -- Found ament_cmake_ros: 0.10.0 (/opt/ros/humble/share/ament_cmake_ros/cmake)
[3.089s] -- Using all available rosidl_typesupport_c: rosidl_typesupport_fastrtps_c;rosidl_typesupport_introspection_c
[3.478s] -- Using all available rosidl_typesupport_cpp: rosidl_typesupport_fastrtps_cpp;rosidl_typesupport_introspection_cpp
[3.542s] -- Found PythonInterp: /usr/bin/python3 (found suitable version "3.10.12", minimum required is "3.6") 
[3.543s] -- Found python_cmake_module: 0.10.0 (/opt/ros/humble/share/python_cmake_module/cmake)
[3.611s] -- Found PythonLibs: /usr/lib/x86_64-linux-gnu/libpython3.10.so (found suitable version "3.10.12", minimum required is "3.5") 
[3.612s] -- Using PYTHON_EXECUTABLE: /usr/bin/python3
[3.612s] -- Using PYTHON_INCLUDE_DIRS: /usr/include/python3.10
[3.612s] -- Using PYTHON_LIBRARIES: /usr/lib/x86_64-linux-gnu/libpython3.10.so
[3.687s] -- Found PythonExtra: .so  
[3.845s] -- Found ament_lint_auto: 0.12.14 (/opt/ros/humble/share/ament_lint_auto/cmake)
[3.908s] -- Added test 'copyright' to check source files copyright and LICENSE
[3.940s] -- Added test 'lint_cmake' to check CMake code style
[3.960s] -- Added test 'xmllint' to check XML markup files
[3.970s] -- Configuring done
[4.143s] -- Generating done
[4.187s] -- Build files have been written to: /home/misys/f1tenth_ws/build/udp_msgs
[4.211s] Invoked command in '/home/misys/f1tenth_ws/build/udp_msgs' returned '0': CMAKE_PREFIX_PATH=/opt/ros/humble /usr/bin/cmake /home/misys/f1tenth_ws/src/udp_msgs -DCMAKE_INSTALL_PREFIX=/home/misys/f1tenth_ws/install/udp_msgs
[4.216s] Invoking command in '/home/misys/f1tenth_ws/build/udp_msgs': CMAKE_PREFIX_PATH=/opt/ros/humble /usr/bin/cmake --build /home/misys/f1tenth_ws/build/udp_msgs -- -j16 -l16
[4.347s] [  2%] Generating C code for ROS interfaces
[4.453s] [  4%] Generating C++ code for ROS interfaces
[4.489s] [  4%] Built target ament_cmake_python_copy_udp_msgs
[5.702s] running egg_info
[5.709s] creating udp_msgs.egg-info
[5.710s] writing udp_msgs.egg-info/PKG-INFO
[5.710s] writing dependency_links to udp_msgs.egg-info/dependency_links.txt
[5.710s] writing top-level names to udp_msgs.egg-info/top_level.txt
[5.710s] writing manifest file 'udp_msgs.egg-info/SOURCES.txt'
[5.721s] reading manifest file 'udp_msgs.egg-info/SOURCES.txt'
[5.722s] writing manifest file 'udp_msgs.egg-info/SOURCES.txt'
[5.818s] [  4%] Built target ament_cmake_python_build_udp_msgs_egg
[5.933s] [  6%] Building C object CMakeFiles/udp_msgs__rosidl_generator_c.dir/rosidl_generator_c/udp_msgs/srv/detail/udp_socket__functions.c.o
[5.975s] [  8%] Building C object CMakeFiles/udp_msgs__rosidl_generator_c.dir/rosidl_generator_c/udp_msgs/msg/detail/udp_packet__functions.c.o
[5.981s] [ 10%] Building C object CMakeFiles/udp_msgs__rosidl_generator_c.dir/rosidl_generator_c/udp_msgs/srv/detail/udp_send__functions.c.o
[6.453s] [ 12%] Linking C shared library libudp_msgs__rosidl_generator_c.so
[6.604s] [ 12%] Built target udp_msgs__cpp
[6.660s] [ 14%] Generating C++ introspection for ROS interfaces
[6.662s] [ 17%] Generating C++ type support dispatch for ROS interfaces
[6.680s] [ 19%] Generating C++ type support for eProsima Fast-RTPS
[6.684s] [ 19%] Built target udp_msgs__rosidl_generator_c
[6.744s] [ 21%] Generating C introspection for ROS interfaces
[6.758s] [ 23%] Generating C type support dispatch for ROS interfaces
[6.772s] [ 25%] Generating C type support for eProsima Fast-RTPS
[9.218s] [ 27%] Building CXX object CMakeFiles/udp_msgs__rosidl_typesupport_introspection_cpp.dir/rosidl_typesupport_introspection_cpp/udp_msgs/msg/detail/udp_packet__type_support.cpp.o
[9.256s] [ 29%] Building CXX object CMakeFiles/udp_msgs__rosidl_typesupport_introspection_cpp.dir/rosidl_typesupport_introspection_cpp/udp_msgs/srv/detail/udp_socket__type_support.cpp.o
[9.274s] [ 31%] Building CXX object CMakeFiles/udp_msgs__rosidl_typesupport_introspection_cpp.dir/rosidl_typesupport_introspection_cpp/udp_msgs/srv/detail/udp_send__type_support.cpp.o
[9.535s] [ 34%] Building CXX object CMakeFiles/udp_msgs__rosidl_typesupport_fastrtps_cpp.dir/rosidl_typesupport_fastrtps_cpp/udp_msgs/msg/detail/dds_fastrtps/udp_packet__type_support.cpp.o
[9.542s] [ 36%] Building CXX object CMakeFiles/udp_msgs__rosidl_typesupport_fastrtps_cpp.dir/rosidl_typesupport_fastrtps_cpp/udp_msgs/srv/detail/dds_fastrtps/udp_socket__type_support.cpp.o
[9.548s] [ 38%] Building CXX object CMakeFiles/udp_msgs__rosidl_typesupport_fastrtps_cpp.dir/rosidl_typesupport_fastrtps_cpp/udp_msgs/srv/detail/dds_fastrtps/udp_send__type_support.cpp.o
[9.680s] [ 40%] Building CXX object CMakeFiles/udp_msgs__rosidl_typesupport_cpp.dir/rosidl_typesupport_cpp/udp_msgs/msg/udp_packet__type_support.cpp.o
[9.687s] [ 42%] Building CXX object CMakeFiles/udp_msgs__rosidl_typesupport_cpp.dir/rosidl_typesupport_cpp/udp_msgs/srv/udp_socket__type_support.cpp.o
[9.725s] [ 44%] Building CXX object CMakeFiles/udp_msgs__rosidl_typesupport_cpp.dir/rosidl_typesupport_cpp/udp_msgs/srv/udp_send__type_support.cpp.o
[9.725s] [ 46%] Building CXX object CMakeFiles/udp_msgs__rosidl_typesupport_c.dir/rosidl_typesupport_c/udp_msgs/srv/udp_socket__type_support.cpp.o
[9.727s] [ 48%] Building CXX object CMakeFiles/udp_msgs__rosidl_typesupport_c.dir/rosidl_typesupport_c/udp_msgs/srv/udp_send__type_support.cpp.o
[9.753s] [ 51%] Building CXX object CMakeFiles/udp_msgs__rosidl_typesupport_c.dir/rosidl_typesupport_c/udp_msgs/msg/udp_packet__type_support.cpp.o
[9.792s] [ 53%] Building C object CMakeFiles/udp_msgs__rosidl_typesupport_introspection_c.dir/rosidl_typesupport_introspection_c/udp_msgs/srv/detail/udp_socket__type_support.c.o
[9.817s] [ 55%] Building C object CMakeFiles/udp_msgs__rosidl_typesupport_introspection_c.dir/rosidl_typesupport_introspection_c/udp_msgs/msg/detail/udp_packet__type_support.c.o
[9.837s] [ 57%] Building C object CMakeFiles/udp_msgs__rosidl_typesupport_introspection_c.dir/rosidl_typesupport_introspection_c/udp_msgs/srv/detail/udp_send__type_support.c.o
[9.966s] [ 61%] Building CXX object CMakeFiles/udp_msgs__rosidl_typesupport_fastrtps_c.dir/rosidl_typesupport_fastrtps_c/udp_msgs/msg/detail/udp_packet__type_support_c.cpp.o
[9.971s] [ 63%] Building CXX object CMakeFiles/udp_msgs__rosidl_typesupport_fastrtps_c.dir/rosidl_typesupport_fastrtps_c/udp_msgs/srv/detail/udp_socket__type_support_c.cpp.o
[9.971s] [ 63%] Building CXX object CMakeFiles/udp_msgs__rosidl_typesupport_fastrtps_c.dir/rosidl_typesupport_fastrtps_c/udp_msgs/srv/detail/udp_send__type_support_c.cpp.o
[10.137s] [ 65%] Linking CXX shared library libudp_msgs__rosidl_typesupport_c.so
[10.183s] [ 68%] Linking C shared library libudp_msgs__rosidl_typesupport_introspection_c.so
[10.463s] [ 68%] Built target udp_msgs__rosidl_typesupport_introspection_c
[10.573s] [ 68%] Built target udp_msgs__rosidl_typesupport_c
[12.679s] [ 70%] Linking CXX shared library libudp_msgs__rosidl_typesupport_cpp.so
[13.062s] [ 70%] Built target udp_msgs__rosidl_typesupport_cpp
[13.849s] [ 72%] Linking CXX shared library libudp_msgs__rosidl_typesupport_fastrtps_c.so
[13.918s] [ 74%] Linking CXX shared library libudp_msgs__rosidl_typesupport_introspection_cpp.so
[14.206s] [ 74%] Built target udp_msgs__rosidl_typesupport_fastrtps_c
[14.314s] [ 76%] Linking CXX shared library libudp_msgs__rosidl_typesupport_fastrtps_cpp.so
[14.542s] [ 76%] Built target udp_msgs__rosidl_typesupport_introspection_cpp
[14.805s] [ 76%] Built target udp_msgs__rosidl_typesupport_fastrtps_cpp
[14.923s] [ 76%] Built target udp_msgs
[15.028s] [ 78%] Generating Python code for ROS interfaces
[19.346s] [ 78%] Built target udp_msgs__py
[19.456s] [ 80%] Building C object CMakeFiles/udp_msgs__rosidl_generator_py.dir/rosidl_generator_py/udp_msgs/msg/_udp_packet_s.c.o
[19.460s] [ 82%] Building C object CMakeFiles/udp_msgs__rosidl_generator_py.dir/rosidl_generator_py/udp_msgs/srv/_udp_send_s.c.o
[19.460s] [ 85%] Building C object CMakeFiles/udp_msgs__rosidl_generator_py.dir/rosidl_generator_py/udp_msgs/srv/_udp_socket_s.c.o
[19.931s] [ 87%] Linking C shared library rosidl_generator_py/udp_msgs/libudp_msgs__rosidl_generator_py.so
[20.116s] [ 87%] Built target udp_msgs__rosidl_generator_py
[20.251s] [ 89%] Building C object CMakeFiles/udp_msgs__rosidl_typesupport_fastrtps_c__pyext.dir/rosidl_generator_py/udp_msgs/_udp_msgs_s.ep.rosidl_typesupport_fastrtps_c.c.o
[20.266s] [ 91%] Building C object CMakeFiles/udp_msgs__rosidl_typesupport_introspection_c__pyext.dir/rosidl_generator_py/udp_msgs/_udp_msgs_s.ep.rosidl_typesupport_introspection_c.c.o
[20.266s] [ 93%] Building C object CMakeFiles/udp_msgs__rosidl_typesupport_c__pyext.dir/rosidl_generator_py/udp_msgs/_udp_msgs_s.ep.rosidl_typesupport_c.c.o
[21.040s] [ 95%] Linking C shared library rosidl_generator_py/udp_msgs/udp_msgs_s__rosidl_typesupport_fastrtps_c.cpython-310-x86_64-linux-gnu.so
[22.646s] [ 97%] Linking C shared library rosidl_generator_py/udp_msgs/udp_msgs_s__rosidl_typesupport_introspection_c.cpython-310-x86_64-linux-gnu.so
[22.646s] [ 97%] Built target udp_msgs__rosidl_typesupport_fastrtps_c__pyext
[22.646s] [ 97%] Built target udp_msgs__rosidl_typesupport_introspection_c__pyext
[22.646s] [100%] Linking C shared library rosidl_generator_py/udp_msgs/udp_msgs_s__rosidl_typesupport_c.cpython-310-x86_64-linux-gnu.so
[22.646s] [100%] Built target udp_msgs__rosidl_typesupport_c__pyext
[22.659s] Invoked command in '/home/misys/f1tenth_ws/build/udp_msgs' returned '0': CMAKE_PREFIX_PATH=/opt/ros/humble /usr/bin/cmake --build /home/misys/f1tenth_ws/build/udp_msgs -- -j16 -l16
[22.660s] Invoking command in '/home/misys/f1tenth_ws/build/udp_msgs': CMAKE_PREFIX_PATH=/opt/ros/humble /usr/bin/cmake --install /home/misys/f1tenth_ws/build/udp_msgs
[22.700s] -- Install configuration: ""
[22.700s] -- Installing: /home/misys/f1tenth_ws/install/udp_msgs/share/ament_index/resource_index/rosidl_interfaces/udp_msgs
[22.700s] -- Installing: /home/misys/f1tenth_ws/install/udp_msgs/include/udp_msgs/udp_msgs
[22.701s] -- Installing: /home/misys/f1tenth_ws/install/udp_msgs/include/udp_msgs/udp_msgs/msg
[22.701s] -- Installing: /home/misys/f1tenth_ws/install/udp_msgs/include/udp_msgs/udp_msgs/msg/udp_packet.h
[22.705s] -- Installing: /home/misys/f1tenth_ws/install/udp_msgs/include/udp_msgs/udp_msgs/msg/detail
[22.705s] -- Installing: /home/misys/f1tenth_ws/install/udp_msgs/include/udp_msgs/udp_msgs/msg/detail/udp_packet__type_support.h
[22.706s] -- Installing: /home/misys/f1tenth_ws/install/udp_msgs/include/udp_msgs/udp_msgs/msg/detail/udp_packet__struct.h
[22.706s] -- Installing: /home/misys/f1tenth_ws/install/udp_msgs/include/udp_msgs/udp_msgs/msg/detail/udp_packet__functions.h
[22.706s] -- Installing: /home/misys/f1tenth_ws/install/udp_msgs/include/udp_msgs/udp_msgs/msg/detail/udp_packet__functions.c
[22.706s] -- Installing: /home/misys/f1tenth_ws/install/udp_msgs/include/udp_msgs/udp_msgs/msg/rosidl_generator_c__visibility_control.h
[22.706s] -- Installing: /home/misys/f1tenth_ws/install/udp_msgs/include/udp_msgs/udp_msgs/srv
[22.719s] -- Installing: /home/misys/f1tenth_ws/install/udp_msgs/include/udp_msgs/udp_msgs/srv/udp_socket.h
[22.720s] -- Installing: /home/misys/f1tenth_ws/install/udp_msgs/include/udp_msgs/udp_msgs/srv/detail
[22.720s] -- Installing: /home/misys/f1tenth_ws/install/udp_msgs/include/udp_msgs/udp_msgs/srv/detail/udp_send__functions.c
[22.720s] -- Installing: /home/misys/f1tenth_ws/install/udp_msgs/include/udp_msgs/udp_msgs/srv/detail/udp_send__functions.h
[22.720s] -- Installing: /home/misys/f1tenth_ws/install/udp_msgs/include/udp_msgs/udp_msgs/srv/detail/udp_socket__functions.h
[22.721s] -- Installing: /home/misys/f1tenth_ws/install/udp_msgs/include/udp_msgs/udp_msgs/srv/detail/udp_socket__struct.h
[22.721s] -- Installing: /home/misys/f1tenth_ws/install/udp_msgs/include/udp_msgs/udp_msgs/srv/detail/udp_send__type_support.h
[22.721s] -- Installing: /home/misys/f1tenth_ws/install/udp_msgs/include/udp_msgs/udp_msgs/srv/detail/udp_send__struct.h
[22.721s] -- Installing: /home/misys/f1tenth_ws/install/udp_msgs/include/udp_msgs/udp_msgs/srv/detail/udp_socket__functions.c
[22.722s] -- Installing: /home/misys/f1tenth_ws/install/udp_msgs/include/udp_msgs/udp_msgs/srv/detail/udp_socket__type_support.h
[22.722s] -- Installing: /home/misys/f1tenth_ws/install/udp_msgs/include/udp_msgs/udp_msgs/srv/udp_send.h
[22.722s] -- Installing: /home/misys/f1tenth_ws/install/udp_msgs/share/udp_msgs/environment/library_path.sh
[22.727s] -- Installing: /home/misys/f1tenth_ws/install/udp_msgs/share/udp_msgs/environment/library_path.dsv
[22.727s] -- Installing: /home/misys/f1tenth_ws/install/udp_msgs/lib/libudp_msgs__rosidl_generator_c.so
[22.727s] -- Set runtime path of "/home/misys/f1tenth_ws/install/udp_msgs/lib/libudp_msgs__rosidl_generator_c.so" to ""
[22.727s] -- Up-to-date: /home/misys/f1tenth_ws/install/udp_msgs/include/udp_msgs/udp_msgs
[22.728s] -- Up-to-date: /home/misys/f1tenth_ws/install/udp_msgs/include/udp_msgs/udp_msgs/msg
[22.738s] -- Installing: /home/misys/f1tenth_ws/install/udp_msgs/include/udp_msgs/udp_msgs/msg/rosidl_typesupport_fastrtps_c__visibility_control.h
[22.738s] -- Up-to-date: /home/misys/f1tenth_ws/install/udp_msgs/include/udp_msgs/udp_msgs/msg/detail
[22.739s] -- Installing: /home/misys/f1tenth_ws/install/udp_msgs/include/udp_msgs/udp_msgs/msg/detail/udp_packet__rosidl_typesupport_fastrtps_c.h
[22.739s] -- Up-to-date: /home/misys/f1tenth_ws/install/udp_msgs/include/udp_msgs/udp_msgs/srv
[22.739s] -- Up-to-date: /home/misys/f1tenth_ws/install/udp_msgs/include/udp_msgs/udp_msgs/srv/detail
[22.739s] -- Installing: /home/misys/f1tenth_ws/install/udp_msgs/include/udp_msgs/udp_msgs/srv/detail/udp_send__rosidl_typesupport_fastrtps_c.h
[22.740s] -- Installing: /home/misys/f1tenth_ws/install/udp_msgs/include/udp_msgs/udp_msgs/srv/detail/udp_socket__rosidl_typesupport_fastrtps_c.h
[22.740s] -- Installing: /home/misys/f1tenth_ws/install/udp_msgs/lib/libudp_msgs__rosidl_typesupport_fastrtps_c.so
[22.742s] -- Set runtime path of "/home/misys/f1tenth_ws/install/udp_msgs/lib/libudp_msgs__rosidl_typesupport_fastrtps_c.so" to ""
[22.748s] -- Up-to-date: /home/misys/f1tenth_ws/install/udp_msgs/include/udp_msgs/udp_msgs
[22.749s] -- Up-to-date: /home/misys/f1tenth_ws/install/udp_msgs/include/udp_msgs/udp_msgs/msg
[22.749s] -- Installing: /home/misys/f1tenth_ws/install/udp_msgs/include/udp_msgs/udp_msgs/msg/rosidl_generator_cpp__visibility_control.hpp
[22.749s] -- Installing: /home/misys/f1tenth_ws/install/udp_msgs/include/udp_msgs/udp_msgs/msg/udp_packet.hpp
[22.749s] -- Up-to-date: /home/misys/f1tenth_ws/install/udp_msgs/include/udp_msgs/udp_msgs/msg/detail
[22.749s] -- Installing: /home/misys/f1tenth_ws/install/udp_msgs/include/udp_msgs/udp_msgs/msg/detail/udp_packet__struct.hpp
[22.750s] -- Installing: /home/misys/f1tenth_ws/install/udp_msgs/include/udp_msgs/udp_msgs/msg/detail/udp_packet__builder.hpp
[22.751s] -- Installing: /home/misys/f1tenth_ws/install/udp_msgs/include/udp_msgs/udp_msgs/msg/detail/udp_packet__type_support.hpp
[22.751s] -- Installing: /home/misys/f1tenth_ws/install/udp_msgs/include/udp_msgs/udp_msgs/msg/detail/udp_packet__traits.hpp
[22.760s] -- Up-to-date: /home/misys/f1tenth_ws/install/udp_msgs/include/udp_msgs/udp_msgs/srv
[22.761s] -- Installing: /home/misys/f1tenth_ws/install/udp_msgs/include/udp_msgs/udp_msgs/srv/udp_send.hpp
[22.761s] -- Up-to-date: /home/misys/f1tenth_ws/install/udp_msgs/include/udp_msgs/udp_msgs/srv/detail
[22.767s] -- Installing: /home/misys/f1tenth_ws/install/udp_msgs/include/udp_msgs/udp_msgs/srv/detail/udp_send__traits.hpp
[22.767s] -- Installing: /home/misys/f1tenth_ws/install/udp_msgs/include/udp_msgs/udp_msgs/srv/detail/udp_send__struct.hpp
[22.767s] -- Installing: /home/misys/f1tenth_ws/install/udp_msgs/include/udp_msgs/udp_msgs/srv/detail/udp_send__type_support.hpp
[22.767s] -- Installing: /home/misys/f1tenth_ws/install/udp_msgs/include/udp_msgs/udp_msgs/srv/detail/udp_socket__struct.hpp
[22.767s] -- Installing: /home/misys/f1tenth_ws/install/udp_msgs/include/udp_msgs/udp_msgs/srv/detail/udp_socket__traits.hpp
[22.768s] -- Installing: /home/misys/f1tenth_ws/install/udp_msgs/include/udp_msgs/udp_msgs/srv/detail/udp_socket__builder.hpp
[22.783s] -- Installing: /home/misys/f1tenth_ws/install/udp_msgs/include/udp_msgs/udp_msgs/srv/detail/udp_send__builder.hpp
[22.783s] -- Installing: /home/misys/f1tenth_ws/install/udp_msgs/include/udp_msgs/udp_msgs/srv/detail/udp_socket__type_support.hpp
[22.786s] -- Installing: /home/misys/f1tenth_ws/install/udp_msgs/include/udp_msgs/udp_msgs/srv/udp_socket.hpp
[22.787s] -- Up-to-date: /home/misys/f1tenth_ws/install/udp_msgs/include/udp_msgs/udp_msgs
[22.787s] -- Up-to-date: /home/misys/f1tenth_ws/install/udp_msgs/include/udp_msgs/udp_msgs/msg
[22.787s] -- Installing: /home/misys/f1tenth_ws/install/udp_msgs/include/udp_msgs/udp_msgs/msg/rosidl_typesupport_fastrtps_cpp__visibility_control.h
[22.787s] -- Up-to-date: /home/misys/f1tenth_ws/install/udp_msgs/include/udp_msgs/udp_msgs/msg/detail
[22.787s] -- Installing: /home/misys/f1tenth_ws/install/udp_msgs/include/udp_msgs/udp_msgs/msg/detail/udp_packet__rosidl_typesupport_fastrtps_cpp.hpp
[22.788s] -- Installing: /home/misys/f1tenth_ws/install/udp_msgs/include/udp_msgs/udp_msgs/msg/detail/dds_fastrtps
[22.788s] -- Up-to-date: /home/misys/f1tenth_ws/install/udp_msgs/include/udp_msgs/udp_msgs/srv
[22.788s] -- Up-to-date: /home/misys/f1tenth_ws/install/udp_msgs/include/udp_msgs/udp_msgs/srv/detail
[22.788s] -- Installing: /home/misys/f1tenth_ws/install/udp_msgs/include/udp_msgs/udp_msgs/srv/detail/dds_fastrtps
[22.788s] -- Installing: /home/misys/f1tenth_ws/install/udp_msgs/include/udp_msgs/udp_msgs/srv/detail/udp_send__rosidl_typesupport_fastrtps_cpp.hpp
[22.788s] -- Installing: /home/misys/f1tenth_ws/install/udp_msgs/include/udp_msgs/udp_msgs/srv/detail/udp_socket__rosidl_typesupport_fastrtps_cpp.hpp
[22.789s] -- Installing: /home/misys/f1tenth_ws/install/udp_msgs/lib/libudp_msgs__rosidl_typesupport_fastrtps_cpp.so
[22.789s] -- Set runtime path of "/home/misys/f1tenth_ws/install/udp_msgs/lib/libudp_msgs__rosidl_typesupport_fastrtps_cpp.so" to ""
[22.794s] -- Up-to-date: /home/misys/f1tenth_ws/install/udp_msgs/include/udp_msgs/udp_msgs
[22.794s] -- Up-to-date: /home/misys/f1tenth_ws/install/udp_msgs/include/udp_msgs/udp_msgs/msg
[22.795s] -- Installing: /home/misys/f1tenth_ws/install/udp_msgs/include/udp_msgs/udp_msgs/msg/rosidl_typesupport_introspection_c__visibility_control.h
[22.795s] -- Up-to-date: /home/misys/f1tenth_ws/install/udp_msgs/include/udp_msgs/udp_msgs/msg/detail
[22.795s] -- Installing: /home/misys/f1tenth_ws/install/udp_msgs/include/udp_msgs/udp_msgs/msg/detail/udp_packet__type_support.c
[22.795s] -- Installing: /home/misys/f1tenth_ws/install/udp_msgs/include/udp_msgs/udp_msgs/msg/detail/udp_packet__rosidl_typesupport_introspection_c.h
[22.795s] -- Up-to-date: /home/misys/f1tenth_ws/install/udp_msgs/include/udp_msgs/udp_msgs/srv
[22.801s] -- Up-to-date: /home/misys/f1tenth_ws/install/udp_msgs/include/udp_msgs/udp_msgs/srv/detail
[22.802s] -- Installing: /home/misys/f1tenth_ws/install/udp_msgs/include/udp_msgs/udp_msgs/srv/detail/udp_socket__rosidl_typesupport_introspection_c.h
[22.803s] -- Installing: /home/misys/f1tenth_ws/install/udp_msgs/include/udp_msgs/udp_msgs/srv/detail/udp_socket__type_support.c
[22.803s] -- Installing: /home/misys/f1tenth_ws/install/udp_msgs/include/udp_msgs/udp_msgs/srv/detail/udp_send__type_support.c
[22.803s] -- Installing: /home/misys/f1tenth_ws/install/udp_msgs/include/udp_msgs/udp_msgs/srv/detail/udp_send__rosidl_typesupport_introspection_c.h
[22.803s] -- Installing: /home/misys/f1tenth_ws/install/udp_msgs/lib/libudp_msgs__rosidl_typesupport_introspection_c.so
[22.803s] -- Set runtime path of "/home/misys/f1tenth_ws/install/udp_msgs/lib/libudp_msgs__rosidl_typesupport_introspection_c.so" to ""
[22.803s] -- Installing: /home/misys/f1tenth_ws/install/udp_msgs/lib/libudp_msgs__rosidl_typesupport_c.so
[22.804s] -- Set runtime path of "/home/misys/f1tenth_ws/install/udp_msgs/lib/libudp_msgs__rosidl_typesupport_c.so" to ""
[22.804s] -- Up-to-date: /home/misys/f1tenth_ws/install/udp_msgs/include/udp_msgs/udp_msgs
[22.804s] -- Up-to-date: /home/misys/f1tenth_ws/install/udp_msgs/include/udp_msgs/udp_msgs/msg
[22.804s] -- Up-to-date: /home/misys/f1tenth_ws/install/udp_msgs/include/udp_msgs/udp_msgs/msg/detail
[22.804s] -- Installing: /home/misys/f1tenth_ws/install/udp_msgs/include/udp_msgs/udp_msgs/msg/detail/udp_packet__type_support.cpp
[22.808s] -- Installing: /home/misys/f1tenth_ws/install/udp_msgs/include/udp_msgs/udp_msgs/msg/detail/udp_packet__rosidl_typesupport_introspection_cpp.hpp
[22.808s] -- Up-to-date: /home/misys/f1tenth_ws/install/udp_msgs/include/udp_msgs/udp_msgs/srv
[22.808s] -- Up-to-date: /home/misys/f1tenth_ws/install/udp_msgs/include/udp_msgs/udp_msgs/srv/detail
[22.809s] -- Installing: /home/misys/f1tenth_ws/install/udp_msgs/include/udp_msgs/udp_msgs/srv/detail/udp_socket__type_support.cpp
[22.809s] -- Installing: /home/misys/f1tenth_ws/install/udp_msgs/include/udp_msgs/udp_msgs/srv/detail/udp_socket__rosidl_typesupport_introspection_cpp.hpp
[22.809s] -- Installing: /home/misys/f1tenth_ws/install/udp_msgs/include/udp_msgs/udp_msgs/srv/detail/udp_send__type_support.cpp
[22.809s] -- Installing: /home/misys/f1tenth_ws/install/udp_msgs/include/udp_msgs/udp_msgs/srv/detail/udp_send__rosidl_typesupport_introspection_cpp.hpp
[22.809s] -- Installing: /home/misys/f1tenth_ws/install/udp_msgs/lib/libudp_msgs__rosidl_typesupport_introspection_cpp.so
[22.810s] -- Set runtime path of "/home/misys/f1tenth_ws/install/udp_msgs/lib/libudp_msgs__rosidl_typesupport_introspection_cpp.so" to ""
[22.810s] -- Installing: /home/misys/f1tenth_ws/install/udp_msgs/lib/libudp_msgs__rosidl_typesupport_cpp.so
[22.810s] -- Set runtime path of "/home/misys/f1tenth_ws/install/udp_msgs/lib/libudp_msgs__rosidl_typesupport_cpp.so" to ""
[22.810s] -- Installing: /home/misys/f1tenth_ws/install/udp_msgs/share/udp_msgs/environment/pythonpath.sh
[22.810s] -- Installing: /home/misys/f1tenth_ws/install/udp_msgs/share/udp_msgs/environment/pythonpath.dsv
[22.811s] -- Installing: /home/misys/f1tenth_ws/install/udp_msgs/local/lib/python3.10/dist-packages/udp_msgs-0.0.5-py3.10.egg-info
[22.811s] -- Installing: /home/misys/f1tenth_ws/install/udp_msgs/local/lib/python3.10/dist-packages/udp_msgs-0.0.5-py3.10.egg-info/top_level.txt
[22.813s] -- Installing: /home/misys/f1tenth_ws/install/udp_msgs/local/lib/python3.10/dist-packages/udp_msgs-0.0.5-py3.10.egg-info/PKG-INFO
[22.813s] -- Installing: /home/misys/f1tenth_ws/install/udp_msgs/local/lib/python3.10/dist-packages/udp_msgs-0.0.5-py3.10.egg-info/SOURCES.txt
[22.814s] -- Installing: /home/misys/f1tenth_ws/install/udp_msgs/local/lib/python3.10/dist-packages/udp_msgs-0.0.5-py3.10.egg-info/dependency_links.txt
[22.814s] -- Installing: /home/misys/f1tenth_ws/install/udp_msgs/local/lib/python3.10/dist-packages/udp_msgs
[22.815s] -- Installing: /home/misys/f1tenth_ws/install/udp_msgs/local/lib/python3.10/dist-packages/udp_msgs/_udp_msgs_s.ep.rosidl_typesupport_fastrtps_c.c
[22.816s] -- Installing: /home/misys/f1tenth_ws/install/udp_msgs/local/lib/python3.10/dist-packages/udp_msgs/udp_msgs_s__rosidl_typesupport_c.cpython-310-x86_64-linux-gnu.so
[22.816s] -- Installing: /home/misys/f1tenth_ws/install/udp_msgs/local/lib/python3.10/dist-packages/udp_msgs/msg
[22.817s] -- Installing: /home/misys/f1tenth_ws/install/udp_msgs/local/lib/python3.10/dist-packages/udp_msgs/msg/__init__.py
[22.818s] -- Installing: /home/misys/f1tenth_ws/install/udp_msgs/local/lib/python3.10/dist-packages/udp_msgs/msg/_udp_packet.py
[22.819s] -- Installing: /home/misys/f1tenth_ws/install/udp_msgs/local/lib/python3.10/dist-packages/udp_msgs/msg/_udp_packet_s.c
[22.819s] -- Installing: /home/misys/f1tenth_ws/install/udp_msgs/local/lib/python3.10/dist-packages/udp_msgs/udp_msgs_s__rosidl_typesupport_introspection_c.cpython-310-x86_64-linux-gnu.so
[22.820s] -- Installing: /home/misys/f1tenth_ws/install/udp_msgs/local/lib/python3.10/dist-packages/udp_msgs/_udp_msgs_s.ep.rosidl_typesupport_c.c
[22.825s] -- Installing: /home/misys/f1tenth_ws/install/udp_msgs/local/lib/python3.10/dist-packages/udp_msgs/libudp_msgs__rosidl_generator_py.so
[22.825s] -- Installing: /home/misys/f1tenth_ws/install/udp_msgs/local/lib/python3.10/dist-packages/udp_msgs/__init__.py
[22.825s] -- Installing: /home/misys/f1tenth_ws/install/udp_msgs/local/lib/python3.10/dist-packages/udp_msgs/_udp_msgs_s.ep.rosidl_typesupport_introspection_c.c
[22.825s] -- Installing: /home/misys/f1tenth_ws/install/udp_msgs/local/lib/python3.10/dist-packages/udp_msgs/srv
[22.825s] -- Installing: /home/misys/f1tenth_ws/install/udp_msgs/local/lib/python3.10/dist-packages/udp_msgs/srv/_udp_send.py
[22.829s] -- Installing: /home/misys/f1tenth_ws/install/udp_msgs/local/lib/python3.10/dist-packages/udp_msgs/srv/_udp_socket_s.c
[22.829s] -- Installing: /home/misys/f1tenth_ws/install/udp_msgs/local/lib/python3.10/dist-packages/udp_msgs/srv/__init__.py
[22.830s] -- Installing: /home/misys/f1tenth_ws/install/udp_msgs/local/lib/python3.10/dist-packages/udp_msgs/srv/_udp_socket.py
[22.830s] -- Installing: /home/misys/f1tenth_ws/install/udp_msgs/local/lib/python3.10/dist-packages/udp_msgs/srv/_udp_send_s.c
[22.830s] -- Installing: /home/misys/f1tenth_ws/install/udp_msgs/local/lib/python3.10/dist-packages/udp_msgs/udp_msgs_s__rosidl_typesupport_fastrtps_c.cpython-310-x86_64-linux-gnu.so
[23.082s] Listing '/home/misys/f1tenth_ws/install/udp_msgs/local/lib/python3.10/dist-packages/udp_msgs'...
[23.082s] Compiling '/home/misys/f1tenth_ws/install/udp_msgs/local/lib/python3.10/dist-packages/udp_msgs/__init__.py'...
[23.082s] Listing '/home/misys/f1tenth_ws/install/udp_msgs/local/lib/python3.10/dist-packages/udp_msgs/msg'...
[23.082s] Compiling '/home/misys/f1tenth_ws/install/udp_msgs/local/lib/python3.10/dist-packages/udp_msgs/msg/__init__.py'...
[23.082s] Compiling '/home/misys/f1tenth_ws/install/udp_msgs/local/lib/python3.10/dist-packages/udp_msgs/msg/_udp_packet.py'...
[23.083s] Listing '/home/misys/f1tenth_ws/install/udp_msgs/local/lib/python3.10/dist-packages/udp_msgs/srv'...
[23.083s] Compiling '/home/misys/f1tenth_ws/install/udp_msgs/local/lib/python3.10/dist-packages/udp_msgs/srv/__init__.py'...
[23.083s] Compiling '/home/misys/f1tenth_ws/install/udp_msgs/local/lib/python3.10/dist-packages/udp_msgs/srv/_udp_send.py'...
[23.083s] Compiling '/home/misys/f1tenth_ws/install/udp_msgs/local/lib/python3.10/dist-packages/udp_msgs/srv/_udp_socket.py'...
[23.083s] -- Installing: /home/misys/f1tenth_ws/install/udp_msgs/local/lib/python3.10/dist-packages/udp_msgs/udp_msgs_s__rosidl_typesupport_fastrtps_c.cpython-310-x86_64-linux-gnu.so
[23.083s] -- Set runtime path of "/home/misys/f1tenth_ws/install/udp_msgs/local/lib/python3.10/dist-packages/udp_msgs/udp_msgs_s__rosidl_typesupport_fastrtps_c.cpython-310-x86_64-linux-gnu.so" to ""
[23.083s] -- Installing: /home/misys/f1tenth_ws/install/udp_msgs/local/lib/python3.10/dist-packages/udp_msgs/udp_msgs_s__rosidl_typesupport_introspection_c.cpython-310-x86_64-linux-gnu.so
[23.083s] -- Set runtime path of "/home/misys/f1tenth_ws/install/udp_msgs/local/lib/python3.10/dist-packages/udp_msgs/udp_msgs_s__rosidl_typesupport_introspection_c.cpython-310-x86_64-linux-gnu.so" to ""
[23.083s] -- Installing: /home/misys/f1tenth_ws/install/udp_msgs/local/lib/python3.10/dist-packages/udp_msgs/udp_msgs_s__rosidl_typesupport_c.cpython-310-x86_64-linux-gnu.so
[23.084s] -- Set runtime path of "/home/misys/f1tenth_ws/install/udp_msgs/local/lib/python3.10/dist-packages/udp_msgs/udp_msgs_s__rosidl_typesupport_c.cpython-310-x86_64-linux-gnu.so" to ""
[23.084s] -- Installing: /home/misys/f1tenth_ws/install/udp_msgs/lib/libudp_msgs__rosidl_generator_py.so
[23.084s] -- Set runtime path of "/home/misys/f1tenth_ws/install/udp_msgs/lib/libudp_msgs__rosidl_generator_py.so" to ""
[23.084s] -- Installing: /home/misys/f1tenth_ws/install/udp_msgs/share/udp_msgs/msg/UdpPacket.idl
[23.084s] -- Installing: /home/misys/f1tenth_ws/install/udp_msgs/share/udp_msgs/srv/UdpSend.idl
[23.092s] -- Installing: /home/misys/f1tenth_ws/install/udp_msgs/share/udp_msgs/srv/UdpSocket.idl
[23.092s] -- Installing: /home/misys/f1tenth_ws/install/udp_msgs/share/udp_msgs/msg/UdpPacket.msg
[23.092s] -- Installing: /home/misys/f1tenth_ws/install/udp_msgs/share/udp_msgs/srv/UdpSend.srv
[23.092s] -- Installing: /home/misys/f1tenth_ws/install/udp_msgs/share/udp_msgs/srv/UdpSend_Request.msg
[23.092s] -- Installing: /home/misys/f1tenth_ws/install/udp_msgs/share/udp_msgs/srv/UdpSend_Response.msg
[23.093s] -- Installing: /home/misys/f1tenth_ws/install/udp_msgs/share/udp_msgs/srv/UdpSocket.srv
[23.093s] -- Installing: /home/misys/f1tenth_ws/install/udp_msgs/share/udp_msgs/srv/UdpSocket_Request.msg
[23.093s] -- Installing: /home/misys/f1tenth_ws/install/udp_msgs/share/udp_msgs/srv/UdpSocket_Response.msg
[23.093s] -- Installing: /home/misys/f1tenth_ws/install/udp_msgs/share/ament_index/resource_index/package_run_dependencies/udp_msgs
[23.093s] -- Installing: /home/misys/f1tenth_ws/install/udp_msgs/share/ament_index/resource_index/parent_prefix_path/udp_msgs
[23.093s] -- Installing: /home/misys/f1tenth_ws/install/udp_msgs/share/udp_msgs/environment/ament_prefix_path.sh
[23.093s] -- Installing: /home/misys/f1tenth_ws/install/udp_msgs/share/udp_msgs/environment/ament_prefix_path.dsv
[23.093s] -- Installing: /home/misys/f1tenth_ws/install/udp_msgs/share/udp_msgs/environment/path.sh
[23.094s] -- Installing: /home/misys/f1tenth_ws/install/udp_msgs/share/udp_msgs/environment/path.dsv
[23.094s] -- Installing: /home/misys/f1tenth_ws/install/udp_msgs/share/udp_msgs/local_setup.bash
[23.094s] -- Installing: /home/misys/f1tenth_ws/install/udp_msgs/share/udp_msgs/local_setup.sh
[23.094s] -- Installing: /home/misys/f1tenth_ws/install/udp_msgs/share/udp_msgs/local_setup.zsh
[23.094s] -- Installing: /home/misys/f1tenth_ws/install/udp_msgs/share/udp_msgs/local_setup.dsv
[23.094s] -- Installing: /home/misys/f1tenth_ws/install/udp_msgs/share/udp_msgs/package.dsv
[23.099s] -- Installing: /home/misys/f1tenth_ws/install/udp_msgs/share/ament_index/resource_index/packages/udp_msgs
[23.099s] -- Installing: /home/misys/f1tenth_ws/install/udp_msgs/share/udp_msgs/cmake/export_udp_msgs__rosidl_generator_cExport.cmake
[23.099s] -- Installing: /home/misys/f1tenth_ws/install/udp_msgs/share/udp_msgs/cmake/export_udp_msgs__rosidl_generator_cExport-noconfig.cmake
[23.100s] -- Installing: /home/misys/f1tenth_ws/install/udp_msgs/share/udp_msgs/cmake/export_udp_msgs__rosidl_typesupport_fastrtps_cExport.cmake
[23.100s] -- Installing: /home/misys/f1tenth_ws/install/udp_msgs/share/udp_msgs/cmake/export_udp_msgs__rosidl_typesupport_fastrtps_cExport-noconfig.cmake
[23.100s] -- Installing: /home/misys/f1tenth_ws/install/udp_msgs/share/udp_msgs/cmake/export_udp_msgs__rosidl_generator_cppExport.cmake
[23.100s] -- Installing: /home/misys/f1tenth_ws/install/udp_msgs/share/udp_msgs/cmake/export_udp_msgs__rosidl_typesupport_fastrtps_cppExport.cmake
[23.100s] -- Installing: /home/misys/f1tenth_ws/install/udp_msgs/share/udp_msgs/cmake/export_udp_msgs__rosidl_typesupport_fastrtps_cppExport-noconfig.cmake
[23.100s] -- Installing: /home/misys/f1tenth_ws/install/udp_msgs/share/udp_msgs/cmake/udp_msgs__rosidl_typesupport_introspection_cExport.cmake
[23.100s] -- Installing: /home/misys/f1tenth_ws/install/udp_msgs/share/udp_msgs/cmake/udp_msgs__rosidl_typesupport_introspection_cExport-noconfig.cmake
[23.101s] -- Installing: /home/misys/f1tenth_ws/install/udp_msgs/share/udp_msgs/cmake/udp_msgs__rosidl_typesupport_cExport.cmake
[23.101s] -- Installing: /home/misys/f1tenth_ws/install/udp_msgs/share/udp_msgs/cmake/udp_msgs__rosidl_typesupport_cExport-noconfig.cmake
[23.101s] -- Installing: /home/misys/f1tenth_ws/install/udp_msgs/share/udp_msgs/cmake/udp_msgs__rosidl_typesupport_introspection_cppExport.cmake
[23.101s] -- Installing: /home/misys/f1tenth_ws/install/udp_msgs/share/udp_msgs/cmake/udp_msgs__rosidl_typesupport_introspection_cppExport-noconfig.cmake
[23.101s] -- Installing: /home/misys/f1tenth_ws/install/udp_msgs/share/udp_msgs/cmake/udp_msgs__rosidl_typesupport_cppExport.cmake
[23.101s] -- Installing: /home/misys/f1tenth_ws/install/udp_msgs/share/udp_msgs/cmake/udp_msgs__rosidl_typesupport_cppExport-noconfig.cmake
[23.101s] -- Installing: /home/misys/f1tenth_ws/install/udp_msgs/share/udp_msgs/cmake/export_udp_msgs__rosidl_generator_pyExport.cmake
[23.102s] -- Installing: /home/misys/f1tenth_ws/install/udp_msgs/share/udp_msgs/cmake/export_udp_msgs__rosidl_generator_pyExport-noconfig.cmake
[23.102s] -- Installing: /home/misys/f1tenth_ws/install/udp_msgs/share/udp_msgs/cmake/rosidl_cmake-extras.cmake
[23.102s] -- Installing: /home/misys/f1tenth_ws/install/udp_msgs/share/udp_msgs/cmake/ament_cmake_export_dependencies-extras.cmake
[23.102s] -- Installing: /home/misys/f1tenth_ws/install/udp_msgs/share/udp_msgs/cmake/ament_cmake_export_include_directories-extras.cmake
[23.102s] -- Installing: /home/misys/f1tenth_ws/install/udp_msgs/share/udp_msgs/cmake/ament_cmake_export_libraries-extras.cmake
[23.102s] -- Installing: /home/misys/f1tenth_ws/install/udp_msgs/share/udp_msgs/cmake/ament_cmake_export_targets-extras.cmake
[23.106s] -- Installing: /home/misys/f1tenth_ws/install/udp_msgs/share/udp_msgs/cmake/rosidl_cmake_export_typesupport_targets-extras.cmake
[23.107s] -- Installing: /home/misys/f1tenth_ws/install/udp_msgs/share/udp_msgs/cmake/rosidl_cmake_export_typesupport_libraries-extras.cmake
[23.107s] -- Installing: /home/misys/f1tenth_ws/install/udp_msgs/share/udp_msgs/cmake/udp_msgsConfig.cmake
[23.107s] -- Installing: /home/misys/f1tenth_ws/install/udp_msgs/share/udp_msgs/cmake/udp_msgsConfig-version.cmake
[23.107s] -- Installing: /home/misys/f1tenth_ws/install/udp_msgs/share/udp_msgs/package.xml
[23.108s] Invoked command in '/home/misys/f1tenth_ws/build/udp_msgs' returned '0': CMAKE_PREFIX_PATH=/opt/ros/humble /usr/bin/cmake --install /home/misys/f1tenth_ws/build/udp_msgs
