/home/misys/f1tenth_ws/install/bringup/lib/python3.10/site-packages/bringup/__init__.py
/home/misys/f1tenth_ws/install/bringup/lib/python3.10/site-packages/bringup/__pycache__/__init__.cpython-310.pyc
/home/misys/f1tenth_ws/install/bringup/share/ament_index/resource_index/packages/bringup
/home/misys/f1tenth_ws/install/bringup/share/bringup/package.xml
/home/misys/f1tenth_ws/install/bringup/share/bringup/launch/sim_pf_mpc_launch.py
/home/misys/f1tenth_ws/install/bringup/share/bringup/launch/sim_drive_legacy_revised_launch.py
/home/misys/f1tenth_ws/install/bringup/share/bringup/launch/sim_pf_pp_launch.py
/home/misys/f1tenth_ws/install/bringup/share/bringup/launch/sim_test_launch.py
/home/misys/f1tenth_ws/install/bringup/share/bringup/launch/sim_drive_launch.py
/home/misys/f1tenth_ws/install/bringup/share/bringup/launch/sim_drive_legacy_launch.py
/home/misys/f1tenth_ws/install/bringup/share/bringup/config/mux.yaml
/home/misys/f1tenth_ws/install/bringup/share/bringup/config/joy_teleop.yaml
/home/misys/f1tenth_ws/install/bringup/share/bringup/launch/pf_pp.rviz
/home/misys/f1tenth_ws/install/bringup/share/bringup/launch/pf_mpc.rviz
/home/misys/f1tenth_ws/install/bringup/lib/python3.10/site-packages/bringup-0.0.0-py3.10.egg-info/top_level.txt
/home/misys/f1tenth_ws/install/bringup/lib/python3.10/site-packages/bringup-0.0.0-py3.10.egg-info/entry_points.txt
/home/misys/f1tenth_ws/install/bringup/lib/python3.10/site-packages/bringup-0.0.0-py3.10.egg-info/requires.txt
/home/misys/f1tenth_ws/install/bringup/lib/python3.10/site-packages/bringup-0.0.0-py3.10.egg-info/zip-safe
/home/misys/f1tenth_ws/install/bringup/lib/python3.10/site-packages/bringup-0.0.0-py3.10.egg-info/PKG-INFO
/home/misys/f1tenth_ws/install/bringup/lib/python3.10/site-packages/bringup-0.0.0-py3.10.egg-info/SOURCES.txt
/home/misys/f1tenth_ws/install/bringup/lib/python3.10/site-packages/bringup-0.0.0-py3.10.egg-info/dependency_links.txt
