[1.707s] Invoking command in '/home/misys/f1tenth_ws/build/mpc': AMENT_PREFIX_PATH=/home/misys/f1tenth_ws/install/ackermann_msgs:${AMENT_PREFIX_PATH} CMAKE_PREFIX_PATH=/home/misys/f1tenth_ws/install/ackermann_msgs:/opt/ros/humble LD_LIBRARY_PATH=/home/misys/f1tenth_ws/install/ackermann_msgs/lib:${LD_LIBRARY_PATH} PYTHONPATH=/home/misys/f1tenth_ws/install/ackermann_msgs/local/lib/python3.10/dist-packages:${PYTHONPATH} /usr/bin/cmake /home/misys/f1tenth_ws/src/mpc -DCMAKE_INSTALL_PREFIX=/home/misys/f1tenth_ws/install/mpc
[1.913s] -- The C compiler identification is GNU 11.4.0
[2.229s] -- The CXX compiler identification is GNU 11.4.0
[2.235s] -- Detecting C compiler ABI info
[3.231s] -- Detecting C compiler ABI info - done
[3.234s] -- Check for working C compiler: /usr/bin/cc - skipped
[3.234s] -- Detecting C compile features
[3.234s] -- Detecting C compile features - done
[3.235s] -- Detecting CXX compiler ABI info
[3.235s] -- Detecting CXX compiler ABI info - done
[3.235s] -- Check for working CXX compiler: /usr/bin/c++ - skipped
[3.235s] -- Detecting CXX compile features
[3.235s] -- Detecting CXX compile features - done
[3.235s] -- Found ament_cmake: 1.3.12 (/opt/ros/humble/share/ament_cmake/cmake)
[3.261s] -- Found Python3: /usr/bin/python3 (found version "3.10.12") found components: Interpreter 
[3.629s] -- Found rclcpp: 16.0.15 (/opt/ros/humble/share/rclcpp/cmake)
[3.834s] -- Found rosidl_generator_c: 3.1.7 (/opt/ros/humble/share/rosidl_generator_c/cmake)
[3.852s] -- Found rosidl_adapter: 3.1.7 (/opt/ros/humble/share/rosidl_adapter/cmake)
[3.884s] -- Found rosidl_generator_cpp: 3.1.7 (/opt/ros/humble/share/rosidl_generator_cpp/cmake)
[3.947s] -- Using all available rosidl_typesupport_c: rosidl_typesupport_fastrtps_c;rosidl_typesupport_introspection_c
[4.099s] -- Using all available rosidl_typesupport_cpp: rosidl_typesupport_fastrtps_cpp;rosidl_typesupport_introspection_cpp
[4.286s] -- Found rmw_implementation_cmake: 6.1.2 (/opt/ros/humble/share/rmw_implementation_cmake/cmake)
[4.306s] -- Found rmw_fastrtps_cpp: 6.2.9 (/opt/ros/humble/share/rmw_fastrtps_cpp/cmake)
[4.637s] -- Found OpenSSL: /usr/lib/x86_64-linux-gnu/libcrypto.so (found version "3.0.2")  
[4.729s] -- Found FastRTPS: /opt/ros/humble/include  
[4.917s] -- Using RMW implementation 'rmw_fastrtps_cpp' as default
[4.953s] -- Looking for pthread.h
[5.201s] -- Looking for pthread.h - found
[5.201s] -- Performing Test CMAKE_HAVE_LIBC_PTHREAD
[5.412s] -- Performing Test CMAKE_HAVE_LIBC_PTHREAD - Success
[5.416s] -- Found Threads: TRUE  
[5.588s] -- Found rclpy: 3.3.17 (/opt/ros/humble/share/rclpy/cmake)
[5.594s] -- Found geometry_msgs: 4.9.0 (/opt/ros/humble/share/geometry_msgs/cmake)
[5.638s] -- Found nav_msgs: 4.9.0 (/opt/ros/humble/share/nav_msgs/cmake)
[5.690s] -- Found ackermann_msgs: 2.0.2 (/home/misys/f1tenth_ws/install/ackermann_msgs/share/ackermann_msgs/cmake)
[5.731s] -- Found sensor_msgs: 4.9.0 (/opt/ros/humble/share/sensor_msgs/cmake)
[5.789s] -- Found visualization_msgs: 4.9.0 (/opt/ros/humble/share/visualization_msgs/cmake)
[5.869s] -- Found tf2_ros: 0.25.16 (/opt/ros/humble/share/tf2_ros/cmake)
[6.503s] -- Found ament_lint_auto: 0.12.14 (/opt/ros/humble/share/ament_lint_auto/cmake)
[6.849s] -- Added test 'copyright' to check source files copyright and LICENSE
[6.891s] -- Added test 'cppcheck' to perform static code analysis on C / C++ code
[6.892s] -- Configured cppcheck include dirs: /home/misys/f1tenth_ws/src/mpc/include
[6.892s] -- Configured cppcheck exclude dirs and/or files: 
[7.011s] -- Added test 'cpplint' to check C / C++ code against the Google style
[7.011s] -- Configured cpplint exclude dirs and/or files: 
[7.011s] -- Added test 'flake8' to check Python code syntax and style conventions
[7.011s] -- Added test 'lint_cmake' to check CMake code style
[7.012s] -- Added test 'pep257' to check Python code against some of the docstring style conventions in PEP 257
[7.012s] -- Added test 'uncrustify' to check C / C++ code style
[7.012s] -- Configured uncrustify additional arguments: 
[7.012s] -- Added test 'xmllint' to check XML markup files
[7.012s] -- Configuring done
[7.035s] -- Generating done
[7.062s] -- Build files have been written to: /home/misys/f1tenth_ws/build/mpc
[7.088s] Invoked command in '/home/misys/f1tenth_ws/build/mpc' returned '0': AMENT_PREFIX_PATH=/home/misys/f1tenth_ws/install/ackermann_msgs:${AMENT_PREFIX_PATH} CMAKE_PREFIX_PATH=/home/misys/f1tenth_ws/install/ackermann_msgs:/opt/ros/humble LD_LIBRARY_PATH=/home/misys/f1tenth_ws/install/ackermann_msgs/lib:${LD_LIBRARY_PATH} PYTHONPATH=/home/misys/f1tenth_ws/install/ackermann_msgs/local/lib/python3.10/dist-packages:${PYTHONPATH} /usr/bin/cmake /home/misys/f1tenth_ws/src/mpc -DCMAKE_INSTALL_PREFIX=/home/misys/f1tenth_ws/install/mpc
[7.094s] Invoking command in '/home/misys/f1tenth_ws/build/mpc': AMENT_PREFIX_PATH=/home/misys/f1tenth_ws/install/ackermann_msgs:${AMENT_PREFIX_PATH} CMAKE_PREFIX_PATH=/home/misys/f1tenth_ws/install/ackermann_msgs:/opt/ros/humble LD_LIBRARY_PATH=/home/misys/f1tenth_ws/install/ackermann_msgs/lib:${LD_LIBRARY_PATH} PYTHONPATH=/home/misys/f1tenth_ws/install/ackermann_msgs/local/lib/python3.10/dist-packages:${PYTHONPATH} /usr/bin/cmake --build /home/misys/f1tenth_ws/build/mpc -- -j16 -l16
[7.437s] Built target ament_cmake_python_copy_mpc
[7.462s] Built target ament_cmake_python_copy_mpc_setup
[9.098s] /usr/lib/python3/dist-packages/setuptools/dist.py:723: UserWarning: Usage of dash-separated 'script_dir' will not be supported in future versions. Please use the underscore name 'script_dir' instead
[9.099s]   warnings.warn(
[9.109s] /usr/lib/python3/dist-packages/setuptools/dist.py:723: UserWarning: Usage of dash-separated 'install_scripts' will not be supported in future versions. Please use the underscore name 'install_scripts' instead
[9.109s]   warnings.warn(
[9.153s] running egg_info
[9.158s] creating mpc.egg-info
[9.159s] writing mpc.egg-info/PKG-INFO
[9.161s] writing dependency_links to mpc.egg-info/dependency_links.txt
[9.167s] writing top-level names to mpc.egg-info/top_level.txt
[9.167s] writing manifest file 'mpc.egg-info/SOURCES.txt'
[9.176s] reading manifest file 'mpc.egg-info/SOURCES.txt'
[9.181s] writing manifest file 'mpc.egg-info/SOURCES.txt'
[9.364s] Built target ament_cmake_python_build_mpc_egg
[9.436s] Invoked command in '/home/misys/f1tenth_ws/build/mpc' returned '0': AMENT_PREFIX_PATH=/home/misys/f1tenth_ws/install/ackermann_msgs:${AMENT_PREFIX_PATH} CMAKE_PREFIX_PATH=/home/misys/f1tenth_ws/install/ackermann_msgs:/opt/ros/humble LD_LIBRARY_PATH=/home/misys/f1tenth_ws/install/ackermann_msgs/lib:${LD_LIBRARY_PATH} PYTHONPATH=/home/misys/f1tenth_ws/install/ackermann_msgs/local/lib/python3.10/dist-packages:${PYTHONPATH} /usr/bin/cmake --build /home/misys/f1tenth_ws/build/mpc -- -j16 -l16
[9.437s] Invoking command in '/home/misys/f1tenth_ws/build/mpc': AMENT_PREFIX_PATH=/home/misys/f1tenth_ws/install/ackermann_msgs:${AMENT_PREFIX_PATH} CMAKE_PREFIX_PATH=/home/misys/f1tenth_ws/install/ackermann_msgs:/opt/ros/humble LD_LIBRARY_PATH=/home/misys/f1tenth_ws/install/ackermann_msgs/lib:${LD_LIBRARY_PATH} PYTHONPATH=/home/misys/f1tenth_ws/install/ackermann_msgs/local/lib/python3.10/dist-packages:${PYTHONPATH} /usr/bin/cmake --install /home/misys/f1tenth_ws/build/mpc
[9.465s] -- Install configuration: ""
[9.470s] -- Installing: /home/misys/f1tenth_ws/install/mpc/share/mpc/environment/pythonpath.sh
[9.470s] -- Installing: /home/misys/f1tenth_ws/install/mpc/share/mpc/environment/pythonpath.dsv
[9.470s] -- Installing: /home/misys/f1tenth_ws/install/mpc/local/lib/python3.10/dist-packages/mpc-0.0.0-py3.10.egg-info
[9.470s] -- Installing: /home/misys/f1tenth_ws/install/mpc/local/lib/python3.10/dist-packages/mpc-0.0.0-py3.10.egg-info/top_level.txt
[9.471s] -- Installing: /home/misys/f1tenth_ws/install/mpc/local/lib/python3.10/dist-packages/mpc-0.0.0-py3.10.egg-info/PKG-INFO
[9.471s] -- Installing: /home/misys/f1tenth_ws/install/mpc/local/lib/python3.10/dist-packages/mpc-0.0.0-py3.10.egg-info/SOURCES.txt
[9.473s] -- Installing: /home/misys/f1tenth_ws/install/mpc/local/lib/python3.10/dist-packages/mpc-0.0.0-py3.10.egg-info/dependency_links.txt
[9.474s] -- Installing: /home/misys/f1tenth_ws/install/mpc/local/lib/python3.10/dist-packages/mpc
[9.475s] -- Installing: /home/misys/f1tenth_ws/install/mpc/local/lib/python3.10/dist-packages/mpc/__init__.py
[9.634s] Listing '/home/misys/f1tenth_ws/install/mpc/local/lib/python3.10/dist-packages/mpc'...
[9.634s] Compiling '/home/misys/f1tenth_ws/install/mpc/local/lib/python3.10/dist-packages/mpc/__init__.py'...
[9.649s] -- Installing: /home/misys/f1tenth_ws/install/mpc/lib/mpc/mpc_node.py
[9.652s] -- Installing: /home/misys/f1tenth_ws/install/mpc/lib/mpc/utils.py
[9.653s] -- Installing: /home/misys/f1tenth_ws/install/mpc/share/ament_index/resource_index/package_run_dependencies/mpc
[9.653s] -- Installing: /home/misys/f1tenth_ws/install/mpc/share/ament_index/resource_index/parent_prefix_path/mpc
[9.653s] -- Installing: /home/misys/f1tenth_ws/install/mpc/share/mpc/environment/ament_prefix_path.sh
[9.654s] -- Installing: /home/misys/f1tenth_ws/install/mpc/share/mpc/environment/ament_prefix_path.dsv
[9.655s] -- Installing: /home/misys/f1tenth_ws/install/mpc/share/mpc/environment/path.sh
[9.658s] -- Installing: /home/misys/f1tenth_ws/install/mpc/share/mpc/environment/path.dsv
[9.659s] -- Installing: /home/misys/f1tenth_ws/install/mpc/share/mpc/local_setup.bash
[9.659s] -- Installing: /home/misys/f1tenth_ws/install/mpc/share/mpc/local_setup.sh
[9.659s] -- Installing: /home/misys/f1tenth_ws/install/mpc/share/mpc/local_setup.zsh
[9.660s] -- Installing: /home/misys/f1tenth_ws/install/mpc/share/mpc/local_setup.dsv
[9.661s] -- Installing: /home/misys/f1tenth_ws/install/mpc/share/mpc/package.dsv
[9.666s] -- Installing: /home/misys/f1tenth_ws/install/mpc/share/ament_index/resource_index/packages/mpc
[9.666s] -- Installing: /home/misys/f1tenth_ws/install/mpc/share/mpc/cmake/mpcConfig.cmake
[9.666s] -- Installing: /home/misys/f1tenth_ws/install/mpc/share/mpc/cmake/mpcConfig-version.cmake
[9.667s] -- Installing: /home/misys/f1tenth_ws/install/mpc/share/mpc/package.xml
[9.686s] Invoked command in '/home/misys/f1tenth_ws/build/mpc' returned '0': AMENT_PREFIX_PATH=/home/misys/f1tenth_ws/install/ackermann_msgs:${AMENT_PREFIX_PATH} CMAKE_PREFIX_PATH=/home/misys/f1tenth_ws/install/ackermann_msgs:/opt/ros/humble LD_LIBRARY_PATH=/home/misys/f1tenth_ws/install/ackermann_msgs/lib:${LD_LIBRARY_PATH} PYTHONPATH=/home/misys/f1tenth_ws/install/ackermann_msgs/local/lib/python3.10/dist-packages:${PYTHONPATH} /usr/bin/cmake --install /home/misys/f1tenth_ws/build/mpc
