-- The C compiler identification is GNU 11.4.0
-- The CXX compiler identification is GNU 11.4.0
-- Detecting C compiler ABI info
-- Detecting C compiler ABI info - done
-- Check for working C compiler: /usr/bin/cc - skipped
-- Detecting C compile features
-- Detecting C compile features - done
-- Detecting CXX compiler ABI info
-- Detecting CXX compiler ABI info - done
-- Check for working CXX compiler: /usr/bin/c++ - skipped
-- Detecting CXX compile features
-- Detecting CXX compile features - done
-- Found ament_cmake: 1.3.12 (/opt/ros/humble/share/ament_cmake/cmake)
-- Found Python3: /usr/bin/python3 (found version "3.10.12") found components: Interpreter 
-- Found rosidl_default_generators: 1.2.0 (/opt/ros/humble/share/rosidl_default_generators/cmake)
-- Using all available rosidl_typesupport_c: rosidl_typesupport_fastrtps_c;rosidl_typesupport_introspection_c
-- Found rosidl_adapter: 3.1.7 (/opt/ros/humble/share/rosidl_adapter/cmake)
-- Using all available rosidl_typesupport_cpp: rosidl_typesupport_fastrtps_cpp;rosidl_typesupport_introspection_cpp
-- Found std_msgs: 4.9.0 (/opt/ros/humble/share/std_msgs/cmake)
-- Found ament_cmake_cppcheck: 0.12.14 (/opt/ros/humble/share/ament_cmake_cppcheck/cmake)
-- Found ament_cmake_cpplint: 0.12.14 (/opt/ros/humble/share/ament_cmake_cpplint/cmake)
-- Found ament_cmake_uncrustify: 0.12.14 (/opt/ros/humble/share/ament_cmake_uncrustify/cmake)
-- Found ament_cmake_ros: 0.10.0 (/opt/ros/humble/share/ament_cmake_ros/cmake)
-- Using all available rosidl_typesupport_c: rosidl_typesupport_fastrtps_c;rosidl_typesupport_introspection_c
-- Using all available rosidl_typesupport_cpp: rosidl_typesupport_fastrtps_cpp;rosidl_typesupport_introspection_cpp
-- Found PythonInterp: /usr/bin/python3 (found suitable version "3.10.12", minimum required is "3.6") 
-- Found python_cmake_module: 0.10.0 (/opt/ros/humble/share/python_cmake_module/cmake)
-- Found PythonLibs: /usr/lib/x86_64-linux-gnu/libpython3.10.so (found suitable version "3.10.12", minimum required is "3.5") 
-- Using PYTHON_EXECUTABLE: /usr/bin/python3
-- Using PYTHON_INCLUDE_DIRS: /usr/include/python3.10
-- Using PYTHON_LIBRARIES: /usr/lib/x86_64-linux-gnu/libpython3.10.so
-- Found PythonExtra: .so  
-- Found ament_cmake_flake8: 0.12.14 (/opt/ros/humble/share/ament_cmake_flake8/cmake)
-- Found ament_cmake_pep257: 0.12.14 (/opt/ros/humble/share/ament_cmake_pep257/cmake)
-- Configuring done
-- Generating done
-- Build files have been written to: /home/misys/f1tenth_ws/build/ackermann_msgs
[  2%] Generating C code for ROS interfaces
[  5%] Generating C++ code for ROS interfaces
[  5%] Built target ament_cmake_python_copy_ackermann_msgs
running egg_info
creating ackermann_msgs.egg-info
writing ackermann_msgs.egg-info/PKG-INFO
writing dependency_links to ackermann_msgs.egg-info/dependency_links.txt
writing top-level names to ackermann_msgs.egg-info/top_level.txt
writing manifest file 'ackermann_msgs.egg-info/SOURCES.txt'
reading manifest file 'ackermann_msgs.egg-info/SOURCES.txt'
writing manifest file 'ackermann_msgs.egg-info/SOURCES.txt'
[  5%] Built target ament_cmake_python_build_ackermann_msgs_egg
[  7%] Building C object CMakeFiles/ackermann_msgs__rosidl_generator_c.dir/rosidl_generator_c/ackermann_msgs/msg/detail/ackermann_drive__functions.c.o
[ 10%] Building C object CMakeFiles/ackermann_msgs__rosidl_generator_c.dir/rosidl_generator_c/ackermann_msgs/msg/detail/ackermann_drive_stamped__functions.c.o
[ 12%] Linking C shared library libackermann_msgs__rosidl_generator_c.so
[ 12%] Built target ackermann_msgs__cpp
[ 15%] Generating C++ type support dispatch for ROS interfaces
[ 15%] Built target ackermann_msgs__rosidl_generator_c
[ 17%] Generating C++ type support for eProsima Fast-RTPS
[ 20%] Generating C++ introspection for ROS interfaces
[ 23%] Generating C introspection for ROS interfaces
[ 25%] Generating C type support dispatch for ROS interfaces
[ 28%] Generating C type support for eProsima Fast-RTPS
[ 30%] Building C object CMakeFiles/ackermann_msgs__rosidl_typesupport_introspection_c.dir/rosidl_typesupport_introspection_c/ackermann_msgs/msg/detail/ackermann_drive__type_support.c.o
[ 33%] Building C object CMakeFiles/ackermann_msgs__rosidl_typesupport_introspection_c.dir/rosidl_typesupport_introspection_c/ackermann_msgs/msg/detail/ackermann_drive_stamped__type_support.c.o
[ 35%] Linking C shared library libackermann_msgs__rosidl_typesupport_introspection_c.so
[ 38%] Building CXX object CMakeFiles/ackermann_msgs__rosidl_typesupport_cpp.dir/rosidl_typesupport_cpp/ackermann_msgs/msg/ackermann_drive__type_support.cpp.o
[ 38%] Built target ackermann_msgs__rosidl_typesupport_introspection_c
[ 41%] Building CXX object CMakeFiles/ackermann_msgs__rosidl_typesupport_cpp.dir/rosidl_typesupport_cpp/ackermann_msgs/msg/ackermann_drive_stamped__type_support.cpp.o
[ 43%] Building CXX object CMakeFiles/ackermann_msgs__rosidl_typesupport_fastrtps_cpp.dir/rosidl_typesupport_fastrtps_cpp/ackermann_msgs/msg/detail/dds_fastrtps/ackermann_drive__type_support.cpp.o
[ 46%] Building CXX object CMakeFiles/ackermann_msgs__rosidl_typesupport_fastrtps_cpp.dir/rosidl_typesupport_fastrtps_cpp/ackermann_msgs/msg/detail/dds_fastrtps/ackermann_drive_stamped__type_support.cpp.o
[ 48%] Building CXX object CMakeFiles/ackermann_msgs__rosidl_typesupport_c.dir/rosidl_typesupport_c/ackermann_msgs/msg/ackermann_drive__type_support.cpp.o
[ 51%] Building CXX object CMakeFiles/ackermann_msgs__rosidl_typesupport_c.dir/rosidl_typesupport_c/ackermann_msgs/msg/ackermann_drive_stamped__type_support.cpp.o
[ 53%] Linking CXX shared library libackermann_msgs__rosidl_typesupport_c.so
[ 53%] Built target ackermann_msgs__rosidl_typesupport_c
[ 56%] Building CXX object CMakeFiles/ackermann_msgs__rosidl_typesupport_fastrtps_c.dir/rosidl_typesupport_fastrtps_c/ackermann_msgs/msg/detail/ackermann_drive__type_support_c.cpp.o
[ 58%] Building CXX object CMakeFiles/ackermann_msgs__rosidl_typesupport_fastrtps_c.dir/rosidl_typesupport_fastrtps_c/ackermann_msgs/msg/detail/ackermann_drive_stamped__type_support_c.cpp.o
[ 61%] Building CXX object CMakeFiles/ackermann_msgs__rosidl_typesupport_introspection_cpp.dir/rosidl_typesupport_introspection_cpp/ackermann_msgs/msg/detail/ackermann_drive__type_support.cpp.o
[ 64%] Building CXX object CMakeFiles/ackermann_msgs__rosidl_typesupport_introspection_cpp.dir/rosidl_typesupport_introspection_cpp/ackermann_msgs/msg/detail/ackermann_drive_stamped__type_support.cpp.o
[ 66%] Linking CXX shared library libackermann_msgs__rosidl_typesupport_fastrtps_cpp.so
[ 69%] Linking CXX shared library libackermann_msgs__rosidl_typesupport_cpp.so
[ 69%] Built target ackermann_msgs__rosidl_typesupport_fastrtps_cpp
[ 69%] Built target ackermann_msgs__rosidl_typesupport_cpp
[ 71%] Linking CXX shared library libackermann_msgs__rosidl_typesupport_fastrtps_c.so
[ 71%] Built target ackermann_msgs__rosidl_typesupport_fastrtps_c
[ 74%] Linking CXX shared library libackermann_msgs__rosidl_typesupport_introspection_cpp.so
[ 74%] Built target ackermann_msgs__rosidl_typesupport_introspection_cpp
[ 74%] Built target ackermann_msgs
[ 76%] Generating Python code for ROS interfaces
[ 76%] Built target ackermann_msgs__py
[ 79%] Building C object CMakeFiles/ackermann_msgs__rosidl_generator_py.dir/rosidl_generator_py/ackermann_msgs/msg/_ackermann_drive_s.c.o
[ 82%] Building C object CMakeFiles/ackermann_msgs__rosidl_generator_py.dir/rosidl_generator_py/ackermann_msgs/msg/_ackermann_drive_stamped_s.c.o
[ 84%] Linking C shared library rosidl_generator_py/ackermann_msgs/libackermann_msgs__rosidl_generator_py.so
[ 84%] Built target ackermann_msgs__rosidl_generator_py
[ 87%] Building C object CMakeFiles/ackermann_msgs__rosidl_typesupport_fastrtps_c__pyext.dir/rosidl_generator_py/ackermann_msgs/_ackermann_msgs_s.ep.rosidl_typesupport_fastrtps_c.c.o
[ 89%] Building C object CMakeFiles/ackermann_msgs__rosidl_typesupport_c__pyext.dir/rosidl_generator_py/ackermann_msgs/_ackermann_msgs_s.ep.rosidl_typesupport_c.c.o
[ 92%] Building C object CMakeFiles/ackermann_msgs__rosidl_typesupport_introspection_c__pyext.dir/rosidl_generator_py/ackermann_msgs/_ackermann_msgs_s.ep.rosidl_typesupport_introspection_c.c.o
[ 94%] Linking C shared library rosidl_generator_py/ackermann_msgs/ackermann_msgs_s__rosidl_typesupport_fastrtps_c.cpython-310-x86_64-linux-gnu.so
[ 97%] Linking C shared library rosidl_generator_py/ackermann_msgs/ackermann_msgs_s__rosidl_typesupport_introspection_c.cpython-310-x86_64-linux-gnu.so
[ 97%] Built target ackermann_msgs__rosidl_typesupport_fastrtps_c__pyext
[100%] Linking C shared library rosidl_generator_py/ackermann_msgs/ackermann_msgs_s__rosidl_typesupport_c.cpython-310-x86_64-linux-gnu.so
[100%] Built target ackermann_msgs__rosidl_typesupport_introspection_c__pyext
[100%] Built target ackermann_msgs__rosidl_typesupport_c__pyext
-- Install configuration: ""
-- Installing: /home/misys/f1tenth_ws/install/ackermann_msgs/share/ament_index/resource_index/rosidl_interfaces/ackermann_msgs
-- Installing: /home/misys/f1tenth_ws/install/ackermann_msgs/include/ackermann_msgs/ackermann_msgs
-- Installing: /home/misys/f1tenth_ws/install/ackermann_msgs/include/ackermann_msgs/ackermann_msgs/msg
-- Installing: /home/misys/f1tenth_ws/install/ackermann_msgs/include/ackermann_msgs/ackermann_msgs/msg/ackermann_drive.h
-- Installing: /home/misys/f1tenth_ws/install/ackermann_msgs/include/ackermann_msgs/ackermann_msgs/msg/ackermann_drive_stamped.h
-- Installing: /home/misys/f1tenth_ws/install/ackermann_msgs/include/ackermann_msgs/ackermann_msgs/msg/detail
-- Installing: /home/misys/f1tenth_ws/install/ackermann_msgs/include/ackermann_msgs/ackermann_msgs/msg/detail/ackermann_drive__struct.h
-- Installing: /home/misys/f1tenth_ws/install/ackermann_msgs/include/ackermann_msgs/ackermann_msgs/msg/detail/ackermann_drive__functions.c
-- Installing: /home/misys/f1tenth_ws/install/ackermann_msgs/include/ackermann_msgs/ackermann_msgs/msg/detail/ackermann_drive__functions.h
-- Installing: /home/misys/f1tenth_ws/install/ackermann_msgs/include/ackermann_msgs/ackermann_msgs/msg/detail/ackermann_drive__type_support.h
-- Installing: /home/misys/f1tenth_ws/install/ackermann_msgs/include/ackermann_msgs/ackermann_msgs/msg/detail/ackermann_drive_stamped__functions.h
-- Installing: /home/misys/f1tenth_ws/install/ackermann_msgs/include/ackermann_msgs/ackermann_msgs/msg/detail/ackermann_drive_stamped__type_support.h
-- Installing: /home/misys/f1tenth_ws/install/ackermann_msgs/include/ackermann_msgs/ackermann_msgs/msg/detail/ackermann_drive_stamped__struct.h
-- Installing: /home/misys/f1tenth_ws/install/ackermann_msgs/include/ackermann_msgs/ackermann_msgs/msg/detail/ackermann_drive_stamped__functions.c
-- Installing: /home/misys/f1tenth_ws/install/ackermann_msgs/include/ackermann_msgs/ackermann_msgs/msg/rosidl_generator_c__visibility_control.h
-- Installing: /home/misys/f1tenth_ws/install/ackermann_msgs/share/ackermann_msgs/environment/library_path.sh
-- Installing: /home/misys/f1tenth_ws/install/ackermann_msgs/share/ackermann_msgs/environment/library_path.dsv
-- Installing: /home/misys/f1tenth_ws/install/ackermann_msgs/lib/libackermann_msgs__rosidl_generator_c.so
-- Set runtime path of "/home/misys/f1tenth_ws/install/ackermann_msgs/lib/libackermann_msgs__rosidl_generator_c.so" to ""
-- Up-to-date: /home/misys/f1tenth_ws/install/ackermann_msgs/include/ackermann_msgs/ackermann_msgs
-- Up-to-date: /home/misys/f1tenth_ws/install/ackermann_msgs/include/ackermann_msgs/ackermann_msgs/msg
-- Installing: /home/misys/f1tenth_ws/install/ackermann_msgs/include/ackermann_msgs/ackermann_msgs/msg/rosidl_typesupport_fastrtps_c__visibility_control.h
-- Up-to-date: /home/misys/f1tenth_ws/install/ackermann_msgs/include/ackermann_msgs/ackermann_msgs/msg/detail
-- Installing: /home/misys/f1tenth_ws/install/ackermann_msgs/include/ackermann_msgs/ackermann_msgs/msg/detail/ackermann_drive_stamped__rosidl_typesupport_fastrtps_c.h
-- Installing: /home/misys/f1tenth_ws/install/ackermann_msgs/include/ackermann_msgs/ackermann_msgs/msg/detail/ackermann_drive__rosidl_typesupport_fastrtps_c.h
-- Installing: /home/misys/f1tenth_ws/install/ackermann_msgs/lib/libackermann_msgs__rosidl_typesupport_fastrtps_c.so
-- Set runtime path of "/home/misys/f1tenth_ws/install/ackermann_msgs/lib/libackermann_msgs__rosidl_typesupport_fastrtps_c.so" to ""
-- Up-to-date: /home/misys/f1tenth_ws/install/ackermann_msgs/include/ackermann_msgs/ackermann_msgs
-- Up-to-date: /home/misys/f1tenth_ws/install/ackermann_msgs/include/ackermann_msgs/ackermann_msgs/msg
-- Installing: /home/misys/f1tenth_ws/install/ackermann_msgs/include/ackermann_msgs/ackermann_msgs/msg/rosidl_typesupport_introspection_c__visibility_control.h
-- Up-to-date: /home/misys/f1tenth_ws/install/ackermann_msgs/include/ackermann_msgs/ackermann_msgs/msg/detail
-- Installing: /home/misys/f1tenth_ws/install/ackermann_msgs/include/ackermann_msgs/ackermann_msgs/msg/detail/ackermann_drive_stamped__rosidl_typesupport_introspection_c.h
-- Installing: /home/misys/f1tenth_ws/install/ackermann_msgs/include/ackermann_msgs/ackermann_msgs/msg/detail/ackermann_drive__rosidl_typesupport_introspection_c.h
-- Installing: /home/misys/f1tenth_ws/install/ackermann_msgs/include/ackermann_msgs/ackermann_msgs/msg/detail/ackermann_drive_stamped__type_support.c
-- Installing: /home/misys/f1tenth_ws/install/ackermann_msgs/include/ackermann_msgs/ackermann_msgs/msg/detail/ackermann_drive__type_support.c
-- Installing: /home/misys/f1tenth_ws/install/ackermann_msgs/lib/libackermann_msgs__rosidl_typesupport_introspection_c.so
-- Set runtime path of "/home/misys/f1tenth_ws/install/ackermann_msgs/lib/libackermann_msgs__rosidl_typesupport_introspection_c.so" to ""
-- Installing: /home/misys/f1tenth_ws/install/ackermann_msgs/lib/libackermann_msgs__rosidl_typesupport_c.so
-- Set runtime path of "/home/misys/f1tenth_ws/install/ackermann_msgs/lib/libackermann_msgs__rosidl_typesupport_c.so" to ""
-- Up-to-date: /home/misys/f1tenth_ws/install/ackermann_msgs/include/ackermann_msgs/ackermann_msgs
-- Up-to-date: /home/misys/f1tenth_ws/install/ackermann_msgs/include/ackermann_msgs/ackermann_msgs/msg
-- Installing: /home/misys/f1tenth_ws/install/ackermann_msgs/include/ackermann_msgs/ackermann_msgs/msg/rosidl_generator_cpp__visibility_control.hpp
-- Installing: /home/misys/f1tenth_ws/install/ackermann_msgs/include/ackermann_msgs/ackermann_msgs/msg/ackermann_drive.hpp
-- Installing: /home/misys/f1tenth_ws/install/ackermann_msgs/include/ackermann_msgs/ackermann_msgs/msg/ackermann_drive_stamped.hpp
-- Up-to-date: /home/misys/f1tenth_ws/install/ackermann_msgs/include/ackermann_msgs/ackermann_msgs/msg/detail
-- Installing: /home/misys/f1tenth_ws/install/ackermann_msgs/include/ackermann_msgs/ackermann_msgs/msg/detail/ackermann_drive__struct.hpp
-- Installing: /home/misys/f1tenth_ws/install/ackermann_msgs/include/ackermann_msgs/ackermann_msgs/msg/detail/ackermann_drive_stamped__traits.hpp
-- Installing: /home/misys/f1tenth_ws/install/ackermann_msgs/include/ackermann_msgs/ackermann_msgs/msg/detail/ackermann_drive__type_support.hpp
-- Installing: /home/misys/f1tenth_ws/install/ackermann_msgs/include/ackermann_msgs/ackermann_msgs/msg/detail/ackermann_drive_stamped__struct.hpp
-- Installing: /home/misys/f1tenth_ws/install/ackermann_msgs/include/ackermann_msgs/ackermann_msgs/msg/detail/ackermann_drive__traits.hpp
-- Installing: /home/misys/f1tenth_ws/install/ackermann_msgs/include/ackermann_msgs/ackermann_msgs/msg/detail/ackermann_drive_stamped__builder.hpp
-- Installing: /home/misys/f1tenth_ws/install/ackermann_msgs/include/ackermann_msgs/ackermann_msgs/msg/detail/ackermann_drive__builder.hpp
-- Installing: /home/misys/f1tenth_ws/install/ackermann_msgs/include/ackermann_msgs/ackermann_msgs/msg/detail/ackermann_drive_stamped__type_support.hpp
-- Up-to-date: /home/misys/f1tenth_ws/install/ackermann_msgs/include/ackermann_msgs/ackermann_msgs
-- Up-to-date: /home/misys/f1tenth_ws/install/ackermann_msgs/include/ackermann_msgs/ackermann_msgs/msg
-- Installing: /home/misys/f1tenth_ws/install/ackermann_msgs/include/ackermann_msgs/ackermann_msgs/msg/rosidl_typesupport_fastrtps_cpp__visibility_control.h
-- Up-to-date: /home/misys/f1tenth_ws/install/ackermann_msgs/include/ackermann_msgs/ackermann_msgs/msg/detail
-- Installing: /home/misys/f1tenth_ws/install/ackermann_msgs/include/ackermann_msgs/ackermann_msgs/msg/detail/dds_fastrtps
-- Installing: /home/misys/f1tenth_ws/install/ackermann_msgs/include/ackermann_msgs/ackermann_msgs/msg/detail/ackermann_drive__rosidl_typesupport_fastrtps_cpp.hpp
-- Installing: /home/misys/f1tenth_ws/install/ackermann_msgs/include/ackermann_msgs/ackermann_msgs/msg/detail/ackermann_drive_stamped__rosidl_typesupport_fastrtps_cpp.hpp
-- Installing: /home/misys/f1tenth_ws/install/ackermann_msgs/lib/libackermann_msgs__rosidl_typesupport_fastrtps_cpp.so
-- Set runtime path of "/home/misys/f1tenth_ws/install/ackermann_msgs/lib/libackermann_msgs__rosidl_typesupport_fastrtps_cpp.so" to ""
-- Up-to-date: /home/misys/f1tenth_ws/install/ackermann_msgs/include/ackermann_msgs/ackermann_msgs
-- Up-to-date: /home/misys/f1tenth_ws/install/ackermann_msgs/include/ackermann_msgs/ackermann_msgs/msg
-- Up-to-date: /home/misys/f1tenth_ws/install/ackermann_msgs/include/ackermann_msgs/ackermann_msgs/msg/detail
-- Installing: /home/misys/f1tenth_ws/install/ackermann_msgs/include/ackermann_msgs/ackermann_msgs/msg/detail/ackermann_drive_stamped__rosidl_typesupport_introspection_cpp.hpp
-- Installing: /home/misys/f1tenth_ws/install/ackermann_msgs/include/ackermann_msgs/ackermann_msgs/msg/detail/ackermann_drive__rosidl_typesupport_introspection_cpp.hpp
-- Installing: /home/misys/f1tenth_ws/install/ackermann_msgs/include/ackermann_msgs/ackermann_msgs/msg/detail/ackermann_drive_stamped__type_support.cpp
-- Installing: /home/misys/f1tenth_ws/install/ackermann_msgs/include/ackermann_msgs/ackermann_msgs/msg/detail/ackermann_drive__type_support.cpp
-- Installing: /home/misys/f1tenth_ws/install/ackermann_msgs/lib/libackermann_msgs__rosidl_typesupport_introspection_cpp.so
-- Set runtime path of "/home/misys/f1tenth_ws/install/ackermann_msgs/lib/libackermann_msgs__rosidl_typesupport_introspection_cpp.so" to ""
-- Installing: /home/misys/f1tenth_ws/install/ackermann_msgs/lib/libackermann_msgs__rosidl_typesupport_cpp.so
-- Set runtime path of "/home/misys/f1tenth_ws/install/ackermann_msgs/lib/libackermann_msgs__rosidl_typesupport_cpp.so" to ""
-- Installing: /home/misys/f1tenth_ws/install/ackermann_msgs/share/ackermann_msgs/environment/pythonpath.sh
-- Installing: /home/misys/f1tenth_ws/install/ackermann_msgs/share/ackermann_msgs/environment/pythonpath.dsv
-- Installing: /home/misys/f1tenth_ws/install/ackermann_msgs/local/lib/python3.10/dist-packages/ackermann_msgs-2.0.2-py3.10.egg-info
-- Installing: /home/misys/f1tenth_ws/install/ackermann_msgs/local/lib/python3.10/dist-packages/ackermann_msgs-2.0.2-py3.10.egg-info/top_level.txt
-- Installing: /home/misys/f1tenth_ws/install/ackermann_msgs/local/lib/python3.10/dist-packages/ackermann_msgs-2.0.2-py3.10.egg-info/PKG-INFO
-- Installing: /home/misys/f1tenth_ws/install/ackermann_msgs/local/lib/python3.10/dist-packages/ackermann_msgs-2.0.2-py3.10.egg-info/SOURCES.txt
-- Installing: /home/misys/f1tenth_ws/install/ackermann_msgs/local/lib/python3.10/dist-packages/ackermann_msgs-2.0.2-py3.10.egg-info/dependency_links.txt
-- Installing: /home/misys/f1tenth_ws/install/ackermann_msgs/local/lib/python3.10/dist-packages/ackermann_msgs
-- Installing: /home/misys/f1tenth_ws/install/ackermann_msgs/local/lib/python3.10/dist-packages/ackermann_msgs/libackermann_msgs__rosidl_generator_py.so
-- Installing: /home/misys/f1tenth_ws/install/ackermann_msgs/local/lib/python3.10/dist-packages/ackermann_msgs/msg
-- Installing: /home/misys/f1tenth_ws/install/ackermann_msgs/local/lib/python3.10/dist-packages/ackermann_msgs/msg/_ackermann_drive_stamped.py
-- Installing: /home/misys/f1tenth_ws/install/ackermann_msgs/local/lib/python3.10/dist-packages/ackermann_msgs/msg/__init__.py
-- Installing: /home/misys/f1tenth_ws/install/ackermann_msgs/local/lib/python3.10/dist-packages/ackermann_msgs/msg/_ackermann_drive_s.c
-- Installing: /home/misys/f1tenth_ws/install/ackermann_msgs/local/lib/python3.10/dist-packages/ackermann_msgs/msg/_ackermann_drive_stamped_s.c
-- Installing: /home/misys/f1tenth_ws/install/ackermann_msgs/local/lib/python3.10/dist-packages/ackermann_msgs/msg/_ackermann_drive.py
-- Installing: /home/misys/f1tenth_ws/install/ackermann_msgs/local/lib/python3.10/dist-packages/ackermann_msgs/ackermann_msgs_s__rosidl_typesupport_fastrtps_c.cpython-310-x86_64-linux-gnu.so
-- Installing: /home/misys/f1tenth_ws/install/ackermann_msgs/local/lib/python3.10/dist-packages/ackermann_msgs/_ackermann_msgs_s.ep.rosidl_typesupport_fastrtps_c.c
-- Installing: /home/misys/f1tenth_ws/install/ackermann_msgs/local/lib/python3.10/dist-packages/ackermann_msgs/ackermann_msgs_s__rosidl_typesupport_introspection_c.cpython-310-x86_64-linux-gnu.so
-- Installing: /home/misys/f1tenth_ws/install/ackermann_msgs/local/lib/python3.10/dist-packages/ackermann_msgs/_ackermann_msgs_s.ep.rosidl_typesupport_introspection_c.c
-- Installing: /home/misys/f1tenth_ws/install/ackermann_msgs/local/lib/python3.10/dist-packages/ackermann_msgs/__init__.py
-- Installing: /home/misys/f1tenth_ws/install/ackermann_msgs/local/lib/python3.10/dist-packages/ackermann_msgs/ackermann_msgs_s__rosidl_typesupport_c.cpython-310-x86_64-linux-gnu.so
-- Installing: /home/misys/f1tenth_ws/install/ackermann_msgs/local/lib/python3.10/dist-packages/ackermann_msgs/_ackermann_msgs_s.ep.rosidl_typesupport_c.c
Listing '/home/misys/f1tenth_ws/install/ackermann_msgs/local/lib/python3.10/dist-packages/ackermann_msgs'...
Compiling '/home/misys/f1tenth_ws/install/ackermann_msgs/local/lib/python3.10/dist-packages/ackermann_msgs/__init__.py'...
Listing '/home/misys/f1tenth_ws/install/ackermann_msgs/local/lib/python3.10/dist-packages/ackermann_msgs/msg'...
Compiling '/home/misys/f1tenth_ws/install/ackermann_msgs/local/lib/python3.10/dist-packages/ackermann_msgs/msg/__init__.py'...
Compiling '/home/misys/f1tenth_ws/install/ackermann_msgs/local/lib/python3.10/dist-packages/ackermann_msgs/msg/_ackermann_drive.py'...
Compiling '/home/misys/f1tenth_ws/install/ackermann_msgs/local/lib/python3.10/dist-packages/ackermann_msgs/msg/_ackermann_drive_stamped.py'...
-- Installing: /home/misys/f1tenth_ws/install/ackermann_msgs/local/lib/python3.10/dist-packages/ackermann_msgs/ackermann_msgs_s__rosidl_typesupport_fastrtps_c.cpython-310-x86_64-linux-gnu.so
-- Set runtime path of "/home/misys/f1tenth_ws/install/ackermann_msgs/local/lib/python3.10/dist-packages/ackermann_msgs/ackermann_msgs_s__rosidl_typesupport_fastrtps_c.cpython-310-x86_64-linux-gnu.so" to ""
-- Installing: /home/misys/f1tenth_ws/install/ackermann_msgs/local/lib/python3.10/dist-packages/ackermann_msgs/ackermann_msgs_s__rosidl_typesupport_introspection_c.cpython-310-x86_64-linux-gnu.so
-- Set runtime path of "/home/misys/f1tenth_ws/install/ackermann_msgs/local/lib/python3.10/dist-packages/ackermann_msgs/ackermann_msgs_s__rosidl_typesupport_introspection_c.cpython-310-x86_64-linux-gnu.so" to ""
-- Installing: /home/misys/f1tenth_ws/install/ackermann_msgs/local/lib/python3.10/dist-packages/ackermann_msgs/ackermann_msgs_s__rosidl_typesupport_c.cpython-310-x86_64-linux-gnu.so
-- Set runtime path of "/home/misys/f1tenth_ws/install/ackermann_msgs/local/lib/python3.10/dist-packages/ackermann_msgs/ackermann_msgs_s__rosidl_typesupport_c.cpython-310-x86_64-linux-gnu.so" to ""
-- Installing: /home/misys/f1tenth_ws/install/ackermann_msgs/lib/libackermann_msgs__rosidl_generator_py.so
-- Set runtime path of "/home/misys/f1tenth_ws/install/ackermann_msgs/lib/libackermann_msgs__rosidl_generator_py.so" to ""
-- Installing: /home/misys/f1tenth_ws/install/ackermann_msgs/share/ackermann_msgs/msg/AckermannDrive.idl
-- Installing: /home/misys/f1tenth_ws/install/ackermann_msgs/share/ackermann_msgs/msg/AckermannDriveStamped.idl
-- Installing: /home/misys/f1tenth_ws/install/ackermann_msgs/share/ackermann_msgs/msg/AckermannDrive.msg
-- Installing: /home/misys/f1tenth_ws/install/ackermann_msgs/share/ackermann_msgs/msg/AckermannDriveStamped.msg
-- Installing: /home/misys/f1tenth_ws/install/ackermann_msgs/share/ament_index/resource_index/package_run_dependencies/ackermann_msgs
-- Installing: /home/misys/f1tenth_ws/install/ackermann_msgs/share/ament_index/resource_index/parent_prefix_path/ackermann_msgs
-- Installing: /home/misys/f1tenth_ws/install/ackermann_msgs/share/ackermann_msgs/environment/ament_prefix_path.sh
-- Installing: /home/misys/f1tenth_ws/install/ackermann_msgs/share/ackermann_msgs/environment/ament_prefix_path.dsv
-- Installing: /home/misys/f1tenth_ws/install/ackermann_msgs/share/ackermann_msgs/environment/path.sh
-- Installing: /home/misys/f1tenth_ws/install/ackermann_msgs/share/ackermann_msgs/environment/path.dsv
-- Installing: /home/misys/f1tenth_ws/install/ackermann_msgs/share/ackermann_msgs/local_setup.bash
-- Installing: /home/misys/f1tenth_ws/install/ackermann_msgs/share/ackermann_msgs/local_setup.sh
-- Installing: /home/misys/f1tenth_ws/install/ackermann_msgs/share/ackermann_msgs/local_setup.zsh
-- Installing: /home/misys/f1tenth_ws/install/ackermann_msgs/share/ackermann_msgs/local_setup.dsv
-- Installing: /home/misys/f1tenth_ws/install/ackermann_msgs/share/ackermann_msgs/package.dsv
-- Installing: /home/misys/f1tenth_ws/install/ackermann_msgs/share/ament_index/resource_index/packages/ackermann_msgs
-- Installing: /home/misys/f1tenth_ws/install/ackermann_msgs/share/ackermann_msgs/cmake/export_ackermann_msgs__rosidl_generator_cExport.cmake
-- Installing: /home/misys/f1tenth_ws/install/ackermann_msgs/share/ackermann_msgs/cmake/export_ackermann_msgs__rosidl_generator_cExport-noconfig.cmake
-- Installing: /home/misys/f1tenth_ws/install/ackermann_msgs/share/ackermann_msgs/cmake/export_ackermann_msgs__rosidl_typesupport_fastrtps_cExport.cmake
-- Installing: /home/misys/f1tenth_ws/install/ackermann_msgs/share/ackermann_msgs/cmake/export_ackermann_msgs__rosidl_typesupport_fastrtps_cExport-noconfig.cmake
-- Installing: /home/misys/f1tenth_ws/install/ackermann_msgs/share/ackermann_msgs/cmake/ackermann_msgs__rosidl_typesupport_introspection_cExport.cmake
-- Installing: /home/misys/f1tenth_ws/install/ackermann_msgs/share/ackermann_msgs/cmake/ackermann_msgs__rosidl_typesupport_introspection_cExport-noconfig.cmake
-- Installing: /home/misys/f1tenth_ws/install/ackermann_msgs/share/ackermann_msgs/cmake/ackermann_msgs__rosidl_typesupport_cExport.cmake
-- Installing: /home/misys/f1tenth_ws/install/ackermann_msgs/share/ackermann_msgs/cmake/ackermann_msgs__rosidl_typesupport_cExport-noconfig.cmake
-- Installing: /home/misys/f1tenth_ws/install/ackermann_msgs/share/ackermann_msgs/cmake/export_ackermann_msgs__rosidl_generator_cppExport.cmake
-- Installing: /home/misys/f1tenth_ws/install/ackermann_msgs/share/ackermann_msgs/cmake/export_ackermann_msgs__rosidl_typesupport_fastrtps_cppExport.cmake
-- Installing: /home/misys/f1tenth_ws/install/ackermann_msgs/share/ackermann_msgs/cmake/export_ackermann_msgs__rosidl_typesupport_fastrtps_cppExport-noconfig.cmake
-- Installing: /home/misys/f1tenth_ws/install/ackermann_msgs/share/ackermann_msgs/cmake/ackermann_msgs__rosidl_typesupport_introspection_cppExport.cmake
-- Installing: /home/misys/f1tenth_ws/install/ackermann_msgs/share/ackermann_msgs/cmake/ackermann_msgs__rosidl_typesupport_introspection_cppExport-noconfig.cmake
-- Installing: /home/misys/f1tenth_ws/install/ackermann_msgs/share/ackermann_msgs/cmake/ackermann_msgs__rosidl_typesupport_cppExport.cmake
-- Installing: /home/misys/f1tenth_ws/install/ackermann_msgs/share/ackermann_msgs/cmake/ackermann_msgs__rosidl_typesupport_cppExport-noconfig.cmake
-- Installing: /home/misys/f1tenth_ws/install/ackermann_msgs/share/ackermann_msgs/cmake/export_ackermann_msgs__rosidl_generator_pyExport.cmake
-- Installing: /home/misys/f1tenth_ws/install/ackermann_msgs/share/ackermann_msgs/cmake/export_ackermann_msgs__rosidl_generator_pyExport-noconfig.cmake
-- Installing: /home/misys/f1tenth_ws/install/ackermann_msgs/share/ackermann_msgs/cmake/rosidl_cmake-extras.cmake
-- Installing: /home/misys/f1tenth_ws/install/ackermann_msgs/share/ackermann_msgs/cmake/ament_cmake_export_dependencies-extras.cmake
-- Installing: /home/misys/f1tenth_ws/install/ackermann_msgs/share/ackermann_msgs/cmake/ament_cmake_export_include_directories-extras.cmake
-- Installing: /home/misys/f1tenth_ws/install/ackermann_msgs/share/ackermann_msgs/cmake/ament_cmake_export_libraries-extras.cmake
-- Installing: /home/misys/f1tenth_ws/install/ackermann_msgs/share/ackermann_msgs/cmake/ament_cmake_export_targets-extras.cmake
-- Installing: /home/misys/f1tenth_ws/install/ackermann_msgs/share/ackermann_msgs/cmake/rosidl_cmake_export_typesupport_targets-extras.cmake
-- Installing: /home/misys/f1tenth_ws/install/ackermann_msgs/share/ackermann_msgs/cmake/rosidl_cmake_export_typesupport_libraries-extras.cmake
-- Installing: /home/misys/f1tenth_ws/install/ackermann_msgs/share/ackermann_msgs/cmake/ackermann_msgsConfig.cmake
-- Installing: /home/misys/f1tenth_ws/install/ackermann_msgs/share/ackermann_msgs/cmake/ackermann_msgsConfig-version.cmake
-- Installing: /home/misys/f1tenth_ws/install/ackermann_msgs/share/ackermann_msgs/package.xml
