[0.097s] Invoking command in '/home/misys/f1tenth_ws/build/ackermann_msgs': CMAKE_PREFIX_PATH=/opt/ros/humble /usr/bin/cmake /home/misys/f1tenth_ws/src/ackermann_msgs -DCMAKE_INSTALL_PREFIX=/home/misys/f1tenth_ws/install/ackermann_msgs
[2.704s] -- The C compiler identification is GNU 11.4.0
[2.707s] -- The CXX compiler identification is GNU 11.4.0
[2.707s] -- Detecting C compiler ABI info
[2.708s] -- Detecting C compiler ABI info - done
[2.708s] -- Check for working C compiler: /usr/bin/cc - skipped
[2.708s] -- Detecting C compile features
[2.708s] -- Detecting C compile features - done
[2.708s] -- Detecting CXX compiler ABI info
[2.709s] -- Detecting CXX compiler ABI info - done
[2.709s] -- Check for working CXX compiler: /usr/bin/c++ - skipped
[2.709s] -- Detecting CXX compile features
[2.709s] -- Detecting CXX compile features - done
[2.710s] -- Found ament_cmake: 1.3.12 (/opt/ros/humble/share/ament_cmake/cmake)
[2.710s] -- Found Python3: /usr/bin/python3 (found version "3.10.12") found components: Interpreter 
[2.710s] -- Found rosidl_default_generators: 1.2.0 (/opt/ros/humble/share/rosidl_default_generators/cmake)
[2.711s] -- Using all available rosidl_typesupport_c: rosidl_typesupport_fastrtps_c;rosidl_typesupport_introspection_c
[2.711s] -- Found rosidl_adapter: 3.1.7 (/opt/ros/humble/share/rosidl_adapter/cmake)
[2.711s] -- Using all available rosidl_typesupport_cpp: rosidl_typesupport_fastrtps_cpp;rosidl_typesupport_introspection_cpp
[2.711s] -- Found std_msgs: 4.9.0 (/opt/ros/humble/share/std_msgs/cmake)
[2.711s] -- Found ament_cmake_cppcheck: 0.12.14 (/opt/ros/humble/share/ament_cmake_cppcheck/cmake)
[2.712s] -- Found ament_cmake_cpplint: 0.12.14 (/opt/ros/humble/share/ament_cmake_cpplint/cmake)
[2.712s] -- Found ament_cmake_uncrustify: 0.12.14 (/opt/ros/humble/share/ament_cmake_uncrustify/cmake)
[2.712s] -- Found ament_cmake_ros: 0.10.0 (/opt/ros/humble/share/ament_cmake_ros/cmake)
[2.835s] -- Using all available rosidl_typesupport_c: rosidl_typesupport_fastrtps_c;rosidl_typesupport_introspection_c
[3.632s] -- Using all available rosidl_typesupport_cpp: rosidl_typesupport_fastrtps_cpp;rosidl_typesupport_introspection_cpp
[3.709s] -- Found PythonInterp: /usr/bin/python3 (found suitable version "3.10.12", minimum required is "3.6") 
[3.715s] -- Found python_cmake_module: 0.10.0 (/opt/ros/humble/share/python_cmake_module/cmake)
[3.784s] -- Found PythonLibs: /usr/lib/x86_64-linux-gnu/libpython3.10.so (found suitable version "3.10.12", minimum required is "3.5") 
[3.785s] -- Using PYTHON_EXECUTABLE: /usr/bin/python3
[3.785s] -- Using PYTHON_INCLUDE_DIRS: /usr/include/python3.10
[3.785s] -- Using PYTHON_LIBRARIES: /usr/lib/x86_64-linux-gnu/libpython3.10.so
[3.883s] -- Found PythonExtra: .so  
[4.012s] -- Found ament_cmake_flake8: 0.12.14 (/opt/ros/humble/share/ament_cmake_flake8/cmake)
[4.020s] -- Found ament_cmake_pep257: 0.12.14 (/opt/ros/humble/share/ament_cmake_pep257/cmake)
[4.084s] -- Configuring done
[4.197s] -- Generating done
[4.233s] -- Build files have been written to: /home/misys/f1tenth_ws/build/ackermann_msgs
[4.253s] Invoked command in '/home/misys/f1tenth_ws/build/ackermann_msgs' returned '0': CMAKE_PREFIX_PATH=/opt/ros/humble /usr/bin/cmake /home/misys/f1tenth_ws/src/ackermann_msgs -DCMAKE_INSTALL_PREFIX=/home/misys/f1tenth_ws/install/ackermann_msgs
[4.255s] Invoking command in '/home/misys/f1tenth_ws/build/ackermann_msgs': CMAKE_PREFIX_PATH=/opt/ros/humble /usr/bin/cmake --build /home/misys/f1tenth_ws/build/ackermann_msgs -- -j16 -l16
[4.408s] [  2%] Generating C code for ROS interfaces
[4.465s] [  5%] Generating C++ code for ROS interfaces
[4.516s] [  5%] Built target ament_cmake_python_copy_ackermann_msgs
[5.409s] running egg_info
[5.412s] creating ackermann_msgs.egg-info
[5.414s] writing ackermann_msgs.egg-info/PKG-INFO
[5.415s] writing dependency_links to ackermann_msgs.egg-info/dependency_links.txt
[5.419s] writing top-level names to ackermann_msgs.egg-info/top_level.txt
[5.420s] writing manifest file 'ackermann_msgs.egg-info/SOURCES.txt'
[5.425s] reading manifest file 'ackermann_msgs.egg-info/SOURCES.txt'
[5.428s] writing manifest file 'ackermann_msgs.egg-info/SOURCES.txt'
[5.530s] [  5%] Built target ament_cmake_python_build_ackermann_msgs_egg
[6.087s] [  7%] Building C object CMakeFiles/ackermann_msgs__rosidl_generator_c.dir/rosidl_generator_c/ackermann_msgs/msg/detail/ackermann_drive__functions.c.o
[6.101s] [ 10%] Building C object CMakeFiles/ackermann_msgs__rosidl_generator_c.dir/rosidl_generator_c/ackermann_msgs/msg/detail/ackermann_drive_stamped__functions.c.o
[6.464s] [ 12%] Linking C shared library libackermann_msgs__rosidl_generator_c.so
[6.659s] [ 12%] Built target ackermann_msgs__cpp
[6.714s] [ 15%] Generating C++ type support dispatch for ROS interfaces
[6.720s] [ 15%] Built target ackermann_msgs__rosidl_generator_c
[6.720s] [ 17%] Generating C++ type support for eProsima Fast-RTPS
[6.726s] [ 20%] Generating C++ introspection for ROS interfaces
[6.801s] [ 23%] Generating C introspection for ROS interfaces
[6.826s] [ 25%] Generating C type support dispatch for ROS interfaces
[6.834s] [ 28%] Generating C type support for eProsima Fast-RTPS
[9.566s] [ 30%] Building C object CMakeFiles/ackermann_msgs__rosidl_typesupport_introspection_c.dir/rosidl_typesupport_introspection_c/ackermann_msgs/msg/detail/ackermann_drive__type_support.c.o
[9.621s] [ 33%] Building C object CMakeFiles/ackermann_msgs__rosidl_typesupport_introspection_c.dir/rosidl_typesupport_introspection_c/ackermann_msgs/msg/detail/ackermann_drive_stamped__type_support.c.o
[9.907s] [ 35%] Linking C shared library libackermann_msgs__rosidl_typesupport_introspection_c.so
[10.138s] [ 38%] Building CXX object CMakeFiles/ackermann_msgs__rosidl_typesupport_cpp.dir/rosidl_typesupport_cpp/ackermann_msgs/msg/ackermann_drive__type_support.cpp.o
[10.154s] [ 38%] Built target ackermann_msgs__rosidl_typesupport_introspection_c
[10.162s] [ 41%] Building CXX object CMakeFiles/ackermann_msgs__rosidl_typesupport_cpp.dir/rosidl_typesupport_cpp/ackermann_msgs/msg/ackermann_drive_stamped__type_support.cpp.o
[10.219s] [ 43%] Building CXX object CMakeFiles/ackermann_msgs__rosidl_typesupport_fastrtps_cpp.dir/rosidl_typesupport_fastrtps_cpp/ackermann_msgs/msg/detail/dds_fastrtps/ackermann_drive__type_support.cpp.o
[10.236s] [ 46%] Building CXX object CMakeFiles/ackermann_msgs__rosidl_typesupport_fastrtps_cpp.dir/rosidl_typesupport_fastrtps_cpp/ackermann_msgs/msg/detail/dds_fastrtps/ackermann_drive_stamped__type_support.cpp.o
[10.509s] [ 48%] Building CXX object CMakeFiles/ackermann_msgs__rosidl_typesupport_c.dir/rosidl_typesupport_c/ackermann_msgs/msg/ackermann_drive__type_support.cpp.o
[10.514s] [ 51%] Building CXX object CMakeFiles/ackermann_msgs__rosidl_typesupport_c.dir/rosidl_typesupport_c/ackermann_msgs/msg/ackermann_drive_stamped__type_support.cpp.o
[10.700s] [ 53%] Linking CXX shared library libackermann_msgs__rosidl_typesupport_c.so
[10.972s] [ 53%] Built target ackermann_msgs__rosidl_typesupport_c
[11.004s] [ 56%] Building CXX object CMakeFiles/ackermann_msgs__rosidl_typesupport_fastrtps_c.dir/rosidl_typesupport_fastrtps_c/ackermann_msgs/msg/detail/ackermann_drive__type_support_c.cpp.o
[11.040s] [ 58%] Building CXX object CMakeFiles/ackermann_msgs__rosidl_typesupport_fastrtps_c.dir/rosidl_typesupport_fastrtps_c/ackermann_msgs/msg/detail/ackermann_drive_stamped__type_support_c.cpp.o
[11.504s] [ 61%] Building CXX object CMakeFiles/ackermann_msgs__rosidl_typesupport_introspection_cpp.dir/rosidl_typesupport_introspection_cpp/ackermann_msgs/msg/detail/ackermann_drive__type_support.cpp.o
[11.505s] [ 64%] Building CXX object CMakeFiles/ackermann_msgs__rosidl_typesupport_introspection_cpp.dir/rosidl_typesupport_introspection_cpp/ackermann_msgs/msg/detail/ackermann_drive_stamped__type_support.cpp.o
[12.498s] [ 66%] Linking CXX shared library libackermann_msgs__rosidl_typesupport_fastrtps_cpp.so
[12.921s] [ 69%] Linking CXX shared library libackermann_msgs__rosidl_typesupport_cpp.so
[13.083s] [ 69%] Built target ackermann_msgs__rosidl_typesupport_fastrtps_cpp
[13.256s] [ 69%] Built target ackermann_msgs__rosidl_typesupport_cpp
[14.020s] [ 71%] Linking CXX shared library libackermann_msgs__rosidl_typesupport_fastrtps_c.so
[14.455s] [ 71%] Built target ackermann_msgs__rosidl_typesupport_fastrtps_c
[14.600s] [ 74%] Linking CXX shared library libackermann_msgs__rosidl_typesupport_introspection_cpp.so
[15.069s] [ 74%] Built target ackermann_msgs__rosidl_typesupport_introspection_cpp
[15.175s] [ 74%] Built target ackermann_msgs
[15.310s] [ 76%] Generating Python code for ROS interfaces
[18.270s] [ 76%] Built target ackermann_msgs__py
[18.379s] [ 79%] Building C object CMakeFiles/ackermann_msgs__rosidl_generator_py.dir/rosidl_generator_py/ackermann_msgs/msg/_ackermann_drive_s.c.o
[18.381s] [ 82%] Building C object CMakeFiles/ackermann_msgs__rosidl_generator_py.dir/rosidl_generator_py/ackermann_msgs/msg/_ackermann_drive_stamped_s.c.o
[18.948s] [ 84%] Linking C shared library rosidl_generator_py/ackermann_msgs/libackermann_msgs__rosidl_generator_py.so
[19.175s] [ 84%] Built target ackermann_msgs__rosidl_generator_py
[19.286s] [ 87%] Building C object CMakeFiles/ackermann_msgs__rosidl_typesupport_fastrtps_c__pyext.dir/rosidl_generator_py/ackermann_msgs/_ackermann_msgs_s.ep.rosidl_typesupport_fastrtps_c.c.o
[19.286s] [ 89%] Building C object CMakeFiles/ackermann_msgs__rosidl_typesupport_c__pyext.dir/rosidl_generator_py/ackermann_msgs/_ackermann_msgs_s.ep.rosidl_typesupport_c.c.o
[19.313s] [ 92%] Building C object CMakeFiles/ackermann_msgs__rosidl_typesupport_introspection_c__pyext.dir/rosidl_generator_py/ackermann_msgs/_ackermann_msgs_s.ep.rosidl_typesupport_introspection_c.c.o
[19.682s] [ 94%] Linking C shared library rosidl_generator_py/ackermann_msgs/ackermann_msgs_s__rosidl_typesupport_fastrtps_c.cpython-310-x86_64-linux-gnu.so
[19.764s] [ 97%] Linking C shared library rosidl_generator_py/ackermann_msgs/ackermann_msgs_s__rosidl_typesupport_introspection_c.cpython-310-x86_64-linux-gnu.so
[19.851s] [ 97%] Built target ackermann_msgs__rosidl_typesupport_fastrtps_c__pyext
[19.891s] [100%] Linking C shared library rosidl_generator_py/ackermann_msgs/ackermann_msgs_s__rosidl_typesupport_c.cpython-310-x86_64-linux-gnu.so
[19.994s] [100%] Built target ackermann_msgs__rosidl_typesupport_introspection_c__pyext
[20.071s] [100%] Built target ackermann_msgs__rosidl_typesupport_c__pyext
[20.151s] Invoked command in '/home/misys/f1tenth_ws/build/ackermann_msgs' returned '0': CMAKE_PREFIX_PATH=/opt/ros/humble /usr/bin/cmake --build /home/misys/f1tenth_ws/build/ackermann_msgs -- -j16 -l16
[20.152s] Invoking command in '/home/misys/f1tenth_ws/build/ackermann_msgs': CMAKE_PREFIX_PATH=/opt/ros/humble /usr/bin/cmake --install /home/misys/f1tenth_ws/build/ackermann_msgs
[20.215s] -- Install configuration: ""
[20.215s] -- Installing: /home/misys/f1tenth_ws/install/ackermann_msgs/share/ament_index/resource_index/rosidl_interfaces/ackermann_msgs
[20.215s] -- Installing: /home/misys/f1tenth_ws/install/ackermann_msgs/include/ackermann_msgs/ackermann_msgs
[20.215s] -- Installing: /home/misys/f1tenth_ws/install/ackermann_msgs/include/ackermann_msgs/ackermann_msgs/msg
[20.222s] -- Installing: /home/misys/f1tenth_ws/install/ackermann_msgs/include/ackermann_msgs/ackermann_msgs/msg/ackermann_drive.h
[20.226s] -- Installing: /home/misys/f1tenth_ws/install/ackermann_msgs/include/ackermann_msgs/ackermann_msgs/msg/ackermann_drive_stamped.h
[20.226s] -- Installing: /home/misys/f1tenth_ws/install/ackermann_msgs/include/ackermann_msgs/ackermann_msgs/msg/detail
[20.226s] -- Installing: /home/misys/f1tenth_ws/install/ackermann_msgs/include/ackermann_msgs/ackermann_msgs/msg/detail/ackermann_drive__struct.h
[20.226s] -- Installing: /home/misys/f1tenth_ws/install/ackermann_msgs/include/ackermann_msgs/ackermann_msgs/msg/detail/ackermann_drive__functions.c
[20.226s] -- Installing: /home/misys/f1tenth_ws/install/ackermann_msgs/include/ackermann_msgs/ackermann_msgs/msg/detail/ackermann_drive__functions.h
[20.227s] -- Installing: /home/misys/f1tenth_ws/install/ackermann_msgs/include/ackermann_msgs/ackermann_msgs/msg/detail/ackermann_drive__type_support.h
[20.235s] -- Installing: /home/misys/f1tenth_ws/install/ackermann_msgs/include/ackermann_msgs/ackermann_msgs/msg/detail/ackermann_drive_stamped__functions.h
[20.235s] -- Installing: /home/misys/f1tenth_ws/install/ackermann_msgs/include/ackermann_msgs/ackermann_msgs/msg/detail/ackermann_drive_stamped__type_support.h
[20.235s] -- Installing: /home/misys/f1tenth_ws/install/ackermann_msgs/include/ackermann_msgs/ackermann_msgs/msg/detail/ackermann_drive_stamped__struct.h
[20.235s] -- Installing: /home/misys/f1tenth_ws/install/ackermann_msgs/include/ackermann_msgs/ackermann_msgs/msg/detail/ackermann_drive_stamped__functions.c
[20.235s] -- Installing: /home/misys/f1tenth_ws/install/ackermann_msgs/include/ackermann_msgs/ackermann_msgs/msg/rosidl_generator_c__visibility_control.h
[20.236s] -- Installing: /home/misys/f1tenth_ws/install/ackermann_msgs/share/ackermann_msgs/environment/library_path.sh
[20.243s] -- Installing: /home/misys/f1tenth_ws/install/ackermann_msgs/share/ackermann_msgs/environment/library_path.dsv
[20.243s] -- Installing: /home/misys/f1tenth_ws/install/ackermann_msgs/lib/libackermann_msgs__rosidl_generator_c.so
[20.244s] -- Set runtime path of "/home/misys/f1tenth_ws/install/ackermann_msgs/lib/libackermann_msgs__rosidl_generator_c.so" to ""
[20.251s] -- Up-to-date: /home/misys/f1tenth_ws/install/ackermann_msgs/include/ackermann_msgs/ackermann_msgs
[20.251s] -- Up-to-date: /home/misys/f1tenth_ws/install/ackermann_msgs/include/ackermann_msgs/ackermann_msgs/msg
[20.251s] -- Installing: /home/misys/f1tenth_ws/install/ackermann_msgs/include/ackermann_msgs/ackermann_msgs/msg/rosidl_typesupport_fastrtps_c__visibility_control.h
[20.251s] -- Up-to-date: /home/misys/f1tenth_ws/install/ackermann_msgs/include/ackermann_msgs/ackermann_msgs/msg/detail
[20.251s] -- Installing: /home/misys/f1tenth_ws/install/ackermann_msgs/include/ackermann_msgs/ackermann_msgs/msg/detail/ackermann_drive_stamped__rosidl_typesupport_fastrtps_c.h
[20.251s] -- Installing: /home/misys/f1tenth_ws/install/ackermann_msgs/include/ackermann_msgs/ackermann_msgs/msg/detail/ackermann_drive__rosidl_typesupport_fastrtps_c.h
[20.252s] -- Installing: /home/misys/f1tenth_ws/install/ackermann_msgs/lib/libackermann_msgs__rosidl_typesupport_fastrtps_c.so
[20.259s] -- Set runtime path of "/home/misys/f1tenth_ws/install/ackermann_msgs/lib/libackermann_msgs__rosidl_typesupport_fastrtps_c.so" to ""
[20.259s] -- Up-to-date: /home/misys/f1tenth_ws/install/ackermann_msgs/include/ackermann_msgs/ackermann_msgs
[20.259s] -- Up-to-date: /home/misys/f1tenth_ws/install/ackermann_msgs/include/ackermann_msgs/ackermann_msgs/msg
[20.259s] -- Installing: /home/misys/f1tenth_ws/install/ackermann_msgs/include/ackermann_msgs/ackermann_msgs/msg/rosidl_typesupport_introspection_c__visibility_control.h
[20.259s] -- Up-to-date: /home/misys/f1tenth_ws/install/ackermann_msgs/include/ackermann_msgs/ackermann_msgs/msg/detail
[20.259s] -- Installing: /home/misys/f1tenth_ws/install/ackermann_msgs/include/ackermann_msgs/ackermann_msgs/msg/detail/ackermann_drive_stamped__rosidl_typesupport_introspection_c.h
[20.260s] -- Installing: /home/misys/f1tenth_ws/install/ackermann_msgs/include/ackermann_msgs/ackermann_msgs/msg/detail/ackermann_drive__rosidl_typesupport_introspection_c.h
[20.260s] -- Installing: /home/misys/f1tenth_ws/install/ackermann_msgs/include/ackermann_msgs/ackermann_msgs/msg/detail/ackermann_drive_stamped__type_support.c
[20.268s] -- Installing: /home/misys/f1tenth_ws/install/ackermann_msgs/include/ackermann_msgs/ackermann_msgs/msg/detail/ackermann_drive__type_support.c
[20.268s] -- Installing: /home/misys/f1tenth_ws/install/ackermann_msgs/lib/libackermann_msgs__rosidl_typesupport_introspection_c.so
[20.268s] -- Set runtime path of "/home/misys/f1tenth_ws/install/ackermann_msgs/lib/libackermann_msgs__rosidl_typesupport_introspection_c.so" to ""
[20.268s] -- Installing: /home/misys/f1tenth_ws/install/ackermann_msgs/lib/libackermann_msgs__rosidl_typesupport_c.so
[20.270s] -- Set runtime path of "/home/misys/f1tenth_ws/install/ackermann_msgs/lib/libackermann_msgs__rosidl_typesupport_c.so" to ""
[20.277s] -- Up-to-date: /home/misys/f1tenth_ws/install/ackermann_msgs/include/ackermann_msgs/ackermann_msgs
[20.277s] -- Up-to-date: /home/misys/f1tenth_ws/install/ackermann_msgs/include/ackermann_msgs/ackermann_msgs/msg
[20.277s] -- Installing: /home/misys/f1tenth_ws/install/ackermann_msgs/include/ackermann_msgs/ackermann_msgs/msg/rosidl_generator_cpp__visibility_control.hpp
[20.277s] -- Installing: /home/misys/f1tenth_ws/install/ackermann_msgs/include/ackermann_msgs/ackermann_msgs/msg/ackermann_drive.hpp
[20.277s] -- Installing: /home/misys/f1tenth_ws/install/ackermann_msgs/include/ackermann_msgs/ackermann_msgs/msg/ackermann_drive_stamped.hpp
[20.277s] -- Up-to-date: /home/misys/f1tenth_ws/install/ackermann_msgs/include/ackermann_msgs/ackermann_msgs/msg/detail
[20.278s] -- Installing: /home/misys/f1tenth_ws/install/ackermann_msgs/include/ackermann_msgs/ackermann_msgs/msg/detail/ackermann_drive__struct.hpp
[20.278s] -- Installing: /home/misys/f1tenth_ws/install/ackermann_msgs/include/ackermann_msgs/ackermann_msgs/msg/detail/ackermann_drive_stamped__traits.hpp
[20.285s] -- Installing: /home/misys/f1tenth_ws/install/ackermann_msgs/include/ackermann_msgs/ackermann_msgs/msg/detail/ackermann_drive__type_support.hpp
[20.285s] -- Installing: /home/misys/f1tenth_ws/install/ackermann_msgs/include/ackermann_msgs/ackermann_msgs/msg/detail/ackermann_drive_stamped__struct.hpp
[20.285s] -- Installing: /home/misys/f1tenth_ws/install/ackermann_msgs/include/ackermann_msgs/ackermann_msgs/msg/detail/ackermann_drive__traits.hpp
[20.285s] -- Installing: /home/misys/f1tenth_ws/install/ackermann_msgs/include/ackermann_msgs/ackermann_msgs/msg/detail/ackermann_drive_stamped__builder.hpp
[20.285s] -- Installing: /home/misys/f1tenth_ws/install/ackermann_msgs/include/ackermann_msgs/ackermann_msgs/msg/detail/ackermann_drive__builder.hpp
[20.285s] -- Installing: /home/misys/f1tenth_ws/install/ackermann_msgs/include/ackermann_msgs/ackermann_msgs/msg/detail/ackermann_drive_stamped__type_support.hpp
[20.293s] -- Up-to-date: /home/misys/f1tenth_ws/install/ackermann_msgs/include/ackermann_msgs/ackermann_msgs
[20.293s] -- Up-to-date: /home/misys/f1tenth_ws/install/ackermann_msgs/include/ackermann_msgs/ackermann_msgs/msg
[20.293s] -- Installing: /home/misys/f1tenth_ws/install/ackermann_msgs/include/ackermann_msgs/ackermann_msgs/msg/rosidl_typesupport_fastrtps_cpp__visibility_control.h
[20.294s] -- Up-to-date: /home/misys/f1tenth_ws/install/ackermann_msgs/include/ackermann_msgs/ackermann_msgs/msg/detail
[20.294s] -- Installing: /home/misys/f1tenth_ws/install/ackermann_msgs/include/ackermann_msgs/ackermann_msgs/msg/detail/dds_fastrtps
[20.294s] -- Installing: /home/misys/f1tenth_ws/install/ackermann_msgs/include/ackermann_msgs/ackermann_msgs/msg/detail/ackermann_drive__rosidl_typesupport_fastrtps_cpp.hpp
[20.294s] -- Installing: /home/misys/f1tenth_ws/install/ackermann_msgs/include/ackermann_msgs/ackermann_msgs/msg/detail/ackermann_drive_stamped__rosidl_typesupport_fastrtps_cpp.hpp
[20.294s] -- Installing: /home/misys/f1tenth_ws/install/ackermann_msgs/lib/libackermann_msgs__rosidl_typesupport_fastrtps_cpp.so
[20.297s] -- Set runtime path of "/home/misys/f1tenth_ws/install/ackermann_msgs/lib/libackermann_msgs__rosidl_typesupport_fastrtps_cpp.so" to ""
[20.301s] -- Up-to-date: /home/misys/f1tenth_ws/install/ackermann_msgs/include/ackermann_msgs/ackermann_msgs
[20.302s] -- Up-to-date: /home/misys/f1tenth_ws/install/ackermann_msgs/include/ackermann_msgs/ackermann_msgs/msg
[20.304s] -- Up-to-date: /home/misys/f1tenth_ws/install/ackermann_msgs/include/ackermann_msgs/ackermann_msgs/msg/detail
[20.304s] -- Installing: /home/misys/f1tenth_ws/install/ackermann_msgs/include/ackermann_msgs/ackermann_msgs/msg/detail/ackermann_drive_stamped__rosidl_typesupport_introspection_cpp.hpp
[20.304s] -- Installing: /home/misys/f1tenth_ws/install/ackermann_msgs/include/ackermann_msgs/ackermann_msgs/msg/detail/ackermann_drive__rosidl_typesupport_introspection_cpp.hpp
[20.305s] -- Installing: /home/misys/f1tenth_ws/install/ackermann_msgs/include/ackermann_msgs/ackermann_msgs/msg/detail/ackermann_drive_stamped__type_support.cpp
[20.312s] -- Installing: /home/misys/f1tenth_ws/install/ackermann_msgs/include/ackermann_msgs/ackermann_msgs/msg/detail/ackermann_drive__type_support.cpp
[20.312s] -- Installing: /home/misys/f1tenth_ws/install/ackermann_msgs/lib/libackermann_msgs__rosidl_typesupport_introspection_cpp.so
[20.312s] -- Set runtime path of "/home/misys/f1tenth_ws/install/ackermann_msgs/lib/libackermann_msgs__rosidl_typesupport_introspection_cpp.so" to ""
[20.313s] -- Installing: /home/misys/f1tenth_ws/install/ackermann_msgs/lib/libackermann_msgs__rosidl_typesupport_cpp.so
[20.315s] -- Set runtime path of "/home/misys/f1tenth_ws/install/ackermann_msgs/lib/libackermann_msgs__rosidl_typesupport_cpp.so" to ""
[20.321s] -- Installing: /home/misys/f1tenth_ws/install/ackermann_msgs/share/ackermann_msgs/environment/pythonpath.sh
[20.321s] -- Installing: /home/misys/f1tenth_ws/install/ackermann_msgs/share/ackermann_msgs/environment/pythonpath.dsv
[20.321s] -- Installing: /home/misys/f1tenth_ws/install/ackermann_msgs/local/lib/python3.10/dist-packages/ackermann_msgs-2.0.2-py3.10.egg-info
[20.322s] -- Installing: /home/misys/f1tenth_ws/install/ackermann_msgs/local/lib/python3.10/dist-packages/ackermann_msgs-2.0.2-py3.10.egg-info/top_level.txt
[20.329s] -- Installing: /home/misys/f1tenth_ws/install/ackermann_msgs/local/lib/python3.10/dist-packages/ackermann_msgs-2.0.2-py3.10.egg-info/PKG-INFO
[20.329s] -- Installing: /home/misys/f1tenth_ws/install/ackermann_msgs/local/lib/python3.10/dist-packages/ackermann_msgs-2.0.2-py3.10.egg-info/SOURCES.txt
[20.329s] -- Installing: /home/misys/f1tenth_ws/install/ackermann_msgs/local/lib/python3.10/dist-packages/ackermann_msgs-2.0.2-py3.10.egg-info/dependency_links.txt
[20.329s] -- Installing: /home/misys/f1tenth_ws/install/ackermann_msgs/local/lib/python3.10/dist-packages/ackermann_msgs
[20.329s] -- Installing: /home/misys/f1tenth_ws/install/ackermann_msgs/local/lib/python3.10/dist-packages/ackermann_msgs/libackermann_msgs__rosidl_generator_py.so
[20.330s] -- Installing: /home/misys/f1tenth_ws/install/ackermann_msgs/local/lib/python3.10/dist-packages/ackermann_msgs/msg
[20.330s] -- Installing: /home/misys/f1tenth_ws/install/ackermann_msgs/local/lib/python3.10/dist-packages/ackermann_msgs/msg/_ackermann_drive_stamped.py
[20.331s] -- Installing: /home/misys/f1tenth_ws/install/ackermann_msgs/local/lib/python3.10/dist-packages/ackermann_msgs/msg/__init__.py
[20.338s] -- Installing: /home/misys/f1tenth_ws/install/ackermann_msgs/local/lib/python3.10/dist-packages/ackermann_msgs/msg/_ackermann_drive_s.c
[20.338s] -- Installing: /home/misys/f1tenth_ws/install/ackermann_msgs/local/lib/python3.10/dist-packages/ackermann_msgs/msg/_ackermann_drive_stamped_s.c
[20.338s] -- Installing: /home/misys/f1tenth_ws/install/ackermann_msgs/local/lib/python3.10/dist-packages/ackermann_msgs/msg/_ackermann_drive.py
[20.338s] -- Installing: /home/misys/f1tenth_ws/install/ackermann_msgs/local/lib/python3.10/dist-packages/ackermann_msgs/ackermann_msgs_s__rosidl_typesupport_fastrtps_c.cpython-310-x86_64-linux-gnu.so
[20.338s] -- Installing: /home/misys/f1tenth_ws/install/ackermann_msgs/local/lib/python3.10/dist-packages/ackermann_msgs/_ackermann_msgs_s.ep.rosidl_typesupport_fastrtps_c.c
[20.338s] -- Installing: /home/misys/f1tenth_ws/install/ackermann_msgs/local/lib/python3.10/dist-packages/ackermann_msgs/ackermann_msgs_s__rosidl_typesupport_introspection_c.cpython-310-x86_64-linux-gnu.so
[20.346s] -- Installing: /home/misys/f1tenth_ws/install/ackermann_msgs/local/lib/python3.10/dist-packages/ackermann_msgs/_ackermann_msgs_s.ep.rosidl_typesupport_introspection_c.c
[20.346s] -- Installing: /home/misys/f1tenth_ws/install/ackermann_msgs/local/lib/python3.10/dist-packages/ackermann_msgs/__init__.py
[20.346s] -- Installing: /home/misys/f1tenth_ws/install/ackermann_msgs/local/lib/python3.10/dist-packages/ackermann_msgs/ackermann_msgs_s__rosidl_typesupport_c.cpython-310-x86_64-linux-gnu.so
[20.346s] -- Installing: /home/misys/f1tenth_ws/install/ackermann_msgs/local/lib/python3.10/dist-packages/ackermann_msgs/_ackermann_msgs_s.ep.rosidl_typesupport_c.c
[20.592s] Listing '/home/misys/f1tenth_ws/install/ackermann_msgs/local/lib/python3.10/dist-packages/ackermann_msgs'...
[20.592s] Compiling '/home/misys/f1tenth_ws/install/ackermann_msgs/local/lib/python3.10/dist-packages/ackermann_msgs/__init__.py'...
[20.592s] Listing '/home/misys/f1tenth_ws/install/ackermann_msgs/local/lib/python3.10/dist-packages/ackermann_msgs/msg'...
[20.592s] Compiling '/home/misys/f1tenth_ws/install/ackermann_msgs/local/lib/python3.10/dist-packages/ackermann_msgs/msg/__init__.py'...
[20.592s] Compiling '/home/misys/f1tenth_ws/install/ackermann_msgs/local/lib/python3.10/dist-packages/ackermann_msgs/msg/_ackermann_drive.py'...
[20.593s] Compiling '/home/misys/f1tenth_ws/install/ackermann_msgs/local/lib/python3.10/dist-packages/ackermann_msgs/msg/_ackermann_drive_stamped.py'...
[20.623s] -- Installing: /home/misys/f1tenth_ws/install/ackermann_msgs/local/lib/python3.10/dist-packages/ackermann_msgs/ackermann_msgs_s__rosidl_typesupport_fastrtps_c.cpython-310-x86_64-linux-gnu.so
[20.623s] -- Set runtime path of "/home/misys/f1tenth_ws/install/ackermann_msgs/local/lib/python3.10/dist-packages/ackermann_msgs/ackermann_msgs_s__rosidl_typesupport_fastrtps_c.cpython-310-x86_64-linux-gnu.so" to ""
[20.627s] -- Installing: /home/misys/f1tenth_ws/install/ackermann_msgs/local/lib/python3.10/dist-packages/ackermann_msgs/ackermann_msgs_s__rosidl_typesupport_introspection_c.cpython-310-x86_64-linux-gnu.so
[20.627s] -- Set runtime path of "/home/misys/f1tenth_ws/install/ackermann_msgs/local/lib/python3.10/dist-packages/ackermann_msgs/ackermann_msgs_s__rosidl_typesupport_introspection_c.cpython-310-x86_64-linux-gnu.so" to ""
[20.632s] -- Installing: /home/misys/f1tenth_ws/install/ackermann_msgs/local/lib/python3.10/dist-packages/ackermann_msgs/ackermann_msgs_s__rosidl_typesupport_c.cpython-310-x86_64-linux-gnu.so
[20.633s] -- Set runtime path of "/home/misys/f1tenth_ws/install/ackermann_msgs/local/lib/python3.10/dist-packages/ackermann_msgs/ackermann_msgs_s__rosidl_typesupport_c.cpython-310-x86_64-linux-gnu.so" to ""
[20.634s] -- Installing: /home/misys/f1tenth_ws/install/ackermann_msgs/lib/libackermann_msgs__rosidl_generator_py.so
[20.635s] -- Set runtime path of "/home/misys/f1tenth_ws/install/ackermann_msgs/lib/libackermann_msgs__rosidl_generator_py.so" to ""
[20.635s] -- Installing: /home/misys/f1tenth_ws/install/ackermann_msgs/share/ackermann_msgs/msg/AckermannDrive.idl
[20.642s] -- Installing: /home/misys/f1tenth_ws/install/ackermann_msgs/share/ackermann_msgs/msg/AckermannDriveStamped.idl
[20.642s] -- Installing: /home/misys/f1tenth_ws/install/ackermann_msgs/share/ackermann_msgs/msg/AckermannDrive.msg
[20.642s] -- Installing: /home/misys/f1tenth_ws/install/ackermann_msgs/share/ackermann_msgs/msg/AckermannDriveStamped.msg
[20.642s] -- Installing: /home/misys/f1tenth_ws/install/ackermann_msgs/share/ament_index/resource_index/package_run_dependencies/ackermann_msgs
[20.651s] -- Installing: /home/misys/f1tenth_ws/install/ackermann_msgs/share/ament_index/resource_index/parent_prefix_path/ackermann_msgs
[20.651s] -- Installing: /home/misys/f1tenth_ws/install/ackermann_msgs/share/ackermann_msgs/environment/ament_prefix_path.sh
[20.651s] -- Installing: /home/misys/f1tenth_ws/install/ackermann_msgs/share/ackermann_msgs/environment/ament_prefix_path.dsv
[20.651s] -- Installing: /home/misys/f1tenth_ws/install/ackermann_msgs/share/ackermann_msgs/environment/path.sh
[20.651s] -- Installing: /home/misys/f1tenth_ws/install/ackermann_msgs/share/ackermann_msgs/environment/path.dsv
[20.652s] -- Installing: /home/misys/f1tenth_ws/install/ackermann_msgs/share/ackermann_msgs/local_setup.bash
[20.652s] -- Installing: /home/misys/f1tenth_ws/install/ackermann_msgs/share/ackermann_msgs/local_setup.sh
[20.653s] -- Installing: /home/misys/f1tenth_ws/install/ackermann_msgs/share/ackermann_msgs/local_setup.zsh
[20.653s] -- Installing: /home/misys/f1tenth_ws/install/ackermann_msgs/share/ackermann_msgs/local_setup.dsv
[20.661s] -- Installing: /home/misys/f1tenth_ws/install/ackermann_msgs/share/ackermann_msgs/package.dsv
[20.661s] -- Installing: /home/misys/f1tenth_ws/install/ackermann_msgs/share/ament_index/resource_index/packages/ackermann_msgs
[20.661s] -- Installing: /home/misys/f1tenth_ws/install/ackermann_msgs/share/ackermann_msgs/cmake/export_ackermann_msgs__rosidl_generator_cExport.cmake
[20.661s] -- Installing: /home/misys/f1tenth_ws/install/ackermann_msgs/share/ackermann_msgs/cmake/export_ackermann_msgs__rosidl_generator_cExport-noconfig.cmake
[20.663s] -- Installing: /home/misys/f1tenth_ws/install/ackermann_msgs/share/ackermann_msgs/cmake/export_ackermann_msgs__rosidl_typesupport_fastrtps_cExport.cmake
[20.664s] -- Installing: /home/misys/f1tenth_ws/install/ackermann_msgs/share/ackermann_msgs/cmake/export_ackermann_msgs__rosidl_typesupport_fastrtps_cExport-noconfig.cmake
[20.664s] -- Installing: /home/misys/f1tenth_ws/install/ackermann_msgs/share/ackermann_msgs/cmake/ackermann_msgs__rosidl_typesupport_introspection_cExport.cmake
[20.670s] -- Installing: /home/misys/f1tenth_ws/install/ackermann_msgs/share/ackermann_msgs/cmake/ackermann_msgs__rosidl_typesupport_introspection_cExport-noconfig.cmake
[20.670s] -- Installing: /home/misys/f1tenth_ws/install/ackermann_msgs/share/ackermann_msgs/cmake/ackermann_msgs__rosidl_typesupport_cExport.cmake
[20.670s] -- Installing: /home/misys/f1tenth_ws/install/ackermann_msgs/share/ackermann_msgs/cmake/ackermann_msgs__rosidl_typesupport_cExport-noconfig.cmake
[20.671s] -- Installing: /home/misys/f1tenth_ws/install/ackermann_msgs/share/ackermann_msgs/cmake/export_ackermann_msgs__rosidl_generator_cppExport.cmake
[20.671s] -- Installing: /home/misys/f1tenth_ws/install/ackermann_msgs/share/ackermann_msgs/cmake/export_ackermann_msgs__rosidl_typesupport_fastrtps_cppExport.cmake
[20.671s] -- Installing: /home/misys/f1tenth_ws/install/ackermann_msgs/share/ackermann_msgs/cmake/export_ackermann_msgs__rosidl_typesupport_fastrtps_cppExport-noconfig.cmake
[20.678s] -- Installing: /home/misys/f1tenth_ws/install/ackermann_msgs/share/ackermann_msgs/cmake/ackermann_msgs__rosidl_typesupport_introspection_cppExport.cmake
[20.678s] -- Installing: /home/misys/f1tenth_ws/install/ackermann_msgs/share/ackermann_msgs/cmake/ackermann_msgs__rosidl_typesupport_introspection_cppExport-noconfig.cmake
[20.678s] -- Installing: /home/misys/f1tenth_ws/install/ackermann_msgs/share/ackermann_msgs/cmake/ackermann_msgs__rosidl_typesupport_cppExport.cmake
[20.678s] -- Installing: /home/misys/f1tenth_ws/install/ackermann_msgs/share/ackermann_msgs/cmake/ackermann_msgs__rosidl_typesupport_cppExport-noconfig.cmake
[20.679s] -- Installing: /home/misys/f1tenth_ws/install/ackermann_msgs/share/ackermann_msgs/cmake/export_ackermann_msgs__rosidl_generator_pyExport.cmake
[20.681s] -- Installing: /home/misys/f1tenth_ws/install/ackermann_msgs/share/ackermann_msgs/cmake/export_ackermann_msgs__rosidl_generator_pyExport-noconfig.cmake
[20.681s] -- Installing: /home/misys/f1tenth_ws/install/ackermann_msgs/share/ackermann_msgs/cmake/rosidl_cmake-extras.cmake
[20.681s] -- Installing: /home/misys/f1tenth_ws/install/ackermann_msgs/share/ackermann_msgs/cmake/ament_cmake_export_dependencies-extras.cmake
[20.681s] -- Installing: /home/misys/f1tenth_ws/install/ackermann_msgs/share/ackermann_msgs/cmake/ament_cmake_export_include_directories-extras.cmake
[20.689s] -- Installing: /home/misys/f1tenth_ws/install/ackermann_msgs/share/ackermann_msgs/cmake/ament_cmake_export_libraries-extras.cmake
[20.689s] -- Installing: /home/misys/f1tenth_ws/install/ackermann_msgs/share/ackermann_msgs/cmake/ament_cmake_export_targets-extras.cmake
[20.689s] -- Installing: /home/misys/f1tenth_ws/install/ackermann_msgs/share/ackermann_msgs/cmake/rosidl_cmake_export_typesupport_targets-extras.cmake
[20.689s] -- Installing: /home/misys/f1tenth_ws/install/ackermann_msgs/share/ackermann_msgs/cmake/rosidl_cmake_export_typesupport_libraries-extras.cmake
[20.696s] -- Installing: /home/misys/f1tenth_ws/install/ackermann_msgs/share/ackermann_msgs/cmake/ackermann_msgsConfig.cmake
[20.697s] -- Installing: /home/misys/f1tenth_ws/install/ackermann_msgs/share/ackermann_msgs/cmake/ackermann_msgsConfig-version.cmake
[20.697s] -- Installing: /home/misys/f1tenth_ws/install/ackermann_msgs/share/ackermann_msgs/package.xml
[20.707s] Invoked command in '/home/misys/f1tenth_ws/build/ackermann_msgs' returned '0': CMAKE_PREFIX_PATH=/opt/ros/humble /usr/bin/cmake --install /home/misys/f1tenth_ws/build/ackermann_msgs
