[0.093s] Invoking command in '/home/misys/f1tenth_ws/build/realsense2_camera': AMENT_PREFIX_PATH=/home/misys/f1tenth_ws/install/realsense2_camera_msgs:/home/misys/f1tenth_ws/install/diagnostic_updater:${AMENT_PREFIX_PATH} CMAKE_PREFIX_PATH=/home/misys/f1tenth_ws/install/realsense2_camera_msgs:/home/misys/f1tenth_ws/install/diagnostic_updater:/opt/ros/humble LD_LIBRARY_PATH=/home/misys/f1tenth_ws/install/realsense2_camera_msgs/lib:/home/misys/f1tenth_ws/install/diagnostic_updater/lib:${LD_LIBRARY_PATH} PYTHONPATH=/home/misys/f1tenth_ws/install/realsense2_camera_msgs/local/lib/python3.10/dist-packages:/home/misys/f1tenth_ws/install/diagnostic_updater/local/lib/python3.10/dist-packages:${PYTHONPATH} /usr/bin/cmake /home/misys/f1tenth_ws/src/realsense-ros/realsense2_camera -DCMAKE_INSTALL_PREFIX=/home/misys/f1tenth_ws/install/realsense2_camera
[0.479s] -- The C compiler identification is GNU 11.4.0
[0.845s] -- The CXX compiler identification is GNU 11.4.0
[0.897s] -- Detecting C compiler ABI info
[1.304s] -- Detecting C compiler ABI info - done
[1.357s] -- Check for working C compiler: /usr/bin/cc - skipped
[1.358s] -- Detecting C compile features
[1.364s] -- Detecting C compile features - done
[1.379s] -- Detecting CXX compiler ABI info
[1.879s] -- Detecting CXX compiler ABI info - done
[1.939s] -- Check for working CXX compiler: /usr/bin/c++ - skipped
[1.939s] -- Detecting CXX compile features
[1.946s] -- Detecting CXX compile features - done
[1.948s] -- Create Release Build.
[1.966s] -- Found ament_cmake: 1.3.12 (/opt/ros/humble/share/ament_cmake/cmake)
[3.020s] -- Found Python3: /usr/bin/python3 (found version "3.10.12") found components: Interpreter 
[3.541s] -- Found builtin_interfaces: 1.2.2 (/opt/ros/humble/share/builtin_interfaces/cmake)
[3.805s] -- Found rosidl_generator_c: 3.1.7 (/opt/ros/humble/share/rosidl_generator_c/cmake)
[3.842s] -- Found rosidl_adapter: 3.1.7 (/opt/ros/humble/share/rosidl_adapter/cmake)
[3.920s] -- Found rosidl_generator_cpp: 3.1.7 (/opt/ros/humble/share/rosidl_generator_cpp/cmake)
[4.004s] -- Using all available rosidl_typesupport_c: rosidl_typesupport_fastrtps_c;rosidl_typesupport_introspection_c
[4.118s] -- Using all available rosidl_typesupport_cpp: rosidl_typesupport_fastrtps_cpp;rosidl_typesupport_introspection_cpp
[4.229s] -- Found cv_bridge: 3.2.1 (/opt/ros/humble/share/cv_bridge/cmake)
[4.622s] -- Found image_transport: 3.1.12 (/opt/ros/humble/share/image_transport/cmake)
[4.929s] -- Found rmw_implementation_cmake: 6.1.2 (/opt/ros/humble/share/rmw_implementation_cmake/cmake)
[5.106s] -- Found rmw_fastrtps_cpp: 6.2.9 (/opt/ros/humble/share/rmw_fastrtps_cpp/cmake)
[5.548s] -- Found OpenSSL: /usr/lib/x86_64-linux-gnu/libcrypto.so (found version "3.0.2")  
[5.744s] -- Found FastRTPS: /opt/ros/humble/include  
[6.051s] -- Using RMW implementation 'rmw_fastrtps_cpp' as default
[6.085s] -- Looking for pthread.h
[6.533s] -- Looking for pthread.h - found
[6.537s] -- Performing Test CMAKE_HAVE_LIBC_PTHREAD
[6.979s] -- Performing Test CMAKE_HAVE_LIBC_PTHREAD - Success
[6.999s] -- Found Threads: TRUE  
[7.439s] -- Found rclcpp_action: 16.0.15 (/opt/ros/humble/share/rclcpp_action/cmake)
[7.716s] -- Found rclcpp_components: 16.0.15 (/opt/ros/humble/share/rclcpp_components/cmake)
[7.898s] -- Found realsense2_camera_msgs: 4.56.4 (/home/misys/f1tenth_ws/install/realsense2_camera_msgs/share/realsense2_camera_msgs/cmake)
[8.034s] -- Found std_srvs: 4.9.0 (/opt/ros/humble/share/std_srvs/cmake)
[8.123s] -- Found nav_msgs: 4.9.0 (/opt/ros/humble/share/nav_msgs/cmake)
[8.162s] -- Found tf2_ros: 0.25.16 (/opt/ros/humble/share/tf2_ros/cmake)
[8.288s] -- Found diagnostic_updater: 4.4.6 (/home/misys/f1tenth_ws/install/diagnostic_updater/share/diagnostic_updater/cmake)
[8.391s] -- Found OpenCV: /usr (found version "4.5.4") found components: core 
[8.404s] -- Build for ROS2 Humble
[8.433s] -- Found ament_cmake_gtest: 1.3.12 (/opt/ros/humble/share/ament_cmake_gtest/cmake)
[8.444s] -- Found gtest sources under '/opt/ros/humble/src/gtest_vendor': C++ tests using 'Google Test' will be built
[8.504s] -- Found ament_cmake_pytest: 1.3.12 (/opt/ros/humble/share/ament_cmake_pytest/cmake)
[21.222s] -- rs_device_info:
[21.222s] --  12/11 01:34:20,598 ERROR [136919383195648] (context.cpp:40) No valid configuration file found at : /home/misys/.realsense-config.json loading defaults
[21.222s] No device detected. Is it plugged in?
[21.222s] 
[21.482s] -- Configuring done
[21.637s] -- Generating done
[21.637s] -- Build files have been written to: /home/misys/f1tenth_ws/build/realsense2_camera
[21.680s] Invoked command in '/home/misys/f1tenth_ws/build/realsense2_camera' returned '0': AMENT_PREFIX_PATH=/home/misys/f1tenth_ws/install/realsense2_camera_msgs:/home/misys/f1tenth_ws/install/diagnostic_updater:${AMENT_PREFIX_PATH} CMAKE_PREFIX_PATH=/home/misys/f1tenth_ws/install/realsense2_camera_msgs:/home/misys/f1tenth_ws/install/diagnostic_updater:/opt/ros/humble LD_LIBRARY_PATH=/home/misys/f1tenth_ws/install/realsense2_camera_msgs/lib:/home/misys/f1tenth_ws/install/diagnostic_updater/lib:${LD_LIBRARY_PATH} PYTHONPATH=/home/misys/f1tenth_ws/install/realsense2_camera_msgs/local/lib/python3.10/dist-packages:/home/misys/f1tenth_ws/install/diagnostic_updater/local/lib/python3.10/dist-packages:${PYTHONPATH} /usr/bin/cmake /home/misys/f1tenth_ws/src/realsense-ros/realsense2_camera -DCMAKE_INSTALL_PREFIX=/home/misys/f1tenth_ws/install/realsense2_camera
[21.683s] Invoking command in '/home/misys/f1tenth_ws/build/realsense2_camera': AMENT_PREFIX_PATH=/home/misys/f1tenth_ws/install/realsense2_camera_msgs:/home/misys/f1tenth_ws/install/diagnostic_updater:${AMENT_PREFIX_PATH} CMAKE_PREFIX_PATH=/home/misys/f1tenth_ws/install/realsense2_camera_msgs:/home/misys/f1tenth_ws/install/diagnostic_updater:/opt/ros/humble LD_LIBRARY_PATH=/home/misys/f1tenth_ws/install/realsense2_camera_msgs/lib:/home/misys/f1tenth_ws/install/diagnostic_updater/lib:${LD_LIBRARY_PATH} PYTHONPATH=/home/misys/f1tenth_ws/install/realsense2_camera_msgs/local/lib/python3.10/dist-packages:/home/misys/f1tenth_ws/install/diagnostic_updater/local/lib/python3.10/dist-packages:${PYTHONPATH} /usr/bin/cmake --build /home/misys/f1tenth_ws/build/realsense2_camera -- -j16 -l16
[21.841s] [  4%] Building CXX object CMakeFiles/realsense2_camera.dir/src/realsense_node_factory.cpp.o
[25.867s] [  8%] Building CXX object CMakeFiles/realsense2_camera.dir/src/image_publisher.cpp.o
[26.886s] [ 12%] Building CXX object CMakeFiles/realsense2_camera.dir/src/profile_manager.cpp.o
[27.912s] [ 16%] Building CXX object CMakeFiles/realsense2_camera.dir/src/align_depth_filter.cpp.o
[28.937s] [ 20%] Building CXX object CMakeFiles/realsense2_camera.dir/src/pointcloud_filter.cpp.o
[29.967s] [ 24%] Building CXX object CMakeFiles/realsense2_camera.dir/src/named_filter.cpp.o
[30.993s] [ 32%] Building CXX object CMakeFiles/realsense2_camera.dir/src/dynamic_params.cpp.o
[30.993s] [ 32%] Building CXX object CMakeFiles/realsense2_camera.dir/src/sensor_params.cpp.o
[32.048s] [ 36%] Building CXX object CMakeFiles/realsense2_camera.dir/src/ros_utils.cpp.o
[33.103s] [ 44%] Building CXX object CMakeFiles/realsense2_camera.dir/src/rs_node_setup.cpp.o
[33.104s] [ 40%] Building CXX object CMakeFiles/realsense2_camera.dir/src/ros_sensor.cpp.o
[34.159s] [ 48%] Building CXX object CMakeFiles/realsense2_camera.dir/src/parameters.cpp.o
[35.213s] [ 52%] Building CXX object CMakeFiles/realsense2_camera.dir/src/base_realsense_node.cpp.o
[74.289s] [ 56%] Building CXX object CMakeFiles/realsense2_camera.dir/src/tfs.cpp.o
[74.295s] [ 64%] Building CXX object CMakeFiles/realsense2_camera.dir/src/ros_param_backend.cpp.o
[74.295s] [ 64%] Building CXX object CMakeFiles/realsense2_camera.dir/src/actions.cpp.o
[92.903s] [ 68%] Linking CXX shared library librealsense2_camera.so
[94.030s] [ 68%] Built target realsense2_camera
[94.077s] [ 80%] Building CXX object gtest/CMakeFiles/gtest_main.dir/src/gtest_main.cc.o
[94.077s] [ 80%] Building CXX object CMakeFiles/realsense2_camera_node.dir/rclcpp_components/node_main_realsense2_camera_node.cpp.o
[94.077s] [ 80%] Building CXX object gtest/CMakeFiles/gtest.dir/src/gtest-all.cc.o
[95.723s] [ 84%] Linking CXX static library libgtest_main.a
[95.801s] [ 84%] Built target gtest_main
[100.795s] [ 88%] Linking CXX executable realsense2_camera_node
[101.050s] [ 88%] Built target realsense2_camera_node
[109.105s] [ 92%] Linking CXX static library libgtest.a
[109.170s] [ 92%] Built target gtest
[109.205s] [ 96%] Building CXX object CMakeFiles/gtest_template.dir/test/gtest_template.cpp.o
[110.285s] [100%] Linking CXX executable gtest_template
[110.410s] [100%] Built target gtest_template
[110.427s] Invoked command in '/home/misys/f1tenth_ws/build/realsense2_camera' returned '0': AMENT_PREFIX_PATH=/home/misys/f1tenth_ws/install/realsense2_camera_msgs:/home/misys/f1tenth_ws/install/diagnostic_updater:${AMENT_PREFIX_PATH} CMAKE_PREFIX_PATH=/home/misys/f1tenth_ws/install/realsense2_camera_msgs:/home/misys/f1tenth_ws/install/diagnostic_updater:/opt/ros/humble LD_LIBRARY_PATH=/home/misys/f1tenth_ws/install/realsense2_camera_msgs/lib:/home/misys/f1tenth_ws/install/diagnostic_updater/lib:${LD_LIBRARY_PATH} PYTHONPATH=/home/misys/f1tenth_ws/install/realsense2_camera_msgs/local/lib/python3.10/dist-packages:/home/misys/f1tenth_ws/install/diagnostic_updater/local/lib/python3.10/dist-packages:${PYTHONPATH} /usr/bin/cmake --build /home/misys/f1tenth_ws/build/realsense2_camera -- -j16 -l16
[110.429s] Invoking command in '/home/misys/f1tenth_ws/build/realsense2_camera': AMENT_PREFIX_PATH=/home/misys/f1tenth_ws/install/realsense2_camera_msgs:/home/misys/f1tenth_ws/install/diagnostic_updater:${AMENT_PREFIX_PATH} CMAKE_PREFIX_PATH=/home/misys/f1tenth_ws/install/realsense2_camera_msgs:/home/misys/f1tenth_ws/install/diagnostic_updater:/opt/ros/humble LD_LIBRARY_PATH=/home/misys/f1tenth_ws/install/realsense2_camera_msgs/lib:/home/misys/f1tenth_ws/install/diagnostic_updater/lib:${LD_LIBRARY_PATH} PYTHONPATH=/home/misys/f1tenth_ws/install/realsense2_camera_msgs/local/lib/python3.10/dist-packages:/home/misys/f1tenth_ws/install/diagnostic_updater/local/lib/python3.10/dist-packages:${PYTHONPATH} /usr/bin/cmake --install /home/misys/f1tenth_ws/build/realsense2_camera
[110.441s] -- Install configuration: "Release"
[110.442s] -- Installing: /home/misys/f1tenth_ws/install/realsense2_camera/share/realsense2_camera/config/global_settings.yaml
[110.442s] -- Installing: /home/misys/f1tenth_ws/install/realsense2_camera/lib/realsense2_camera/realsense2_camera_node
[110.443s] -- Set runtime path of "/home/misys/f1tenth_ws/install/realsense2_camera/lib/realsense2_camera/realsense2_camera_node" to ""
[110.443s] -- Installing: /home/misys/f1tenth_ws/install/realsense2_camera/lib/librealsense2_camera.so
[110.446s] -- Set runtime path of "/home/misys/f1tenth_ws/install/realsense2_camera/lib/librealsense2_camera.so" to ""
[110.446s] -- Installing: /home/misys/f1tenth_ws/install/realsense2_camera/include
[110.447s] -- Installing: /home/misys/f1tenth_ws/install/realsense2_camera/include/ros_sensor.h
[110.447s] -- Installing: /home/misys/f1tenth_ws/install/realsense2_camera/include/ros_node_base.h
[110.448s] -- Installing: /home/misys/f1tenth_ws/install/realsense2_camera/include/image_publisher.h
[110.448s] -- Installing: /home/misys/f1tenth_ws/install/realsense2_camera/include/sensor_params.h
[110.448s] -- Installing: /home/misys/f1tenth_ws/install/realsense2_camera/include/pointcloud_filter.h
[110.448s] -- Installing: /home/misys/f1tenth_ws/install/realsense2_camera/include/base_realsense_node.h
[110.449s] -- Installing: /home/misys/f1tenth_ws/install/realsense2_camera/include/constants.h
[110.449s] -- Installing: /home/misys/f1tenth_ws/install/realsense2_camera/include/gl_window.h
[110.449s] -- Installing: /home/misys/f1tenth_ws/install/realsense2_camera/include/ros_param_backend.h
[110.449s] -- Installing: /home/misys/f1tenth_ws/install/realsense2_camera/include/named_filter.h
[110.450s] -- Installing: /home/misys/f1tenth_ws/install/realsense2_camera/include/dynamic_params.h
[110.450s] -- Installing: /home/misys/f1tenth_ws/install/realsense2_camera/include/profile_manager.h
[110.450s] -- Installing: /home/misys/f1tenth_ws/install/realsense2_camera/include/align_depth_filter.h
[110.450s] -- Installing: /home/misys/f1tenth_ws/install/realsense2_camera/include/realsense_node_factory.h
[110.450s] -- Installing: /home/misys/f1tenth_ws/install/realsense2_camera/include/ros_utils.h
[110.451s] -- Installing: /home/misys/f1tenth_ws/install/realsense2_camera/share/realsense2_camera/launch
[110.451s] -- Installing: /home/misys/f1tenth_ws/install/realsense2_camera/share/realsense2_camera/launch/rs_multi_camera_launch_sync.py
[110.451s] -- Installing: /home/misys/f1tenth_ws/install/realsense2_camera/share/realsense2_camera/launch/rs_intra_process_demo_launch.py
[110.451s] -- Installing: /home/misys/f1tenth_ws/install/realsense2_camera/share/realsense2_camera/launch/default.rviz
[110.451s] -- Installing: /home/misys/f1tenth_ws/install/realsense2_camera/share/realsense2_camera/launch/rs_launch.py
[110.451s] -- Installing: /home/misys/f1tenth_ws/install/realsense2_camera/share/realsense2_camera/launch/rs_multi_camera_launch.py
[110.452s] -- Installing: /home/misys/f1tenth_ws/install/realsense2_camera/share/realsense2_camera/examples
[110.452s] -- Installing: /home/misys/f1tenth_ws/install/realsense2_camera/share/realsense2_camera/examples/align_depth
[110.452s] -- Installing: /home/misys/f1tenth_ws/install/realsense2_camera/share/realsense2_camera/examples/align_depth/rs_align_depth_launch.py
[110.452s] -- Installing: /home/misys/f1tenth_ws/install/realsense2_camera/share/realsense2_camera/examples/align_depth/README.md
[110.452s] -- Installing: /home/misys/f1tenth_ws/install/realsense2_camera/share/realsense2_camera/examples/pointcloud
[110.452s] -- Installing: /home/misys/f1tenth_ws/install/realsense2_camera/share/realsense2_camera/examples/pointcloud/rs_d455_pointcloud_launch.py
[110.453s] -- Installing: /home/misys/f1tenth_ws/install/realsense2_camera/share/realsense2_camera/examples/pointcloud/rs_pointcloud_infra_launch.py
[110.453s] -- Installing: /home/misys/f1tenth_ws/install/realsense2_camera/share/realsense2_camera/examples/pointcloud/rs_d405_pointcloud_launch.py
[110.453s] -- Installing: /home/misys/f1tenth_ws/install/realsense2_camera/share/realsense2_camera/examples/pointcloud/rs_pointcloud_launch.py
[110.453s] -- Installing: /home/misys/f1tenth_ws/install/realsense2_camera/share/realsense2_camera/examples/pointcloud/README.md
[110.454s] -- Installing: /home/misys/f1tenth_ws/install/realsense2_camera/share/realsense2_camera/examples/pointcloud/rviz
[110.454s] -- Installing: /home/misys/f1tenth_ws/install/realsense2_camera/share/realsense2_camera/examples/pointcloud/rviz/pointcloud.rviz
[110.454s] -- Installing: /home/misys/f1tenth_ws/install/realsense2_camera/share/realsense2_camera/examples/pointcloud/rviz/urdf_pointcloud.rviz
[110.454s] -- Installing: /home/misys/f1tenth_ws/install/realsense2_camera/share/realsense2_camera/examples/launch_params_from_file
[110.454s] -- Installing: /home/misys/f1tenth_ws/install/realsense2_camera/share/realsense2_camera/examples/launch_params_from_file/config
[110.455s] -- Installing: /home/misys/f1tenth_ws/install/realsense2_camera/share/realsense2_camera/examples/launch_params_from_file/config/config.yaml
[110.455s] -- Installing: /home/misys/f1tenth_ws/install/realsense2_camera/share/realsense2_camera/examples/launch_params_from_file/README.md
[110.455s] -- Installing: /home/misys/f1tenth_ws/install/realsense2_camera/share/realsense2_camera/examples/launch_params_from_file/rs_launch_get_params_from_yaml.py
[110.455s] -- Installing: /home/misys/f1tenth_ws/install/realsense2_camera/share/realsense2_camera/examples/launch_from_rosbag
[110.455s] -- Installing: /home/misys/f1tenth_ws/install/realsense2_camera/share/realsense2_camera/examples/launch_from_rosbag/README.md
[110.456s] -- Installing: /home/misys/f1tenth_ws/install/realsense2_camera/share/realsense2_camera/examples/launch_from_rosbag/rs_launch_from_rosbag.py
[110.456s] -- Installing: /home/misys/f1tenth_ws/install/realsense2_camera/share/realsense2_camera/examples/dual_camera
[110.456s] -- Installing: /home/misys/f1tenth_ws/install/realsense2_camera/share/realsense2_camera/examples/dual_camera/rs_dual_camera_launch.py
[110.456s] -- Installing: /home/misys/f1tenth_ws/install/realsense2_camera/share/realsense2_camera/examples/dual_camera/README.md
[110.457s] -- Installing: /home/misys/f1tenth_ws/install/realsense2_camera/share/realsense2_camera/examples/dual_camera/rviz
[110.457s] -- Installing: /home/misys/f1tenth_ws/install/realsense2_camera/share/realsense2_camera/examples/dual_camera/rviz/dual_camera_pointcloud.rviz
[110.458s] -- Installing: /home/misys/f1tenth_ws/install/realsense2_camera/share/realsense2_camera/examples/d500_tables
[110.458s] -- Installing: /home/misys/f1tenth_ws/install/realsense2_camera/share/realsense2_camera/examples/d500_tables/calib_config_example.json
[110.458s] -- Installing: /home/misys/f1tenth_ws/install/realsense2_camera/share/realsense2_camera/environment/library_path.sh
[110.458s] -- Installing: /home/misys/f1tenth_ws/install/realsense2_camera/share/realsense2_camera/environment/library_path.dsv
[110.459s] -- Installing: /home/misys/f1tenth_ws/install/realsense2_camera/share/ament_index/resource_index/package_run_dependencies/realsense2_camera
[110.459s] -- Installing: /home/misys/f1tenth_ws/install/realsense2_camera/share/ament_index/resource_index/parent_prefix_path/realsense2_camera
[110.459s] -- Installing: /home/misys/f1tenth_ws/install/realsense2_camera/share/realsense2_camera/environment/ament_prefix_path.sh
[110.460s] -- Installing: /home/misys/f1tenth_ws/install/realsense2_camera/share/realsense2_camera/environment/ament_prefix_path.dsv
[110.460s] -- Installing: /home/misys/f1tenth_ws/install/realsense2_camera/share/realsense2_camera/environment/path.sh
[110.460s] -- Installing: /home/misys/f1tenth_ws/install/realsense2_camera/share/realsense2_camera/environment/path.dsv
[110.460s] -- Installing: /home/misys/f1tenth_ws/install/realsense2_camera/share/realsense2_camera/local_setup.bash
[110.461s] -- Installing: /home/misys/f1tenth_ws/install/realsense2_camera/share/realsense2_camera/local_setup.sh
[110.461s] -- Installing: /home/misys/f1tenth_ws/install/realsense2_camera/share/realsense2_camera/local_setup.zsh
[110.461s] -- Installing: /home/misys/f1tenth_ws/install/realsense2_camera/share/realsense2_camera/local_setup.dsv
[110.462s] -- Installing: /home/misys/f1tenth_ws/install/realsense2_camera/share/realsense2_camera/package.dsv
[110.462s] -- Installing: /home/misys/f1tenth_ws/install/realsense2_camera/share/ament_index/resource_index/packages/realsense2_camera
[110.462s] -- Installing: /home/misys/f1tenth_ws/install/realsense2_camera/share/ament_index/resource_index/rclcpp_components/realsense2_camera
[110.462s] -- Installing: /home/misys/f1tenth_ws/install/realsense2_camera/share/realsense2_camera/cmake/ament_cmake_export_include_directories-extras.cmake
[110.463s] -- Installing: /home/misys/f1tenth_ws/install/realsense2_camera/share/realsense2_camera/cmake/ament_cmake_export_libraries-extras.cmake
[110.463s] -- Installing: /home/misys/f1tenth_ws/install/realsense2_camera/share/realsense2_camera/cmake/ament_cmake_export_dependencies-extras.cmake
[110.463s] -- Installing: /home/misys/f1tenth_ws/install/realsense2_camera/share/realsense2_camera/cmake/realsense2_cameraConfig.cmake
[110.464s] -- Installing: /home/misys/f1tenth_ws/install/realsense2_camera/share/realsense2_camera/cmake/realsense2_cameraConfig-version.cmake
[110.464s] -- Installing: /home/misys/f1tenth_ws/install/realsense2_camera/share/realsense2_camera/package.xml
[110.469s] Invoked command in '/home/misys/f1tenth_ws/build/realsense2_camera' returned '0': AMENT_PREFIX_PATH=/home/misys/f1tenth_ws/install/realsense2_camera_msgs:/home/misys/f1tenth_ws/install/diagnostic_updater:${AMENT_PREFIX_PATH} CMAKE_PREFIX_PATH=/home/misys/f1tenth_ws/install/realsense2_camera_msgs:/home/misys/f1tenth_ws/install/diagnostic_updater:/opt/ros/humble LD_LIBRARY_PATH=/home/misys/f1tenth_ws/install/realsense2_camera_msgs/lib:/home/misys/f1tenth_ws/install/diagnostic_updater/lib:${LD_LIBRARY_PATH} PYTHONPATH=/home/misys/f1tenth_ws/install/realsense2_camera_msgs/local/lib/python3.10/dist-packages:/home/misys/f1tenth_ws/install/diagnostic_updater/local/lib/python3.10/dist-packages:${PYTHONPATH} /usr/bin/cmake --install /home/misys/f1tenth_ws/build/realsense2_camera
