[0.072s] Invoking command in '/home/misys/f1tenth_ws/build/realsense2_description': AMENT_PREFIX_PATH=/home/misys/f1tenth_ws/install/realsense2_camera_msgs:${AMENT_PREFIX_PATH} CMAKE_PREFIX_PATH=/home/misys/f1tenth_ws/install/realsense2_camera_msgs:/opt/ros/humble LD_LIBRARY_PATH=/home/misys/f1tenth_ws/install/realsense2_camera_msgs/lib:${LD_LIBRARY_PATH} PYTHONPATH=/home/misys/f1tenth_ws/install/realsense2_camera_msgs/local/lib/python3.10/dist-packages:${PYTHONPATH} /usr/bin/cmake /home/misys/f1tenth_ws/src/realsense-ros/realsense2_description -DCMAKE_INSTALL_PREFIX=/home/misys/f1tenth_ws/install/realsense2_description
[0.492s] -- The C compiler identification is GNU 11.4.0
[0.825s] -- The CXX compiler identification is GNU 11.4.0
[0.895s] -- Detecting C compiler ABI info
[1.351s] -- Detecting C compiler ABI info - done
[1.398s] -- Check for working C compiler: /usr/bin/cc - skipped
[1.402s] -- Detecting C compile features
[1.402s] -- Detecting C compile features - done
[1.419s] -- Detecting CXX compiler ABI info
[1.935s] -- Detecting CXX compiler ABI info - done
[1.992s] -- Check for working CXX compiler: /usr/bin/c++ - skipped
[1.993s] -- Detecting CXX compile features
[1.995s] -- Detecting CXX compile features - done
[2.012s] -- Found ament_cmake: 1.3.12 (/opt/ros/humble/share/ament_cmake/cmake)
[3.079s] -- Found Python3: /usr/bin/python3 (found version "3.10.12") found components: Interpreter 
[4.570s] -- Configuring done
[4.599s] -- Generating done
[4.609s] -- Build files have been written to: /home/misys/f1tenth_ws/build/realsense2_description
[4.637s] Invoked command in '/home/misys/f1tenth_ws/build/realsense2_description' returned '0': AMENT_PREFIX_PATH=/home/misys/f1tenth_ws/install/realsense2_camera_msgs:${AMENT_PREFIX_PATH} CMAKE_PREFIX_PATH=/home/misys/f1tenth_ws/install/realsense2_camera_msgs:/opt/ros/humble LD_LIBRARY_PATH=/home/misys/f1tenth_ws/install/realsense2_camera_msgs/lib:${LD_LIBRARY_PATH} PYTHONPATH=/home/misys/f1tenth_ws/install/realsense2_camera_msgs/local/lib/python3.10/dist-packages:${PYTHONPATH} /usr/bin/cmake /home/misys/f1tenth_ws/src/realsense-ros/realsense2_description -DCMAKE_INSTALL_PREFIX=/home/misys/f1tenth_ws/install/realsense2_description
[4.638s] Invoking command in '/home/misys/f1tenth_ws/build/realsense2_description': AMENT_PREFIX_PATH=/home/misys/f1tenth_ws/install/realsense2_camera_msgs:${AMENT_PREFIX_PATH} CMAKE_PREFIX_PATH=/home/misys/f1tenth_ws/install/realsense2_camera_msgs:/opt/ros/humble LD_LIBRARY_PATH=/home/misys/f1tenth_ws/install/realsense2_camera_msgs/lib:${LD_LIBRARY_PATH} PYTHONPATH=/home/misys/f1tenth_ws/install/realsense2_camera_msgs/local/lib/python3.10/dist-packages:${PYTHONPATH} /usr/bin/cmake --build /home/misys/f1tenth_ws/build/realsense2_description -- -j16 -l16
[4.857s] Invoked command in '/home/misys/f1tenth_ws/build/realsense2_description' returned '0': AMENT_PREFIX_PATH=/home/misys/f1tenth_ws/install/realsense2_camera_msgs:${AMENT_PREFIX_PATH} CMAKE_PREFIX_PATH=/home/misys/f1tenth_ws/install/realsense2_camera_msgs:/opt/ros/humble LD_LIBRARY_PATH=/home/misys/f1tenth_ws/install/realsense2_camera_msgs/lib:${LD_LIBRARY_PATH} PYTHONPATH=/home/misys/f1tenth_ws/install/realsense2_camera_msgs/local/lib/python3.10/dist-packages:${PYTHONPATH} /usr/bin/cmake --build /home/misys/f1tenth_ws/build/realsense2_description -- -j16 -l16
[4.859s] Invoking command in '/home/misys/f1tenth_ws/build/realsense2_description': AMENT_PREFIX_PATH=/home/misys/f1tenth_ws/install/realsense2_camera_msgs:${AMENT_PREFIX_PATH} CMAKE_PREFIX_PATH=/home/misys/f1tenth_ws/install/realsense2_camera_msgs:/opt/ros/humble LD_LIBRARY_PATH=/home/misys/f1tenth_ws/install/realsense2_camera_msgs/lib:${LD_LIBRARY_PATH} PYTHONPATH=/home/misys/f1tenth_ws/install/realsense2_camera_msgs/local/lib/python3.10/dist-packages:${PYTHONPATH} /usr/bin/cmake --install /home/misys/f1tenth_ws/build/realsense2_description
[4.899s] -- Install configuration: ""
[4.899s] -- Installing: /home/misys/f1tenth_ws/install/realsense2_description/share/realsense2_description/launch
[4.899s] -- Installing: /home/misys/f1tenth_ws/install/realsense2_description/share/realsense2_description/launch/view_model.launch.py
[4.905s] -- Installing: /home/misys/f1tenth_ws/install/realsense2_description/share/realsense2_description/launch/launch_utils.py
[4.909s] -- Installing: /home/misys/f1tenth_ws/install/realsense2_description/share/realsense2_description/meshes
[4.909s] -- Installing: /home/misys/f1tenth_ws/install/realsense2_description/share/realsense2_description/meshes/plug_collision.stl
[4.909s] -- Installing: /home/misys/f1tenth_ws/install/realsense2_description/share/realsense2_description/meshes/plug.stl
[4.910s] -- Installing: /home/misys/f1tenth_ws/install/realsense2_description/share/realsense2_description/meshes/d455.stl
[4.919s] -- Installing: /home/misys/f1tenth_ws/install/realsense2_description/share/realsense2_description/meshes/d415.stl
[5.047s] -- Installing: /home/misys/f1tenth_ws/install/realsense2_description/share/realsense2_description/meshes/d405.stl
[5.056s] -- Installing: /home/misys/f1tenth_ws/install/realsense2_description/share/realsense2_description/meshes/l515.dae
[5.218s] -- Installing: /home/misys/f1tenth_ws/install/realsense2_description/share/realsense2_description/meshes/d435.dae
[5.345s] -- Installing: /home/misys/f1tenth_ws/install/realsense2_description/share/realsense2_description/rviz
[5.346s] -- Installing: /home/misys/f1tenth_ws/install/realsense2_description/share/realsense2_description/rviz/urdf.rviz
[5.346s] -- Installing: /home/misys/f1tenth_ws/install/realsense2_description/share/realsense2_description/urdf
[5.346s] -- Installing: /home/misys/f1tenth_ws/install/realsense2_description/share/realsense2_description/urdf/test_r410_camera.urdf.xacro
[5.346s] -- Installing: /home/misys/f1tenth_ws/install/realsense2_description/share/realsense2_description/urdf/_d435i.urdf.xacro
[5.346s] -- Installing: /home/misys/f1tenth_ws/install/realsense2_description/share/realsense2_description/urdf/_d405.urdf.xacro
[5.356s] -- Installing: /home/misys/f1tenth_ws/install/realsense2_description/share/realsense2_description/urdf/_d415.urdf.xacro
[5.356s] -- Installing: /home/misys/f1tenth_ws/install/realsense2_description/share/realsense2_description/urdf/test_r430_camera.urdf.xacro
[5.356s] -- Installing: /home/misys/f1tenth_ws/install/realsense2_description/share/realsense2_description/urdf/_d455.urdf.xacro
[5.357s] -- Installing: /home/misys/f1tenth_ws/install/realsense2_description/share/realsense2_description/urdf/_r430.urdf.xacro
[5.357s] -- Installing: /home/misys/f1tenth_ws/install/realsense2_description/share/realsense2_description/urdf/_materials.urdf.xacro
[5.357s] -- Installing: /home/misys/f1tenth_ws/install/realsense2_description/share/realsense2_description/urdf/_d435i_imu_modules.urdf.xacro
[5.366s] -- Installing: /home/misys/f1tenth_ws/install/realsense2_description/share/realsense2_description/urdf/_d435.urdf.xacro
[5.366s] -- Installing: /home/misys/f1tenth_ws/install/realsense2_description/share/realsense2_description/urdf/test_d435_camera.urdf.xacro
[5.366s] -- Installing: /home/misys/f1tenth_ws/install/realsense2_description/share/realsense2_description/urdf/test_d435_multiple_cameras.urdf.xacro
[5.367s] -- Installing: /home/misys/f1tenth_ws/install/realsense2_description/share/realsense2_description/urdf/test_d405_camera.urdf.xacro
[5.367s] -- Installing: /home/misys/f1tenth_ws/install/realsense2_description/share/realsense2_description/urdf/test_d455_camera.urdf.xacro
[5.367s] -- Installing: /home/misys/f1tenth_ws/install/realsense2_description/share/realsense2_description/urdf/_usb_plug.urdf.xacro
[5.367s] -- Installing: /home/misys/f1tenth_ws/install/realsense2_description/share/realsense2_description/urdf/test_d415_camera.urdf.xacro
[5.376s] -- Installing: /home/misys/f1tenth_ws/install/realsense2_description/share/realsense2_description/urdf/test_d435i_camera.urdf.xacro
[5.376s] -- Installing: /home/misys/f1tenth_ws/install/realsense2_description/share/realsense2_description/urdf/_r410.urdf.xacro
[5.376s] -- Installing: /home/misys/f1tenth_ws/install/realsense2_description/share/ament_index/resource_index/package_run_dependencies/realsense2_description
[5.377s] -- Installing: /home/misys/f1tenth_ws/install/realsense2_description/share/ament_index/resource_index/parent_prefix_path/realsense2_description
[5.386s] -- Installing: /home/misys/f1tenth_ws/install/realsense2_description/share/realsense2_description/environment/ament_prefix_path.sh
[5.386s] -- Installing: /home/misys/f1tenth_ws/install/realsense2_description/share/realsense2_description/environment/ament_prefix_path.dsv
[5.386s] -- Installing: /home/misys/f1tenth_ws/install/realsense2_description/share/realsense2_description/environment/path.sh
[5.387s] -- Installing: /home/misys/f1tenth_ws/install/realsense2_description/share/realsense2_description/environment/path.dsv
[5.387s] -- Installing: /home/misys/f1tenth_ws/install/realsense2_description/share/realsense2_description/local_setup.bash
[5.394s] -- Installing: /home/misys/f1tenth_ws/install/realsense2_description/share/realsense2_description/local_setup.sh
[5.394s] -- Installing: /home/misys/f1tenth_ws/install/realsense2_description/share/realsense2_description/local_setup.zsh
[5.394s] -- Installing: /home/misys/f1tenth_ws/install/realsense2_description/share/realsense2_description/local_setup.dsv
[5.394s] -- Installing: /home/misys/f1tenth_ws/install/realsense2_description/share/realsense2_description/package.dsv
[5.395s] -- Installing: /home/misys/f1tenth_ws/install/realsense2_description/share/ament_index/resource_index/packages/realsense2_description
[5.398s] -- Installing: /home/misys/f1tenth_ws/install/realsense2_description/share/realsense2_description/cmake/realsense2_descriptionConfig.cmake
[5.398s] -- Installing: /home/misys/f1tenth_ws/install/realsense2_description/share/realsense2_description/cmake/realsense2_descriptionConfig-version.cmake
[5.405s] -- Installing: /home/misys/f1tenth_ws/install/realsense2_description/share/realsense2_description/package.xml
[5.416s] Invoked command in '/home/misys/f1tenth_ws/build/realsense2_description' returned '0': AMENT_PREFIX_PATH=/home/misys/f1tenth_ws/install/realsense2_camera_msgs:${AMENT_PREFIX_PATH} CMAKE_PREFIX_PATH=/home/misys/f1tenth_ws/install/realsense2_camera_msgs:/opt/ros/humble LD_LIBRARY_PATH=/home/misys/f1tenth_ws/install/realsense2_camera_msgs/lib:${LD_LIBRARY_PATH} PYTHONPATH=/home/misys/f1tenth_ws/install/realsense2_camera_msgs/local/lib/python3.10/dist-packages:${PYTHONPATH} /usr/bin/cmake --install /home/misys/f1tenth_ws/build/realsense2_description
