[0.078s] Invoking command in '/home/misys/f1tenth_ws/build/teleop_tools_msgs': CMAKE_PREFIX_PATH=/opt/ros/humble /usr/bin/cmake /home/misys/f1tenth_ws/src/teleop_tools/teleop_tools_msgs -DCMAKE_INSTALL_PREFIX=/home/misys/f1tenth_ws/install/teleop_tools_msgs
[2.698s] -- The C compiler identification is GNU 11.4.0
[2.699s] -- The CXX compiler identification is GNU 11.4.0
[2.700s] -- Detecting C compiler ABI info
[2.700s] -- Detecting C compiler ABI info - done
[2.700s] -- Check for working C compiler: /usr/bin/cc - skipped
[2.701s] -- Detecting C compile features
[2.701s] -- Detecting C compile features - done
[2.701s] -- Detecting CXX compiler ABI info
[2.701s] -- Detecting CXX compiler ABI info - done
[2.701s] -- Check for working CXX compiler: /usr/bin/c++ - skipped
[2.701s] -- Detecting CXX compile features
[2.701s] -- Detecting CXX compile features - done
[2.701s] -- Found ament_cmake: 1.3.12 (/opt/ros/humble/share/ament_cmake/cmake)
[2.702s] -- Found Python3: /usr/bin/python3 (found version "3.10.12") found components: Interpreter 
[2.702s] -- Found rosidl_default_generators: 1.2.0 (/opt/ros/humble/share/rosidl_default_generators/cmake)
[2.702s] -- Using all available rosidl_typesupport_c: rosidl_typesupport_fastrtps_c;rosidl_typesupport_introspection_c
[2.702s] -- Found rosidl_adapter: 3.1.7 (/opt/ros/humble/share/rosidl_adapter/cmake)
[2.702s] -- Using all available rosidl_typesupport_cpp: rosidl_typesupport_fastrtps_cpp;rosidl_typesupport_introspection_cpp
[2.702s] -- Found ament_lint_auto: 0.12.14 (/opt/ros/humble/share/ament_lint_auto/cmake)
[2.702s] -- Found ament_cmake_ros: 0.10.0 (/opt/ros/humble/share/ament_cmake_ros/cmake)
[2.728s] -- Using all available rosidl_typesupport_c: rosidl_typesupport_fastrtps_c;rosidl_typesupport_introspection_c
[3.342s] -- Using all available rosidl_typesupport_cpp: rosidl_typesupport_fastrtps_cpp;rosidl_typesupport_introspection_cpp
[3.416s] -- Found PythonInterp: /usr/bin/python3 (found suitable version "3.10.12", minimum required is "3.6") 
[3.422s] -- Found python_cmake_module: 0.10.0 (/opt/ros/humble/share/python_cmake_module/cmake)
[3.507s] -- Found PythonLibs: /usr/lib/x86_64-linux-gnu/libpython3.10.so (found suitable version "3.10.12", minimum required is "3.5") 
[3.508s] -- Using PYTHON_EXECUTABLE: /usr/bin/python3
[3.508s] -- Using PYTHON_INCLUDE_DIRS: /usr/include/python3.10
[3.508s] -- Using PYTHON_LIBRARIES: /usr/lib/x86_64-linux-gnu/libpython3.10.so
[3.568s] -- Found PythonExtra: .so  
[3.692s] -- Added test 'copyright' to check source files copyright and LICENSE
[3.701s] -- Added test 'lint_cmake' to check CMake code style
[3.702s] -- Added test 'xmllint' to check XML markup files
[3.720s] -- Configuring done
[3.836s] -- Generating done
[3.859s] -- Build files have been written to: /home/misys/f1tenth_ws/build/teleop_tools_msgs
[3.880s] Invoked command in '/home/misys/f1tenth_ws/build/teleop_tools_msgs' returned '0': CMAKE_PREFIX_PATH=/opt/ros/humble /usr/bin/cmake /home/misys/f1tenth_ws/src/teleop_tools/teleop_tools_msgs -DCMAKE_INSTALL_PREFIX=/home/misys/f1tenth_ws/install/teleop_tools_msgs
[3.887s] Invoking command in '/home/misys/f1tenth_ws/build/teleop_tools_msgs': CMAKE_PREFIX_PATH=/opt/ros/humble /usr/bin/cmake --build /home/misys/f1tenth_ws/build/teleop_tools_msgs -- -j16 -l16
[4.034s] [  3%] Generating C code for ROS interfaces
[4.056s] [  6%] Generating C++ code for ROS interfaces
[4.074s] [  6%] Built target ament_cmake_python_copy_teleop_tools_msgs
[4.933s] running egg_info
[4.937s] creating teleop_tools_msgs.egg-info
[4.940s] writing teleop_tools_msgs.egg-info/PKG-INFO
[4.941s] writing dependency_links to teleop_tools_msgs.egg-info/dependency_links.txt
[4.941s] writing top-level names to teleop_tools_msgs.egg-info/top_level.txt
[4.941s] writing manifest file 'teleop_tools_msgs.egg-info/SOURCES.txt'
[4.944s] reading manifest file 'teleop_tools_msgs.egg-info/SOURCES.txt'
[4.946s] writing manifest file 'teleop_tools_msgs.egg-info/SOURCES.txt'
[5.056s] [  6%] Built target ament_cmake_python_build_teleop_tools_msgs_egg
[5.580s] [  6%] Built target teleop_tools_msgs__cpp
[5.620s] [  9%] Generating C++ introspection for ROS interfaces
[5.640s] [ 12%] Generating C++ type support for eProsima Fast-RTPS
[5.641s] [ 16%] Generating C++ type support dispatch for ROS interfaces
[5.657s] [ 19%] Building C object CMakeFiles/teleop_tools_msgs__rosidl_generator_c.dir/rosidl_generator_c/teleop_tools_msgs/action/detail/increment__functions.c.o
[6.452s] [ 22%] Linking C shared library libteleop_tools_msgs__rosidl_generator_c.so
[6.674s] [ 22%] Built target teleop_tools_msgs__rosidl_generator_c
[6.728s] [ 25%] Generating C type support for eProsima Fast-RTPS
[6.742s] [ 29%] Generating C type support dispatch for ROS interfaces
[6.742s] [ 32%] Generating C introspection for ROS interfaces
[8.101s] [ 35%] Building CXX object CMakeFiles/teleop_tools_msgs__rosidl_typesupport_fastrtps_cpp.dir/rosidl_typesupport_fastrtps_cpp/teleop_tools_msgs/action/detail/dds_fastrtps/increment__type_support.cpp.o
[8.437s] [ 38%] Building CXX object CMakeFiles/teleop_tools_msgs__rosidl_typesupport_cpp.dir/rosidl_typesupport_cpp/teleop_tools_msgs/action/increment__type_support.cpp.o
[8.535s] [ 41%] Building CXX object CMakeFiles/teleop_tools_msgs__rosidl_typesupport_introspection_cpp.dir/rosidl_typesupport_introspection_cpp/teleop_tools_msgs/action/detail/increment__type_support.cpp.o
[8.866s] [ 45%] Building CXX object CMakeFiles/teleop_tools_msgs__rosidl_typesupport_c.dir/rosidl_typesupport_c/teleop_tools_msgs/action/increment__type_support.cpp.o
[9.407s] [ 48%] Linking CXX shared library libteleop_tools_msgs__rosidl_typesupport_c.so
[9.546s] [ 51%] Building C object CMakeFiles/teleop_tools_msgs__rosidl_typesupport_introspection_c.dir/rosidl_typesupport_introspection_c/teleop_tools_msgs/action/detail/increment__type_support.c.o
[9.835s] [ 51%] Built target teleop_tools_msgs__rosidl_typesupport_c
[10.020s] [ 54%] Linking C shared library libteleop_tools_msgs__rosidl_typesupport_introspection_c.so
[10.291s] [ 54%] Built target teleop_tools_msgs__rosidl_typesupport_introspection_c
[10.921s] [ 58%] Building CXX object CMakeFiles/teleop_tools_msgs__rosidl_typesupport_fastrtps_c.dir/rosidl_typesupport_fastrtps_c/teleop_tools_msgs/action/detail/increment__type_support_c.cpp.o
[12.233s] [ 61%] Linking CXX shared library libteleop_tools_msgs__rosidl_typesupport_cpp.so
[12.397s] [ 61%] Built target teleop_tools_msgs__rosidl_typesupport_cpp
[12.440s] [ 64%] Linking CXX shared library libteleop_tools_msgs__rosidl_typesupport_fastrtps_c.so
[12.783s] [ 64%] Built target teleop_tools_msgs__rosidl_typesupport_fastrtps_c
[12.828s] [ 67%] Linking CXX shared library libteleop_tools_msgs__rosidl_typesupport_fastrtps_cpp.so
[13.291s] [ 67%] Built target teleop_tools_msgs__rosidl_typesupport_fastrtps_cpp
[13.384s] [ 70%] Linking CXX shared library libteleop_tools_msgs__rosidl_typesupport_introspection_cpp.so
[13.846s] [ 70%] Built target teleop_tools_msgs__rosidl_typesupport_introspection_cpp
[13.967s] [ 70%] Built target teleop_tools_msgs
[14.141s] [ 74%] Generating Python code for ROS interfaces
[18.903s] [ 74%] Built target teleop_tools_msgs__py
[19.004s] [ 77%] Building C object CMakeFiles/teleop_tools_msgs__rosidl_generator_py.dir/rosidl_generator_py/teleop_tools_msgs/action/_increment_s.c.o
[19.783s] [ 80%] Linking C shared library rosidl_generator_py/teleop_tools_msgs/libteleop_tools_msgs__rosidl_generator_py.so
[20.114s] [ 80%] Built target teleop_tools_msgs__rosidl_generator_py
[20.259s] [ 83%] Building C object CMakeFiles/teleop_tools_msgs__rosidl_typesupport_c__pyext.dir/rosidl_generator_py/teleop_tools_msgs/_teleop_tools_msgs_s.ep.rosidl_typesupport_c.c.o
[20.268s] [ 87%] Building C object CMakeFiles/teleop_tools_msgs__rosidl_typesupport_fastrtps_c__pyext.dir/rosidl_generator_py/teleop_tools_msgs/_teleop_tools_msgs_s.ep.rosidl_typesupport_fastrtps_c.c.o
[20.284s] [ 90%] Building C object CMakeFiles/teleop_tools_msgs__rosidl_typesupport_introspection_c__pyext.dir/rosidl_generator_py/teleop_tools_msgs/_teleop_tools_msgs_s.ep.rosidl_typesupport_introspection_c.c.o
[22.637s] [ 93%] Linking C shared library rosidl_generator_py/teleop_tools_msgs/teleop_tools_msgs_s__rosidl_typesupport_c.cpython-310-x86_64-linux-gnu.so
[22.637s] [ 96%] Linking C shared library rosidl_generator_py/teleop_tools_msgs/teleop_tools_msgs_s__rosidl_typesupport_introspection_c.cpython-310-x86_64-linux-gnu.so
[22.638s] [100%] Linking C shared library rosidl_generator_py/teleop_tools_msgs/teleop_tools_msgs_s__rosidl_typesupport_fastrtps_c.cpython-310-x86_64-linux-gnu.so
[22.638s] [100%] Built target teleop_tools_msgs__rosidl_typesupport_introspection_c__pyext
[22.638s] [100%] Built target teleop_tools_msgs__rosidl_typesupport_c__pyext
[22.638s] [100%] Built target teleop_tools_msgs__rosidl_typesupport_fastrtps_c__pyext
[22.664s] Invoked command in '/home/misys/f1tenth_ws/build/teleop_tools_msgs' returned '0': CMAKE_PREFIX_PATH=/opt/ros/humble /usr/bin/cmake --build /home/misys/f1tenth_ws/build/teleop_tools_msgs -- -j16 -l16
[22.665s] Invoking command in '/home/misys/f1tenth_ws/build/teleop_tools_msgs': CMAKE_PREFIX_PATH=/opt/ros/humble /usr/bin/cmake --install /home/misys/f1tenth_ws/build/teleop_tools_msgs
[22.731s] -- Install configuration: ""
[22.731s] -- Installing: /home/misys/f1tenth_ws/install/teleop_tools_msgs/share/ament_index/resource_index/rosidl_interfaces/teleop_tools_msgs
[22.731s] -- Installing: /home/misys/f1tenth_ws/install/teleop_tools_msgs/include/teleop_tools_msgs/teleop_tools_msgs
[22.736s] -- Installing: /home/misys/f1tenth_ws/install/teleop_tools_msgs/include/teleop_tools_msgs/teleop_tools_msgs/msg
[22.737s] -- Installing: /home/misys/f1tenth_ws/install/teleop_tools_msgs/include/teleop_tools_msgs/teleop_tools_msgs/msg/rosidl_generator_c__visibility_control.h
[22.737s] -- Installing: /home/misys/f1tenth_ws/install/teleop_tools_msgs/include/teleop_tools_msgs/teleop_tools_msgs/action
[22.737s] -- Installing: /home/misys/f1tenth_ws/install/teleop_tools_msgs/include/teleop_tools_msgs/teleop_tools_msgs/action/increment.h
[22.738s] -- Installing: /home/misys/f1tenth_ws/install/teleop_tools_msgs/include/teleop_tools_msgs/teleop_tools_msgs/action/detail
[22.738s] -- Installing: /home/misys/f1tenth_ws/install/teleop_tools_msgs/include/teleop_tools_msgs/teleop_tools_msgs/action/detail/increment__type_support.h
[22.738s] -- Installing: /home/misys/f1tenth_ws/install/teleop_tools_msgs/include/teleop_tools_msgs/teleop_tools_msgs/action/detail/increment__functions.c
[22.740s] -- Installing: /home/misys/f1tenth_ws/install/teleop_tools_msgs/include/teleop_tools_msgs/teleop_tools_msgs/action/detail/increment__functions.h
[22.740s] -- Installing: /home/misys/f1tenth_ws/install/teleop_tools_msgs/include/teleop_tools_msgs/teleop_tools_msgs/action/detail/increment__struct.h
[22.741s] -- Installing: /home/misys/f1tenth_ws/install/teleop_tools_msgs/share/teleop_tools_msgs/environment/library_path.sh
[22.741s] -- Installing: /home/misys/f1tenth_ws/install/teleop_tools_msgs/share/teleop_tools_msgs/environment/library_path.dsv
[22.741s] -- Installing: /home/misys/f1tenth_ws/install/teleop_tools_msgs/lib/libteleop_tools_msgs__rosidl_generator_c.so
[22.742s] -- Set runtime path of "/home/misys/f1tenth_ws/install/teleop_tools_msgs/lib/libteleop_tools_msgs__rosidl_generator_c.so" to ""
[22.742s] -- Up-to-date: /home/misys/f1tenth_ws/install/teleop_tools_msgs/include/teleop_tools_msgs/teleop_tools_msgs
[22.746s] -- Up-to-date: /home/misys/f1tenth_ws/install/teleop_tools_msgs/include/teleop_tools_msgs/teleop_tools_msgs/msg
[22.747s] -- Installing: /home/misys/f1tenth_ws/install/teleop_tools_msgs/include/teleop_tools_msgs/teleop_tools_msgs/msg/rosidl_typesupport_fastrtps_c__visibility_control.h
[22.750s] -- Up-to-date: /home/misys/f1tenth_ws/install/teleop_tools_msgs/include/teleop_tools_msgs/teleop_tools_msgs/action
[22.751s] -- Up-to-date: /home/misys/f1tenth_ws/install/teleop_tools_msgs/include/teleop_tools_msgs/teleop_tools_msgs/action/detail
[22.751s] -- Installing: /home/misys/f1tenth_ws/install/teleop_tools_msgs/include/teleop_tools_msgs/teleop_tools_msgs/action/detail/increment__rosidl_typesupport_fastrtps_c.h
[22.752s] -- Installing: /home/misys/f1tenth_ws/install/teleop_tools_msgs/lib/libteleop_tools_msgs__rosidl_typesupport_fastrtps_c.so
[22.752s] -- Set runtime path of "/home/misys/f1tenth_ws/install/teleop_tools_msgs/lib/libteleop_tools_msgs__rosidl_typesupport_fastrtps_c.so" to ""
[22.752s] -- Up-to-date: /home/misys/f1tenth_ws/install/teleop_tools_msgs/include/teleop_tools_msgs/teleop_tools_msgs
[22.752s] -- Up-to-date: /home/misys/f1tenth_ws/install/teleop_tools_msgs/include/teleop_tools_msgs/teleop_tools_msgs/msg
[22.753s] -- Installing: /home/misys/f1tenth_ws/install/teleop_tools_msgs/include/teleop_tools_msgs/teleop_tools_msgs/msg/rosidl_typesupport_introspection_c__visibility_control.h
[22.753s] -- Up-to-date: /home/misys/f1tenth_ws/install/teleop_tools_msgs/include/teleop_tools_msgs/teleop_tools_msgs/action
[22.753s] -- Up-to-date: /home/misys/f1tenth_ws/install/teleop_tools_msgs/include/teleop_tools_msgs/teleop_tools_msgs/action/detail
[22.753s] -- Installing: /home/misys/f1tenth_ws/install/teleop_tools_msgs/include/teleop_tools_msgs/teleop_tools_msgs/action/detail/increment__type_support.c
[22.756s] -- Installing: /home/misys/f1tenth_ws/install/teleop_tools_msgs/include/teleop_tools_msgs/teleop_tools_msgs/action/detail/increment__rosidl_typesupport_introspection_c.h
[22.757s] -- Installing: /home/misys/f1tenth_ws/install/teleop_tools_msgs/lib/libteleop_tools_msgs__rosidl_typesupport_introspection_c.so
[22.757s] -- Set runtime path of "/home/misys/f1tenth_ws/install/teleop_tools_msgs/lib/libteleop_tools_msgs__rosidl_typesupport_introspection_c.so" to ""
[22.757s] -- Installing: /home/misys/f1tenth_ws/install/teleop_tools_msgs/lib/libteleop_tools_msgs__rosidl_typesupport_c.so
[22.757s] -- Set runtime path of "/home/misys/f1tenth_ws/install/teleop_tools_msgs/lib/libteleop_tools_msgs__rosidl_typesupport_c.so" to ""
[22.758s] -- Up-to-date: /home/misys/f1tenth_ws/install/teleop_tools_msgs/include/teleop_tools_msgs/teleop_tools_msgs
[22.759s] -- Up-to-date: /home/misys/f1tenth_ws/install/teleop_tools_msgs/include/teleop_tools_msgs/teleop_tools_msgs/msg
[22.759s] -- Installing: /home/misys/f1tenth_ws/install/teleop_tools_msgs/include/teleop_tools_msgs/teleop_tools_msgs/msg/rosidl_generator_cpp__visibility_control.hpp
[22.759s] -- Up-to-date: /home/misys/f1tenth_ws/install/teleop_tools_msgs/include/teleop_tools_msgs/teleop_tools_msgs/action
[22.762s] -- Up-to-date: /home/misys/f1tenth_ws/install/teleop_tools_msgs/include/teleop_tools_msgs/teleop_tools_msgs/action/detail
[22.762s] -- Installing: /home/misys/f1tenth_ws/install/teleop_tools_msgs/include/teleop_tools_msgs/teleop_tools_msgs/action/detail/increment__traits.hpp
[22.763s] -- Installing: /home/misys/f1tenth_ws/install/teleop_tools_msgs/include/teleop_tools_msgs/teleop_tools_msgs/action/detail/increment__type_support.hpp
[22.765s] -- Installing: /home/misys/f1tenth_ws/install/teleop_tools_msgs/include/teleop_tools_msgs/teleop_tools_msgs/action/detail/increment__struct.hpp
[22.766s] -- Installing: /home/misys/f1tenth_ws/install/teleop_tools_msgs/include/teleop_tools_msgs/teleop_tools_msgs/action/detail/increment__builder.hpp
[22.766s] -- Installing: /home/misys/f1tenth_ws/install/teleop_tools_msgs/include/teleop_tools_msgs/teleop_tools_msgs/action/increment.hpp
[22.766s] -- Up-to-date: /home/misys/f1tenth_ws/install/teleop_tools_msgs/include/teleop_tools_msgs/teleop_tools_msgs
[22.766s] -- Up-to-date: /home/misys/f1tenth_ws/install/teleop_tools_msgs/include/teleop_tools_msgs/teleop_tools_msgs/msg
[22.766s] -- Installing: /home/misys/f1tenth_ws/install/teleop_tools_msgs/include/teleop_tools_msgs/teleop_tools_msgs/msg/rosidl_typesupport_fastrtps_cpp__visibility_control.h
[22.766s] -- Up-to-date: /home/misys/f1tenth_ws/install/teleop_tools_msgs/include/teleop_tools_msgs/teleop_tools_msgs/action
[22.767s] -- Up-to-date: /home/misys/f1tenth_ws/install/teleop_tools_msgs/include/teleop_tools_msgs/teleop_tools_msgs/action/detail
[22.767s] -- Installing: /home/misys/f1tenth_ws/install/teleop_tools_msgs/include/teleop_tools_msgs/teleop_tools_msgs/action/detail/dds_fastrtps
[22.767s] -- Installing: /home/misys/f1tenth_ws/install/teleop_tools_msgs/include/teleop_tools_msgs/teleop_tools_msgs/action/detail/increment__rosidl_typesupport_fastrtps_cpp.hpp
[22.767s] -- Installing: /home/misys/f1tenth_ws/install/teleop_tools_msgs/lib/libteleop_tools_msgs__rosidl_typesupport_fastrtps_cpp.so
[22.768s] -- Set runtime path of "/home/misys/f1tenth_ws/install/teleop_tools_msgs/lib/libteleop_tools_msgs__rosidl_typesupport_fastrtps_cpp.so" to ""
[22.771s] -- Up-to-date: /home/misys/f1tenth_ws/install/teleop_tools_msgs/include/teleop_tools_msgs/teleop_tools_msgs
[22.772s] -- Up-to-date: /home/misys/f1tenth_ws/install/teleop_tools_msgs/include/teleop_tools_msgs/teleop_tools_msgs/action
[22.772s] -- Up-to-date: /home/misys/f1tenth_ws/install/teleop_tools_msgs/include/teleop_tools_msgs/teleop_tools_msgs/action/detail
[22.772s] -- Installing: /home/misys/f1tenth_ws/install/teleop_tools_msgs/include/teleop_tools_msgs/teleop_tools_msgs/action/detail/increment__rosidl_typesupport_introspection_cpp.hpp
[22.772s] -- Installing: /home/misys/f1tenth_ws/install/teleop_tools_msgs/include/teleop_tools_msgs/teleop_tools_msgs/action/detail/increment__type_support.cpp
[22.772s] -- Installing: /home/misys/f1tenth_ws/install/teleop_tools_msgs/lib/libteleop_tools_msgs__rosidl_typesupport_introspection_cpp.so
[22.773s] -- Set runtime path of "/home/misys/f1tenth_ws/install/teleop_tools_msgs/lib/libteleop_tools_msgs__rosidl_typesupport_introspection_cpp.so" to ""
[22.773s] -- Installing: /home/misys/f1tenth_ws/install/teleop_tools_msgs/lib/libteleop_tools_msgs__rosidl_typesupport_cpp.so
[22.773s] -- Set runtime path of "/home/misys/f1tenth_ws/install/teleop_tools_msgs/lib/libteleop_tools_msgs__rosidl_typesupport_cpp.so" to ""
[22.773s] -- Installing: /home/misys/f1tenth_ws/install/teleop_tools_msgs/share/teleop_tools_msgs/environment/pythonpath.sh
[22.773s] -- Installing: /home/misys/f1tenth_ws/install/teleop_tools_msgs/share/teleop_tools_msgs/environment/pythonpath.dsv
[22.773s] -- Installing: /home/misys/f1tenth_ws/install/teleop_tools_msgs/local/lib/python3.10/dist-packages/teleop_tools_msgs-2.0.0-py3.10.egg-info
[22.774s] -- Installing: /home/misys/f1tenth_ws/install/teleop_tools_msgs/local/lib/python3.10/dist-packages/teleop_tools_msgs-2.0.0-py3.10.egg-info/top_level.txt
[22.780s] -- Installing: /home/misys/f1tenth_ws/install/teleop_tools_msgs/local/lib/python3.10/dist-packages/teleop_tools_msgs-2.0.0-py3.10.egg-info/PKG-INFO
[22.780s] -- Installing: /home/misys/f1tenth_ws/install/teleop_tools_msgs/local/lib/python3.10/dist-packages/teleop_tools_msgs-2.0.0-py3.10.egg-info/SOURCES.txt
[22.780s] -- Installing: /home/misys/f1tenth_ws/install/teleop_tools_msgs/local/lib/python3.10/dist-packages/teleop_tools_msgs-2.0.0-py3.10.egg-info/dependency_links.txt
[22.783s] -- Installing: /home/misys/f1tenth_ws/install/teleop_tools_msgs/local/lib/python3.10/dist-packages/teleop_tools_msgs
[22.783s] -- Installing: /home/misys/f1tenth_ws/install/teleop_tools_msgs/local/lib/python3.10/dist-packages/teleop_tools_msgs/_teleop_tools_msgs_s.ep.rosidl_typesupport_c.c
[22.783s] -- Installing: /home/misys/f1tenth_ws/install/teleop_tools_msgs/local/lib/python3.10/dist-packages/teleop_tools_msgs/action
[22.783s] -- Installing: /home/misys/f1tenth_ws/install/teleop_tools_msgs/local/lib/python3.10/dist-packages/teleop_tools_msgs/action/_increment.py
[22.784s] -- Installing: /home/misys/f1tenth_ws/install/teleop_tools_msgs/local/lib/python3.10/dist-packages/teleop_tools_msgs/action/_increment_s.c
[22.784s] -- Installing: /home/misys/f1tenth_ws/install/teleop_tools_msgs/local/lib/python3.10/dist-packages/teleop_tools_msgs/action/__init__.py
[22.784s] -- Installing: /home/misys/f1tenth_ws/install/teleop_tools_msgs/local/lib/python3.10/dist-packages/teleop_tools_msgs/_teleop_tools_msgs_s.ep.rosidl_typesupport_introspection_c.c
[22.784s] -- Installing: /home/misys/f1tenth_ws/install/teleop_tools_msgs/local/lib/python3.10/dist-packages/teleop_tools_msgs/__init__.py
[22.784s] -- Installing: /home/misys/f1tenth_ws/install/teleop_tools_msgs/local/lib/python3.10/dist-packages/teleop_tools_msgs/teleop_tools_msgs_s__rosidl_typesupport_c.cpython-310-x86_64-linux-gnu.so
[22.785s] -- Installing: /home/misys/f1tenth_ws/install/teleop_tools_msgs/local/lib/python3.10/dist-packages/teleop_tools_msgs/libteleop_tools_msgs__rosidl_generator_py.so
[22.785s] -- Installing: /home/misys/f1tenth_ws/install/teleop_tools_msgs/local/lib/python3.10/dist-packages/teleop_tools_msgs/teleop_tools_msgs_s__rosidl_typesupport_introspection_c.cpython-310-x86_64-linux-gnu.so
[22.792s] -- Installing: /home/misys/f1tenth_ws/install/teleop_tools_msgs/local/lib/python3.10/dist-packages/teleop_tools_msgs/_teleop_tools_msgs_s.ep.rosidl_typesupport_fastrtps_c.c
[22.793s] -- Installing: /home/misys/f1tenth_ws/install/teleop_tools_msgs/local/lib/python3.10/dist-packages/teleop_tools_msgs/teleop_tools_msgs_s__rosidl_typesupport_fastrtps_c.cpython-310-x86_64-linux-gnu.so
[22.899s] Listing '/home/misys/f1tenth_ws/install/teleop_tools_msgs/local/lib/python3.10/dist-packages/teleop_tools_msgs'...
[22.899s] Compiling '/home/misys/f1tenth_ws/install/teleop_tools_msgs/local/lib/python3.10/dist-packages/teleop_tools_msgs/__init__.py'...
[22.899s] Listing '/home/misys/f1tenth_ws/install/teleop_tools_msgs/local/lib/python3.10/dist-packages/teleop_tools_msgs/action'...
[22.899s] Compiling '/home/misys/f1tenth_ws/install/teleop_tools_msgs/local/lib/python3.10/dist-packages/teleop_tools_msgs/action/__init__.py'...
[22.900s] Compiling '/home/misys/f1tenth_ws/install/teleop_tools_msgs/local/lib/python3.10/dist-packages/teleop_tools_msgs/action/_increment.py'...
[22.915s] -- Installing: /home/misys/f1tenth_ws/install/teleop_tools_msgs/local/lib/python3.10/dist-packages/teleop_tools_msgs/teleop_tools_msgs_s__rosidl_typesupport_fastrtps_c.cpython-310-x86_64-linux-gnu.so
[22.918s] -- Set runtime path of "/home/misys/f1tenth_ws/install/teleop_tools_msgs/local/lib/python3.10/dist-packages/teleop_tools_msgs/teleop_tools_msgs_s__rosidl_typesupport_fastrtps_c.cpython-310-x86_64-linux-gnu.so" to ""
[22.918s] -- Installing: /home/misys/f1tenth_ws/install/teleop_tools_msgs/local/lib/python3.10/dist-packages/teleop_tools_msgs/teleop_tools_msgs_s__rosidl_typesupport_introspection_c.cpython-310-x86_64-linux-gnu.so
[22.922s] -- Set runtime path of "/home/misys/f1tenth_ws/install/teleop_tools_msgs/local/lib/python3.10/dist-packages/teleop_tools_msgs/teleop_tools_msgs_s__rosidl_typesupport_introspection_c.cpython-310-x86_64-linux-gnu.so" to ""
[22.922s] -- Installing: /home/misys/f1tenth_ws/install/teleop_tools_msgs/local/lib/python3.10/dist-packages/teleop_tools_msgs/teleop_tools_msgs_s__rosidl_typesupport_c.cpython-310-x86_64-linux-gnu.so
[22.922s] -- Set runtime path of "/home/misys/f1tenth_ws/install/teleop_tools_msgs/local/lib/python3.10/dist-packages/teleop_tools_msgs/teleop_tools_msgs_s__rosidl_typesupport_c.cpython-310-x86_64-linux-gnu.so" to ""
[22.922s] -- Installing: /home/misys/f1tenth_ws/install/teleop_tools_msgs/lib/libteleop_tools_msgs__rosidl_generator_py.so
[22.924s] -- Set runtime path of "/home/misys/f1tenth_ws/install/teleop_tools_msgs/lib/libteleop_tools_msgs__rosidl_generator_py.so" to ""
[22.925s] -- Installing: /home/misys/f1tenth_ws/install/teleop_tools_msgs/share/teleop_tools_msgs/action/Increment.idl
[22.926s] -- Installing: /home/misys/f1tenth_ws/install/teleop_tools_msgs/share/teleop_tools_msgs/action/Increment.action
[22.927s] -- Installing: /home/misys/f1tenth_ws/install/teleop_tools_msgs/share/ament_index/resource_index/package_run_dependencies/teleop_tools_msgs
[22.929s] -- Installing: /home/misys/f1tenth_ws/install/teleop_tools_msgs/share/ament_index/resource_index/parent_prefix_path/teleop_tools_msgs
[22.932s] -- Installing: /home/misys/f1tenth_ws/install/teleop_tools_msgs/share/teleop_tools_msgs/environment/ament_prefix_path.sh
[22.932s] -- Installing: /home/misys/f1tenth_ws/install/teleop_tools_msgs/share/teleop_tools_msgs/environment/ament_prefix_path.dsv
[22.932s] -- Installing: /home/misys/f1tenth_ws/install/teleop_tools_msgs/share/teleop_tools_msgs/environment/path.sh
[22.932s] -- Installing: /home/misys/f1tenth_ws/install/teleop_tools_msgs/share/teleop_tools_msgs/environment/path.dsv
[22.932s] -- Installing: /home/misys/f1tenth_ws/install/teleop_tools_msgs/share/teleop_tools_msgs/local_setup.bash
[22.934s] -- Installing: /home/misys/f1tenth_ws/install/teleop_tools_msgs/share/teleop_tools_msgs/local_setup.sh
[22.935s] -- Installing: /home/misys/f1tenth_ws/install/teleop_tools_msgs/share/teleop_tools_msgs/local_setup.zsh
[22.939s] -- Installing: /home/misys/f1tenth_ws/install/teleop_tools_msgs/share/teleop_tools_msgs/local_setup.dsv
[22.939s] -- Installing: /home/misys/f1tenth_ws/install/teleop_tools_msgs/share/teleop_tools_msgs/package.dsv
[22.939s] -- Installing: /home/misys/f1tenth_ws/install/teleop_tools_msgs/share/ament_index/resource_index/packages/teleop_tools_msgs
[22.939s] -- Installing: /home/misys/f1tenth_ws/install/teleop_tools_msgs/share/teleop_tools_msgs/cmake/export_teleop_tools_msgs__rosidl_generator_cExport.cmake
[22.940s] -- Installing: /home/misys/f1tenth_ws/install/teleop_tools_msgs/share/teleop_tools_msgs/cmake/export_teleop_tools_msgs__rosidl_generator_cExport-noconfig.cmake
[22.942s] -- Installing: /home/misys/f1tenth_ws/install/teleop_tools_msgs/share/teleop_tools_msgs/cmake/export_teleop_tools_msgs__rosidl_typesupport_fastrtps_cExport.cmake
[22.943s] -- Installing: /home/misys/f1tenth_ws/install/teleop_tools_msgs/share/teleop_tools_msgs/cmake/export_teleop_tools_msgs__rosidl_typesupport_fastrtps_cExport-noconfig.cmake
[22.944s] -- Installing: /home/misys/f1tenth_ws/install/teleop_tools_msgs/share/teleop_tools_msgs/cmake/teleop_tools_msgs__rosidl_typesupport_introspection_cExport.cmake
[22.945s] -- Installing: /home/misys/f1tenth_ws/install/teleop_tools_msgs/share/teleop_tools_msgs/cmake/teleop_tools_msgs__rosidl_typesupport_introspection_cExport-noconfig.cmake
[22.949s] -- Installing: /home/misys/f1tenth_ws/install/teleop_tools_msgs/share/teleop_tools_msgs/cmake/teleop_tools_msgs__rosidl_typesupport_cExport.cmake
[22.949s] -- Installing: /home/misys/f1tenth_ws/install/teleop_tools_msgs/share/teleop_tools_msgs/cmake/teleop_tools_msgs__rosidl_typesupport_cExport-noconfig.cmake
[22.949s] -- Installing: /home/misys/f1tenth_ws/install/teleop_tools_msgs/share/teleop_tools_msgs/cmake/export_teleop_tools_msgs__rosidl_generator_cppExport.cmake
[22.949s] -- Installing: /home/misys/f1tenth_ws/install/teleop_tools_msgs/share/teleop_tools_msgs/cmake/export_teleop_tools_msgs__rosidl_typesupport_fastrtps_cppExport.cmake
[22.950s] -- Installing: /home/misys/f1tenth_ws/install/teleop_tools_msgs/share/teleop_tools_msgs/cmake/export_teleop_tools_msgs__rosidl_typesupport_fastrtps_cppExport-noconfig.cmake
[22.951s] -- Installing: /home/misys/f1tenth_ws/install/teleop_tools_msgs/share/teleop_tools_msgs/cmake/teleop_tools_msgs__rosidl_typesupport_introspection_cppExport.cmake
[22.952s] -- Installing: /home/misys/f1tenth_ws/install/teleop_tools_msgs/share/teleop_tools_msgs/cmake/teleop_tools_msgs__rosidl_typesupport_introspection_cppExport-noconfig.cmake
[22.955s] -- Installing: /home/misys/f1tenth_ws/install/teleop_tools_msgs/share/teleop_tools_msgs/cmake/teleop_tools_msgs__rosidl_typesupport_cppExport.cmake
[22.955s] -- Installing: /home/misys/f1tenth_ws/install/teleop_tools_msgs/share/teleop_tools_msgs/cmake/teleop_tools_msgs__rosidl_typesupport_cppExport-noconfig.cmake
[22.956s] -- Installing: /home/misys/f1tenth_ws/install/teleop_tools_msgs/share/teleop_tools_msgs/cmake/export_teleop_tools_msgs__rosidl_generator_pyExport.cmake
[22.957s] -- Installing: /home/misys/f1tenth_ws/install/teleop_tools_msgs/share/teleop_tools_msgs/cmake/export_teleop_tools_msgs__rosidl_generator_pyExport-noconfig.cmake
[22.960s] -- Installing: /home/misys/f1tenth_ws/install/teleop_tools_msgs/share/teleop_tools_msgs/cmake/rosidl_cmake-extras.cmake
[22.960s] -- Installing: /home/misys/f1tenth_ws/install/teleop_tools_msgs/share/teleop_tools_msgs/cmake/ament_cmake_export_dependencies-extras.cmake
[22.960s] -- Installing: /home/misys/f1tenth_ws/install/teleop_tools_msgs/share/teleop_tools_msgs/cmake/ament_cmake_export_include_directories-extras.cmake
[22.961s] -- Installing: /home/misys/f1tenth_ws/install/teleop_tools_msgs/share/teleop_tools_msgs/cmake/ament_cmake_export_libraries-extras.cmake
[22.962s] -- Installing: /home/misys/f1tenth_ws/install/teleop_tools_msgs/share/teleop_tools_msgs/cmake/ament_cmake_export_targets-extras.cmake
[22.966s] -- Installing: /home/misys/f1tenth_ws/install/teleop_tools_msgs/share/teleop_tools_msgs/cmake/rosidl_cmake_export_typesupport_targets-extras.cmake
[22.966s] -- Installing: /home/misys/f1tenth_ws/install/teleop_tools_msgs/share/teleop_tools_msgs/cmake/rosidl_cmake_export_typesupport_libraries-extras.cmake
[22.966s] -- Installing: /home/misys/f1tenth_ws/install/teleop_tools_msgs/share/teleop_tools_msgs/cmake/teleop_tools_msgsConfig.cmake
[22.966s] -- Installing: /home/misys/f1tenth_ws/install/teleop_tools_msgs/share/teleop_tools_msgs/cmake/teleop_tools_msgsConfig-version.cmake
[22.966s] -- Installing: /home/misys/f1tenth_ws/install/teleop_tools_msgs/share/teleop_tools_msgs/package.xml
[22.974s] Invoked command in '/home/misys/f1tenth_ws/build/teleop_tools_msgs' returned '0': CMAKE_PREFIX_PATH=/opt/ros/humble /usr/bin/cmake --install /home/misys/f1tenth_ws/build/teleop_tools_msgs
