-- The C compiler identification is GNU 11.4.0
-- The CXX compiler identification is GNU 11.4.0
-- Detecting C compiler ABI info
-- Detecting C compiler ABI info - done
-- Check for working C compiler: /usr/bin/cc - skipped
-- Detecting C compile features
-- Detecting C compile features - done
-- Detecting CXX compiler ABI info
-- Detecting CXX compiler ABI info - done
-- Check for working CXX compiler: /usr/bin/c++ - skipped
-- Detecting CXX compile features
-- Detecting CXX compile features - done
-- Found ament_cmake: 1.3.12 (/opt/ros/humble/share/ament_cmake/cmake)
-- Found Python3: /usr/bin/python3 (found version "3.10.12") found components: Interpreter 
-- Found rclcpp: 16.0.15 (/opt/ros/humble/share/rclcpp/cmake)
-- Found rosidl_generator_c: 3.1.7 (/opt/ros/humble/share/rosidl_generator_c/cmake)
-- Found rosidl_adapter: 3.1.7 (/opt/ros/humble/share/rosidl_adapter/cmake)
-- Found rosidl_generator_cpp: 3.1.7 (/opt/ros/humble/share/rosidl_generator_cpp/cmake)
-- Using all available rosidl_typesupport_c: rosidl_typesupport_fastrtps_c;rosidl_typesupport_introspection_c
-- Using all available rosidl_typesupport_cpp: rosidl_typesupport_fastrtps_cpp;rosidl_typesupport_introspection_cpp
-- Found rmw_implementation_cmake: 6.1.2 (/opt/ros/humble/share/rmw_implementation_cmake/cmake)
-- Found rmw_fastrtps_cpp: 6.2.9 (/opt/ros/humble/share/rmw_fastrtps_cpp/cmake)
-- Found OpenSSL: /usr/lib/x86_64-linux-gnu/libcrypto.so (found version "3.0.2")  
-- Found FastRTPS: /opt/ros/humble/include  
-- Using RMW implementation 'rmw_fastrtps_cpp' as default
-- Looking for pthread.h
-- Looking for pthread.h - found
-- Performing Test CMAKE_HAVE_LIBC_PTHREAD
-- Performing Test CMAKE_HAVE_LIBC_PTHREAD - Success
-- Found Threads: TRUE  
-- Found rclpy: 3.3.17 (/opt/ros/humble/share/rclpy/cmake)
-- Found nav_msgs: 4.9.0 (/opt/ros/humble/share/nav_msgs/cmake)
-- Found ackermann_msgs: 2.0.2 (/home/misys/f1tenth_ws/install/ackermann_msgs/share/ackermann_msgs/cmake)
-- Found sensor_msgs: 4.9.0 (/opt/ros/humble/share/sensor_msgs/cmake)
-- Found ament_lint_auto: 0.12.14 (/opt/ros/humble/share/ament_lint_auto/cmake)
-- Added test 'copyright' to check source files copyright and LICENSE
-- Added test 'cppcheck' to perform static code analysis on C / C++ code
-- Configured cppcheck include dirs: /home/misys/f1tenth_ws/src/CL2-UWaterloo/safety_node/include
-- Configured cppcheck exclude dirs and/or files: 
-- Added test 'cpplint' to check C / C++ code against the Google style
-- Configured cpplint exclude dirs and/or files: 
-- Added test 'flake8' to check Python code syntax and style conventions
-- Added test 'lint_cmake' to check CMake code style
-- Added test 'pep257' to check Python code against some of the docstring style conventions in PEP 257
-- Added test 'uncrustify' to check C / C++ code style
-- Configured uncrustify additional arguments: 
-- Added test 'xmllint' to check XML markup files
-- Configuring done
-- Generating done
-- Build files have been written to: /home/misys/f1tenth_ws/build/safety_node
[ 16%] Building CXX object CMakeFiles/safety_node_legacy_revised.dir/src/safety_node_legacy_revised.cpp.o
[ 33%] Building CXX object CMakeFiles/safety_node.dir/src/safety_node.cpp.o
[ 50%] Building CXX object CMakeFiles/safety_node_legacy.dir/src/safety_node_legacy.cpp.o
[ 50%] Built target ament_cmake_python_copy_safety_node
[ 50%] Built target ament_cmake_python_copy_safety_node_setup
running egg_info
creating safety_node.egg-info
writing safety_node.egg-info/PKG-INFO
writing dependency_links to safety_node.egg-info/dependency_links.txt
writing top-level names to safety_node.egg-info/top_level.txt
writing manifest file 'safety_node.egg-info/SOURCES.txt'
reading manifest file 'safety_node.egg-info/SOURCES.txt'
writing manifest file 'safety_node.egg-info/SOURCES.txt'
[ 50%] Built target ament_cmake_python_build_safety_node_egg
[ 66%] Linking CXX executable safety_node_legacy
[ 66%] Built target safety_node_legacy
[ 83%] Linking CXX executable safety_node_legacy_revised
[ 83%] Built target safety_node_legacy_revised
[100%] Linking CXX executable safety_node
[100%] Built target safety_node
-- Install configuration: ""
-- Installing: /home/misys/f1tenth_ws/install/safety_node/lib/safety_node/safety_node
-- Set runtime path of "/home/misys/f1tenth_ws/install/safety_node/lib/safety_node/safety_node" to ""
-- Installing: /home/misys/f1tenth_ws/install/safety_node/lib/safety_node/safety_node_legacy_revised
-- Set runtime path of "/home/misys/f1tenth_ws/install/safety_node/lib/safety_node/safety_node_legacy_revised" to ""
-- Installing: /home/misys/f1tenth_ws/install/safety_node/lib/safety_node/safety_node_legacy
-- Set runtime path of "/home/misys/f1tenth_ws/install/safety_node/lib/safety_node/safety_node_legacy" to ""
-- Installing: /home/misys/f1tenth_ws/install/safety_node/share/safety_node/environment/pythonpath.sh
-- Installing: /home/misys/f1tenth_ws/install/safety_node/share/safety_node/environment/pythonpath.dsv
-- Installing: /home/misys/f1tenth_ws/install/safety_node/local/lib/python3.10/dist-packages/safety_node-0.0.0-py3.10.egg-info
-- Installing: /home/misys/f1tenth_ws/install/safety_node/local/lib/python3.10/dist-packages/safety_node-0.0.0-py3.10.egg-info/top_level.txt
-- Installing: /home/misys/f1tenth_ws/install/safety_node/local/lib/python3.10/dist-packages/safety_node-0.0.0-py3.10.egg-info/PKG-INFO
-- Installing: /home/misys/f1tenth_ws/install/safety_node/local/lib/python3.10/dist-packages/safety_node-0.0.0-py3.10.egg-info/SOURCES.txt
-- Installing: /home/misys/f1tenth_ws/install/safety_node/local/lib/python3.10/dist-packages/safety_node-0.0.0-py3.10.egg-info/dependency_links.txt
-- Installing: /home/misys/f1tenth_ws/install/safety_node/local/lib/python3.10/dist-packages/safety_node
-- Installing: /home/misys/f1tenth_ws/install/safety_node/local/lib/python3.10/dist-packages/safety_node/__init__.py
Listing '/home/misys/f1tenth_ws/install/safety_node/local/lib/python3.10/dist-packages/safety_node'...
Compiling '/home/misys/f1tenth_ws/install/safety_node/local/lib/python3.10/dist-packages/safety_node/__init__.py'...
-- Installing: /home/misys/f1tenth_ws/install/safety_node/lib/safety_node/safety_node.py
-- Installing: /home/misys/f1tenth_ws/install/safety_node/share/ament_index/resource_index/package_run_dependencies/safety_node
-- Installing: /home/misys/f1tenth_ws/install/safety_node/share/ament_index/resource_index/parent_prefix_path/safety_node
-- Installing: /home/misys/f1tenth_ws/install/safety_node/share/safety_node/environment/ament_prefix_path.sh
-- Installing: /home/misys/f1tenth_ws/install/safety_node/share/safety_node/environment/ament_prefix_path.dsv
-- Installing: /home/misys/f1tenth_ws/install/safety_node/share/safety_node/environment/path.sh
-- Installing: /home/misys/f1tenth_ws/install/safety_node/share/safety_node/environment/path.dsv
-- Installing: /home/misys/f1tenth_ws/install/safety_node/share/safety_node/local_setup.bash
-- Installing: /home/misys/f1tenth_ws/install/safety_node/share/safety_node/local_setup.sh
-- Installing: /home/misys/f1tenth_ws/install/safety_node/share/safety_node/local_setup.zsh
-- Installing: /home/misys/f1tenth_ws/install/safety_node/share/safety_node/local_setup.dsv
-- Installing: /home/misys/f1tenth_ws/install/safety_node/share/safety_node/package.dsv
-- Installing: /home/misys/f1tenth_ws/install/safety_node/share/ament_index/resource_index/packages/safety_node
-- Installing: /home/misys/f1tenth_ws/install/safety_node/share/safety_node/cmake/safety_nodeConfig.cmake
-- Installing: /home/misys/f1tenth_ws/install/safety_node/share/safety_node/cmake/safety_nodeConfig-version.cmake
-- Installing: /home/misys/f1tenth_ws/install/safety_node/share/safety_node/package.xml
