[1.667s] Invoking command in '/home/misys/f1tenth_ws/build/safety_node': AMENT_PREFIX_PATH=/home/misys/f1tenth_ws/install/ackermann_msgs:${AMENT_PREFIX_PATH} CMAKE_PREFIX_PATH=/home/misys/f1tenth_ws/install/ackermann_msgs:/opt/ros/humble LD_LIBRARY_PATH=/home/misys/f1tenth_ws/install/ackermann_msgs/lib:${LD_LIBRARY_PATH} PYTHONPATH=/home/misys/f1tenth_ws/install/ackermann_msgs/local/lib/python3.10/dist-packages:${PYTHONPATH} /usr/bin/cmake /home/misys/f1tenth_ws/src/CL2-UWaterloo/safety_node -DCMAKE_INSTALL_PREFIX=/home/misys/f1tenth_ws/install/safety_node
[1.859s] -- The C compiler identification is GNU 11.4.0
[2.154s] -- The CXX compiler identification is GNU 11.4.0
[3.147s] -- Detecting C compiler ABI info
[3.147s] -- Detecting C compiler ABI info - done
[3.147s] -- Check for working C compiler: /usr/bin/cc - skipped
[3.148s] -- Detecting C compile features
[3.148s] -- Detecting C compile features - done
[3.148s] -- Detecting CXX compiler ABI info
[3.148s] -- Detecting CXX compiler ABI info - done
[3.148s] -- Check for working CXX compiler: /usr/bin/c++ - skipped
[3.148s] -- Detecting CXX compile features
[3.148s] -- Detecting CXX compile features - done
[3.148s] -- Found ament_cmake: 1.3.12 (/opt/ros/humble/share/ament_cmake/cmake)
[3.349s] -- Found Python3: /usr/bin/python3 (found version "3.10.12") found components: Interpreter 
[3.654s] -- Found rclcpp: 16.0.15 (/opt/ros/humble/share/rclcpp/cmake)
[3.838s] -- Found rosidl_generator_c: 3.1.7 (/opt/ros/humble/share/rosidl_generator_c/cmake)
[3.867s] -- Found rosidl_adapter: 3.1.7 (/opt/ros/humble/share/rosidl_adapter/cmake)
[4.022s] -- Found rosidl_generator_cpp: 3.1.7 (/opt/ros/humble/share/rosidl_generator_cpp/cmake)
[4.023s] -- Using all available rosidl_typesupport_c: rosidl_typesupport_fastrtps_c;rosidl_typesupport_introspection_c
[4.032s] -- Using all available rosidl_typesupport_cpp: rosidl_typesupport_fastrtps_cpp;rosidl_typesupport_introspection_cpp
[4.183s] -- Found rmw_implementation_cmake: 6.1.2 (/opt/ros/humble/share/rmw_implementation_cmake/cmake)
[4.201s] -- Found rmw_fastrtps_cpp: 6.2.9 (/opt/ros/humble/share/rmw_fastrtps_cpp/cmake)
[4.623s] -- Found OpenSSL: /usr/lib/x86_64-linux-gnu/libcrypto.so (found version "3.0.2")  
[4.721s] -- Found FastRTPS: /opt/ros/humble/include  
[4.884s] -- Using RMW implementation 'rmw_fastrtps_cpp' as default
[4.919s] -- Looking for pthread.h
[5.115s] -- Looking for pthread.h - found
[5.117s] -- Performing Test CMAKE_HAVE_LIBC_PTHREAD
[5.328s] -- Performing Test CMAKE_HAVE_LIBC_PTHREAD - Success
[5.332s] -- Found Threads: TRUE  
[5.511s] -- Found rclpy: 3.3.17 (/opt/ros/humble/share/rclpy/cmake)
[5.519s] -- Found nav_msgs: 4.9.0 (/opt/ros/humble/share/nav_msgs/cmake)
[5.625s] -- Found ackermann_msgs: 2.0.2 (/home/misys/f1tenth_ws/install/ackermann_msgs/share/ackermann_msgs/cmake)
[5.669s] -- Found sensor_msgs: 4.9.0 (/opt/ros/humble/share/sensor_msgs/cmake)
[6.016s] -- Found ament_lint_auto: 0.12.14 (/opt/ros/humble/share/ament_lint_auto/cmake)
[6.292s] -- Added test 'copyright' to check source files copyright and LICENSE
[6.296s] -- Added test 'cppcheck' to perform static code analysis on C / C++ code
[6.300s] -- Configured cppcheck include dirs: /home/misys/f1tenth_ws/src/CL2-UWaterloo/safety_node/include
[6.300s] -- Configured cppcheck exclude dirs and/or files: 
[6.302s] -- Added test 'cpplint' to check C / C++ code against the Google style
[6.303s] -- Configured cpplint exclude dirs and/or files: 
[6.309s] -- Added test 'flake8' to check Python code syntax and style conventions
[6.310s] -- Added test 'lint_cmake' to check CMake code style
[6.310s] -- Added test 'pep257' to check Python code against some of the docstring style conventions in PEP 257
[6.315s] -- Added test 'uncrustify' to check C / C++ code style
[6.316s] -- Configured uncrustify additional arguments: 
[6.322s] -- Added test 'xmllint' to check XML markup files
[6.324s] -- Configuring done
[6.392s] -- Generating done
[6.421s] -- Build files have been written to: /home/misys/f1tenth_ws/build/safety_node
[6.454s] Invoked command in '/home/misys/f1tenth_ws/build/safety_node' returned '0': AMENT_PREFIX_PATH=/home/misys/f1tenth_ws/install/ackermann_msgs:${AMENT_PREFIX_PATH} CMAKE_PREFIX_PATH=/home/misys/f1tenth_ws/install/ackermann_msgs:/opt/ros/humble LD_LIBRARY_PATH=/home/misys/f1tenth_ws/install/ackermann_msgs/lib:${LD_LIBRARY_PATH} PYTHONPATH=/home/misys/f1tenth_ws/install/ackermann_msgs/local/lib/python3.10/dist-packages:${PYTHONPATH} /usr/bin/cmake /home/misys/f1tenth_ws/src/CL2-UWaterloo/safety_node -DCMAKE_INSTALL_PREFIX=/home/misys/f1tenth_ws/install/safety_node
[6.455s] Invoking command in '/home/misys/f1tenth_ws/build/safety_node': AMENT_PREFIX_PATH=/home/misys/f1tenth_ws/install/ackermann_msgs:${AMENT_PREFIX_PATH} CMAKE_PREFIX_PATH=/home/misys/f1tenth_ws/install/ackermann_msgs:/opt/ros/humble LD_LIBRARY_PATH=/home/misys/f1tenth_ws/install/ackermann_msgs/lib:${LD_LIBRARY_PATH} PYTHONPATH=/home/misys/f1tenth_ws/install/ackermann_msgs/local/lib/python3.10/dist-packages:${PYTHONPATH} /usr/bin/cmake --build /home/misys/f1tenth_ws/build/safety_node -- -j16 -l16
[6.632s] [ 16%] Building CXX object CMakeFiles/safety_node_legacy_revised.dir/src/safety_node_legacy_revised.cpp.o
[6.638s] [ 33%] Building CXX object CMakeFiles/safety_node.dir/src/safety_node.cpp.o
[6.644s] [ 50%] Building CXX object CMakeFiles/safety_node_legacy.dir/src/safety_node_legacy.cpp.o
[6.651s] [ 50%] Built target ament_cmake_python_copy_safety_node
[6.655s] [ 50%] Built target ament_cmake_python_copy_safety_node_setup
[8.514s] /usr/lib/python3/dist-packages/setuptools/dist.py:723: UserWarning: Usage of dash-separated 'script_dir' will not be supported in future versions. Please use the underscore name 'script_dir' instead
[8.514s]   warnings.warn(
[8.515s] /usr/lib/python3/dist-packages/setuptools/dist.py:723: UserWarning: Usage of dash-separated 'install_scripts' will not be supported in future versions. Please use the underscore name 'install_scripts' instead
[8.515s]   warnings.warn(
[8.531s] running egg_info
[8.534s] creating safety_node.egg-info
[8.535s] writing safety_node.egg-info/PKG-INFO
[8.538s] writing dependency_links to safety_node.egg-info/dependency_links.txt
[8.538s] writing top-level names to safety_node.egg-info/top_level.txt
[8.538s] writing manifest file 'safety_node.egg-info/SOURCES.txt'
[8.547s] reading manifest file 'safety_node.egg-info/SOURCES.txt'
[8.547s] writing manifest file 'safety_node.egg-info/SOURCES.txt'
[8.668s] [ 50%] Built target ament_cmake_python_build_safety_node_egg
[48.729s] [ 66%] Linking CXX executable safety_node_legacy
[50.384s] [ 66%] Built target safety_node_legacy
[51.654s] [ 83%] Linking CXX executable safety_node_legacy_revised
[52.911s] [ 83%] Built target safety_node_legacy_revised
[57.107s] [100%] Linking CXX executable safety_node
[59.124s] [100%] Built target safety_node
[59.147s] Invoked command in '/home/misys/f1tenth_ws/build/safety_node' returned '0': AMENT_PREFIX_PATH=/home/misys/f1tenth_ws/install/ackermann_msgs:${AMENT_PREFIX_PATH} CMAKE_PREFIX_PATH=/home/misys/f1tenth_ws/install/ackermann_msgs:/opt/ros/humble LD_LIBRARY_PATH=/home/misys/f1tenth_ws/install/ackermann_msgs/lib:${LD_LIBRARY_PATH} PYTHONPATH=/home/misys/f1tenth_ws/install/ackermann_msgs/local/lib/python3.10/dist-packages:${PYTHONPATH} /usr/bin/cmake --build /home/misys/f1tenth_ws/build/safety_node -- -j16 -l16
[59.151s] Invoking command in '/home/misys/f1tenth_ws/build/safety_node': AMENT_PREFIX_PATH=/home/misys/f1tenth_ws/install/ackermann_msgs:${AMENT_PREFIX_PATH} CMAKE_PREFIX_PATH=/home/misys/f1tenth_ws/install/ackermann_msgs:/opt/ros/humble LD_LIBRARY_PATH=/home/misys/f1tenth_ws/install/ackermann_msgs/lib:${LD_LIBRARY_PATH} PYTHONPATH=/home/misys/f1tenth_ws/install/ackermann_msgs/local/lib/python3.10/dist-packages:${PYTHONPATH} /usr/bin/cmake --install /home/misys/f1tenth_ws/build/safety_node
[59.166s] -- Install configuration: ""
[59.166s] -- Installing: /home/misys/f1tenth_ws/install/safety_node/lib/safety_node/safety_node
[59.176s] -- Set runtime path of "/home/misys/f1tenth_ws/install/safety_node/lib/safety_node/safety_node" to ""
[59.177s] -- Installing: /home/misys/f1tenth_ws/install/safety_node/lib/safety_node/safety_node_legacy_revised
[59.184s] -- Set runtime path of "/home/misys/f1tenth_ws/install/safety_node/lib/safety_node/safety_node_legacy_revised" to ""
[59.184s] -- Installing: /home/misys/f1tenth_ws/install/safety_node/lib/safety_node/safety_node_legacy
[59.192s] -- Set runtime path of "/home/misys/f1tenth_ws/install/safety_node/lib/safety_node/safety_node_legacy" to ""
[59.192s] -- Installing: /home/misys/f1tenth_ws/install/safety_node/share/safety_node/environment/pythonpath.sh
[59.193s] -- Installing: /home/misys/f1tenth_ws/install/safety_node/share/safety_node/environment/pythonpath.dsv
[59.193s] -- Installing: /home/misys/f1tenth_ws/install/safety_node/local/lib/python3.10/dist-packages/safety_node-0.0.0-py3.10.egg-info
[59.194s] -- Installing: /home/misys/f1tenth_ws/install/safety_node/local/lib/python3.10/dist-packages/safety_node-0.0.0-py3.10.egg-info/top_level.txt
[59.194s] -- Installing: /home/misys/f1tenth_ws/install/safety_node/local/lib/python3.10/dist-packages/safety_node-0.0.0-py3.10.egg-info/PKG-INFO
[59.194s] -- Installing: /home/misys/f1tenth_ws/install/safety_node/local/lib/python3.10/dist-packages/safety_node-0.0.0-py3.10.egg-info/SOURCES.txt
[59.195s] -- Installing: /home/misys/f1tenth_ws/install/safety_node/local/lib/python3.10/dist-packages/safety_node-0.0.0-py3.10.egg-info/dependency_links.txt
[59.195s] -- Installing: /home/misys/f1tenth_ws/install/safety_node/local/lib/python3.10/dist-packages/safety_node
[59.196s] -- Installing: /home/misys/f1tenth_ws/install/safety_node/local/lib/python3.10/dist-packages/safety_node/__init__.py
[59.264s] Listing '/home/misys/f1tenth_ws/install/safety_node/local/lib/python3.10/dist-packages/safety_node'...
[59.264s] Compiling '/home/misys/f1tenth_ws/install/safety_node/local/lib/python3.10/dist-packages/safety_node/__init__.py'...
[59.275s] -- Installing: /home/misys/f1tenth_ws/install/safety_node/lib/safety_node/safety_node.py
[59.276s] -- Installing: /home/misys/f1tenth_ws/install/safety_node/share/ament_index/resource_index/package_run_dependencies/safety_node
[59.277s] -- Installing: /home/misys/f1tenth_ws/install/safety_node/share/ament_index/resource_index/parent_prefix_path/safety_node
[59.278s] -- Installing: /home/misys/f1tenth_ws/install/safety_node/share/safety_node/environment/ament_prefix_path.sh
[59.278s] -- Installing: /home/misys/f1tenth_ws/install/safety_node/share/safety_node/environment/ament_prefix_path.dsv
[59.279s] -- Installing: /home/misys/f1tenth_ws/install/safety_node/share/safety_node/environment/path.sh
[59.280s] -- Installing: /home/misys/f1tenth_ws/install/safety_node/share/safety_node/environment/path.dsv
[59.280s] -- Installing: /home/misys/f1tenth_ws/install/safety_node/share/safety_node/local_setup.bash
[59.281s] -- Installing: /home/misys/f1tenth_ws/install/safety_node/share/safety_node/local_setup.sh
[59.281s] -- Installing: /home/misys/f1tenth_ws/install/safety_node/share/safety_node/local_setup.zsh
[59.282s] -- Installing: /home/misys/f1tenth_ws/install/safety_node/share/safety_node/local_setup.dsv
[59.283s] -- Installing: /home/misys/f1tenth_ws/install/safety_node/share/safety_node/package.dsv
[59.284s] -- Installing: /home/misys/f1tenth_ws/install/safety_node/share/ament_index/resource_index/packages/safety_node
[59.284s] -- Installing: /home/misys/f1tenth_ws/install/safety_node/share/safety_node/cmake/safety_nodeConfig.cmake
[59.285s] -- Installing: /home/misys/f1tenth_ws/install/safety_node/share/safety_node/cmake/safety_nodeConfig-version.cmake
[59.285s] -- Installing: /home/misys/f1tenth_ws/install/safety_node/share/safety_node/package.xml
[59.292s] Invoked command in '/home/misys/f1tenth_ws/build/safety_node' returned '0': AMENT_PREFIX_PATH=/home/misys/f1tenth_ws/install/ackermann_msgs:${AMENT_PREFIX_PATH} CMAKE_PREFIX_PATH=/home/misys/f1tenth_ws/install/ackermann_msgs:/opt/ros/humble LD_LIBRARY_PATH=/home/misys/f1tenth_ws/install/ackermann_msgs/lib:${LD_LIBRARY_PATH} PYTHONPATH=/home/misys/f1tenth_ws/install/ackermann_msgs/local/lib/python3.10/dist-packages:${PYTHONPATH} /usr/bin/cmake --install /home/misys/f1tenth_ws/build/safety_node
