[0.078s] Invoking command in '/home/misys/f1tenth_ws/build/realsense2_camera_msgs': CMAKE_PREFIX_PATH=/opt/ros/humble /usr/bin/cmake /home/misys/f1tenth_ws/src/realsense-ros/realsense2_camera_msgs -DCMAKE_INSTALL_PREFIX=/home/misys/f1tenth_ws/install/realsense2_camera_msgs
[2.698s] -- The C compiler identification is GNU 11.4.0
[2.698s] -- The CXX compiler identification is GNU 11.4.0
[2.698s] -- Detecting C compiler ABI info
[2.698s] -- Detecting C compiler ABI info - done
[2.699s] -- Check for working C compiler: /usr/bin/cc - skipped
[2.699s] -- Detecting C compile features
[2.699s] -- Detecting C compile features - done
[2.699s] -- Detecting CXX compiler ABI info
[2.699s] -- Detecting CXX compiler ABI info - done
[2.699s] -- Check for working CXX compiler: /usr/bin/c++ - skipped
[2.699s] -- Detecting CXX compile features
[2.700s] -- Detecting CXX compile features - done
[2.700s] -- Found ament_cmake: 1.3.12 (/opt/ros/humble/share/ament_cmake/cmake)
[2.700s] -- Found Python3: /usr/bin/python3 (found version "3.10.12") found components: Interpreter 
[2.700s] -- Found rosidl_default_generators: 1.2.0 (/opt/ros/humble/share/rosidl_default_generators/cmake)
[2.700s] -- Using all available rosidl_typesupport_c: rosidl_typesupport_fastrtps_c;rosidl_typesupport_introspection_c
[2.700s] -- Found rosidl_adapter: 3.1.7 (/opt/ros/humble/share/rosidl_adapter/cmake)
[2.700s] -- Using all available rosidl_typesupport_cpp: rosidl_typesupport_fastrtps_cpp;rosidl_typesupport_introspection_cpp
[2.701s] -- Found builtin_interfaces: 1.2.2 (/opt/ros/humble/share/builtin_interfaces/cmake)
[2.701s] -- Found std_msgs: 4.9.0 (/opt/ros/humble/share/std_msgs/cmake)
[2.701s] -- Found sensor_msgs: 4.9.0 (/opt/ros/humble/share/sensor_msgs/cmake)
[2.701s] -- Found ament_cmake_cppcheck: 0.12.14 (/opt/ros/humble/share/ament_cmake_cppcheck/cmake)
[2.701s] -- Found ament_cmake_cpplint: 0.12.14 (/opt/ros/humble/share/ament_cmake_cpplint/cmake)
[2.701s] -- Found ament_cmake_uncrustify: 0.12.14 (/opt/ros/humble/share/ament_cmake_uncrustify/cmake)
[2.702s] -- Found ament_cmake_ros: 0.10.0 (/opt/ros/humble/share/ament_cmake_ros/cmake)
[3.263s] -- Using all available rosidl_typesupport_c: rosidl_typesupport_fastrtps_c;rosidl_typesupport_introspection_c
[4.498s] -- Using all available rosidl_typesupport_cpp: rosidl_typesupport_fastrtps_cpp;rosidl_typesupport_introspection_cpp
[4.663s] -- Found PythonInterp: /usr/bin/python3 (found suitable version "3.10.12", minimum required is "3.6") 
[4.671s] -- Found python_cmake_module: 0.10.0 (/opt/ros/humble/share/python_cmake_module/cmake)
[4.862s] -- Found PythonLibs: /usr/lib/x86_64-linux-gnu/libpython3.10.so (found suitable version "3.10.12", minimum required is "3.5") 
[4.862s] -- Using PYTHON_EXECUTABLE: /usr/bin/python3
[4.863s] -- Using PYTHON_INCLUDE_DIRS: /usr/include/python3.10
[4.863s] -- Using PYTHON_LIBRARIES: /usr/lib/x86_64-linux-gnu/libpython3.10.so
[4.908s] -- Found PythonExtra: .so  
[5.197s] -- Found ament_cmake_flake8: 0.12.14 (/opt/ros/humble/share/ament_cmake_flake8/cmake)
[5.197s] -- Found ament_cmake_pep257: 0.12.14 (/opt/ros/humble/share/ament_cmake_pep257/cmake)
[5.227s] -- Configuring done
[5.518s] -- Generating done
[5.570s] -- Build files have been written to: /home/misys/f1tenth_ws/build/realsense2_camera_msgs
[5.606s] Invoked command in '/home/misys/f1tenth_ws/build/realsense2_camera_msgs' returned '0': CMAKE_PREFIX_PATH=/opt/ros/humble /usr/bin/cmake /home/misys/f1tenth_ws/src/realsense-ros/realsense2_camera_msgs -DCMAKE_INSTALL_PREFIX=/home/misys/f1tenth_ws/install/realsense2_camera_msgs
[5.614s] Invoking command in '/home/misys/f1tenth_ws/build/realsense2_camera_msgs': CMAKE_PREFIX_PATH=/opt/ros/humble /usr/bin/cmake --build /home/misys/f1tenth_ws/build/realsense2_camera_msgs -- -j16 -l16
[5.824s] [  1%] Generating C code for ROS interfaces
[5.906s] [  2%] Generating C++ code for ROS interfaces
[5.919s] [  2%] Built target ament_cmake_python_copy_realsense2_camera_msgs
[7.117s] running egg_info
[7.119s] creating realsense2_camera_msgs.egg-info
[7.126s] writing realsense2_camera_msgs.egg-info/PKG-INFO
[7.126s] writing dependency_links to realsense2_camera_msgs.egg-info/dependency_links.txt
[7.127s] writing top-level names to realsense2_camera_msgs.egg-info/top_level.txt
[7.127s] writing manifest file 'realsense2_camera_msgs.egg-info/SOURCES.txt'
[7.137s] reading manifest file 'realsense2_camera_msgs.egg-info/SOURCES.txt'
[7.141s] writing manifest file 'realsense2_camera_msgs.egg-info/SOURCES.txt'
[7.344s] [  2%] Built target ament_cmake_python_build_realsense2_camera_msgs_egg
[8.875s] [  4%] Building C object CMakeFiles/realsense2_camera_msgs__rosidl_generator_c.dir/rosidl_generator_c/realsense2_camera_msgs/msg/detail/rgbd__functions.c.o
[8.876s] [  3%] Building C object CMakeFiles/realsense2_camera_msgs__rosidl_generator_c.dir/rosidl_generator_c/realsense2_camera_msgs/srv/detail/device_info__functions.c.o
[8.896s] [  5%] Building C object CMakeFiles/realsense2_camera_msgs__rosidl_generator_c.dir/rosidl_generator_c/realsense2_camera_msgs/msg/detail/extrinsics__functions.c.o
[8.896s] [  6%] Building C object CMakeFiles/realsense2_camera_msgs__rosidl_generator_c.dir/rosidl_generator_c/realsense2_camera_msgs/msg/detail/metadata__functions.c.o
[8.901s] [  8%] Building C object CMakeFiles/realsense2_camera_msgs__rosidl_generator_c.dir/rosidl_generator_c/realsense2_camera_msgs/srv/detail/calib_config_read__functions.c.o
[8.918s] [  9%] Building C object CMakeFiles/realsense2_camera_msgs__rosidl_generator_c.dir/rosidl_generator_c/realsense2_camera_msgs/msg/detail/imu_info__functions.c.o
[8.923s] [ 10%] Building C object CMakeFiles/realsense2_camera_msgs__rosidl_generator_c.dir/rosidl_generator_c/realsense2_camera_msgs/srv/detail/calib_config_write__functions.c.o
[8.958s] [ 11%] Building C object CMakeFiles/realsense2_camera_msgs__rosidl_generator_c.dir/rosidl_generator_c/realsense2_camera_msgs/action/detail/triggered_calibration__functions.c.o
[10.732s] [ 12%] Linking C shared library librealsense2_camera_msgs__rosidl_generator_c.so
[11.148s] [ 12%] Built target realsense2_camera_msgs__rosidl_generator_c
[11.203s] [ 13%] Generating C type support dispatch for ROS interfaces
[11.219s] [ 14%] Generating C introspection for ROS interfaces
[11.258s] [ 16%] Generating C type support for eProsima Fast-RTPS
[14.102s] [ 18%] Building CXX object CMakeFiles/realsense2_camera_msgs__rosidl_typesupport_c.dir/rosidl_typesupport_c/realsense2_camera_msgs/srv/calib_config_read__type_support.cpp.o
[14.102s] [ 18%] Building CXX object CMakeFiles/realsense2_camera_msgs__rosidl_typesupport_c.dir/rosidl_typesupport_c/realsense2_camera_msgs/action/triggered_calibration__type_support.cpp.o
[14.115s] [ 19%] Building CXX object CMakeFiles/realsense2_camera_msgs__rosidl_typesupport_c.dir/rosidl_typesupport_c/realsense2_camera_msgs/msg/metadata__type_support.cpp.o
[14.123s] [ 20%] Building CXX object CMakeFiles/realsense2_camera_msgs__rosidl_typesupport_c.dir/rosidl_typesupport_c/realsense2_camera_msgs/msg/imu_info__type_support.cpp.o
[14.127s] [ 21%] Building CXX object CMakeFiles/realsense2_camera_msgs__rosidl_typesupport_c.dir/rosidl_typesupport_c/realsense2_camera_msgs/msg/rgbd__type_support.cpp.o
[14.130s] [ 22%] Building CXX object CMakeFiles/realsense2_camera_msgs__rosidl_typesupport_c.dir/rosidl_typesupport_c/realsense2_camera_msgs/msg/extrinsics__type_support.cpp.o
[14.140s] [ 25%] Building CXX object CMakeFiles/realsense2_camera_msgs__rosidl_typesupport_c.dir/rosidl_typesupport_c/realsense2_camera_msgs/srv/device_info__type_support.cpp.o
[14.141s] [ 25%] Building CXX object CMakeFiles/realsense2_camera_msgs__rosidl_typesupport_c.dir/rosidl_typesupport_c/realsense2_camera_msgs/srv/calib_config_write__type_support.cpp.o
[14.409s] [ 26%] Linking CXX shared library librealsense2_camera_msgs__rosidl_typesupport_c.so
[14.617s] [ 26%] Built target realsense2_camera_msgs__rosidl_typesupport_c
[14.941s] [ 26%] Built target realsense2_camera_msgs__cpp
[14.999s] [ 27%] Generating C++ type support dispatch for ROS interfaces
[15.028s] [ 28%] Generating C++ introspection for ROS interfaces
[15.028s] [ 29%] Generating C++ type support for eProsima Fast-RTPS
[15.391s] [ 31%] Building CXX object CMakeFiles/realsense2_camera_msgs__rosidl_typesupport_fastrtps_c.dir/rosidl_typesupport_fastrtps_c/realsense2_camera_msgs/msg/detail/metadata__type_support_c.cpp.o
[15.391s] [ 32%] Building CXX object CMakeFiles/realsense2_camera_msgs__rosidl_typesupport_fastrtps_c.dir/rosidl_typesupport_fastrtps_c/realsense2_camera_msgs/msg/detail/rgbd__type_support_c.cpp.o
[15.393s] [ 34%] Building CXX object CMakeFiles/realsense2_camera_msgs__rosidl_typesupport_fastrtps_c.dir/rosidl_typesupport_fastrtps_c/realsense2_camera_msgs/msg/detail/extrinsics__type_support_c.cpp.o
[15.396s] [ 33%] Building CXX object CMakeFiles/realsense2_camera_msgs__rosidl_typesupport_fastrtps_c.dir/rosidl_typesupport_fastrtps_c/realsense2_camera_msgs/msg/detail/imu_info__type_support_c.cpp.o
[15.404s] [ 35%] Building CXX object CMakeFiles/realsense2_camera_msgs__rosidl_typesupport_fastrtps_c.dir/rosidl_typesupport_fastrtps_c/realsense2_camera_msgs/srv/detail/device_info__type_support_c.cpp.o
[15.412s] [ 36%] Building CXX object CMakeFiles/realsense2_camera_msgs__rosidl_typesupport_fastrtps_c.dir/rosidl_typesupport_fastrtps_c/realsense2_camera_msgs/srv/detail/calib_config_write__type_support_c.cpp.o
[15.412s] [ 37%] Building CXX object CMakeFiles/realsense2_camera_msgs__rosidl_typesupport_fastrtps_c.dir/rosidl_typesupport_fastrtps_c/realsense2_camera_msgs/srv/detail/calib_config_read__type_support_c.cpp.o
[15.426s] [ 39%] Building CXX object CMakeFiles/realsense2_camera_msgs__rosidl_typesupport_fastrtps_c.dir/rosidl_typesupport_fastrtps_c/realsense2_camera_msgs/action/detail/triggered_calibration__type_support_c.cpp.o
[15.495s] [ 40%] Building C object CMakeFiles/realsense2_camera_msgs__rosidl_typesupport_introspection_c.dir/rosidl_typesupport_introspection_c/realsense2_camera_msgs/msg/detail/metadata__type_support.c.o
[15.501s] [ 41%] Building C object CMakeFiles/realsense2_camera_msgs__rosidl_typesupport_introspection_c.dir/rosidl_typesupport_introspection_c/realsense2_camera_msgs/msg/detail/extrinsics__type_support.c.o
[15.509s] [ 42%] Building C object CMakeFiles/realsense2_camera_msgs__rosidl_typesupport_introspection_c.dir/rosidl_typesupport_introspection_c/realsense2_camera_msgs/msg/detail/imu_info__type_support.c.o
[15.542s] [ 44%] Building C object CMakeFiles/realsense2_camera_msgs__rosidl_typesupport_introspection_c.dir/rosidl_typesupport_introspection_c/realsense2_camera_msgs/srv/detail/device_info__type_support.c.o
[15.542s] [ 43%] Building C object CMakeFiles/realsense2_camera_msgs__rosidl_typesupport_introspection_c.dir/rosidl_typesupport_introspection_c/realsense2_camera_msgs/msg/detail/rgbd__type_support.c.o
[15.700s] [ 45%] Building C object CMakeFiles/realsense2_camera_msgs__rosidl_typesupport_introspection_c.dir/rosidl_typesupport_introspection_c/realsense2_camera_msgs/srv/detail/calib_config_read__type_support.c.o
[15.760s] [ 47%] Building C object CMakeFiles/realsense2_camera_msgs__rosidl_typesupport_introspection_c.dir/rosidl_typesupport_introspection_c/realsense2_camera_msgs/srv/detail/calib_config_write__type_support.c.o
[15.917s] [ 48%] Building C object CMakeFiles/realsense2_camera_msgs__rosidl_typesupport_introspection_c.dir/rosidl_typesupport_introspection_c/realsense2_camera_msgs/action/detail/triggered_calibration__type_support.c.o
[16.343s] [ 49%] Linking C shared library librealsense2_camera_msgs__rosidl_typesupport_introspection_c.so
[16.558s] [ 49%] Built target realsense2_camera_msgs__rosidl_typesupport_introspection_c
[18.293s] [ 50%] Linking CXX shared library librealsense2_camera_msgs__rosidl_typesupport_fastrtps_c.so
[18.318s] [ 51%] Building CXX object CMakeFiles/realsense2_camera_msgs__rosidl_typesupport_cpp.dir/rosidl_typesupport_cpp/realsense2_camera_msgs/msg/imu_info__type_support.cpp.o
[18.332s] [ 54%] Building CXX object CMakeFiles/realsense2_camera_msgs__rosidl_typesupport_cpp.dir/rosidl_typesupport_cpp/realsense2_camera_msgs/msg/metadata__type_support.cpp.o
[18.332s] [ 54%] Building CXX object CMakeFiles/realsense2_camera_msgs__rosidl_typesupport_cpp.dir/rosidl_typesupport_cpp/realsense2_camera_msgs/msg/extrinsics__type_support.cpp.o
[18.332s] [ 55%] Building CXX object CMakeFiles/realsense2_camera_msgs__rosidl_typesupport_cpp.dir/rosidl_typesupport_cpp/realsense2_camera_msgs/msg/rgbd__type_support.cpp.o
[18.333s] [ 56%] Building CXX object CMakeFiles/realsense2_camera_msgs__rosidl_typesupport_cpp.dir/rosidl_typesupport_cpp/realsense2_camera_msgs/srv/calib_config_read__type_support.cpp.o
[18.333s] [ 57%] Building CXX object CMakeFiles/realsense2_camera_msgs__rosidl_typesupport_cpp.dir/rosidl_typesupport_cpp/realsense2_camera_msgs/srv/calib_config_write__type_support.cpp.o
[18.333s] [ 58%] Building CXX object CMakeFiles/realsense2_camera_msgs__rosidl_typesupport_cpp.dir/rosidl_typesupport_cpp/realsense2_camera_msgs/action/triggered_calibration__type_support.cpp.o
[18.336s] [ 59%] Building CXX object CMakeFiles/realsense2_camera_msgs__rosidl_typesupport_cpp.dir/rosidl_typesupport_cpp/realsense2_camera_msgs/srv/device_info__type_support.cpp.o
[18.618s] [ 59%] Built target realsense2_camera_msgs__rosidl_typesupport_fastrtps_c
[19.792s] [ 60%] Building CXX object CMakeFiles/realsense2_camera_msgs__rosidl_typesupport_introspection_cpp.dir/rosidl_typesupport_introspection_cpp/realsense2_camera_msgs/msg/detail/imu_info__type_support.cpp.o
[19.800s] [ 63%] Building CXX object CMakeFiles/realsense2_camera_msgs__rosidl_typesupport_introspection_cpp.dir/rosidl_typesupport_introspection_cpp/realsense2_camera_msgs/msg/detail/extrinsics__type_support.cpp.o
[19.803s] [ 64%] Building CXX object CMakeFiles/realsense2_camera_msgs__rosidl_typesupport_introspection_cpp.dir/rosidl_typesupport_introspection_cpp/realsense2_camera_msgs/msg/detail/rgbd__type_support.cpp.o
[19.804s] [ 63%] Building CXX object CMakeFiles/realsense2_camera_msgs__rosidl_typesupport_introspection_cpp.dir/rosidl_typesupport_introspection_cpp/realsense2_camera_msgs/srv/detail/device_info__type_support.cpp.o
[19.815s] [ 65%] Building CXX object CMakeFiles/realsense2_camera_msgs__rosidl_typesupport_introspection_cpp.dir/rosidl_typesupport_introspection_cpp/realsense2_camera_msgs/msg/detail/metadata__type_support.cpp.o
[19.825s] [ 66%] Building CXX object CMakeFiles/realsense2_camera_msgs__rosidl_typesupport_introspection_cpp.dir/rosidl_typesupport_introspection_cpp/realsense2_camera_msgs/srv/detail/calib_config_read__type_support.cpp.o
[19.826s] [ 67%] Building CXX object CMakeFiles/realsense2_camera_msgs__rosidl_typesupport_introspection_cpp.dir/rosidl_typesupport_introspection_cpp/realsense2_camera_msgs/action/detail/triggered_calibration__type_support.cpp.o
[19.851s] [ 68%] Building CXX object CMakeFiles/realsense2_camera_msgs__rosidl_typesupport_introspection_cpp.dir/rosidl_typesupport_introspection_cpp/realsense2_camera_msgs/srv/detail/calib_config_write__type_support.cpp.o
[20.542s] [ 70%] Building CXX object CMakeFiles/realsense2_camera_msgs__rosidl_typesupport_fastrtps_cpp.dir/rosidl_typesupport_fastrtps_cpp/realsense2_camera_msgs/msg/detail/dds_fastrtps/imu_info__type_support.cpp.o
[20.549s] [ 71%] Building CXX object CMakeFiles/realsense2_camera_msgs__rosidl_typesupport_fastrtps_cpp.dir/rosidl_typesupport_fastrtps_cpp/realsense2_camera_msgs/msg/detail/dds_fastrtps/metadata__type_support.cpp.o
[20.555s] [ 72%] Building CXX object CMakeFiles/realsense2_camera_msgs__rosidl_typesupport_fastrtps_cpp.dir/rosidl_typesupport_fastrtps_cpp/realsense2_camera_msgs/msg/detail/dds_fastrtps/extrinsics__type_support.cpp.o
[20.560s] [ 73%] Building CXX object CMakeFiles/realsense2_camera_msgs__rosidl_typesupport_fastrtps_cpp.dir/rosidl_typesupport_fastrtps_cpp/realsense2_camera_msgs/srv/detail/dds_fastrtps/device_info__type_support.cpp.o
[20.565s] [ 74%] Building CXX object CMakeFiles/realsense2_camera_msgs__rosidl_typesupport_fastrtps_cpp.dir/rosidl_typesupport_fastrtps_cpp/realsense2_camera_msgs/msg/detail/dds_fastrtps/rgbd__type_support.cpp.o
[20.566s] [ 75%] Linking CXX shared library librealsense2_camera_msgs__rosidl_typesupport_cpp.so
[20.582s] [ 78%] Building CXX object CMakeFiles/realsense2_camera_msgs__rosidl_typesupport_fastrtps_cpp.dir/rosidl_typesupport_fastrtps_cpp/realsense2_camera_msgs/srv/detail/dds_fastrtps/calib_config_read__type_support.cpp.o
[20.582s] [ 78%] Building CXX object CMakeFiles/realsense2_camera_msgs__rosidl_typesupport_fastrtps_cpp.dir/rosidl_typesupport_fastrtps_cpp/realsense2_camera_msgs/srv/detail/dds_fastrtps/calib_config_write__type_support.cpp.o
[21.024s] [ 78%] Built target realsense2_camera_msgs__rosidl_typesupport_cpp
[21.025s] [ 79%] Building CXX object CMakeFiles/realsense2_camera_msgs__rosidl_typesupport_fastrtps_cpp.dir/rosidl_typesupport_fastrtps_cpp/realsense2_camera_msgs/action/detail/dds_fastrtps/triggered_calibration__type_support.cpp.o
[22.920s] [ 80%] Linking CXX shared library librealsense2_camera_msgs__rosidl_typesupport_introspection_cpp.so
[23.067s] [ 81%] Linking CXX shared library librealsense2_camera_msgs__rosidl_typesupport_fastrtps_cpp.so
[24.142s] [ 81%] Built target realsense2_camera_msgs__rosidl_typesupport_introspection_cpp
[24.142s] [ 81%] Built target realsense2_camera_msgs__rosidl_typesupport_fastrtps_cpp
[24.142s] [ 81%] Built target realsense2_camera_msgs
[24.143s] [ 82%] Generating Python code for ROS interfaces
[28.531s] [ 82%] Built target realsense2_camera_msgs__py
[28.648s] [ 83%] Building C object CMakeFiles/realsense2_camera_msgs__rosidl_generator_py.dir/rosidl_generator_py/realsense2_camera_msgs/msg/_metadata_s.c.o
[28.653s] [ 85%] Building C object CMakeFiles/realsense2_camera_msgs__rosidl_generator_py.dir/rosidl_generator_py/realsense2_camera_msgs/msg/_imu_info_s.c.o
[28.664s] [ 86%] Building C object CMakeFiles/realsense2_camera_msgs__rosidl_generator_py.dir/rosidl_generator_py/realsense2_camera_msgs/srv/_calib_config_write_s.c.o
[28.674s] [ 87%] Building C object CMakeFiles/realsense2_camera_msgs__rosidl_generator_py.dir/rosidl_generator_py/realsense2_camera_msgs/msg/_extrinsics_s.c.o
[28.684s] [ 88%] Building C object CMakeFiles/realsense2_camera_msgs__rosidl_generator_py.dir/rosidl_generator_py/realsense2_camera_msgs/srv/_calib_config_read_s.c.o
[28.685s] [ 89%] Building C object CMakeFiles/realsense2_camera_msgs__rosidl_generator_py.dir/rosidl_generator_py/realsense2_camera_msgs/msg/_rgbd_s.c.o
[28.689s] [ 91%] Building C object CMakeFiles/realsense2_camera_msgs__rosidl_generator_py.dir/rosidl_generator_py/realsense2_camera_msgs/srv/_device_info_s.c.o
[28.694s] [ 91%] Building C object CMakeFiles/realsense2_camera_msgs__rosidl_generator_py.dir/rosidl_generator_py/realsense2_camera_msgs/action/_triggered_calibration_s.c.o
[29.421s] [ 93%] Linking C shared library rosidl_generator_py/realsense2_camera_msgs/librealsense2_camera_msgs__rosidl_generator_py.so
[29.680s] [ 93%] Built target realsense2_camera_msgs__rosidl_generator_py
[29.787s] [ 94%] Building C object CMakeFiles/realsense2_camera_msgs__rosidl_typesupport_fastrtps_c__pyext.dir/rosidl_generator_py/realsense2_camera_msgs/_realsense2_camera_msgs_s.ep.rosidl_typesupport_fastrtps_c.c.o
[29.794s] [ 95%] Building C object CMakeFiles/realsense2_camera_msgs__rosidl_typesupport_c__pyext.dir/rosidl_generator_py/realsense2_camera_msgs/_realsense2_camera_msgs_s.ep.rosidl_typesupport_c.c.o
[29.814s] [ 96%] Building C object CMakeFiles/realsense2_camera_msgs__rosidl_typesupport_introspection_c__pyext.dir/rosidl_generator_py/realsense2_camera_msgs/_realsense2_camera_msgs_s.ep.rosidl_typesupport_introspection_c.c.o
[30.330s] [ 97%] Linking C shared library rosidl_generator_py/realsense2_camera_msgs/realsense2_camera_msgs_s__rosidl_typesupport_c.cpython-310-x86_64-linux-gnu.so
[30.481s] [ 98%] Linking C shared library rosidl_generator_py/realsense2_camera_msgs/realsense2_camera_msgs_s__rosidl_typesupport_introspection_c.cpython-310-x86_64-linux-gnu.so
[30.659s] [ 98%] Built target realsense2_camera_msgs__rosidl_typesupport_c__pyext
[30.807s] [ 98%] Built target realsense2_camera_msgs__rosidl_typesupport_introspection_c__pyext
[30.910s] [100%] Linking C shared library rosidl_generator_py/realsense2_camera_msgs/realsense2_camera_msgs_s__rosidl_typesupport_fastrtps_c.cpython-310-x86_64-linux-gnu.so
[31.049s] [100%] Built target realsense2_camera_msgs__rosidl_typesupport_fastrtps_c__pyext
[31.088s] Invoked command in '/home/misys/f1tenth_ws/build/realsense2_camera_msgs' returned '0': CMAKE_PREFIX_PATH=/opt/ros/humble /usr/bin/cmake --build /home/misys/f1tenth_ws/build/realsense2_camera_msgs -- -j16 -l16
[31.089s] Invoking command in '/home/misys/f1tenth_ws/build/realsense2_camera_msgs': CMAKE_PREFIX_PATH=/opt/ros/humble /usr/bin/cmake --install /home/misys/f1tenth_ws/build/realsense2_camera_msgs
[31.113s] -- Install configuration: ""
[31.116s] -- Installing: /home/misys/f1tenth_ws/install/realsense2_camera_msgs/share/ament_index/resource_index/rosidl_interfaces/realsense2_camera_msgs
[31.116s] -- Installing: /home/misys/f1tenth_ws/install/realsense2_camera_msgs/include/realsense2_camera_msgs/realsense2_camera_msgs
[31.116s] -- Installing: /home/misys/f1tenth_ws/install/realsense2_camera_msgs/include/realsense2_camera_msgs/realsense2_camera_msgs/msg
[31.116s] -- Installing: /home/misys/f1tenth_ws/install/realsense2_camera_msgs/include/realsense2_camera_msgs/realsense2_camera_msgs/msg/imu_info.h
[31.117s] -- Installing: /home/misys/f1tenth_ws/install/realsense2_camera_msgs/include/realsense2_camera_msgs/realsense2_camera_msgs/msg/metadata.h
[31.118s] -- Installing: /home/misys/f1tenth_ws/install/realsense2_camera_msgs/include/realsense2_camera_msgs/realsense2_camera_msgs/msg/extrinsics.h
[31.119s] -- Installing: /home/misys/f1tenth_ws/install/realsense2_camera_msgs/include/realsense2_camera_msgs/realsense2_camera_msgs/msg/detail
[31.120s] -- Installing: /home/misys/f1tenth_ws/install/realsense2_camera_msgs/include/realsense2_camera_msgs/realsense2_camera_msgs/msg/detail/imu_info__functions.c
[31.122s] -- Installing: /home/misys/f1tenth_ws/install/realsense2_camera_msgs/include/realsense2_camera_msgs/realsense2_camera_msgs/msg/detail/rgbd__struct.h
[31.122s] -- Installing: /home/misys/f1tenth_ws/install/realsense2_camera_msgs/include/realsense2_camera_msgs/realsense2_camera_msgs/msg/detail/extrinsics__functions.h
[31.122s] -- Installing: /home/misys/f1tenth_ws/install/realsense2_camera_msgs/include/realsense2_camera_msgs/realsense2_camera_msgs/msg/detail/metadata__functions.h
[31.126s] -- Installing: /home/misys/f1tenth_ws/install/realsense2_camera_msgs/include/realsense2_camera_msgs/realsense2_camera_msgs/msg/detail/imu_info__functions.h
[31.126s] -- Installing: /home/misys/f1tenth_ws/install/realsense2_camera_msgs/include/realsense2_camera_msgs/realsense2_camera_msgs/msg/detail/metadata__functions.c
[31.126s] -- Installing: /home/misys/f1tenth_ws/install/realsense2_camera_msgs/include/realsense2_camera_msgs/realsense2_camera_msgs/msg/detail/metadata__type_support.h
[31.126s] -- Installing: /home/misys/f1tenth_ws/install/realsense2_camera_msgs/include/realsense2_camera_msgs/realsense2_camera_msgs/msg/detail/rgbd__functions.h
[31.127s] -- Installing: /home/misys/f1tenth_ws/install/realsense2_camera_msgs/include/realsense2_camera_msgs/realsense2_camera_msgs/msg/detail/extrinsics__type_support.h
[31.127s] -- Installing: /home/misys/f1tenth_ws/install/realsense2_camera_msgs/include/realsense2_camera_msgs/realsense2_camera_msgs/msg/detail/imu_info__struct.h
[31.127s] -- Installing: /home/misys/f1tenth_ws/install/realsense2_camera_msgs/include/realsense2_camera_msgs/realsense2_camera_msgs/msg/detail/extrinsics__functions.c
[31.128s] -- Installing: /home/misys/f1tenth_ws/install/realsense2_camera_msgs/include/realsense2_camera_msgs/realsense2_camera_msgs/msg/detail/rgbd__functions.c
[31.129s] -- Installing: /home/misys/f1tenth_ws/install/realsense2_camera_msgs/include/realsense2_camera_msgs/realsense2_camera_msgs/msg/detail/imu_info__type_support.h
[31.130s] -- Installing: /home/misys/f1tenth_ws/install/realsense2_camera_msgs/include/realsense2_camera_msgs/realsense2_camera_msgs/msg/detail/rgbd__type_support.h
[31.131s] -- Installing: /home/misys/f1tenth_ws/install/realsense2_camera_msgs/include/realsense2_camera_msgs/realsense2_camera_msgs/msg/detail/metadata__struct.h
[31.131s] -- Installing: /home/misys/f1tenth_ws/install/realsense2_camera_msgs/include/realsense2_camera_msgs/realsense2_camera_msgs/msg/detail/extrinsics__struct.h
[31.132s] -- Installing: /home/misys/f1tenth_ws/install/realsense2_camera_msgs/include/realsense2_camera_msgs/realsense2_camera_msgs/msg/rgbd.h
[31.137s] -- Installing: /home/misys/f1tenth_ws/install/realsense2_camera_msgs/include/realsense2_camera_msgs/realsense2_camera_msgs/msg/rosidl_generator_c__visibility_control.h
[31.137s] -- Installing: /home/misys/f1tenth_ws/install/realsense2_camera_msgs/include/realsense2_camera_msgs/realsense2_camera_msgs/action
[31.137s] -- Installing: /home/misys/f1tenth_ws/install/realsense2_camera_msgs/include/realsense2_camera_msgs/realsense2_camera_msgs/action/triggered_calibration.h
[31.137s] -- Installing: /home/misys/f1tenth_ws/install/realsense2_camera_msgs/include/realsense2_camera_msgs/realsense2_camera_msgs/action/detail
[31.138s] -- Installing: /home/misys/f1tenth_ws/install/realsense2_camera_msgs/include/realsense2_camera_msgs/realsense2_camera_msgs/action/detail/triggered_calibration__type_support.h
[31.138s] -- Installing: /home/misys/f1tenth_ws/install/realsense2_camera_msgs/include/realsense2_camera_msgs/realsense2_camera_msgs/action/detail/triggered_calibration__functions.c
[31.138s] -- Installing: /home/misys/f1tenth_ws/install/realsense2_camera_msgs/include/realsense2_camera_msgs/realsense2_camera_msgs/action/detail/triggered_calibration__functions.h
[31.138s] -- Installing: /home/misys/f1tenth_ws/install/realsense2_camera_msgs/include/realsense2_camera_msgs/realsense2_camera_msgs/action/detail/triggered_calibration__struct.h
[31.139s] -- Installing: /home/misys/f1tenth_ws/install/realsense2_camera_msgs/include/realsense2_camera_msgs/realsense2_camera_msgs/srv
[31.139s] -- Installing: /home/misys/f1tenth_ws/install/realsense2_camera_msgs/include/realsense2_camera_msgs/realsense2_camera_msgs/srv/calib_config_write.h
[31.140s] -- Installing: /home/misys/f1tenth_ws/install/realsense2_camera_msgs/include/realsense2_camera_msgs/realsense2_camera_msgs/srv/calib_config_read.h
[31.143s] -- Installing: /home/misys/f1tenth_ws/install/realsense2_camera_msgs/include/realsense2_camera_msgs/realsense2_camera_msgs/srv/device_info.h
[31.143s] -- Installing: /home/misys/f1tenth_ws/install/realsense2_camera_msgs/include/realsense2_camera_msgs/realsense2_camera_msgs/srv/detail
[31.143s] -- Installing: /home/misys/f1tenth_ws/install/realsense2_camera_msgs/include/realsense2_camera_msgs/realsense2_camera_msgs/srv/detail/calib_config_read__struct.h
[31.143s] -- Installing: /home/misys/f1tenth_ws/install/realsense2_camera_msgs/include/realsense2_camera_msgs/realsense2_camera_msgs/srv/detail/calib_config_write__struct.h
[31.144s] -- Installing: /home/misys/f1tenth_ws/install/realsense2_camera_msgs/include/realsense2_camera_msgs/realsense2_camera_msgs/srv/detail/calib_config_write__type_support.h
[31.148s] -- Installing: /home/misys/f1tenth_ws/install/realsense2_camera_msgs/include/realsense2_camera_msgs/realsense2_camera_msgs/srv/detail/device_info__type_support.h
[31.148s] -- Installing: /home/misys/f1tenth_ws/install/realsense2_camera_msgs/include/realsense2_camera_msgs/realsense2_camera_msgs/srv/detail/device_info__functions.h
[31.148s] -- Installing: /home/misys/f1tenth_ws/install/realsense2_camera_msgs/include/realsense2_camera_msgs/realsense2_camera_msgs/srv/detail/device_info__struct.h
[31.148s] -- Installing: /home/misys/f1tenth_ws/install/realsense2_camera_msgs/include/realsense2_camera_msgs/realsense2_camera_msgs/srv/detail/calib_config_read__functions.c
[31.149s] -- Installing: /home/misys/f1tenth_ws/install/realsense2_camera_msgs/include/realsense2_camera_msgs/realsense2_camera_msgs/srv/detail/calib_config_write__functions.h
[31.149s] -- Installing: /home/misys/f1tenth_ws/install/realsense2_camera_msgs/include/realsense2_camera_msgs/realsense2_camera_msgs/srv/detail/device_info__functions.c
[31.149s] -- Installing: /home/misys/f1tenth_ws/install/realsense2_camera_msgs/include/realsense2_camera_msgs/realsense2_camera_msgs/srv/detail/calib_config_read__type_support.h
[31.150s] -- Installing: /home/misys/f1tenth_ws/install/realsense2_camera_msgs/include/realsense2_camera_msgs/realsense2_camera_msgs/srv/detail/calib_config_write__functions.c
[31.151s] -- Installing: /home/misys/f1tenth_ws/install/realsense2_camera_msgs/include/realsense2_camera_msgs/realsense2_camera_msgs/srv/detail/calib_config_read__functions.h
[31.153s] -- Installing: /home/misys/f1tenth_ws/install/realsense2_camera_msgs/share/realsense2_camera_msgs/environment/library_path.sh
[31.154s] -- Installing: /home/misys/f1tenth_ws/install/realsense2_camera_msgs/share/realsense2_camera_msgs/environment/library_path.dsv
[31.155s] -- Installing: /home/misys/f1tenth_ws/install/realsense2_camera_msgs/lib/librealsense2_camera_msgs__rosidl_generator_c.so
[31.159s] -- Set runtime path of "/home/misys/f1tenth_ws/install/realsense2_camera_msgs/lib/librealsense2_camera_msgs__rosidl_generator_c.so" to ""
[31.159s] -- Up-to-date: /home/misys/f1tenth_ws/install/realsense2_camera_msgs/include/realsense2_camera_msgs/realsense2_camera_msgs
[31.159s] -- Up-to-date: /home/misys/f1tenth_ws/install/realsense2_camera_msgs/include/realsense2_camera_msgs/realsense2_camera_msgs/msg
[31.159s] -- Installing: /home/misys/f1tenth_ws/install/realsense2_camera_msgs/include/realsense2_camera_msgs/realsense2_camera_msgs/msg/rosidl_typesupport_fastrtps_c__visibility_control.h
[31.159s] -- Up-to-date: /home/misys/f1tenth_ws/install/realsense2_camera_msgs/include/realsense2_camera_msgs/realsense2_camera_msgs/msg/detail
[31.159s] -- Installing: /home/misys/f1tenth_ws/install/realsense2_camera_msgs/include/realsense2_camera_msgs/realsense2_camera_msgs/msg/detail/rgbd__rosidl_typesupport_fastrtps_c.h
[31.160s] -- Installing: /home/misys/f1tenth_ws/install/realsense2_camera_msgs/include/realsense2_camera_msgs/realsense2_camera_msgs/msg/detail/imu_info__rosidl_typesupport_fastrtps_c.h
[31.164s] -- Installing: /home/misys/f1tenth_ws/install/realsense2_camera_msgs/include/realsense2_camera_msgs/realsense2_camera_msgs/msg/detail/extrinsics__rosidl_typesupport_fastrtps_c.h
[31.164s] -- Installing: /home/misys/f1tenth_ws/install/realsense2_camera_msgs/include/realsense2_camera_msgs/realsense2_camera_msgs/msg/detail/metadata__rosidl_typesupport_fastrtps_c.h
[31.164s] -- Up-to-date: /home/misys/f1tenth_ws/install/realsense2_camera_msgs/include/realsense2_camera_msgs/realsense2_camera_msgs/action
[31.164s] -- Up-to-date: /home/misys/f1tenth_ws/install/realsense2_camera_msgs/include/realsense2_camera_msgs/realsense2_camera_msgs/action/detail
[31.165s] -- Installing: /home/misys/f1tenth_ws/install/realsense2_camera_msgs/include/realsense2_camera_msgs/realsense2_camera_msgs/action/detail/triggered_calibration__rosidl_typesupport_fastrtps_c.h
[31.165s] -- Up-to-date: /home/misys/f1tenth_ws/install/realsense2_camera_msgs/include/realsense2_camera_msgs/realsense2_camera_msgs/srv
[31.165s] -- Up-to-date: /home/misys/f1tenth_ws/install/realsense2_camera_msgs/include/realsense2_camera_msgs/realsense2_camera_msgs/srv/detail
[31.165s] -- Installing: /home/misys/f1tenth_ws/install/realsense2_camera_msgs/include/realsense2_camera_msgs/realsense2_camera_msgs/srv/detail/calib_config_read__rosidl_typesupport_fastrtps_c.h
[31.165s] -- Installing: /home/misys/f1tenth_ws/install/realsense2_camera_msgs/include/realsense2_camera_msgs/realsense2_camera_msgs/srv/detail/device_info__rosidl_typesupport_fastrtps_c.h
[31.166s] -- Installing: /home/misys/f1tenth_ws/install/realsense2_camera_msgs/include/realsense2_camera_msgs/realsense2_camera_msgs/srv/detail/calib_config_write__rosidl_typesupport_fastrtps_c.h
[31.167s] -- Installing: /home/misys/f1tenth_ws/install/realsense2_camera_msgs/lib/librealsense2_camera_msgs__rosidl_typesupport_fastrtps_c.so
[31.169s] -- Set runtime path of "/home/misys/f1tenth_ws/install/realsense2_camera_msgs/lib/librealsense2_camera_msgs__rosidl_typesupport_fastrtps_c.so" to ""
[31.170s] -- Up-to-date: /home/misys/f1tenth_ws/install/realsense2_camera_msgs/include/realsense2_camera_msgs/realsense2_camera_msgs
[31.170s] -- Up-to-date: /home/misys/f1tenth_ws/install/realsense2_camera_msgs/include/realsense2_camera_msgs/realsense2_camera_msgs/msg
[31.175s] -- Installing: /home/misys/f1tenth_ws/install/realsense2_camera_msgs/include/realsense2_camera_msgs/realsense2_camera_msgs/msg/rosidl_typesupport_introspection_c__visibility_control.h
[31.175s] -- Up-to-date: /home/misys/f1tenth_ws/install/realsense2_camera_msgs/include/realsense2_camera_msgs/realsense2_camera_msgs/msg/detail
[31.175s] -- Installing: /home/misys/f1tenth_ws/install/realsense2_camera_msgs/include/realsense2_camera_msgs/realsense2_camera_msgs/msg/detail/metadata__rosidl_typesupport_introspection_c.h
[31.175s] -- Installing: /home/misys/f1tenth_ws/install/realsense2_camera_msgs/include/realsense2_camera_msgs/realsense2_camera_msgs/msg/detail/imu_info__rosidl_typesupport_introspection_c.h
[31.176s] -- Installing: /home/misys/f1tenth_ws/install/realsense2_camera_msgs/include/realsense2_camera_msgs/realsense2_camera_msgs/msg/detail/extrinsics__rosidl_typesupport_introspection_c.h
[31.176s] -- Installing: /home/misys/f1tenth_ws/install/realsense2_camera_msgs/include/realsense2_camera_msgs/realsense2_camera_msgs/msg/detail/metadata__type_support.c
[31.176s] -- Installing: /home/misys/f1tenth_ws/install/realsense2_camera_msgs/include/realsense2_camera_msgs/realsense2_camera_msgs/msg/detail/rgbd__rosidl_typesupport_introspection_c.h
[31.176s] -- Installing: /home/misys/f1tenth_ws/install/realsense2_camera_msgs/include/realsense2_camera_msgs/realsense2_camera_msgs/msg/detail/extrinsics__type_support.c
[31.176s] -- Installing: /home/misys/f1tenth_ws/install/realsense2_camera_msgs/include/realsense2_camera_msgs/realsense2_camera_msgs/msg/detail/imu_info__type_support.c
[31.177s] -- Installing: /home/misys/f1tenth_ws/install/realsense2_camera_msgs/include/realsense2_camera_msgs/realsense2_camera_msgs/msg/detail/rgbd__type_support.c
[31.178s] -- Up-to-date: /home/misys/f1tenth_ws/install/realsense2_camera_msgs/include/realsense2_camera_msgs/realsense2_camera_msgs/action
[31.179s] -- Up-to-date: /home/misys/f1tenth_ws/install/realsense2_camera_msgs/include/realsense2_camera_msgs/realsense2_camera_msgs/action/detail
[31.179s] -- Installing: /home/misys/f1tenth_ws/install/realsense2_camera_msgs/include/realsense2_camera_msgs/realsense2_camera_msgs/action/detail/triggered_calibration__type_support.c
[31.180s] -- Installing: /home/misys/f1tenth_ws/install/realsense2_camera_msgs/include/realsense2_camera_msgs/realsense2_camera_msgs/action/detail/triggered_calibration__rosidl_typesupport_introspection_c.h
[31.181s] -- Up-to-date: /home/misys/f1tenth_ws/install/realsense2_camera_msgs/include/realsense2_camera_msgs/realsense2_camera_msgs/srv
[31.183s] -- Up-to-date: /home/misys/f1tenth_ws/install/realsense2_camera_msgs/include/realsense2_camera_msgs/realsense2_camera_msgs/srv/detail
[31.183s] -- Installing: /home/misys/f1tenth_ws/install/realsense2_camera_msgs/include/realsense2_camera_msgs/realsense2_camera_msgs/srv/detail/device_info__rosidl_typesupport_introspection_c.h
[31.187s] -- Installing: /home/misys/f1tenth_ws/install/realsense2_camera_msgs/include/realsense2_camera_msgs/realsense2_camera_msgs/srv/detail/calib_config_write__rosidl_typesupport_introspection_c.h
[31.187s] -- Installing: /home/misys/f1tenth_ws/install/realsense2_camera_msgs/include/realsense2_camera_msgs/realsense2_camera_msgs/srv/detail/device_info__type_support.c
[31.187s] -- Installing: /home/misys/f1tenth_ws/install/realsense2_camera_msgs/include/realsense2_camera_msgs/realsense2_camera_msgs/srv/detail/calib_config_read__type_support.c
[31.187s] -- Installing: /home/misys/f1tenth_ws/install/realsense2_camera_msgs/include/realsense2_camera_msgs/realsense2_camera_msgs/srv/detail/calib_config_write__type_support.c
[31.188s] -- Installing: /home/misys/f1tenth_ws/install/realsense2_camera_msgs/include/realsense2_camera_msgs/realsense2_camera_msgs/srv/detail/calib_config_read__rosidl_typesupport_introspection_c.h
[31.188s] -- Installing: /home/misys/f1tenth_ws/install/realsense2_camera_msgs/lib/librealsense2_camera_msgs__rosidl_typesupport_introspection_c.so
[31.188s] -- Set runtime path of "/home/misys/f1tenth_ws/install/realsense2_camera_msgs/lib/librealsense2_camera_msgs__rosidl_typesupport_introspection_c.so" to ""
[31.189s] -- Installing: /home/misys/f1tenth_ws/install/realsense2_camera_msgs/lib/librealsense2_camera_msgs__rosidl_typesupport_c.so
[31.191s] -- Set runtime path of "/home/misys/f1tenth_ws/install/realsense2_camera_msgs/lib/librealsense2_camera_msgs__rosidl_typesupport_c.so" to ""
[31.192s] -- Up-to-date: /home/misys/f1tenth_ws/install/realsense2_camera_msgs/include/realsense2_camera_msgs/realsense2_camera_msgs
[31.192s] -- Up-to-date: /home/misys/f1tenth_ws/install/realsense2_camera_msgs/include/realsense2_camera_msgs/realsense2_camera_msgs/msg
[31.193s] -- Installing: /home/misys/f1tenth_ws/install/realsense2_camera_msgs/include/realsense2_camera_msgs/realsense2_camera_msgs/msg/rosidl_generator_cpp__visibility_control.hpp
[31.194s] -- Installing: /home/misys/f1tenth_ws/install/realsense2_camera_msgs/include/realsense2_camera_msgs/realsense2_camera_msgs/msg/rgbd.hpp
[31.198s] -- Installing: /home/misys/f1tenth_ws/install/realsense2_camera_msgs/include/realsense2_camera_msgs/realsense2_camera_msgs/msg/imu_info.hpp
[31.198s] -- Installing: /home/misys/f1tenth_ws/install/realsense2_camera_msgs/include/realsense2_camera_msgs/realsense2_camera_msgs/msg/metadata.hpp
[31.198s] -- Up-to-date: /home/misys/f1tenth_ws/install/realsense2_camera_msgs/include/realsense2_camera_msgs/realsense2_camera_msgs/msg/detail
[31.198s] -- Installing: /home/misys/f1tenth_ws/install/realsense2_camera_msgs/include/realsense2_camera_msgs/realsense2_camera_msgs/msg/detail/rgbd__struct.hpp
[31.198s] -- Installing: /home/misys/f1tenth_ws/install/realsense2_camera_msgs/include/realsense2_camera_msgs/realsense2_camera_msgs/msg/detail/imu_info__builder.hpp
[31.199s] -- Installing: /home/misys/f1tenth_ws/install/realsense2_camera_msgs/include/realsense2_camera_msgs/realsense2_camera_msgs/msg/detail/imu_info__traits.hpp
[31.199s] -- Installing: /home/misys/f1tenth_ws/install/realsense2_camera_msgs/include/realsense2_camera_msgs/realsense2_camera_msgs/msg/detail/imu_info__type_support.hpp
[31.199s] -- Installing: /home/misys/f1tenth_ws/install/realsense2_camera_msgs/include/realsense2_camera_msgs/realsense2_camera_msgs/msg/detail/extrinsics__traits.hpp
[31.200s] -- Installing: /home/misys/f1tenth_ws/install/realsense2_camera_msgs/include/realsense2_camera_msgs/realsense2_camera_msgs/msg/detail/extrinsics__builder.hpp
[31.201s] -- Installing: /home/misys/f1tenth_ws/install/realsense2_camera_msgs/include/realsense2_camera_msgs/realsense2_camera_msgs/msg/detail/imu_info__struct.hpp
[31.202s] -- Installing: /home/misys/f1tenth_ws/install/realsense2_camera_msgs/include/realsense2_camera_msgs/realsense2_camera_msgs/msg/detail/metadata__traits.hpp
[31.205s] -- Installing: /home/misys/f1tenth_ws/install/realsense2_camera_msgs/include/realsense2_camera_msgs/realsense2_camera_msgs/msg/detail/metadata__type_support.hpp
[31.205s] -- Installing: /home/misys/f1tenth_ws/install/realsense2_camera_msgs/include/realsense2_camera_msgs/realsense2_camera_msgs/msg/detail/metadata__builder.hpp
[31.205s] -- Installing: /home/misys/f1tenth_ws/install/realsense2_camera_msgs/include/realsense2_camera_msgs/realsense2_camera_msgs/msg/detail/extrinsics__struct.hpp
[31.206s] -- Installing: /home/misys/f1tenth_ws/install/realsense2_camera_msgs/include/realsense2_camera_msgs/realsense2_camera_msgs/msg/detail/rgbd__traits.hpp
[31.210s] -- Installing: /home/misys/f1tenth_ws/install/realsense2_camera_msgs/include/realsense2_camera_msgs/realsense2_camera_msgs/msg/detail/rgbd__builder.hpp
[31.210s] -- Installing: /home/misys/f1tenth_ws/install/realsense2_camera_msgs/include/realsense2_camera_msgs/realsense2_camera_msgs/msg/detail/extrinsics__type_support.hpp
[31.210s] -- Installing: /home/misys/f1tenth_ws/install/realsense2_camera_msgs/include/realsense2_camera_msgs/realsense2_camera_msgs/msg/detail/metadata__struct.hpp
[31.210s] -- Installing: /home/misys/f1tenth_ws/install/realsense2_camera_msgs/include/realsense2_camera_msgs/realsense2_camera_msgs/msg/detail/rgbd__type_support.hpp
[31.210s] -- Installing: /home/misys/f1tenth_ws/install/realsense2_camera_msgs/include/realsense2_camera_msgs/realsense2_camera_msgs/msg/extrinsics.hpp
[31.211s] -- Up-to-date: /home/misys/f1tenth_ws/install/realsense2_camera_msgs/include/realsense2_camera_msgs/realsense2_camera_msgs/action
[31.211s] -- Installing: /home/misys/f1tenth_ws/install/realsense2_camera_msgs/include/realsense2_camera_msgs/realsense2_camera_msgs/action/triggered_calibration.hpp
[31.211s] -- Up-to-date: /home/misys/f1tenth_ws/install/realsense2_camera_msgs/include/realsense2_camera_msgs/realsense2_camera_msgs/action/detail
[31.212s] -- Installing: /home/misys/f1tenth_ws/install/realsense2_camera_msgs/include/realsense2_camera_msgs/realsense2_camera_msgs/action/detail/triggered_calibration__type_support.hpp
[31.213s] -- Installing: /home/misys/f1tenth_ws/install/realsense2_camera_msgs/include/realsense2_camera_msgs/realsense2_camera_msgs/action/detail/triggered_calibration__traits.hpp
[31.216s] -- Installing: /home/misys/f1tenth_ws/install/realsense2_camera_msgs/include/realsense2_camera_msgs/realsense2_camera_msgs/action/detail/triggered_calibration__struct.hpp
[31.216s] -- Installing: /home/misys/f1tenth_ws/install/realsense2_camera_msgs/include/realsense2_camera_msgs/realsense2_camera_msgs/action/detail/triggered_calibration__builder.hpp
[31.216s] -- Up-to-date: /home/misys/f1tenth_ws/install/realsense2_camera_msgs/include/realsense2_camera_msgs/realsense2_camera_msgs/srv
[31.216s] -- Installing: /home/misys/f1tenth_ws/install/realsense2_camera_msgs/include/realsense2_camera_msgs/realsense2_camera_msgs/srv/device_info.hpp
[31.217s] -- Installing: /home/misys/f1tenth_ws/install/realsense2_camera_msgs/include/realsense2_camera_msgs/realsense2_camera_msgs/srv/calib_config_write.hpp
[31.221s] -- Up-to-date: /home/misys/f1tenth_ws/install/realsense2_camera_msgs/include/realsense2_camera_msgs/realsense2_camera_msgs/srv/detail
[31.221s] -- Installing: /home/misys/f1tenth_ws/install/realsense2_camera_msgs/include/realsense2_camera_msgs/realsense2_camera_msgs/srv/detail/calib_config_read__traits.hpp
[31.221s] -- Installing: /home/misys/f1tenth_ws/install/realsense2_camera_msgs/include/realsense2_camera_msgs/realsense2_camera_msgs/srv/detail/device_info__traits.hpp
[31.222s] -- Installing: /home/misys/f1tenth_ws/install/realsense2_camera_msgs/include/realsense2_camera_msgs/realsense2_camera_msgs/srv/detail/device_info__struct.hpp
[31.222s] -- Installing: /home/misys/f1tenth_ws/install/realsense2_camera_msgs/include/realsense2_camera_msgs/realsense2_camera_msgs/srv/detail/calib_config_write__builder.hpp
[31.222s] -- Installing: /home/misys/f1tenth_ws/install/realsense2_camera_msgs/include/realsense2_camera_msgs/realsense2_camera_msgs/srv/detail/calib_config_write__traits.hpp
[31.223s] -- Installing: /home/misys/f1tenth_ws/install/realsense2_camera_msgs/include/realsense2_camera_msgs/realsense2_camera_msgs/srv/detail/calib_config_read__builder.hpp
[31.227s] -- Installing: /home/misys/f1tenth_ws/install/realsense2_camera_msgs/include/realsense2_camera_msgs/realsense2_camera_msgs/srv/detail/device_info__builder.hpp
[31.227s] -- Installing: /home/misys/f1tenth_ws/install/realsense2_camera_msgs/include/realsense2_camera_msgs/realsense2_camera_msgs/srv/detail/calib_config_write__type_support.hpp
[31.227s] -- Installing: /home/misys/f1tenth_ws/install/realsense2_camera_msgs/include/realsense2_camera_msgs/realsense2_camera_msgs/srv/detail/calib_config_read__struct.hpp
[31.227s] -- Installing: /home/misys/f1tenth_ws/install/realsense2_camera_msgs/include/realsense2_camera_msgs/realsense2_camera_msgs/srv/detail/device_info__type_support.hpp
[31.228s] -- Installing: /home/misys/f1tenth_ws/install/realsense2_camera_msgs/include/realsense2_camera_msgs/realsense2_camera_msgs/srv/detail/calib_config_write__struct.hpp
[31.228s] -- Installing: /home/misys/f1tenth_ws/install/realsense2_camera_msgs/include/realsense2_camera_msgs/realsense2_camera_msgs/srv/detail/calib_config_read__type_support.hpp
[31.229s] -- Installing: /home/misys/f1tenth_ws/install/realsense2_camera_msgs/include/realsense2_camera_msgs/realsense2_camera_msgs/srv/calib_config_read.hpp
[31.230s] -- Up-to-date: /home/misys/f1tenth_ws/install/realsense2_camera_msgs/include/realsense2_camera_msgs/realsense2_camera_msgs
[31.231s] -- Up-to-date: /home/misys/f1tenth_ws/install/realsense2_camera_msgs/include/realsense2_camera_msgs/realsense2_camera_msgs/msg
[31.234s] -- Installing: /home/misys/f1tenth_ws/install/realsense2_camera_msgs/include/realsense2_camera_msgs/realsense2_camera_msgs/msg/rosidl_typesupport_fastrtps_cpp__visibility_control.h
[31.234s] -- Up-to-date: /home/misys/f1tenth_ws/install/realsense2_camera_msgs/include/realsense2_camera_msgs/realsense2_camera_msgs/msg/detail
[31.234s] -- Installing: /home/misys/f1tenth_ws/install/realsense2_camera_msgs/include/realsense2_camera_msgs/realsense2_camera_msgs/msg/detail/extrinsics__rosidl_typesupport_fastrtps_cpp.hpp
[31.234s] -- Installing: /home/misys/f1tenth_ws/install/realsense2_camera_msgs/include/realsense2_camera_msgs/realsense2_camera_msgs/msg/detail/dds_fastrtps
[31.235s] -- Installing: /home/misys/f1tenth_ws/install/realsense2_camera_msgs/include/realsense2_camera_msgs/realsense2_camera_msgs/msg/detail/imu_info__rosidl_typesupport_fastrtps_cpp.hpp
[31.235s] -- Installing: /home/misys/f1tenth_ws/install/realsense2_camera_msgs/include/realsense2_camera_msgs/realsense2_camera_msgs/msg/detail/metadata__rosidl_typesupport_fastrtps_cpp.hpp
[31.236s] -- Installing: /home/misys/f1tenth_ws/install/realsense2_camera_msgs/include/realsense2_camera_msgs/realsense2_camera_msgs/msg/detail/rgbd__rosidl_typesupport_fastrtps_cpp.hpp
[31.237s] -- Up-to-date: /home/misys/f1tenth_ws/install/realsense2_camera_msgs/include/realsense2_camera_msgs/realsense2_camera_msgs/action
[31.243s] -- Up-to-date: /home/misys/f1tenth_ws/install/realsense2_camera_msgs/include/realsense2_camera_msgs/realsense2_camera_msgs/action/detail
[31.243s] -- Installing: /home/misys/f1tenth_ws/install/realsense2_camera_msgs/include/realsense2_camera_msgs/realsense2_camera_msgs/action/detail/dds_fastrtps
[31.243s] -- Installing: /home/misys/f1tenth_ws/install/realsense2_camera_msgs/include/realsense2_camera_msgs/realsense2_camera_msgs/action/detail/triggered_calibration__rosidl_typesupport_fastrtps_cpp.hpp
[31.243s] -- Up-to-date: /home/misys/f1tenth_ws/install/realsense2_camera_msgs/include/realsense2_camera_msgs/realsense2_camera_msgs/srv
[31.244s] -- Up-to-date: /home/misys/f1tenth_ws/install/realsense2_camera_msgs/include/realsense2_camera_msgs/realsense2_camera_msgs/srv/detail
[31.244s] -- Installing: /home/misys/f1tenth_ws/install/realsense2_camera_msgs/include/realsense2_camera_msgs/realsense2_camera_msgs/srv/detail/device_info__rosidl_typesupport_fastrtps_cpp.hpp
[31.244s] -- Installing: /home/misys/f1tenth_ws/install/realsense2_camera_msgs/include/realsense2_camera_msgs/realsense2_camera_msgs/srv/detail/dds_fastrtps
[31.252s] -- Installing: /home/misys/f1tenth_ws/install/realsense2_camera_msgs/include/realsense2_camera_msgs/realsense2_camera_msgs/srv/detail/calib_config_write__rosidl_typesupport_fastrtps_cpp.hpp
[31.252s] -- Installing: /home/misys/f1tenth_ws/install/realsense2_camera_msgs/include/realsense2_camera_msgs/realsense2_camera_msgs/srv/detail/calib_config_read__rosidl_typesupport_fastrtps_cpp.hpp
[31.252s] -- Installing: /home/misys/f1tenth_ws/install/realsense2_camera_msgs/lib/librealsense2_camera_msgs__rosidl_typesupport_fastrtps_cpp.so
[31.252s] -- Set runtime path of "/home/misys/f1tenth_ws/install/realsense2_camera_msgs/lib/librealsense2_camera_msgs__rosidl_typesupport_fastrtps_cpp.so" to ""
[31.252s] -- Up-to-date: /home/misys/f1tenth_ws/install/realsense2_camera_msgs/include/realsense2_camera_msgs/realsense2_camera_msgs
[31.253s] -- Up-to-date: /home/misys/f1tenth_ws/install/realsense2_camera_msgs/include/realsense2_camera_msgs/realsense2_camera_msgs/msg
[31.257s] -- Up-to-date: /home/misys/f1tenth_ws/install/realsense2_camera_msgs/include/realsense2_camera_msgs/realsense2_camera_msgs/msg/detail
[31.257s] -- Installing: /home/misys/f1tenth_ws/install/realsense2_camera_msgs/include/realsense2_camera_msgs/realsense2_camera_msgs/msg/detail/extrinsics__rosidl_typesupport_introspection_cpp.hpp
[31.257s] -- Installing: /home/misys/f1tenth_ws/install/realsense2_camera_msgs/include/realsense2_camera_msgs/realsense2_camera_msgs/msg/detail/metadata__rosidl_typesupport_introspection_cpp.hpp
[31.257s] -- Installing: /home/misys/f1tenth_ws/install/realsense2_camera_msgs/include/realsense2_camera_msgs/realsense2_camera_msgs/msg/detail/extrinsics__type_support.cpp
[31.258s] -- Installing: /home/misys/f1tenth_ws/install/realsense2_camera_msgs/include/realsense2_camera_msgs/realsense2_camera_msgs/msg/detail/imu_info__type_support.cpp
[31.258s] -- Installing: /home/misys/f1tenth_ws/install/realsense2_camera_msgs/include/realsense2_camera_msgs/realsense2_camera_msgs/msg/detail/rgbd__type_support.cpp
[31.258s] -- Installing: /home/misys/f1tenth_ws/install/realsense2_camera_msgs/include/realsense2_camera_msgs/realsense2_camera_msgs/msg/detail/imu_info__rosidl_typesupport_introspection_cpp.hpp
[31.262s] -- Installing: /home/misys/f1tenth_ws/install/realsense2_camera_msgs/include/realsense2_camera_msgs/realsense2_camera_msgs/msg/detail/rgbd__rosidl_typesupport_introspection_cpp.hpp
[31.263s] -- Installing: /home/misys/f1tenth_ws/install/realsense2_camera_msgs/include/realsense2_camera_msgs/realsense2_camera_msgs/msg/detail/metadata__type_support.cpp
[31.264s] -- Up-to-date: /home/misys/f1tenth_ws/install/realsense2_camera_msgs/include/realsense2_camera_msgs/realsense2_camera_msgs/action
[31.270s] -- Up-to-date: /home/misys/f1tenth_ws/install/realsense2_camera_msgs/include/realsense2_camera_msgs/realsense2_camera_msgs/action/detail
[31.270s] -- Installing: /home/misys/f1tenth_ws/install/realsense2_camera_msgs/include/realsense2_camera_msgs/realsense2_camera_msgs/action/detail/triggered_calibration__rosidl_typesupport_introspection_cpp.hpp
[31.270s] -- Installing: /home/misys/f1tenth_ws/install/realsense2_camera_msgs/include/realsense2_camera_msgs/realsense2_camera_msgs/action/detail/triggered_calibration__type_support.cpp
[31.270s] -- Up-to-date: /home/misys/f1tenth_ws/install/realsense2_camera_msgs/include/realsense2_camera_msgs/realsense2_camera_msgs/srv
[31.271s] -- Up-to-date: /home/misys/f1tenth_ws/install/realsense2_camera_msgs/include/realsense2_camera_msgs/realsense2_camera_msgs/srv/detail
[31.271s] -- Installing: /home/misys/f1tenth_ws/install/realsense2_camera_msgs/include/realsense2_camera_msgs/realsense2_camera_msgs/srv/detail/calib_config_write__type_support.cpp
[31.279s] -- Installing: /home/misys/f1tenth_ws/install/realsense2_camera_msgs/include/realsense2_camera_msgs/realsense2_camera_msgs/srv/detail/calib_config_write__rosidl_typesupport_introspection_cpp.hpp
[31.279s] -- Installing: /home/misys/f1tenth_ws/install/realsense2_camera_msgs/include/realsense2_camera_msgs/realsense2_camera_msgs/srv/detail/device_info__rosidl_typesupport_introspection_cpp.hpp
[31.279s] -- Installing: /home/misys/f1tenth_ws/install/realsense2_camera_msgs/include/realsense2_camera_msgs/realsense2_camera_msgs/srv/detail/calib_config_read__type_support.cpp
[31.279s] -- Installing: /home/misys/f1tenth_ws/install/realsense2_camera_msgs/include/realsense2_camera_msgs/realsense2_camera_msgs/srv/detail/calib_config_read__rosidl_typesupport_introspection_cpp.hpp
[31.279s] -- Installing: /home/misys/f1tenth_ws/install/realsense2_camera_msgs/include/realsense2_camera_msgs/realsense2_camera_msgs/srv/detail/device_info__type_support.cpp
[31.280s] -- Installing: /home/misys/f1tenth_ws/install/realsense2_camera_msgs/lib/librealsense2_camera_msgs__rosidl_typesupport_introspection_cpp.so
[31.282s] -- Set runtime path of "/home/misys/f1tenth_ws/install/realsense2_camera_msgs/lib/librealsense2_camera_msgs__rosidl_typesupport_introspection_cpp.so" to ""
[31.288s] -- Installing: /home/misys/f1tenth_ws/install/realsense2_camera_msgs/lib/librealsense2_camera_msgs__rosidl_typesupport_cpp.so
[31.288s] -- Set runtime path of "/home/misys/f1tenth_ws/install/realsense2_camera_msgs/lib/librealsense2_camera_msgs__rosidl_typesupport_cpp.so" to ""
[31.292s] -- Installing: /home/misys/f1tenth_ws/install/realsense2_camera_msgs/share/realsense2_camera_msgs/environment/pythonpath.sh
[31.292s] -- Installing: /home/misys/f1tenth_ws/install/realsense2_camera_msgs/share/realsense2_camera_msgs/environment/pythonpath.dsv
[31.292s] -- Installing: /home/misys/f1tenth_ws/install/realsense2_camera_msgs/local/lib/python3.10/dist-packages/realsense2_camera_msgs-4.56.4-py3.10.egg-info
[31.292s] -- Installing: /home/misys/f1tenth_ws/install/realsense2_camera_msgs/local/lib/python3.10/dist-packages/realsense2_camera_msgs-4.56.4-py3.10.egg-info/top_level.txt
[31.293s] -- Installing: /home/misys/f1tenth_ws/install/realsense2_camera_msgs/local/lib/python3.10/dist-packages/realsense2_camera_msgs-4.56.4-py3.10.egg-info/PKG-INFO
[31.293s] -- Installing: /home/misys/f1tenth_ws/install/realsense2_camera_msgs/local/lib/python3.10/dist-packages/realsense2_camera_msgs-4.56.4-py3.10.egg-info/SOURCES.txt
[31.293s] -- Installing: /home/misys/f1tenth_ws/install/realsense2_camera_msgs/local/lib/python3.10/dist-packages/realsense2_camera_msgs-4.56.4-py3.10.egg-info/dependency_links.txt
[31.298s] -- Installing: /home/misys/f1tenth_ws/install/realsense2_camera_msgs/local/lib/python3.10/dist-packages/realsense2_camera_msgs
[31.298s] -- Installing: /home/misys/f1tenth_ws/install/realsense2_camera_msgs/local/lib/python3.10/dist-packages/realsense2_camera_msgs/realsense2_camera_msgs_s__rosidl_typesupport_introspection_c.cpython-310-x86_64-linux-gnu.so
[31.299s] -- Installing: /home/misys/f1tenth_ws/install/realsense2_camera_msgs/local/lib/python3.10/dist-packages/realsense2_camera_msgs/msg
[31.306s] -- Installing: /home/misys/f1tenth_ws/install/realsense2_camera_msgs/local/lib/python3.10/dist-packages/realsense2_camera_msgs/msg/_rgbd.py
[31.306s] -- Installing: /home/misys/f1tenth_ws/install/realsense2_camera_msgs/local/lib/python3.10/dist-packages/realsense2_camera_msgs/msg/_metadata_s.c
[31.306s] -- Installing: /home/misys/f1tenth_ws/install/realsense2_camera_msgs/local/lib/python3.10/dist-packages/realsense2_camera_msgs/msg/_metadata.py
[31.306s] -- Installing: /home/misys/f1tenth_ws/install/realsense2_camera_msgs/local/lib/python3.10/dist-packages/realsense2_camera_msgs/msg/_imu_info_s.c
[31.315s] -- Installing: /home/misys/f1tenth_ws/install/realsense2_camera_msgs/local/lib/python3.10/dist-packages/realsense2_camera_msgs/msg/_imu_info.py
[31.315s] -- Installing: /home/misys/f1tenth_ws/install/realsense2_camera_msgs/local/lib/python3.10/dist-packages/realsense2_camera_msgs/msg/_extrinsics_s.c
[31.316s] -- Installing: /home/misys/f1tenth_ws/install/realsense2_camera_msgs/local/lib/python3.10/dist-packages/realsense2_camera_msgs/msg/__init__.py
[31.316s] -- Installing: /home/misys/f1tenth_ws/install/realsense2_camera_msgs/local/lib/python3.10/dist-packages/realsense2_camera_msgs/msg/_rgbd_s.c
[31.316s] -- Installing: /home/misys/f1tenth_ws/install/realsense2_camera_msgs/local/lib/python3.10/dist-packages/realsense2_camera_msgs/msg/_extrinsics.py
[31.316s] -- Installing: /home/misys/f1tenth_ws/install/realsense2_camera_msgs/local/lib/python3.10/dist-packages/realsense2_camera_msgs/_realsense2_camera_msgs_s.ep.rosidl_typesupport_introspection_c.c
[31.316s] -- Installing: /home/misys/f1tenth_ws/install/realsense2_camera_msgs/local/lib/python3.10/dist-packages/realsense2_camera_msgs/realsense2_camera_msgs_s__rosidl_typesupport_c.cpython-310-x86_64-linux-gnu.so
[31.316s] -- Installing: /home/misys/f1tenth_ws/install/realsense2_camera_msgs/local/lib/python3.10/dist-packages/realsense2_camera_msgs/action
[31.317s] -- Installing: /home/misys/f1tenth_ws/install/realsense2_camera_msgs/local/lib/python3.10/dist-packages/realsense2_camera_msgs/action/_triggered_calibration_s.c
[31.317s] -- Installing: /home/misys/f1tenth_ws/install/realsense2_camera_msgs/local/lib/python3.10/dist-packages/realsense2_camera_msgs/action/_triggered_calibration.py
[31.318s] -- Installing: /home/misys/f1tenth_ws/install/realsense2_camera_msgs/local/lib/python3.10/dist-packages/realsense2_camera_msgs/action/__init__.py
[31.318s] -- Installing: /home/misys/f1tenth_ws/install/realsense2_camera_msgs/local/lib/python3.10/dist-packages/realsense2_camera_msgs/__init__.py
[31.318s] -- Installing: /home/misys/f1tenth_ws/install/realsense2_camera_msgs/local/lib/python3.10/dist-packages/realsense2_camera_msgs/librealsense2_camera_msgs__rosidl_generator_py.so
[31.321s] -- Installing: /home/misys/f1tenth_ws/install/realsense2_camera_msgs/local/lib/python3.10/dist-packages/realsense2_camera_msgs/_realsense2_camera_msgs_s.ep.rosidl_typesupport_fastrtps_c.c
[31.322s] -- Installing: /home/misys/f1tenth_ws/install/realsense2_camera_msgs/local/lib/python3.10/dist-packages/realsense2_camera_msgs/srv
[31.322s] -- Installing: /home/misys/f1tenth_ws/install/realsense2_camera_msgs/local/lib/python3.10/dist-packages/realsense2_camera_msgs/srv/_calib_config_read_s.c
[31.324s] -- Installing: /home/misys/f1tenth_ws/install/realsense2_camera_msgs/local/lib/python3.10/dist-packages/realsense2_camera_msgs/srv/_device_info_s.c
[31.328s] -- Installing: /home/misys/f1tenth_ws/install/realsense2_camera_msgs/local/lib/python3.10/dist-packages/realsense2_camera_msgs/srv/_calib_config_write_s.c
[31.330s] -- Installing: /home/misys/f1tenth_ws/install/realsense2_camera_msgs/local/lib/python3.10/dist-packages/realsense2_camera_msgs/srv/_calib_config_read.py
[31.334s] -- Installing: /home/misys/f1tenth_ws/install/realsense2_camera_msgs/local/lib/python3.10/dist-packages/realsense2_camera_msgs/srv/__init__.py
[31.334s] -- Installing: /home/misys/f1tenth_ws/install/realsense2_camera_msgs/local/lib/python3.10/dist-packages/realsense2_camera_msgs/srv/_calib_config_write.py
[31.334s] -- Installing: /home/misys/f1tenth_ws/install/realsense2_camera_msgs/local/lib/python3.10/dist-packages/realsense2_camera_msgs/srv/_device_info.py
[31.334s] -- Installing: /home/misys/f1tenth_ws/install/realsense2_camera_msgs/local/lib/python3.10/dist-packages/realsense2_camera_msgs/realsense2_camera_msgs_s__rosidl_typesupport_fastrtps_c.cpython-310-x86_64-linux-gnu.so
[31.335s] -- Installing: /home/misys/f1tenth_ws/install/realsense2_camera_msgs/local/lib/python3.10/dist-packages/realsense2_camera_msgs/_realsense2_camera_msgs_s.ep.rosidl_typesupport_c.c
[31.555s] Listing '/home/misys/f1tenth_ws/install/realsense2_camera_msgs/local/lib/python3.10/dist-packages/realsense2_camera_msgs'...
[31.555s] Compiling '/home/misys/f1tenth_ws/install/realsense2_camera_msgs/local/lib/python3.10/dist-packages/realsense2_camera_msgs/__init__.py'...
[31.555s] Listing '/home/misys/f1tenth_ws/install/realsense2_camera_msgs/local/lib/python3.10/dist-packages/realsense2_camera_msgs/action'...
[31.556s] Compiling '/home/misys/f1tenth_ws/install/realsense2_camera_msgs/local/lib/python3.10/dist-packages/realsense2_camera_msgs/action/__init__.py'...
[31.556s] Compiling '/home/misys/f1tenth_ws/install/realsense2_camera_msgs/local/lib/python3.10/dist-packages/realsense2_camera_msgs/action/_triggered_calibration.py'...
[31.556s] Listing '/home/misys/f1tenth_ws/install/realsense2_camera_msgs/local/lib/python3.10/dist-packages/realsense2_camera_msgs/msg'...
[31.556s] Compiling '/home/misys/f1tenth_ws/install/realsense2_camera_msgs/local/lib/python3.10/dist-packages/realsense2_camera_msgs/msg/__init__.py'...
[31.556s] Compiling '/home/misys/f1tenth_ws/install/realsense2_camera_msgs/local/lib/python3.10/dist-packages/realsense2_camera_msgs/msg/_extrinsics.py'...
[31.556s] Compiling '/home/misys/f1tenth_ws/install/realsense2_camera_msgs/local/lib/python3.10/dist-packages/realsense2_camera_msgs/msg/_imu_info.py'...
[31.557s] Compiling '/home/misys/f1tenth_ws/install/realsense2_camera_msgs/local/lib/python3.10/dist-packages/realsense2_camera_msgs/msg/_metadata.py'...
[31.557s] Compiling '/home/misys/f1tenth_ws/install/realsense2_camera_msgs/local/lib/python3.10/dist-packages/realsense2_camera_msgs/msg/_rgbd.py'...
[31.557s] Listing '/home/misys/f1tenth_ws/install/realsense2_camera_msgs/local/lib/python3.10/dist-packages/realsense2_camera_msgs/srv'...
[31.557s] Compiling '/home/misys/f1tenth_ws/install/realsense2_camera_msgs/local/lib/python3.10/dist-packages/realsense2_camera_msgs/srv/__init__.py'...
[31.557s] Compiling '/home/misys/f1tenth_ws/install/realsense2_camera_msgs/local/lib/python3.10/dist-packages/realsense2_camera_msgs/srv/_calib_config_read.py'...
[31.557s] Compiling '/home/misys/f1tenth_ws/install/realsense2_camera_msgs/local/lib/python3.10/dist-packages/realsense2_camera_msgs/srv/_calib_config_write.py'...
[31.557s] Compiling '/home/misys/f1tenth_ws/install/realsense2_camera_msgs/local/lib/python3.10/dist-packages/realsense2_camera_msgs/srv/_device_info.py'...
[31.583s] -- Installing: /home/misys/f1tenth_ws/install/realsense2_camera_msgs/local/lib/python3.10/dist-packages/realsense2_camera_msgs/realsense2_camera_msgs_s__rosidl_typesupport_fastrtps_c.cpython-310-x86_64-linux-gnu.so
[31.584s] -- Set runtime path of "/home/misys/f1tenth_ws/install/realsense2_camera_msgs/local/lib/python3.10/dist-packages/realsense2_camera_msgs/realsense2_camera_msgs_s__rosidl_typesupport_fastrtps_c.cpython-310-x86_64-linux-gnu.so" to ""
[31.587s] -- Installing: /home/misys/f1tenth_ws/install/realsense2_camera_msgs/local/lib/python3.10/dist-packages/realsense2_camera_msgs/realsense2_camera_msgs_s__rosidl_typesupport_introspection_c.cpython-310-x86_64-linux-gnu.so
[31.587s] -- Set runtime path of "/home/misys/f1tenth_ws/install/realsense2_camera_msgs/local/lib/python3.10/dist-packages/realsense2_camera_msgs/realsense2_camera_msgs_s__rosidl_typesupport_introspection_c.cpython-310-x86_64-linux-gnu.so" to ""
[31.588s] -- Installing: /home/misys/f1tenth_ws/install/realsense2_camera_msgs/local/lib/python3.10/dist-packages/realsense2_camera_msgs/realsense2_camera_msgs_s__rosidl_typesupport_c.cpython-310-x86_64-linux-gnu.so
[31.590s] -- Set runtime path of "/home/misys/f1tenth_ws/install/realsense2_camera_msgs/local/lib/python3.10/dist-packages/realsense2_camera_msgs/realsense2_camera_msgs_s__rosidl_typesupport_c.cpython-310-x86_64-linux-gnu.so" to ""
[31.590s] -- Installing: /home/misys/f1tenth_ws/install/realsense2_camera_msgs/lib/librealsense2_camera_msgs__rosidl_generator_py.so
[31.591s] -- Set runtime path of "/home/misys/f1tenth_ws/install/realsense2_camera_msgs/lib/librealsense2_camera_msgs__rosidl_generator_py.so" to ""
[31.592s] -- Installing: /home/misys/f1tenth_ws/install/realsense2_camera_msgs/share/realsense2_camera_msgs/msg/IMUInfo.idl
[31.596s] -- Installing: /home/misys/f1tenth_ws/install/realsense2_camera_msgs/share/realsense2_camera_msgs/msg/Extrinsics.idl
[31.596s] -- Installing: /home/misys/f1tenth_ws/install/realsense2_camera_msgs/share/realsense2_camera_msgs/msg/Metadata.idl
[31.596s] -- Installing: /home/misys/f1tenth_ws/install/realsense2_camera_msgs/share/realsense2_camera_msgs/msg/RGBD.idl
[31.597s] -- Installing: /home/misys/f1tenth_ws/install/realsense2_camera_msgs/share/realsense2_camera_msgs/srv/DeviceInfo.idl
[31.598s] -- Installing: /home/misys/f1tenth_ws/install/realsense2_camera_msgs/share/realsense2_camera_msgs/srv/CalibConfigRead.idl
[31.599s] -- Installing: /home/misys/f1tenth_ws/install/realsense2_camera_msgs/share/realsense2_camera_msgs/srv/CalibConfigWrite.idl
[31.601s] -- Installing: /home/misys/f1tenth_ws/install/realsense2_camera_msgs/share/realsense2_camera_msgs/action/TriggeredCalibration.idl
[31.606s] -- Installing: /home/misys/f1tenth_ws/install/realsense2_camera_msgs/share/realsense2_camera_msgs/msg/IMUInfo.msg
[31.606s] -- Installing: /home/misys/f1tenth_ws/install/realsense2_camera_msgs/share/realsense2_camera_msgs/msg/Extrinsics.msg
[31.606s] -- Installing: /home/misys/f1tenth_ws/install/realsense2_camera_msgs/share/realsense2_camera_msgs/msg/Metadata.msg
[31.607s] -- Installing: /home/misys/f1tenth_ws/install/realsense2_camera_msgs/share/realsense2_camera_msgs/msg/RGBD.msg
[31.607s] -- Installing: /home/misys/f1tenth_ws/install/realsense2_camera_msgs/share/realsense2_camera_msgs/srv/DeviceInfo.srv
[31.608s] -- Installing: /home/misys/f1tenth_ws/install/realsense2_camera_msgs/share/realsense2_camera_msgs/srv/DeviceInfo_Request.msg
[31.609s] -- Installing: /home/misys/f1tenth_ws/install/realsense2_camera_msgs/share/realsense2_camera_msgs/srv/DeviceInfo_Response.msg
[31.610s] -- Installing: /home/misys/f1tenth_ws/install/realsense2_camera_msgs/share/realsense2_camera_msgs/srv/CalibConfigRead.srv
[31.613s] -- Installing: /home/misys/f1tenth_ws/install/realsense2_camera_msgs/share/realsense2_camera_msgs/srv/CalibConfigRead_Request.msg
[31.613s] -- Installing: /home/misys/f1tenth_ws/install/realsense2_camera_msgs/share/realsense2_camera_msgs/srv/CalibConfigRead_Response.msg
[31.617s] -- Installing: /home/misys/f1tenth_ws/install/realsense2_camera_msgs/share/realsense2_camera_msgs/srv/CalibConfigWrite.srv
[31.617s] -- Installing: /home/misys/f1tenth_ws/install/realsense2_camera_msgs/share/realsense2_camera_msgs/srv/CalibConfigWrite_Request.msg
[31.617s] -- Installing: /home/misys/f1tenth_ws/install/realsense2_camera_msgs/share/realsense2_camera_msgs/srv/CalibConfigWrite_Response.msg
[31.617s] -- Installing: /home/misys/f1tenth_ws/install/realsense2_camera_msgs/share/realsense2_camera_msgs/action/TriggeredCalibration.action
[31.618s] -- Installing: /home/misys/f1tenth_ws/install/realsense2_camera_msgs/share/ament_index/resource_index/package_run_dependencies/realsense2_camera_msgs
[31.620s] -- Installing: /home/misys/f1tenth_ws/install/realsense2_camera_msgs/share/ament_index/resource_index/parent_prefix_path/realsense2_camera_msgs
[31.621s] -- Installing: /home/misys/f1tenth_ws/install/realsense2_camera_msgs/share/realsense2_camera_msgs/environment/ament_prefix_path.sh
[31.624s] -- Installing: /home/misys/f1tenth_ws/install/realsense2_camera_msgs/share/realsense2_camera_msgs/environment/ament_prefix_path.dsv
[31.624s] -- Installing: /home/misys/f1tenth_ws/install/realsense2_camera_msgs/share/realsense2_camera_msgs/environment/path.sh
[31.628s] -- Installing: /home/misys/f1tenth_ws/install/realsense2_camera_msgs/share/realsense2_camera_msgs/environment/path.dsv
[31.628s] -- Installing: /home/misys/f1tenth_ws/install/realsense2_camera_msgs/share/realsense2_camera_msgs/local_setup.bash
[31.628s] -- Installing: /home/misys/f1tenth_ws/install/realsense2_camera_msgs/share/realsense2_camera_msgs/local_setup.sh
[31.628s] -- Installing: /home/misys/f1tenth_ws/install/realsense2_camera_msgs/share/realsense2_camera_msgs/local_setup.zsh
[31.631s] -- Installing: /home/misys/f1tenth_ws/install/realsense2_camera_msgs/share/realsense2_camera_msgs/local_setup.dsv
[31.633s] -- Installing: /home/misys/f1tenth_ws/install/realsense2_camera_msgs/share/realsense2_camera_msgs/package.dsv
[31.636s] -- Installing: /home/misys/f1tenth_ws/install/realsense2_camera_msgs/share/ament_index/resource_index/packages/realsense2_camera_msgs
[31.636s] -- Installing: /home/misys/f1tenth_ws/install/realsense2_camera_msgs/share/realsense2_camera_msgs/cmake/export_realsense2_camera_msgs__rosidl_generator_cExport.cmake
[31.642s] -- Installing: /home/misys/f1tenth_ws/install/realsense2_camera_msgs/share/realsense2_camera_msgs/cmake/export_realsense2_camera_msgs__rosidl_generator_cExport-noconfig.cmake
[31.642s] -- Installing: /home/misys/f1tenth_ws/install/realsense2_camera_msgs/share/realsense2_camera_msgs/cmake/export_realsense2_camera_msgs__rosidl_typesupport_fastrtps_cExport.cmake
[31.642s] -- Installing: /home/misys/f1tenth_ws/install/realsense2_camera_msgs/share/realsense2_camera_msgs/cmake/export_realsense2_camera_msgs__rosidl_typesupport_fastrtps_cExport-noconfig.cmake
[31.643s] -- Installing: /home/misys/f1tenth_ws/install/realsense2_camera_msgs/share/realsense2_camera_msgs/cmake/realsense2_camera_msgs__rosidl_typesupport_introspection_cExport.cmake
[31.649s] -- Installing: /home/misys/f1tenth_ws/install/realsense2_camera_msgs/share/realsense2_camera_msgs/cmake/realsense2_camera_msgs__rosidl_typesupport_introspection_cExport-noconfig.cmake
[31.649s] -- Installing: /home/misys/f1tenth_ws/install/realsense2_camera_msgs/share/realsense2_camera_msgs/cmake/realsense2_camera_msgs__rosidl_typesupport_cExport.cmake
[31.653s] -- Installing: /home/misys/f1tenth_ws/install/realsense2_camera_msgs/share/realsense2_camera_msgs/cmake/realsense2_camera_msgs__rosidl_typesupport_cExport-noconfig.cmake
[31.655s] -- Installing: /home/misys/f1tenth_ws/install/realsense2_camera_msgs/share/realsense2_camera_msgs/cmake/export_realsense2_camera_msgs__rosidl_generator_cppExport.cmake
[31.658s] -- Installing: /home/misys/f1tenth_ws/install/realsense2_camera_msgs/share/realsense2_camera_msgs/cmake/export_realsense2_camera_msgs__rosidl_typesupport_fastrtps_cppExport.cmake
[31.658s] -- Installing: /home/misys/f1tenth_ws/install/realsense2_camera_msgs/share/realsense2_camera_msgs/cmake/export_realsense2_camera_msgs__rosidl_typesupport_fastrtps_cppExport-noconfig.cmake
[31.658s] -- Installing: /home/misys/f1tenth_ws/install/realsense2_camera_msgs/share/realsense2_camera_msgs/cmake/realsense2_camera_msgs__rosidl_typesupport_introspection_cppExport.cmake
[31.659s] -- Installing: /home/misys/f1tenth_ws/install/realsense2_camera_msgs/share/realsense2_camera_msgs/cmake/realsense2_camera_msgs__rosidl_typesupport_introspection_cppExport-noconfig.cmake
[31.661s] -- Installing: /home/misys/f1tenth_ws/install/realsense2_camera_msgs/share/realsense2_camera_msgs/cmake/realsense2_camera_msgs__rosidl_typesupport_cppExport.cmake
[31.662s] -- Installing: /home/misys/f1tenth_ws/install/realsense2_camera_msgs/share/realsense2_camera_msgs/cmake/realsense2_camera_msgs__rosidl_typesupport_cppExport-noconfig.cmake
[31.667s] -- Installing: /home/misys/f1tenth_ws/install/realsense2_camera_msgs/share/realsense2_camera_msgs/cmake/export_realsense2_camera_msgs__rosidl_generator_pyExport.cmake
[31.667s] -- Installing: /home/misys/f1tenth_ws/install/realsense2_camera_msgs/share/realsense2_camera_msgs/cmake/export_realsense2_camera_msgs__rosidl_generator_pyExport-noconfig.cmake
[31.668s] -- Installing: /home/misys/f1tenth_ws/install/realsense2_camera_msgs/share/realsense2_camera_msgs/cmake/rosidl_cmake-extras.cmake
[31.668s] -- Installing: /home/misys/f1tenth_ws/install/realsense2_camera_msgs/share/realsense2_camera_msgs/cmake/ament_cmake_export_dependencies-extras.cmake
[31.668s] -- Installing: /home/misys/f1tenth_ws/install/realsense2_camera_msgs/share/realsense2_camera_msgs/cmake/ament_cmake_export_include_directories-extras.cmake
[31.670s] -- Installing: /home/misys/f1tenth_ws/install/realsense2_camera_msgs/share/realsense2_camera_msgs/cmake/ament_cmake_export_libraries-extras.cmake
[31.671s] -- Installing: /home/misys/f1tenth_ws/install/realsense2_camera_msgs/share/realsense2_camera_msgs/cmake/ament_cmake_export_targets-extras.cmake
[31.674s] -- Installing: /home/misys/f1tenth_ws/install/realsense2_camera_msgs/share/realsense2_camera_msgs/cmake/rosidl_cmake_export_typesupport_targets-extras.cmake
[31.676s] -- Installing: /home/misys/f1tenth_ws/install/realsense2_camera_msgs/share/realsense2_camera_msgs/cmake/rosidl_cmake_export_typesupport_libraries-extras.cmake
[31.676s] -- Installing: /home/misys/f1tenth_ws/install/realsense2_camera_msgs/share/realsense2_camera_msgs/cmake/realsense2_camera_msgsConfig.cmake
[31.677s] -- Installing: /home/misys/f1tenth_ws/install/realsense2_camera_msgs/share/realsense2_camera_msgs/cmake/realsense2_camera_msgsConfig-version.cmake
[31.680s] -- Installing: /home/misys/f1tenth_ws/install/realsense2_camera_msgs/share/realsense2_camera_msgs/package.xml
[31.691s] Invoked command in '/home/misys/f1tenth_ws/build/realsense2_camera_msgs' returned '0': CMAKE_PREFIX_PATH=/opt/ros/humble /usr/bin/cmake --install /home/misys/f1tenth_ws/build/realsense2_camera_msgs
