-- The C compiler identification is GNU 11.4.0
-- The CXX compiler identification is GNU 11.4.0
-- Detecting C compiler ABI info
-- Detecting C compiler ABI info - done
-- Check for working C compiler: /usr/bin/cc - skipped
-- Detecting C compile features
-- Detecting C compile features - done
-- Detecting CXX compiler ABI info
-- Detecting CXX compiler ABI info - done
-- Check for working CXX compiler: /usr/bin/c++ - skipped
-- Detecting CXX compile features
-- Detecting CXX compile features - done
-- Found ament_cmake: 1.3.12 (/opt/ros/humble/share/ament_cmake/cmake)
-- Found Python3: /usr/bin/python3 (found version "3.10.12") found components: Interpreter 
-- Found rclcpp: 16.0.15 (/opt/ros/humble/share/rclcpp/cmake)
-- Found rosidl_generator_c: 3.1.7 (/opt/ros/humble/share/rosidl_generator_c/cmake)
-- Found rosidl_adapter: 3.1.7 (/opt/ros/humble/share/rosidl_adapter/cmake)
-- Found rosidl_generator_cpp: 3.1.7 (/opt/ros/humble/share/rosidl_generator_cpp/cmake)
-- Using all available rosidl_typesupport_c: rosidl_typesupport_fastrtps_c;rosidl_typesupport_introspection_c
-- Using all available rosidl_typesupport_cpp: rosidl_typesupport_fastrtps_cpp;rosidl_typesupport_introspection_cpp
-- Found rmw_implementation_cmake: 6.1.2 (/opt/ros/humble/share/rmw_implementation_cmake/cmake)
-- Found rmw_fastrtps_cpp: 6.2.9 (/opt/ros/humble/share/rmw_fastrtps_cpp/cmake)
-- Found OpenSSL: /usr/lib/x86_64-linux-gnu/libcrypto.so (found version "3.0.2")  
-- Found FastRTPS: /opt/ros/humble/include  
-- Using RMW implementation 'rmw_fastrtps_cpp' as default
-- Looking for pthread.h
-- Looking for pthread.h - found
-- Performing Test CMAKE_HAVE_LIBC_PTHREAD
-- Performing Test CMAKE_HAVE_LIBC_PTHREAD - Success
-- Found Threads: TRUE  
-- Found rclcpp_components: 16.0.15 (/opt/ros/humble/share/rclcpp_components/cmake)
-- Found diagnostic_msgs: 4.9.0 (/opt/ros/humble/share/diagnostic_msgs/cmake)
-- Found CURL: /usr/lib/x86_64-linux-gnu/libcurl.so (found version "7.81.0")  
-- Found ament_cmake_gtest: 1.3.12 (/opt/ros/humble/share/ament_cmake_gtest/cmake)
-- Found gtest sources under '/opt/ros/humble/src/gtest_vendor': C++ tests using 'Google Test' will be built
-- Configuring done
-- Generating done
-- Build files have been written to: /home/misys/f1tenth_ws/build/diagnostic_remote_logging
[ 10%] Building CXX object CMakeFiles/influx.dir/rclcpp_components/node_main_influx.cpp.o
[ 20%] Building CXX object gtest/CMakeFiles/gtest_main.dir/src/gtest_main.cc.o
[ 30%] Building CXX object gtest/CMakeFiles/gtest.dir/src/gtest-all.cc.o
[ 40%] Building CXX object CMakeFiles/influx_component.dir/src/influxdb.cpp.o
[ 50%] Linking CXX static library libgtest_main.a
[ 50%] Built target gtest_main
[ 60%] Linking CXX static library libgtest.a
[ 60%] Built target gtest
[ 70%] Linking CXX executable influx
[ 70%] Built target influx
[ 80%] Linking CXX shared library libinflux_component.so
[ 80%] Built target influx_component
[ 90%] Building CXX object CMakeFiles/unit_tests.dir/test/influx_line_protocol.cpp.o
[100%] Linking CXX executable unit_tests
[100%] Built target unit_tests
-- Install configuration: ""
-- Installing: /home/misys/f1tenth_ws/install/diagnostic_remote_logging/lib/diagnostic_remote_logging/influx
-- Set runtime path of "/home/misys/f1tenth_ws/install/diagnostic_remote_logging/lib/diagnostic_remote_logging/influx" to ""
-- Installing: /home/misys/f1tenth_ws/install/diagnostic_remote_logging/lib/libinflux_component.so
-- Set runtime path of "/home/misys/f1tenth_ws/install/diagnostic_remote_logging/lib/libinflux_component.so" to ""
-- Installing: /home/misys/f1tenth_ws/install/diagnostic_remote_logging/share/ament_index/resource_index/package_run_dependencies/diagnostic_remote_logging
-- Installing: /home/misys/f1tenth_ws/install/diagnostic_remote_logging/share/ament_index/resource_index/parent_prefix_path/diagnostic_remote_logging
-- Installing: /home/misys/f1tenth_ws/install/diagnostic_remote_logging/share/diagnostic_remote_logging/environment/ament_prefix_path.sh
-- Installing: /home/misys/f1tenth_ws/install/diagnostic_remote_logging/share/diagnostic_remote_logging/environment/ament_prefix_path.dsv
-- Installing: /home/misys/f1tenth_ws/install/diagnostic_remote_logging/share/diagnostic_remote_logging/environment/path.sh
-- Installing: /home/misys/f1tenth_ws/install/diagnostic_remote_logging/share/diagnostic_remote_logging/environment/path.dsv
-- Installing: /home/misys/f1tenth_ws/install/diagnostic_remote_logging/share/diagnostic_remote_logging/local_setup.bash
-- Installing: /home/misys/f1tenth_ws/install/diagnostic_remote_logging/share/diagnostic_remote_logging/local_setup.sh
-- Installing: /home/misys/f1tenth_ws/install/diagnostic_remote_logging/share/diagnostic_remote_logging/local_setup.zsh
-- Installing: /home/misys/f1tenth_ws/install/diagnostic_remote_logging/share/diagnostic_remote_logging/local_setup.dsv
-- Installing: /home/misys/f1tenth_ws/install/diagnostic_remote_logging/share/diagnostic_remote_logging/package.dsv
-- Installing: /home/misys/f1tenth_ws/install/diagnostic_remote_logging/share/ament_index/resource_index/packages/diagnostic_remote_logging
-- Installing: /home/misys/f1tenth_ws/install/diagnostic_remote_logging/share/ament_index/resource_index/rclcpp_components/diagnostic_remote_logging
-- Installing: /home/misys/f1tenth_ws/install/diagnostic_remote_logging/share/diagnostic_remote_logging/cmake/export_influx_componentExport.cmake
-- Installing: /home/misys/f1tenth_ws/install/diagnostic_remote_logging/share/diagnostic_remote_logging/cmake/export_influx_componentExport-noconfig.cmake
-- Installing: /home/misys/f1tenth_ws/install/diagnostic_remote_logging/share/diagnostic_remote_logging/cmake/ament_cmake_export_dependencies-extras.cmake
-- Installing: /home/misys/f1tenth_ws/install/diagnostic_remote_logging/share/diagnostic_remote_logging/cmake/ament_cmake_export_targets-extras.cmake
-- Installing: /home/misys/f1tenth_ws/install/diagnostic_remote_logging/share/diagnostic_remote_logging/cmake/diagnostic_remote_loggingConfig.cmake
-- Installing: /home/misys/f1tenth_ws/install/diagnostic_remote_logging/share/diagnostic_remote_logging/cmake/diagnostic_remote_loggingConfig-version.cmake
-- Installing: /home/misys/f1tenth_ws/install/diagnostic_remote_logging/share/diagnostic_remote_logging/package.xml
