[1.024s] Invoking command in '/home/misys/f1tenth_ws/build/io_context': AMENT_PREFIX_PATH=/home/misys/f1tenth_ws/install/udp_msgs:/home/misys/f1tenth_ws/install/asio_cmake_module:${AMENT_PREFIX_PATH} CMAKE_PREFIX_PATH=/home/misys/f1tenth_ws/install/udp_msgs:/home/misys/f1tenth_ws/install/asio_cmake_module:/opt/ros/humble LD_LIBRARY_PATH=/home/misys/f1tenth_ws/install/udp_msgs/lib:${LD_LIBRARY_PATH} PYTHONPATH=/home/misys/f1tenth_ws/install/udp_msgs/local/lib/python3.10/dist-packages:${PYTHONPATH} /usr/bin/cmake /home/misys/f1tenth_ws/src/transport_drivers/io_context -DCMAKE_INSTALL_PREFIX=/home/misys/f1tenth_ws/install/io_context
[1.301s] -- The C compiler identification is GNU 11.4.0
[1.501s] -- The CXX compiler identification is GNU 11.4.0
[1.528s] -- Detecting C compiler ABI info
[1.719s] -- Detecting C compiler ABI info - done
[1.742s] -- Check for working C compiler: /usr/bin/cc - skipped
[1.748s] -- Detecting C compile features
[1.749s] -- Detecting C compile features - done
[1.756s] -- Detecting CXX compiler ABI info
[2.080s] -- Detecting CXX compiler ABI info - done
[2.156s] -- Check for working CXX compiler: /usr/bin/c++ - skipped
[2.156s] -- Detecting CXX compile features
[2.156s] -- Detecting CXX compile features - done
[2.156s] -- Found ament_cmake_auto: 1.3.12 (/opt/ros/humble/share/ament_cmake_auto/cmake)
[2.645s] -- Found Python3: /usr/bin/python3 (found version "3.10.12") found components: Interpreter 
[3.335s] -- Found rosidl_generator_c: 3.1.7 (/opt/ros/humble/share/rosidl_generator_c/cmake)
[3.357s] -- Found rosidl_adapter: 3.1.7 (/opt/ros/humble/share/rosidl_adapter/cmake)
[3.385s] -- Found rosidl_generator_cpp: 3.1.7 (/opt/ros/humble/share/rosidl_generator_cpp/cmake)
[3.426s] -- Using all available rosidl_typesupport_c: rosidl_typesupport_fastrtps_c;rosidl_typesupport_introspection_c
[3.483s] -- Using all available rosidl_typesupport_cpp: rosidl_typesupport_fastrtps_cpp;rosidl_typesupport_introspection_cpp
[3.630s] -- Found rmw_implementation_cmake: 6.1.2 (/opt/ros/humble/share/rmw_implementation_cmake/cmake)
[3.640s] -- Found rmw_fastrtps_cpp: 6.2.9 (/opt/ros/humble/share/rmw_fastrtps_cpp/cmake)
[3.952s] -- Found OpenSSL: /usr/lib/x86_64-linux-gnu/libcrypto.so (found version "3.0.2")  
[4.056s] -- Found FastRTPS: /opt/ros/humble/include  
[4.182s] -- Using RMW implementation 'rmw_fastrtps_cpp' as default
[4.206s] -- Looking for pthread.h
[4.420s] -- Looking for pthread.h - found
[4.421s] -- Performing Test CMAKE_HAVE_LIBC_PTHREAD
[4.844s] -- Performing Test CMAKE_HAVE_LIBC_PTHREAD - Success
[4.848s] -- Found Threads: TRUE  
[5.482s] -- Found ASIO: /usr/include  
[5.511s] -- Found ament_lint_auto: 0.12.14 (/opt/ros/humble/share/ament_lint_auto/cmake)
[5.737s] -- Found gtest sources under '/opt/ros/humble/src/gtest_vendor': C++ tests using 'Google Test' will be built
[5.786s] In this package, headers install destination is set to `include` by ament_auto_package. It is recommended to install `include/io_context` instead and will be the default behavior of ament_auto_package from ROS 2 Kilted Kaiju. On distributions before Kilted, ament_auto_package behaves the same way when you use USE_SCOPED_HEADER_INSTALL_DIR option.
[5.820s] -- Added test 'copyright' to check source files copyright and LICENSE
[5.851s] -- Added test 'cppcheck' to perform static code analysis on C / C++ code
[5.851s] -- Configured cppcheck include dirs: /home/misys/f1tenth_ws/src/transport_drivers/io_context/include
[5.851s] -- Configured cppcheck exclude dirs and/or files: 
[5.868s] -- Added test 'cpplint' to check C / C++ code against the Google style
[5.869s] -- Configured cpplint exclude dirs and/or files: 
[5.881s] -- Added test 'lint_cmake' to check CMake code style
[5.900s] -- Added test 'uncrustify' to check C / C++ code style
[5.907s] -- Configured uncrustify additional arguments: 
[5.908s] -- Added test 'xmllint' to check XML markup files
[5.945s] -- Configuring done
[6.095s] -- Generating done
[6.140s] -- Build files have been written to: /home/misys/f1tenth_ws/build/io_context
[6.195s] Invoked command in '/home/misys/f1tenth_ws/build/io_context' returned '0': AMENT_PREFIX_PATH=/home/misys/f1tenth_ws/install/udp_msgs:/home/misys/f1tenth_ws/install/asio_cmake_module:${AMENT_PREFIX_PATH} CMAKE_PREFIX_PATH=/home/misys/f1tenth_ws/install/udp_msgs:/home/misys/f1tenth_ws/install/asio_cmake_module:/opt/ros/humble LD_LIBRARY_PATH=/home/misys/f1tenth_ws/install/udp_msgs/lib:${LD_LIBRARY_PATH} PYTHONPATH=/home/misys/f1tenth_ws/install/udp_msgs/local/lib/python3.10/dist-packages:${PYTHONPATH} /usr/bin/cmake /home/misys/f1tenth_ws/src/transport_drivers/io_context -DCMAKE_INSTALL_PREFIX=/home/misys/f1tenth_ws/install/io_context
[6.203s] Invoking command in '/home/misys/f1tenth_ws/build/io_context': AMENT_PREFIX_PATH=/home/misys/f1tenth_ws/install/udp_msgs:/home/misys/f1tenth_ws/install/asio_cmake_module:${AMENT_PREFIX_PATH} CMAKE_PREFIX_PATH=/home/misys/f1tenth_ws/install/udp_msgs:/home/misys/f1tenth_ws/install/asio_cmake_module:/opt/ros/humble LD_LIBRARY_PATH=/home/misys/f1tenth_ws/install/udp_msgs/lib:${LD_LIBRARY_PATH} PYTHONPATH=/home/misys/f1tenth_ws/install/udp_msgs/local/lib/python3.10/dist-packages:${PYTHONPATH} /usr/bin/cmake --build /home/misys/f1tenth_ws/build/io_context -- -j16 -l16
[6.473s] [ 11%] Building CXX object CMakeFiles/io_context.dir/src/io_context.cpp.o
[6.479s] [ 22%] Building CXX object CMakeFiles/io_context.dir/src/msg_converters/std_msgs.cpp.o
[6.490s] [ 33%] Building CXX object gtest/CMakeFiles/gtest.dir/src/gtest-all.cc.o
[6.498s] [ 44%] Building CXX object gtest/CMakeFiles/gtest_main.dir/src/gtest_main.cc.o
[12.768s] [ 55%] Linking CXX static library libgtest_main.a
[12.928s] [ 55%] Built target gtest_main
[18.672s] [ 66%] Linking CXX shared library libio_context.so
[19.035s] [ 66%] Built target io_context
[22.369s] [ 77%] Linking CXX static library libgtest.a
[22.640s] [ 77%] Built target gtest
[22.761s] [ 88%] Building CXX object CMakeFiles/test_io_context.dir/test/test_io_context.cpp.o
[32.583s] [100%] Linking CXX executable test_io_context
[33.320s] [100%] Built target test_io_context
[33.382s] Invoked command in '/home/misys/f1tenth_ws/build/io_context' returned '0': AMENT_PREFIX_PATH=/home/misys/f1tenth_ws/install/udp_msgs:/home/misys/f1tenth_ws/install/asio_cmake_module:${AMENT_PREFIX_PATH} CMAKE_PREFIX_PATH=/home/misys/f1tenth_ws/install/udp_msgs:/home/misys/f1tenth_ws/install/asio_cmake_module:/opt/ros/humble LD_LIBRARY_PATH=/home/misys/f1tenth_ws/install/udp_msgs/lib:${LD_LIBRARY_PATH} PYTHONPATH=/home/misys/f1tenth_ws/install/udp_msgs/local/lib/python3.10/dist-packages:${PYTHONPATH} /usr/bin/cmake --build /home/misys/f1tenth_ws/build/io_context -- -j16 -l16
[33.390s] Invoking command in '/home/misys/f1tenth_ws/build/io_context': AMENT_PREFIX_PATH=/home/misys/f1tenth_ws/install/udp_msgs:/home/misys/f1tenth_ws/install/asio_cmake_module:${AMENT_PREFIX_PATH} CMAKE_PREFIX_PATH=/home/misys/f1tenth_ws/install/udp_msgs:/home/misys/f1tenth_ws/install/asio_cmake_module:/opt/ros/humble LD_LIBRARY_PATH=/home/misys/f1tenth_ws/install/udp_msgs/lib:${LD_LIBRARY_PATH} PYTHONPATH=/home/misys/f1tenth_ws/install/udp_msgs/local/lib/python3.10/dist-packages:${PYTHONPATH} /usr/bin/cmake --install /home/misys/f1tenth_ws/build/io_context
[33.436s] -- Install configuration: ""
[33.436s] -- Installing: /home/misys/f1tenth_ws/install/io_context/include
[33.436s] -- Installing: /home/misys/f1tenth_ws/install/io_context/include/io_context
[33.437s] -- Installing: /home/misys/f1tenth_ws/install/io_context/include/io_context/io_context.hpp
[33.438s] -- Installing: /home/misys/f1tenth_ws/install/io_context/include/io_context/common.hpp
[33.438s] -- Installing: /home/misys/f1tenth_ws/install/io_context/include/msg_converters
[33.438s] -- Installing: /home/misys/f1tenth_ws/install/io_context/include/msg_converters/std_msgs.hpp
[33.438s] -- Installing: /home/misys/f1tenth_ws/install/io_context/include/msg_converters/udp_msgs.hpp
[33.449s] -- Installing: /home/misys/f1tenth_ws/install/io_context/include/msg_converters/converters.hpp
[33.450s] -- Installing: /home/misys/f1tenth_ws/install/io_context/share/io_context/environment/library_path.sh
[33.451s] -- Installing: /home/misys/f1tenth_ws/install/io_context/share/io_context/environment/library_path.dsv
[33.454s] -- Installing: /home/misys/f1tenth_ws/install/io_context/lib/libio_context.so
[33.459s] -- Set runtime path of "/home/misys/f1tenth_ws/install/io_context/lib/libio_context.so" to ""
[33.459s] -- Installing: /home/misys/f1tenth_ws/install/io_context/share/ament_index/resource_index/package_run_dependencies/io_context
[33.459s] -- Installing: /home/misys/f1tenth_ws/install/io_context/share/ament_index/resource_index/parent_prefix_path/io_context
[33.459s] -- Installing: /home/misys/f1tenth_ws/install/io_context/share/io_context/environment/ament_prefix_path.sh
[33.462s] -- Installing: /home/misys/f1tenth_ws/install/io_context/share/io_context/environment/ament_prefix_path.dsv
[33.465s] -- Installing: /home/misys/f1tenth_ws/install/io_context/share/io_context/environment/path.sh
[33.465s] -- Installing: /home/misys/f1tenth_ws/install/io_context/share/io_context/environment/path.dsv
[33.465s] -- Installing: /home/misys/f1tenth_ws/install/io_context/share/io_context/local_setup.bash
[33.465s] -- Installing: /home/misys/f1tenth_ws/install/io_context/share/io_context/local_setup.sh
[33.470s] -- Installing: /home/misys/f1tenth_ws/install/io_context/share/io_context/local_setup.zsh
[33.470s] -- Installing: /home/misys/f1tenth_ws/install/io_context/share/io_context/local_setup.dsv
[33.471s] -- Installing: /home/misys/f1tenth_ws/install/io_context/share/io_context/package.dsv
[33.471s] -- Installing: /home/misys/f1tenth_ws/install/io_context/share/ament_index/resource_index/packages/io_context
[33.471s] -- Installing: /home/misys/f1tenth_ws/install/io_context/share/io_context/cmake/ament_cmake_export_dependencies-extras.cmake
[33.475s] -- Installing: /home/misys/f1tenth_ws/install/io_context/share/io_context/cmake/ament_cmake_export_include_directories-extras.cmake
[33.479s] -- Installing: /home/misys/f1tenth_ws/install/io_context/share/io_context/cmake/ament_cmake_export_libraries-extras.cmake
[33.480s] -- Installing: /home/misys/f1tenth_ws/install/io_context/share/io_context/cmake/io_context-extras.cmake
[33.480s] -- Installing: /home/misys/f1tenth_ws/install/io_context/share/io_context/cmake/io_contextConfig.cmake
[33.481s] -- Installing: /home/misys/f1tenth_ws/install/io_context/share/io_context/cmake/io_contextConfig-version.cmake
[33.481s] -- Installing: /home/misys/f1tenth_ws/install/io_context/share/io_context/package.xml
[33.496s] Invoked command in '/home/misys/f1tenth_ws/build/io_context' returned '0': AMENT_PREFIX_PATH=/home/misys/f1tenth_ws/install/udp_msgs:/home/misys/f1tenth_ws/install/asio_cmake_module:${AMENT_PREFIX_PATH} CMAKE_PREFIX_PATH=/home/misys/f1tenth_ws/install/udp_msgs:/home/misys/f1tenth_ws/install/asio_cmake_module:/opt/ros/humble LD_LIBRARY_PATH=/home/misys/f1tenth_ws/install/udp_msgs/lib:${LD_LIBRARY_PATH} PYTHONPATH=/home/misys/f1tenth_ws/install/udp_msgs/local/lib/python3.10/dist-packages:${PYTHONPATH} /usr/bin/cmake --install /home/misys/f1tenth_ws/build/io_context
