-- The C compiler identification is GNU 11.4.0
-- The CXX compiler identification is GNU 11.4.0
-- Detecting C compiler ABI info
-- Detecting C compiler ABI info - done
-- Check for working C compiler: /usr/bin/cc - skipped
-- Detecting C compile features
-- Detecting C compile features - done
-- Detecting CXX compiler ABI info
-- Detecting CXX compiler ABI info - done
-- Check for working CXX compiler: /usr/bin/c++ - skipped
-- Detecting CXX compile features
-- Detecting CXX compile features - done
-- Found ament_cmake: 1.3.12 (/opt/ros/humble/share/ament_cmake/cmake)
-- Found Python3: /usr/bin/python3 (found version "3.10.12") found components: Interpreter 
-- Found ament_cmake_ros: 0.10.0 (/opt/ros/humble/share/ament_cmake_ros/cmake)
-- Found diagnostic_msgs: 4.9.0 (/opt/ros/humble/share/diagnostic_msgs/cmake)
-- Found rosidl_generator_c: 3.1.7 (/opt/ros/humble/share/rosidl_generator_c/cmake)
-- Found rosidl_adapter: 3.1.7 (/opt/ros/humble/share/rosidl_adapter/cmake)
-- Found rosidl_generator_cpp: 3.1.7 (/opt/ros/humble/share/rosidl_generator_cpp/cmake)
-- Using all available rosidl_typesupport_c: rosidl_typesupport_fastrtps_c;rosidl_typesupport_introspection_c
-- Using all available rosidl_typesupport_cpp: rosidl_typesupport_fastrtps_cpp;rosidl_typesupport_introspection_cpp
-- Found rclcpp: 16.0.15 (/opt/ros/humble/share/rclcpp/cmake)
-- Found rmw_implementation_cmake: 6.1.2 (/opt/ros/humble/share/rmw_implementation_cmake/cmake)
-- Found rmw_fastrtps_cpp: 6.2.9 (/opt/ros/humble/share/rmw_fastrtps_cpp/cmake)
-- Found OpenSSL: /usr/lib/x86_64-linux-gnu/libcrypto.so (found version "3.0.2")  
-- Found FastRTPS: /opt/ros/humble/include  
-- Using RMW implementation 'rmw_fastrtps_cpp' as default
-- Looking for pthread.h
-- Looking for pthread.h - found
-- Performing Test CMAKE_HAVE_LIBC_PTHREAD
-- Performing Test CMAKE_HAVE_LIBC_PTHREAD - Success
-- Found Threads: TRUE  
-- Found rclpy: 3.3.17 (/opt/ros/humble/share/rclpy/cmake)
-- Found ament_lint_auto: 0.12.14 (/opt/ros/humble/share/ament_lint_auto/cmake)
-- Found gtest sources under '/opt/ros/humble/src/gtest_vendor': C++ tests using 'Google Test' will be built
-- Added test 'cppcheck' to perform static code analysis on C / C++ code
-- Configured cppcheck include dirs: $<BUILD_INTERFACE:/home/misys/f1tenth_ws/src/diagnostics/diagnostic_updater/include>
-- Configured cppcheck exclude dirs and/or files: 
-- Added test 'cpplint' to check C / C++ code against the Google style
-- Configured cpplint exclude dirs and/or files: 
-- Added test 'lint_cmake' to check CMake code style
-- Added test 'pep257' to check Python code against some of the docstring style conventions in PEP 257
-- Added test 'uncrustify' to check C / C++ code style
-- Configured uncrustify additional arguments: 
-- Added test 'xmllint' to check XML markup files
-- Configuring done
-- Generating done
-- Build files have been written to: /home/misys/f1tenth_ws/build/diagnostic_updater
[ 16%] Building CXX object gtest/CMakeFiles/gtest.dir/src/gtest-all.cc.o
[ 25%] Building CXX object CMakeFiles/diagnostic_updater.dir/src/diagnostic_updater.cpp.o
[  8%] Building CXX object gtest/CMakeFiles/gtest_main.dir/src/gtest_main.cc.o
[ 25%] Built target ament_cmake_python_copy_diagnostic_updater
running egg_info
creating diagnostic_updater.egg-info
writing diagnostic_updater.egg-info/PKG-INFO
writing dependency_links to diagnostic_updater.egg-info/dependency_links.txt
writing top-level names to diagnostic_updater.egg-info/top_level.txt
writing manifest file 'diagnostic_updater.egg-info/SOURCES.txt'
reading manifest file 'diagnostic_updater.egg-info/SOURCES.txt'
writing manifest file 'diagnostic_updater.egg-info/SOURCES.txt'
[ 25%] Built target ament_cmake_python_build_diagnostic_updater_egg
[ 33%] Linking CXX static library libgtest_main.a
[ 33%] Built target gtest_main
[ 41%] Linking CXX static library libgtest.a
[ 41%] Built target gtest
[ 50%] Building CXX object CMakeFiles/diagnostic_status_wrapper_test.dir/test/diagnostic_status_wrapper_test.cpp.o
[ 58%] Linking CXX shared library libdiagnostic_updater.so
[ 58%] Built target diagnostic_updater
[ 66%] Building CXX object CMakeFiles/example.dir/src/example.cpp.o
[ 75%] Building CXX object CMakeFiles/diagnostic_updater_test.dir/test/diagnostic_updater_test.cpp.o
[ 83%] Linking CXX executable diagnostic_status_wrapper_test
[ 83%] Built target diagnostic_status_wrapper_test
[ 91%] Linking CXX executable example
[100%] Linking CXX executable diagnostic_updater_test
[100%] Built target example
[100%] Built target diagnostic_updater_test
-- Install configuration: ""
-- Installing: /home/misys/f1tenth_ws/install/diagnostic_updater/lib/libdiagnostic_updater.so
-- Set runtime path of "/home/misys/f1tenth_ws/install/diagnostic_updater/lib/libdiagnostic_updater.so" to ""
-- Installing: /home/misys/f1tenth_ws/install/diagnostic_updater/share/diagnostic_updater/environment/pythonpath.sh
-- Installing: /home/misys/f1tenth_ws/install/diagnostic_updater/share/diagnostic_updater/environment/pythonpath.dsv
-- Installing: /home/misys/f1tenth_ws/install/diagnostic_updater/local/lib/python3.10/dist-packages/diagnostic_updater-4.4.6-py3.10.egg-info
-- Installing: /home/misys/f1tenth_ws/install/diagnostic_updater/local/lib/python3.10/dist-packages/diagnostic_updater-4.4.6-py3.10.egg-info/top_level.txt
-- Installing: /home/misys/f1tenth_ws/install/diagnostic_updater/local/lib/python3.10/dist-packages/diagnostic_updater-4.4.6-py3.10.egg-info/PKG-INFO
-- Installing: /home/misys/f1tenth_ws/install/diagnostic_updater/local/lib/python3.10/dist-packages/diagnostic_updater-4.4.6-py3.10.egg-info/SOURCES.txt
-- Installing: /home/misys/f1tenth_ws/install/diagnostic_updater/local/lib/python3.10/dist-packages/diagnostic_updater-4.4.6-py3.10.egg-info/dependency_links.txt
-- Installing: /home/misys/f1tenth_ws/install/diagnostic_updater/local/lib/python3.10/dist-packages/diagnostic_updater
-- Installing: /home/misys/f1tenth_ws/install/diagnostic_updater/local/lib/python3.10/dist-packages/diagnostic_updater/_update_functions.py
-- Installing: /home/misys/f1tenth_ws/install/diagnostic_updater/local/lib/python3.10/dist-packages/diagnostic_updater/example.py
-- Installing: /home/misys/f1tenth_ws/install/diagnostic_updater/local/lib/python3.10/dist-packages/diagnostic_updater/_publisher.py
-- Installing: /home/misys/f1tenth_ws/install/diagnostic_updater/local/lib/python3.10/dist-packages/diagnostic_updater/_diagnostic_updater.py
-- Installing: /home/misys/f1tenth_ws/install/diagnostic_updater/local/lib/python3.10/dist-packages/diagnostic_updater/__init__.py
-- Installing: /home/misys/f1tenth_ws/install/diagnostic_updater/local/lib/python3.10/dist-packages/diagnostic_updater/_diagnostic_status_wrapper.py
Listing '/home/misys/f1tenth_ws/install/diagnostic_updater/local/lib/python3.10/dist-packages/diagnostic_updater'...
Compiling '/home/misys/f1tenth_ws/install/diagnostic_updater/local/lib/python3.10/dist-packages/diagnostic_updater/__init__.py'...
Compiling '/home/misys/f1tenth_ws/install/diagnostic_updater/local/lib/python3.10/dist-packages/diagnostic_updater/_diagnostic_status_wrapper.py'...
Compiling '/home/misys/f1tenth_ws/install/diagnostic_updater/local/lib/python3.10/dist-packages/diagnostic_updater/_diagnostic_updater.py'...
Compiling '/home/misys/f1tenth_ws/install/diagnostic_updater/local/lib/python3.10/dist-packages/diagnostic_updater/_publisher.py'...
Compiling '/home/misys/f1tenth_ws/install/diagnostic_updater/local/lib/python3.10/dist-packages/diagnostic_updater/_update_functions.py'...
Compiling '/home/misys/f1tenth_ws/install/diagnostic_updater/local/lib/python3.10/dist-packages/diagnostic_updater/example.py'...
-- Installing: /home/misys/f1tenth_ws/install/diagnostic_updater/lib/diagnostic_updater/example.py
-- Installing: /home/misys/f1tenth_ws/install/diagnostic_updater/lib/diagnostic_updater/example
-- Set runtime path of "/home/misys/f1tenth_ws/install/diagnostic_updater/lib/diagnostic_updater/example" to ""
-- Installing: /home/misys/f1tenth_ws/install/diagnostic_updater/include
-- Installing: /home/misys/f1tenth_ws/install/diagnostic_updater/include/diagnostic_updater
-- Installing: /home/misys/f1tenth_ws/install/diagnostic_updater/include/diagnostic_updater/publisher.hpp
-- Installing: /home/misys/f1tenth_ws/install/diagnostic_updater/include/diagnostic_updater/update_functions.hpp
-- Installing: /home/misys/f1tenth_ws/install/diagnostic_updater/include/diagnostic_updater/diagnostic_updater.hpp
-- Installing: /home/misys/f1tenth_ws/install/diagnostic_updater/include/diagnostic_updater/diagnostic_status_wrapper.hpp
-- Installing: /home/misys/f1tenth_ws/install/diagnostic_updater/share/diagnostic_updater/environment/library_path.sh
-- Installing: /home/misys/f1tenth_ws/install/diagnostic_updater/share/diagnostic_updater/environment/library_path.dsv
-- Installing: /home/misys/f1tenth_ws/install/diagnostic_updater/share/ament_index/resource_index/package_run_dependencies/diagnostic_updater
-- Installing: /home/misys/f1tenth_ws/install/diagnostic_updater/share/ament_index/resource_index/parent_prefix_path/diagnostic_updater
-- Installing: /home/misys/f1tenth_ws/install/diagnostic_updater/share/diagnostic_updater/environment/ament_prefix_path.sh
-- Installing: /home/misys/f1tenth_ws/install/diagnostic_updater/share/diagnostic_updater/environment/ament_prefix_path.dsv
-- Installing: /home/misys/f1tenth_ws/install/diagnostic_updater/share/diagnostic_updater/environment/path.sh
-- Installing: /home/misys/f1tenth_ws/install/diagnostic_updater/share/diagnostic_updater/environment/path.dsv
-- Installing: /home/misys/f1tenth_ws/install/diagnostic_updater/share/diagnostic_updater/local_setup.bash
-- Installing: /home/misys/f1tenth_ws/install/diagnostic_updater/share/diagnostic_updater/local_setup.sh
-- Installing: /home/misys/f1tenth_ws/install/diagnostic_updater/share/diagnostic_updater/local_setup.zsh
-- Installing: /home/misys/f1tenth_ws/install/diagnostic_updater/share/diagnostic_updater/local_setup.dsv
-- Installing: /home/misys/f1tenth_ws/install/diagnostic_updater/share/diagnostic_updater/package.dsv
-- Installing: /home/misys/f1tenth_ws/install/diagnostic_updater/share/ament_index/resource_index/packages/diagnostic_updater
-- Installing: /home/misys/f1tenth_ws/install/diagnostic_updater/share/diagnostic_updater/cmake/diagnostic_updaterTargetsExport.cmake
-- Installing: /home/misys/f1tenth_ws/install/diagnostic_updater/share/diagnostic_updater/cmake/diagnostic_updaterTargetsExport-noconfig.cmake
-- Installing: /home/misys/f1tenth_ws/install/diagnostic_updater/share/diagnostic_updater/cmake/ament_cmake_export_targets-extras.cmake
-- Installing: /home/misys/f1tenth_ws/install/diagnostic_updater/share/diagnostic_updater/cmake/ament_cmake_export_include_directories-extras.cmake
-- Installing: /home/misys/f1tenth_ws/install/diagnostic_updater/share/diagnostic_updater/cmake/ament_cmake_export_libraries-extras.cmake
-- Installing: /home/misys/f1tenth_ws/install/diagnostic_updater/share/diagnostic_updater/cmake/ament_cmake_export_dependencies-extras.cmake
-- Installing: /home/misys/f1tenth_ws/install/diagnostic_updater/share/diagnostic_updater/cmake/diagnostic_updaterConfig.cmake
-- Installing: /home/misys/f1tenth_ws/install/diagnostic_updater/share/diagnostic_updater/cmake/diagnostic_updaterConfig-version.cmake
-- Installing: /home/misys/f1tenth_ws/install/diagnostic_updater/share/diagnostic_updater/package.xml
