[0.044s] Invoking command in '/home/misys/f1tenth_ws/build/diagnostics': AMENT_PREFIX_PATH=/home/misys/f1tenth_ws/install/self_test:/home/misys/f1tenth_ws/install/diagnostic_common_diagnostics:/home/misys/f1tenth_ws/install/diagnostic_updater:/home/misys/f1tenth_ws/install/diagnostic_aggregator:${AMENT_PREFIX_PATH} CMAKE_PREFIX_PATH=/home/misys/f1tenth_ws/install/self_test:/home/misys/f1tenth_ws/install/diagnostic_common_diagnostics:/home/misys/f1tenth_ws/install/diagnostic_updater:/home/misys/f1tenth_ws/install/diagnostic_aggregator:/opt/ros/humble LD_LIBRARY_PATH=/home/misys/f1tenth_ws/install/diagnostic_updater/lib:/home/misys/f1tenth_ws/install/diagnostic_aggregator/lib:${LD_LIBRARY_PATH} PYTHONPATH=/home/misys/f1tenth_ws/install/diagnostic_common_diagnostics/local/lib/python3.10/dist-packages:/home/misys/f1tenth_ws/install/diagnostic_updater/local/lib/python3.10/dist-packages:/home/misys/f1tenth_ws/install/diagnostic_aggregator/local/lib/python3.10/dist-packages:${PYTHONPATH} /usr/bin/cmake /home/misys/f1tenth_ws/src/diagnostics/diagnostics -DCMAKE_INSTALL_PREFIX=/home/misys/f1tenth_ws/install/diagnostics
[0.206s] -- The C compiler identification is GNU 11.4.0
[0.384s] -- The CXX compiler identification is GNU 11.4.0
[0.407s] -- Detecting C compiler ABI info
[0.606s] -- Detecting C compiler ABI info - done
[0.632s] -- Check for working C compiler: /usr/bin/cc - skipped
[0.633s] -- Detecting C compile features
[0.634s] -- Detecting C compile features - done
[0.645s] -- Detecting CXX compiler ABI info
[0.887s] -- Detecting CXX compiler ABI info - done
[0.913s] -- Check for working CXX compiler: /usr/bin/c++ - skipped
[0.914s] -- Detecting CXX compile features
[0.916s] -- Detecting CXX compile features - done
[0.925s] -- Found ament_cmake: 1.3.12 (/opt/ros/humble/share/ament_cmake/cmake)
[1.434s] -- Found Python3: /usr/bin/python3 (found version "3.10.12") found components: Interpreter 
[1.975s] -- Configuring done
[1.984s] -- Generating done
[1.990s] -- Build files have been written to: /home/misys/f1tenth_ws/build/diagnostics
[2.001s] Invoked command in '/home/misys/f1tenth_ws/build/diagnostics' returned '0': AMENT_PREFIX_PATH=/home/misys/f1tenth_ws/install/self_test:/home/misys/f1tenth_ws/install/diagnostic_common_diagnostics:/home/misys/f1tenth_ws/install/diagnostic_updater:/home/misys/f1tenth_ws/install/diagnostic_aggregator:${AMENT_PREFIX_PATH} CMAKE_PREFIX_PATH=/home/misys/f1tenth_ws/install/self_test:/home/misys/f1tenth_ws/install/diagnostic_common_diagnostics:/home/misys/f1tenth_ws/install/diagnostic_updater:/home/misys/f1tenth_ws/install/diagnostic_aggregator:/opt/ros/humble LD_LIBRARY_PATH=/home/misys/f1tenth_ws/install/diagnostic_updater/lib:/home/misys/f1tenth_ws/install/diagnostic_aggregator/lib:${LD_LIBRARY_PATH} PYTHONPATH=/home/misys/f1tenth_ws/install/diagnostic_common_diagnostics/local/lib/python3.10/dist-packages:/home/misys/f1tenth_ws/install/diagnostic_updater/local/lib/python3.10/dist-packages:/home/misys/f1tenth_ws/install/diagnostic_aggregator/local/lib/python3.10/dist-packages:${PYTHONPATH} /usr/bin/cmake /home/misys/f1tenth_ws/src/diagnostics/diagnostics -DCMAKE_INSTALL_PREFIX=/home/misys/f1tenth_ws/install/diagnostics
[2.004s] Invoking command in '/home/misys/f1tenth_ws/build/diagnostics': AMENT_PREFIX_PATH=/home/misys/f1tenth_ws/install/self_test:/home/misys/f1tenth_ws/install/diagnostic_common_diagnostics:/home/misys/f1tenth_ws/install/diagnostic_updater:/home/misys/f1tenth_ws/install/diagnostic_aggregator:${AMENT_PREFIX_PATH} CMAKE_PREFIX_PATH=/home/misys/f1tenth_ws/install/self_test:/home/misys/f1tenth_ws/install/diagnostic_common_diagnostics:/home/misys/f1tenth_ws/install/diagnostic_updater:/home/misys/f1tenth_ws/install/diagnostic_aggregator:/opt/ros/humble LD_LIBRARY_PATH=/home/misys/f1tenth_ws/install/diagnostic_updater/lib:/home/misys/f1tenth_ws/install/diagnostic_aggregator/lib:${LD_LIBRARY_PATH} PYTHONPATH=/home/misys/f1tenth_ws/install/diagnostic_common_diagnostics/local/lib/python3.10/dist-packages:/home/misys/f1tenth_ws/install/diagnostic_updater/local/lib/python3.10/dist-packages:/home/misys/f1tenth_ws/install/diagnostic_aggregator/local/lib/python3.10/dist-packages:${PYTHONPATH} /usr/bin/cmake --build /home/misys/f1tenth_ws/build/diagnostics -- -j16 -l16
[2.080s] Invoked command in '/home/misys/f1tenth_ws/build/diagnostics' returned '0': AMENT_PREFIX_PATH=/home/misys/f1tenth_ws/install/self_test:/home/misys/f1tenth_ws/install/diagnostic_common_diagnostics:/home/misys/f1tenth_ws/install/diagnostic_updater:/home/misys/f1tenth_ws/install/diagnostic_aggregator:${AMENT_PREFIX_PATH} CMAKE_PREFIX_PATH=/home/misys/f1tenth_ws/install/self_test:/home/misys/f1tenth_ws/install/diagnostic_common_diagnostics:/home/misys/f1tenth_ws/install/diagnostic_updater:/home/misys/f1tenth_ws/install/diagnostic_aggregator:/opt/ros/humble LD_LIBRARY_PATH=/home/misys/f1tenth_ws/install/diagnostic_updater/lib:/home/misys/f1tenth_ws/install/diagnostic_aggregator/lib:${LD_LIBRARY_PATH} PYTHONPATH=/home/misys/f1tenth_ws/install/diagnostic_common_diagnostics/local/lib/python3.10/dist-packages:/home/misys/f1tenth_ws/install/diagnostic_updater/local/lib/python3.10/dist-packages:/home/misys/f1tenth_ws/install/diagnostic_aggregator/local/lib/python3.10/dist-packages:${PYTHONPATH} /usr/bin/cmake --build /home/misys/f1tenth_ws/build/diagnostics -- -j16 -l16
[2.082s] Invoking command in '/home/misys/f1tenth_ws/build/diagnostics': AMENT_PREFIX_PATH=/home/misys/f1tenth_ws/install/self_test:/home/misys/f1tenth_ws/install/diagnostic_common_diagnostics:/home/misys/f1tenth_ws/install/diagnostic_updater:/home/misys/f1tenth_ws/install/diagnostic_aggregator:${AMENT_PREFIX_PATH} CMAKE_PREFIX_PATH=/home/misys/f1tenth_ws/install/self_test:/home/misys/f1tenth_ws/install/diagnostic_common_diagnostics:/home/misys/f1tenth_ws/install/diagnostic_updater:/home/misys/f1tenth_ws/install/diagnostic_aggregator:/opt/ros/humble LD_LIBRARY_PATH=/home/misys/f1tenth_ws/install/diagnostic_updater/lib:/home/misys/f1tenth_ws/install/diagnostic_aggregator/lib:${LD_LIBRARY_PATH} PYTHONPATH=/home/misys/f1tenth_ws/install/diagnostic_common_diagnostics/local/lib/python3.10/dist-packages:/home/misys/f1tenth_ws/install/diagnostic_updater/local/lib/python3.10/dist-packages:/home/misys/f1tenth_ws/install/diagnostic_aggregator/local/lib/python3.10/dist-packages:${PYTHONPATH} /usr/bin/cmake --install /home/misys/f1tenth_ws/build/diagnostics
[2.101s] -- Install configuration: ""
[2.102s] -- Installing: /home/misys/f1tenth_ws/install/diagnostics/share/ament_index/resource_index/package_run_dependencies/diagnostics
[2.103s] -- Installing: /home/misys/f1tenth_ws/install/diagnostics/share/ament_index/resource_index/parent_prefix_path/diagnostics
[2.104s] -- Installing: /home/misys/f1tenth_ws/install/diagnostics/share/diagnostics/environment/ament_prefix_path.sh
[2.104s] -- Installing: /home/misys/f1tenth_ws/install/diagnostics/share/diagnostics/environment/ament_prefix_path.dsv
[2.105s] -- Installing: /home/misys/f1tenth_ws/install/diagnostics/share/diagnostics/environment/path.sh
[2.105s] -- Installing: /home/misys/f1tenth_ws/install/diagnostics/share/diagnostics/environment/path.dsv
[2.106s] -- Installing: /home/misys/f1tenth_ws/install/diagnostics/share/diagnostics/local_setup.bash
[2.106s] -- Installing: /home/misys/f1tenth_ws/install/diagnostics/share/diagnostics/local_setup.sh
[2.107s] -- Installing: /home/misys/f1tenth_ws/install/diagnostics/share/diagnostics/local_setup.zsh
[2.107s] -- Installing: /home/misys/f1tenth_ws/install/diagnostics/share/diagnostics/local_setup.dsv
[2.108s] -- Installing: /home/misys/f1tenth_ws/install/diagnostics/share/diagnostics/package.dsv
[2.109s] -- Installing: /home/misys/f1tenth_ws/install/diagnostics/share/ament_index/resource_index/packages/diagnostics
[2.110s] -- Installing: /home/misys/f1tenth_ws/install/diagnostics/share/diagnostics/cmake/diagnosticsConfig.cmake
[2.110s] -- Installing: /home/misys/f1tenth_ws/install/diagnostics/share/diagnostics/cmake/diagnosticsConfig-version.cmake
[2.111s] -- Installing: /home/misys/f1tenth_ws/install/diagnostics/share/diagnostics/package.xml
[2.116s] Invoked command in '/home/misys/f1tenth_ws/build/diagnostics' returned '0': AMENT_PREFIX_PATH=/home/misys/f1tenth_ws/install/self_test:/home/misys/f1tenth_ws/install/diagnostic_common_diagnostics:/home/misys/f1tenth_ws/install/diagnostic_updater:/home/misys/f1tenth_ws/install/diagnostic_aggregator:${AMENT_PREFIX_PATH} CMAKE_PREFIX_PATH=/home/misys/f1tenth_ws/install/self_test:/home/misys/f1tenth_ws/install/diagnostic_common_diagnostics:/home/misys/f1tenth_ws/install/diagnostic_updater:/home/misys/f1tenth_ws/install/diagnostic_aggregator:/opt/ros/humble LD_LIBRARY_PATH=/home/misys/f1tenth_ws/install/diagnostic_updater/lib:/home/misys/f1tenth_ws/install/diagnostic_aggregator/lib:${LD_LIBRARY_PATH} PYTHONPATH=/home/misys/f1tenth_ws/install/diagnostic_common_diagnostics/local/lib/python3.10/dist-packages:/home/misys/f1tenth_ws/install/diagnostic_updater/local/lib/python3.10/dist-packages:/home/misys/f1tenth_ws/install/diagnostic_aggregator/local/lib/python3.10/dist-packages:${PYTHONPATH} /usr/bin/cmake --install /home/misys/f1tenth_ws/build/diagnostics
