-- The C compiler identification is GNU 11.4.0
-- The CXX compiler identification is GNU 11.4.0
-- Detecting C compiler ABI info
-- Detecting C compiler ABI info - done
-- Check for working C compiler: /usr/bin/cc - skipped
-- Detecting C compile features
-- Detecting C compile features - done
-- Detecting CXX compiler ABI info
-- Detecting CXX compiler ABI info - done
-- Check for working CXX compiler: /usr/bin/c++ - skipped
-- Detecting CXX compile features
-- Detecting CXX compile features - done
-- Found ament_cmake_auto: 1.3.12 (/opt/ros/humble/share/ament_cmake_auto/cmake)
-- Found Python3: /usr/bin/python3 (found version "3.10.12") found components: Interpreter 
-- Found rosidl_generator_c: 3.1.7 (/opt/ros/humble/share/rosidl_generator_c/cmake)
-- Found rosidl_adapter: 3.1.7 (/opt/ros/humble/share/rosidl_adapter/cmake)
-- Found rosidl_generator_cpp: 3.1.7 (/opt/ros/humble/share/rosidl_generator_cpp/cmake)
-- Using all available rosidl_typesupport_c: rosidl_typesupport_fastrtps_c;rosidl_typesupport_introspection_c
-- Using all available rosidl_typesupport_cpp: rosidl_typesupport_fastrtps_cpp;rosidl_typesupport_introspection_cpp
-- Found rmw_implementation_cmake: 6.1.2 (/opt/ros/humble/share/rmw_implementation_cmake/cmake)
-- Found rmw_fastrtps_cpp: 6.2.9 (/opt/ros/humble/share/rmw_fastrtps_cpp/cmake)
-- Found OpenSSL: /usr/lib/x86_64-linux-gnu/libcrypto.so (found version "3.0.2")  
-- Found FastRTPS: /opt/ros/humble/include  
-- Using RMW implementation 'rmw_fastrtps_cpp' as default
-- Looking for pthread.h
-- Looking for pthread.h - found
-- Performing Test CMAKE_HAVE_LIBC_PTHREAD
-- Performing Test CMAKE_HAVE_LIBC_PTHREAD - Success
-- Found Threads: TRUE  
-- Found asio_cmake_module: 1.2.0 (/home/misys/f1tenth_ws/install/asio_cmake_module/share/asio_cmake_module/cmake)
-- Found ASIO: /usr/include  
-- Found ament_lint_auto: 0.12.14 (/opt/ros/humble/share/ament_lint_auto/cmake)
-- Found gtest sources under '/opt/ros/humble/src/gtest_vendor': C++ tests using 'Google Test' will be built
In this package, headers install destination is set to `include` by ament_auto_package. It is recommended to install `include/udp_driver` instead and will be the default behavior of ament_auto_package from ROS 2 Kilted Kaiju. On distributions before Kilted, ament_auto_package behaves the same way when you use USE_SCOPED_HEADER_INSTALL_DIR option.
-- Added test 'copyright' to check source files copyright and LICENSE
-- Added test 'cppcheck' to perform static code analysis on C / C++ code
-- Configured cppcheck include dirs: /home/misys/f1tenth_ws/src/transport_drivers/udp_driver/include
-- Configured cppcheck exclude dirs and/or files: 
-- Added test 'cpplint' to check C / C++ code against the Google style
-- Configured cpplint exclude dirs and/or files: 
-- Added test 'lint_cmake' to check CMake code style
-- Added test 'uncrustify' to check C / C++ code style
-- Configured uncrustify additional arguments: 
-- Added test 'xmllint' to check XML markup files
-- Configuring done
-- Generating done
-- Build files have been written to: /home/misys/f1tenth_ws/build/udp_driver
[  4%] Building CXX object CMakeFiles/udp_driver.dir/src/udp_socket.cpp.o
[  8%] Building CXX object CMakeFiles/udp_driver.dir/src/udp_driver.cpp.o
[ 12%] Linking CXX shared library libudp_driver.so
[ 12%] Built target udp_driver
[ 16%] Building CXX object gtest/CMakeFiles/gtest.dir/src/gtest-all.cc.o
[ 20%] Linking CXX static library libgtest.a
[ 20%] Built target gtest
[ 25%] Building CXX object CMakeFiles/udp_driver_nodes.dir/src/udp_receiver_node.cpp.o
[ 29%] Building CXX object CMakeFiles/udp_driver_nodes.dir/src/udp_sender_node.cpp.o
[ 33%] Linking CXX shared library libudp_driver_nodes.so
[ 33%] Built target udp_driver_nodes
[ 37%] Building CXX object CMakeFiles/udp_receiver_node_exe.dir/rclcpp_components/node_main_udp_receiver_node_exe.cpp.o
[ 41%] Building CXX object gtest/CMakeFiles/gtest_main.dir/src/gtest_main.cc.o
[ 45%] Building CXX object CMakeFiles/udp_bridge_node_exe.dir/src/udp_bridge_node.cpp.o
[ 50%] Building CXX object CMakeFiles/udp_sender_node_exe.dir/rclcpp_components/node_main_udp_sender_node_exe.cpp.o
[ 54%] Linking CXX static library libgtest_main.a
[ 54%] Built target gtest_main
[ 58%] Building CXX object CMakeFiles/test_udp_socket.dir/test/test_udp_socket.cpp.o
[ 62%] Building CXX object CMakeFiles/test_udp_data.dir/test/test_udp_data.cpp.o
[ 66%] Building CXX object CMakeFiles/test_udp_driver_nodes.dir/test/test_udp_driver_nodes.cpp.o
[ 70%] Building CXX object CMakeFiles/test_udp_driver.dir/test/test_udp_driver.cpp.o
[ 75%] Linking CXX executable test_udp_data
[ 79%] Linking CXX executable test_udp_socket
[ 83%] Linking CXX executable udp_receiver_node_exe
[ 87%] Linking CXX executable udp_sender_node_exe
[ 87%] Built target test_udp_data
[ 87%] Built target test_udp_socket
[ 87%] Built target udp_sender_node_exe
[ 87%] Built target udp_receiver_node_exe
[ 91%] Linking CXX executable udp_bridge_node_exe
[ 95%] Linking CXX executable test_udp_driver
[ 95%] Built target udp_bridge_node_exe
[ 95%] Built target test_udp_driver
[100%] Linking CXX executable test_udp_driver_nodes
[100%] Built target test_udp_driver_nodes
-- Install configuration: ""
-- Installing: /home/misys/f1tenth_ws/install/udp_driver/lib/udp_driver/udp_receiver_node_exe
-- Set runtime path of "/home/misys/f1tenth_ws/install/udp_driver/lib/udp_driver/udp_receiver_node_exe" to ""
-- Installing: /home/misys/f1tenth_ws/install/udp_driver/lib/udp_driver/udp_sender_node_exe
-- Set runtime path of "/home/misys/f1tenth_ws/install/udp_driver/lib/udp_driver/udp_sender_node_exe" to ""
-- Installing: /home/misys/f1tenth_ws/install/udp_driver/include
-- Installing: /home/misys/f1tenth_ws/install/udp_driver/include/udp_driver
-- Installing: /home/misys/f1tenth_ws/install/udp_driver/include/udp_driver/udp_receiver_node.hpp
-- Installing: /home/misys/f1tenth_ws/install/udp_driver/include/udp_driver/visibility_control.hpp
-- Installing: /home/misys/f1tenth_ws/install/udp_driver/include/udp_driver/udp_sender_node.hpp
-- Installing: /home/misys/f1tenth_ws/install/udp_driver/include/udp_driver/udp_driver.hpp
-- Installing: /home/misys/f1tenth_ws/install/udp_driver/include/udp_driver/udp_socket.hpp
-- Installing: /home/misys/f1tenth_ws/install/udp_driver/share/udp_driver/environment/library_path.sh
-- Installing: /home/misys/f1tenth_ws/install/udp_driver/share/udp_driver/environment/library_path.dsv
-- Installing: /home/misys/f1tenth_ws/install/udp_driver/lib/libudp_driver.so
-- Set runtime path of "/home/misys/f1tenth_ws/install/udp_driver/lib/libudp_driver.so" to ""
-- Installing: /home/misys/f1tenth_ws/install/udp_driver/lib/libudp_driver_nodes.so
-- Set runtime path of "/home/misys/f1tenth_ws/install/udp_driver/lib/libudp_driver_nodes.so" to ""
-- Installing: /home/misys/f1tenth_ws/install/udp_driver/lib/udp_driver/udp_bridge_node_exe
-- Set runtime path of "/home/misys/f1tenth_ws/install/udp_driver/lib/udp_driver/udp_bridge_node_exe" to ""
-- Installing: /home/misys/f1tenth_ws/install/udp_driver/share/ament_index/resource_index/package_run_dependencies/udp_driver
-- Installing: /home/misys/f1tenth_ws/install/udp_driver/share/ament_index/resource_index/parent_prefix_path/udp_driver
-- Installing: /home/misys/f1tenth_ws/install/udp_driver/share/udp_driver/environment/ament_prefix_path.sh
-- Installing: /home/misys/f1tenth_ws/install/udp_driver/share/udp_driver/environment/ament_prefix_path.dsv
-- Installing: /home/misys/f1tenth_ws/install/udp_driver/share/udp_driver/environment/path.sh
-- Installing: /home/misys/f1tenth_ws/install/udp_driver/share/udp_driver/environment/path.dsv
-- Installing: /home/misys/f1tenth_ws/install/udp_driver/share/udp_driver/local_setup.bash
-- Installing: /home/misys/f1tenth_ws/install/udp_driver/share/udp_driver/local_setup.sh
-- Installing: /home/misys/f1tenth_ws/install/udp_driver/share/udp_driver/local_setup.zsh
-- Installing: /home/misys/f1tenth_ws/install/udp_driver/share/udp_driver/local_setup.dsv
-- Installing: /home/misys/f1tenth_ws/install/udp_driver/share/udp_driver/package.dsv
-- Installing: /home/misys/f1tenth_ws/install/udp_driver/share/ament_index/resource_index/packages/udp_driver
-- Installing: /home/misys/f1tenth_ws/install/udp_driver/share/ament_index/resource_index/rclcpp_components/udp_driver
-- Installing: /home/misys/f1tenth_ws/install/udp_driver/share/udp_driver/cmake/ament_cmake_export_dependencies-extras.cmake
-- Installing: /home/misys/f1tenth_ws/install/udp_driver/share/udp_driver/cmake/ament_cmake_export_include_directories-extras.cmake
-- Installing: /home/misys/f1tenth_ws/install/udp_driver/share/udp_driver/cmake/ament_cmake_export_libraries-extras.cmake
-- Installing: /home/misys/f1tenth_ws/install/udp_driver/share/udp_driver/cmake/udp_driver-extras.cmake
-- Installing: /home/misys/f1tenth_ws/install/udp_driver/share/udp_driver/cmake/udp_driverConfig.cmake
-- Installing: /home/misys/f1tenth_ws/install/udp_driver/share/udp_driver/cmake/udp_driverConfig-version.cmake
-- Installing: /home/misys/f1tenth_ws/install/udp_driver/share/udp_driver/package.xml
