[0.091s] Invoking command in '/home/misys/f1tenth_ws/build/urg_node2': AMENT_PREFIX_PATH=/home/misys/f1tenth_ws/install/diagnostic_updater:${AMENT_PREFIX_PATH} CMAKE_PREFIX_PATH=/home/misys/f1tenth_ws/install/diagnostic_updater:/opt/ros/humble LD_LIBRARY_PATH=/home/misys/f1tenth_ws/install/diagnostic_updater/lib:${LD_LIBRARY_PATH} PYTHONPATH=/home/misys/f1tenth_ws/install/diagnostic_updater/local/lib/python3.10/dist-packages:${PYTHONPATH} /usr/bin/cmake /home/misys/f1tenth_ws/src/urg_node2 -DCMAKE_INSTALL_PREFIX=/home/misys/f1tenth_ws/install/urg_node2
[0.365s] -- The C compiler identification is GNU 11.4.0
[0.693s] -- The CXX compiler identification is GNU 11.4.0
[0.742s] -- Detecting C compiler ABI info
[1.165s] -- Detecting C compiler ABI info - done
[1.227s] -- Check for working C compiler: /usr/bin/cc - skipped
[1.233s] -- Detecting C compile features
[1.233s] -- Detecting C compile features - done
[1.254s] -- Detecting CXX compiler ABI info
[1.658s] -- Detecting CXX compiler ABI info - done
[1.726s] -- Check for working CXX compiler: /usr/bin/c++ - skipped
[1.734s] -- Detecting CXX compile features
[1.736s] -- Detecting CXX compile features - done
[1.749s] -- Found ament_cmake: 1.3.12 (/opt/ros/humble/share/ament_cmake/cmake)
[2.742s] -- Found Python3: /usr/bin/python3 (found version "3.10.12") found components: Interpreter 
[3.391s] -- Found rclcpp: 16.0.15 (/opt/ros/humble/share/rclcpp/cmake)
[3.791s] -- Found rosidl_generator_c: 3.1.7 (/opt/ros/humble/share/rosidl_generator_c/cmake)
[3.843s] -- Found rosidl_adapter: 3.1.7 (/opt/ros/humble/share/rosidl_adapter/cmake)
[3.886s] -- Found rosidl_generator_cpp: 3.1.7 (/opt/ros/humble/share/rosidl_generator_cpp/cmake)
[3.973s] -- Using all available rosidl_typesupport_c: rosidl_typesupport_fastrtps_c;rosidl_typesupport_introspection_c
[4.073s] -- Using all available rosidl_typesupport_cpp: rosidl_typesupport_fastrtps_cpp;rosidl_typesupport_introspection_cpp
[4.287s] -- Found rmw_implementation_cmake: 6.1.2 (/opt/ros/humble/share/rmw_implementation_cmake/cmake)
[4.306s] -- Found rmw_fastrtps_cpp: 6.2.9 (/opt/ros/humble/share/rmw_fastrtps_cpp/cmake)
[4.764s] -- Found OpenSSL: /usr/lib/x86_64-linux-gnu/libcrypto.so (found version "3.0.2")  
[5.088s] -- Found FastRTPS: /opt/ros/humble/include  
[5.169s] -- Using RMW implementation 'rmw_fastrtps_cpp' as default
[5.230s] -- Looking for pthread.h
[5.656s] -- Looking for pthread.h - found
[5.661s] -- Performing Test CMAKE_HAVE_LIBC_PTHREAD
[6.128s] -- Performing Test CMAKE_HAVE_LIBC_PTHREAD - Success
[6.136s] -- Found Threads: TRUE  
[6.585s] -- Found rclcpp_components: 16.0.15 (/opt/ros/humble/share/rclcpp_components/cmake)
[6.814s] -- Found rclcpp_lifecycle: 16.0.15 (/opt/ros/humble/share/rclcpp_lifecycle/cmake)
[6.981s] -- Found sensor_msgs: 4.9.0 (/opt/ros/humble/share/sensor_msgs/cmake)
[7.099s] -- Found diagnostic_updater: 4.4.6 (/home/misys/f1tenth_ws/install/diagnostic_updater/share/diagnostic_updater/cmake)
[7.196s] -- Found laser_proc: 1.0.2 (/opt/ros/humble/share/laser_proc/cmake)
[7.261s] -- Found ament_cmake_gtest: 1.3.12 (/opt/ros/humble/share/ament_cmake_gtest/cmake)
[7.279s] -- Found gtest sources under '/opt/ros/humble/src/gtest_vendor': C++ tests using 'Google Test' will be built
[7.698s] -- Configuring done
[7.945s] -- Generating done
[8.014s] -- Build files have been written to: /home/misys/f1tenth_ws/build/urg_node2
[8.047s] Invoked command in '/home/misys/f1tenth_ws/build/urg_node2' returned '0': AMENT_PREFIX_PATH=/home/misys/f1tenth_ws/install/diagnostic_updater:${AMENT_PREFIX_PATH} CMAKE_PREFIX_PATH=/home/misys/f1tenth_ws/install/diagnostic_updater:/opt/ros/humble LD_LIBRARY_PATH=/home/misys/f1tenth_ws/install/diagnostic_updater/lib:${LD_LIBRARY_PATH} PYTHONPATH=/home/misys/f1tenth_ws/install/diagnostic_updater/local/lib/python3.10/dist-packages:${PYTHONPATH} /usr/bin/cmake /home/misys/f1tenth_ws/src/urg_node2 -DCMAKE_INSTALL_PREFIX=/home/misys/f1tenth_ws/install/urg_node2
[8.048s] Invoking command in '/home/misys/f1tenth_ws/build/urg_node2': AMENT_PREFIX_PATH=/home/misys/f1tenth_ws/install/diagnostic_updater:${AMENT_PREFIX_PATH} CMAKE_PREFIX_PATH=/home/misys/f1tenth_ws/install/diagnostic_updater:/opt/ros/humble LD_LIBRARY_PATH=/home/misys/f1tenth_ws/install/diagnostic_updater/lib:${LD_LIBRARY_PATH} PYTHONPATH=/home/misys/f1tenth_ws/install/diagnostic_updater/local/lib/python3.10/dist-packages:${PYTHONPATH} /usr/bin/cmake --build /home/misys/f1tenth_ws/build/urg_node2 -- -j16 -l16
[8.340s] [  5%] Building C object CMakeFiles/urg_c.dir/urg_library/current/src/urg_sensor.c.o
[8.818s] [ 10%] Building C object CMakeFiles/urg_c.dir/urg_library/current/src/urg_tcpclient.c.o
[9.046s] [ 15%] Building C object CMakeFiles/urg_c.dir/urg_library/current/src/urg_serial_utils.c.o
[9.284s] [ 20%] Building C object CMakeFiles/urg_c.dir/urg_library/current/src/urg_serial.c.o
[9.533s] [ 25%] Building C object CMakeFiles/urg_c.dir/urg_library/current/src/urg_ring_buffer.c.o
[9.761s] [ 30%] Building C object CMakeFiles/urg_c.dir/urg_library/current/src/urg_connection.c.o
[9.884s] [ 35%] Building C object CMakeFiles/urg_c.dir/urg_library/current/src/urg_debug.c.o
[10.066s] [ 40%] Building C object CMakeFiles/urg_c.dir/urg_library/current/src/urg_utils.c.o
[10.276s] [ 45%] Linking C shared library liburg_c.so
[10.442s] [ 45%] Built target urg_c
[10.541s] [ 50%] Building CXX object gtest/CMakeFiles/gtest.dir/src/gtest-all.cc.o
[20.920s] [ 55%] Linking CXX static library libgtest.a
[21.059s] [ 55%] Built target gtest
[21.110s] [ 60%] Building CXX object CMakeFiles/urg_node2.dir/src/urg_node2.cpp.o
[47.245s] [ 65%] Linking CXX shared library liburg_node2.so
[48.490s] [ 65%] Built target urg_node2
[48.609s] [ 70%] Building CXX object gtest/CMakeFiles/gtest_main.dir/src/gtest_main.cc.o
[51.000s] [ 75%] Linking CXX static library libgtest_main.a
[51.154s] [ 75%] Built target gtest_main
[51.240s] [ 80%] Building CXX object CMakeFiles/urg_node2_node.dir/rclcpp_components/node_main_urg_node2_node.cpp.o
[60.539s] [ 85%] Linking CXX executable urg_node2_node
[60.870s] [ 85%] Built target urg_node2_node
[60.927s] [ 90%] Building CXX object CMakeFiles/urg_node2_test.dir/src/urg_node2.cpp.o
[76.029s] [ 95%] Building CXX object CMakeFiles/urg_node2_test.dir/test/urg_node2_test.cpp.o
[101.719s] [100%] Linking CXX executable urg_node2_test
[103.342s] [100%] Built target urg_node2_test
[103.367s] Invoked command in '/home/misys/f1tenth_ws/build/urg_node2' returned '0': AMENT_PREFIX_PATH=/home/misys/f1tenth_ws/install/diagnostic_updater:${AMENT_PREFIX_PATH} CMAKE_PREFIX_PATH=/home/misys/f1tenth_ws/install/diagnostic_updater:/opt/ros/humble LD_LIBRARY_PATH=/home/misys/f1tenth_ws/install/diagnostic_updater/lib:${LD_LIBRARY_PATH} PYTHONPATH=/home/misys/f1tenth_ws/install/diagnostic_updater/local/lib/python3.10/dist-packages:${PYTHONPATH} /usr/bin/cmake --build /home/misys/f1tenth_ws/build/urg_node2 -- -j16 -l16
[103.371s] Invoking command in '/home/misys/f1tenth_ws/build/urg_node2': AMENT_PREFIX_PATH=/home/misys/f1tenth_ws/install/diagnostic_updater:${AMENT_PREFIX_PATH} CMAKE_PREFIX_PATH=/home/misys/f1tenth_ws/install/diagnostic_updater:/opt/ros/humble LD_LIBRARY_PATH=/home/misys/f1tenth_ws/install/diagnostic_updater/lib:${LD_LIBRARY_PATH} PYTHONPATH=/home/misys/f1tenth_ws/install/diagnostic_updater/local/lib/python3.10/dist-packages:${PYTHONPATH} /usr/bin/cmake --install /home/misys/f1tenth_ws/build/urg_node2
[103.385s] -- Install configuration: ""
[103.385s] -- Installing: /home/misys/f1tenth_ws/install/urg_node2/lib/urg_node2/urg_node2_node
[103.386s] -- Set runtime path of "/home/misys/f1tenth_ws/install/urg_node2/lib/urg_node2/urg_node2_node" to ""
[103.386s] -- Installing: /home/misys/f1tenth_ws/install/urg_node2/lib/liburg_node2.so
[103.391s] -- Set runtime path of "/home/misys/f1tenth_ws/install/urg_node2/lib/liburg_node2.so" to ""
[103.391s] -- Installing: /home/misys/f1tenth_ws/install/urg_node2/lib/liburg_c.so
[103.391s] -- Installing: /home/misys/f1tenth_ws/install/urg_node2/share/urg_node2/launch
[103.392s] -- Installing: /home/misys/f1tenth_ws/install/urg_node2/share/urg_node2/launch/urg_node2_2lidar.launch.py
[103.392s] -- Installing: /home/misys/f1tenth_ws/install/urg_node2/share/urg_node2/launch/urg_node2.launch.py
[103.392s] -- Installing: /home/misys/f1tenth_ws/install/urg_node2/share/urg_node2/launch/urg_node2_component.launch.py
[103.393s] -- Installing: /home/misys/f1tenth_ws/install/urg_node2/share/urg_node2/config
[103.393s] -- Installing: /home/misys/f1tenth_ws/install/urg_node2/share/urg_node2/config/params_ether.yaml
[103.393s] -- Installing: /home/misys/f1tenth_ws/install/urg_node2/share/urg_node2/config/params_serial.yaml
[103.393s] -- Installing: /home/misys/f1tenth_ws/install/urg_node2/share/urg_node2/config/params_ether_2nd.yaml
[103.394s] -- Installing: /home/misys/f1tenth_ws/install/urg_node2/share/ament_index/resource_index/package_run_dependencies/urg_node2
[103.394s] -- Installing: /home/misys/f1tenth_ws/install/urg_node2/share/ament_index/resource_index/parent_prefix_path/urg_node2
[103.394s] -- Installing: /home/misys/f1tenth_ws/install/urg_node2/share/urg_node2/environment/ament_prefix_path.sh
[103.395s] -- Installing: /home/misys/f1tenth_ws/install/urg_node2/share/urg_node2/environment/ament_prefix_path.dsv
[103.395s] -- Installing: /home/misys/f1tenth_ws/install/urg_node2/share/urg_node2/environment/path.sh
[103.396s] -- Installing: /home/misys/f1tenth_ws/install/urg_node2/share/urg_node2/environment/path.dsv
[103.396s] -- Installing: /home/misys/f1tenth_ws/install/urg_node2/share/urg_node2/local_setup.bash
[103.397s] -- Installing: /home/misys/f1tenth_ws/install/urg_node2/share/urg_node2/local_setup.sh
[103.397s] -- Installing: /home/misys/f1tenth_ws/install/urg_node2/share/urg_node2/local_setup.zsh
[103.397s] -- Installing: /home/misys/f1tenth_ws/install/urg_node2/share/urg_node2/local_setup.dsv
[103.397s] -- Installing: /home/misys/f1tenth_ws/install/urg_node2/share/urg_node2/package.dsv
[103.398s] -- Installing: /home/misys/f1tenth_ws/install/urg_node2/share/ament_index/resource_index/packages/urg_node2
[103.398s] -- Installing: /home/misys/f1tenth_ws/install/urg_node2/share/ament_index/resource_index/rclcpp_components/urg_node2
[103.398s] -- Installing: /home/misys/f1tenth_ws/install/urg_node2/share/urg_node2/cmake/urg_node2Config.cmake
[103.398s] -- Installing: /home/misys/f1tenth_ws/install/urg_node2/share/urg_node2/cmake/urg_node2Config-version.cmake
[103.399s] -- Installing: /home/misys/f1tenth_ws/install/urg_node2/share/urg_node2/package.xml
[103.403s] Invoked command in '/home/misys/f1tenth_ws/build/urg_node2' returned '0': AMENT_PREFIX_PATH=/home/misys/f1tenth_ws/install/diagnostic_updater:${AMENT_PREFIX_PATH} CMAKE_PREFIX_PATH=/home/misys/f1tenth_ws/install/diagnostic_updater:/opt/ros/humble LD_LIBRARY_PATH=/home/misys/f1tenth_ws/install/diagnostic_updater/lib:${LD_LIBRARY_PATH} PYTHONPATH=/home/misys/f1tenth_ws/install/diagnostic_updater/local/lib/python3.10/dist-packages:${PYTHONPATH} /usr/bin/cmake --install /home/misys/f1tenth_ws/build/urg_node2
