running egg_info
creating ../../build/bringup/bringup.egg-info
writing ../../build/bringup/bringup.egg-info/PKG-INFO
writing dependency_links to ../../build/bringup/bringup.egg-info/dependency_links.txt
writing entry points to ../../build/bringup/bringup.egg-info/entry_points.txt
writing requirements to ../../build/bringup/bringup.egg-info/requires.txt
writing top-level names to ../../build/bringup/bringup.egg-info/top_level.txt
writing manifest file '../../build/bringup/bringup.egg-info/SOURCES.txt'
reading manifest file '../../build/bringup/bringup.egg-info/SOURCES.txt'
adding license file 'LICENSE'
writing manifest file '../../build/bringup/bringup.egg-info/SOURCES.txt'
running build
running build_py
creating /home/misys/f1tenth_ws/build/bringup/build
creating /home/misys/f1tenth_ws/build/bringup/build/lib
creating /home/misys/f1tenth_ws/build/bringup/build/lib/bringup
copying bringup/__init__.py -> /home/misys/f1tenth_ws/build/bringup/build/lib/bringup
running install
running install_lib
creating /home/misys/f1tenth_ws/install/bringup/lib/python3.10/site-packages/bringup
copying /home/misys/f1tenth_ws/build/bringup/build/lib/bringup/__init__.py -> /home/misys/f1tenth_ws/install/bringup/lib/python3.10/site-packages/bringup
byte-compiling /home/misys/f1tenth_ws/install/bringup/lib/python3.10/site-packages/bringup/__init__.py to __init__.cpython-310.pyc
running install_data
creating /home/misys/f1tenth_ws/install/bringup/share/ament_index
creating /home/misys/f1tenth_ws/install/bringup/share/ament_index/resource_index
creating /home/misys/f1tenth_ws/install/bringup/share/ament_index/resource_index/packages
copying resource/bringup -> /home/misys/f1tenth_ws/install/bringup/share/ament_index/resource_index/packages
copying package.xml -> /home/misys/f1tenth_ws/install/bringup/share/bringup
creating /home/misys/f1tenth_ws/install/bringup/share/bringup/launch
copying launch/sim_pf_mpc_launch.py -> /home/misys/f1tenth_ws/install/bringup/share/bringup/launch
copying launch/sim_drive_legacy_revised_launch.py -> /home/misys/f1tenth_ws/install/bringup/share/bringup/launch
copying launch/sim_pf_pp_launch.py -> /home/misys/f1tenth_ws/install/bringup/share/bringup/launch
copying launch/sim_test_launch.py -> /home/misys/f1tenth_ws/install/bringup/share/bringup/launch
copying launch/sim_drive_launch.py -> /home/misys/f1tenth_ws/install/bringup/share/bringup/launch
copying launch/sim_drive_legacy_launch.py -> /home/misys/f1tenth_ws/install/bringup/share/bringup/launch
creating /home/misys/f1tenth_ws/install/bringup/share/bringup/config
copying config/mux.yaml -> /home/misys/f1tenth_ws/install/bringup/share/bringup/config
copying config/joy_teleop.yaml -> /home/misys/f1tenth_ws/install/bringup/share/bringup/config
copying launch/pf_pp.rviz -> /home/misys/f1tenth_ws/install/bringup/share/bringup/launch
copying launch/pf_mpc.rviz -> /home/misys/f1tenth_ws/install/bringup/share/bringup/launch
running install_egg_info
Copying ../../build/bringup/bringup.egg-info to /home/misys/f1tenth_ws/install/bringup/lib/python3.10/site-packages/bringup-0.0.0-py3.10.egg-info
running install_scripts
writing list of installed files to '/home/misys/f1tenth_ws/build/bringup/install.log'
