In file included from /opt/ros/humble/include/rclcpp/rclcpp/logging.hpp:24,
                 from /opt/ros/humble/include/rclcpp/rclcpp/client.hpp:40,
                 from /opt/ros/humble/include/rclcpp/rclcpp/callback_group.hpp:24,
                 from /opt/ros/humble/include/rclcpp/rclcpp/any_executable.hpp:20,
                 from /opt/ros/humble/include/rclcpp/rclcpp/memory_strategy.hpp:25,
                 from /opt/ros/humble/include/rclcpp/rclcpp/memory_strategies.hpp:18,
                 from /opt/ros/humble/include/rclcpp/rclcpp/executor_options.hpp:20,
                 from /opt/ros/humble/include/rclcpp/rclcpp/executor.hpp:37,
                 from /opt/ros/humble/include/rclcpp/rclcpp/executors/multi_threaded_executor.hpp:25,
                 from /opt/ros/humble/include/rclcpp/rclcpp/executors.hpp:21,
                 from /opt/ros/humble/include/rclcpp/rclcpp/rclcpp.hpp:155,
                 from /opt/ros/humble/include/tf2_ros/tf2_ros/buffer_interface.hpp:48,
                 from /opt/ros/humble/include/tf2_ros/tf2_ros/buffer.hpp:42,
                 from /opt/ros/humble/include/tf2_ros/tf2_ros/buffer.h:35,
                 from /home/misys/f1tenth_ws/src/CL2-UWaterloo/pure_pursuit/include/pure_pursuit.hpp:6,
                 from /home/misys/f1tenth_ws/src/CL2-UWaterloo/pure_pursuit/src/pure_pursuit.cpp:1:
/home/misys/f1tenth_ws/src/CL2-UWaterloo/pure_pursuit/src/pure_pursuit.cpp: In member function ‘void PurePursuit::load_waypoints()’:
/home/misys/f1tenth_ws/src/CL2-UWaterloo/pure_pursuit/src/pure_pursuit.cpp:91:42: warning: format ‘%s’ expects argument of type ‘char*’, but argument 5 has type ‘std::string’ {aka ‘std::__cxx11::basic_string<char>’} [-Wformat=]
   91 |         RCLCPP_ERROR(this->get_logger(), "Cannot Open CSV File: %s", waypoints_path);
      |                                          ^~~~~~~~~~~~~~~~~~~~~~~~~~
/home/misys/f1tenth_ws/src/CL2-UWaterloo/pure_pursuit/src/pure_pursuit.cpp:91:66: note: format string is defined here
   91 |         RCLCPP_ERROR(this->get_logger(), "Cannot Open CSV File: %s", waypoints_path);
      |                                                                 ~^
      |                                                                  |
      |                                                                  char*
In file included from /opt/ros/humble/include/rclcpp/rclcpp/logging.hpp:24,
                 from /opt/ros/humble/include/rclcpp/rclcpp/client.hpp:40,
                 from /opt/ros/humble/include/rclcpp/rclcpp/callback_group.hpp:24,
                 from /opt/ros/humble/include/rclcpp/rclcpp/any_executable.hpp:20,
                 from /opt/ros/humble/include/rclcpp/rclcpp/memory_strategy.hpp:25,
                 from /opt/ros/humble/include/rclcpp/rclcpp/memory_strategies.hpp:18,
                 from /opt/ros/humble/include/rclcpp/rclcpp/executor_options.hpp:20,
                 from /opt/ros/humble/include/rclcpp/rclcpp/executor.hpp:37,
                 from /opt/ros/humble/include/rclcpp/rclcpp/executors/multi_threaded_executor.hpp:25,
                 from /opt/ros/humble/include/rclcpp/rclcpp/executors.hpp:21,
                 from /opt/ros/humble/include/rclcpp/rclcpp/rclcpp.hpp:155,
                 from /opt/ros/humble/include/tf2_ros/tf2_ros/buffer_interface.hpp:48,
                 from /opt/ros/humble/include/tf2_ros/tf2_ros/buffer.hpp:42,
                 from /opt/ros/humble/include/tf2_ros/tf2_ros/buffer.h:35,
                 from /home/misys/f1tenth_ws/src/CL2-UWaterloo/pure_pursuit/include/pure_pursuit.hpp:6,
                 from /home/misys/f1tenth_ws/src/CL2-UWaterloo/pure_pursuit/src/pure_pursuit.cpp:1:
/home/misys/f1tenth_ws/src/CL2-UWaterloo/pure_pursuit/src/pure_pursuit.cpp:121:37: warning: format ‘%s’ expects argument of type ‘char*’, but argument 6 has type ‘std::string’ {aka ‘std::__cxx11::basic_string<char>’} [-Wformat=]
  121 |     RCLCPP_INFO(this->get_logger(), "Finished loading %d waypoints from %s", num_waypoints, waypoints_path);
      |                                     ^~~~~~~~~~~~~~~~~~~~~~~~~~~~~~~~~~~~~~~
/home/misys/f1tenth_ws/src/CL2-UWaterloo/pure_pursuit/src/pure_pursuit.cpp:121:74: note: format string is defined here
  121 |     RCLCPP_INFO(this->get_logger(), "Finished loading %d waypoints from %s", num_waypoints, waypoints_path);
      |                                                                         ~^
      |                                                                          |
      |                                                                          char*
