-- The C compiler identification is GNU 11.4.0
-- The CXX compiler identification is GNU 11.4.0
-- Detecting C compiler ABI info
-- Detecting C compiler ABI info - done
-- Check for working C compiler: /usr/bin/cc - skipped
-- Detecting C compile features
-- Detecting C compile features - done
-- Detecting CXX compiler ABI info
-- Detecting CXX compiler ABI info - done
-- Check for working CXX compiler: /usr/bin/c++ - skipped
-- Detecting CXX compile features
-- Detecting CXX compile features - done
-- Found ament_cmake: 1.3.12 (/opt/ros/humble/share/ament_cmake/cmake)
-- Found Python3: /usr/bin/python3 (found version "3.10.12") found components: Interpreter 
-- Found rclcpp: 16.0.15 (/opt/ros/humble/share/rclcpp/cmake)
-- Found rosidl_generator_c: 3.1.7 (/opt/ros/humble/share/rosidl_generator_c/cmake)
-- Found rosidl_adapter: 3.1.7 (/opt/ros/humble/share/rosidl_adapter/cmake)
-- Found rosidl_generator_cpp: 3.1.7 (/opt/ros/humble/share/rosidl_generator_cpp/cmake)
-- Using all available rosidl_typesupport_c: rosidl_typesupport_fastrtps_c;rosidl_typesupport_introspection_c
-- Using all available rosidl_typesupport_cpp: rosidl_typesupport_fastrtps_cpp;rosidl_typesupport_introspection_cpp
-- Found rmw_implementation_cmake: 6.1.2 (/opt/ros/humble/share/rmw_implementation_cmake/cmake)
-- Found rmw_fastrtps_cpp: 6.2.9 (/opt/ros/humble/share/rmw_fastrtps_cpp/cmake)
-- Found OpenSSL: /usr/lib/x86_64-linux-gnu/libcrypto.so (found version "3.0.2")  
-- Found FastRTPS: /opt/ros/humble/include  
-- Using RMW implementation 'rmw_fastrtps_cpp' as default
-- Looking for pthread.h
-- Looking for pthread.h - found
-- Performing Test CMAKE_HAVE_LIBC_PTHREAD
-- Performing Test CMAKE_HAVE_LIBC_PTHREAD - Success
-- Found Threads: TRUE  
-- Found rclpy: 3.3.17 (/opt/ros/humble/share/rclpy/cmake)
-- Found geometry_msgs: 4.9.0 (/opt/ros/humble/share/geometry_msgs/cmake)
-- Found nav_msgs: 4.9.0 (/opt/ros/humble/share/nav_msgs/cmake)
-- Found ackermann_msgs: 2.0.2 (/home/misys/f1tenth_ws/install/ackermann_msgs/share/ackermann_msgs/cmake)
-- Found sensor_msgs: 4.9.0 (/opt/ros/humble/share/sensor_msgs/cmake)
-- Found visualization_msgs: 4.9.0 (/opt/ros/humble/share/visualization_msgs/cmake)
-- Found eigen3_cmake_module: 0.1.1 (/opt/ros/humble/share/eigen3_cmake_module/cmake)
-- Found Eigen3: TRUE (found version "3.4.0") 
-- Found tf2_ros: 0.25.16 (/opt/ros/humble/share/tf2_ros/cmake)
-- Configuring done
-- Generating done
-- Build files have been written to: /home/misys/f1tenth_ws/build/pure_pursuit
[ 25%] Building CXX object CMakeFiles/pure_pursuit.dir/src/pure_pursuit.cpp.o
[ 50%] Building CXX object CMakeFiles/waypoint_visualizer.dir/src/waypoint_visualizer.cpp.o
In file included from /opt/ros/humble/include/rclcpp/rclcpp/logging.hpp:24,
                 from /opt/ros/humble/include/rclcpp/rclcpp/client.hpp:40,
                 from /opt/ros/humble/include/rclcpp/rclcpp/callback_group.hpp:24,
                 from /opt/ros/humble/include/rclcpp/rclcpp/any_executable.hpp:20,
                 from /opt/ros/humble/include/rclcpp/rclcpp/memory_strategy.hpp:25,
                 from /opt/ros/humble/include/rclcpp/rclcpp/memory_strategies.hpp:18,
                 from /opt/ros/humble/include/rclcpp/rclcpp/executor_options.hpp:20,
                 from /opt/ros/humble/include/rclcpp/rclcpp/executor.hpp:37,
                 from /opt/ros/humble/include/rclcpp/rclcpp/executors/multi_threaded_executor.hpp:25,
                 from /opt/ros/humble/include/rclcpp/rclcpp/executors.hpp:21,
                 from /opt/ros/humble/include/rclcpp/rclcpp/rclcpp.hpp:155,
                 from /opt/ros/humble/include/tf2_ros/tf2_ros/buffer_interface.hpp:48,
                 from /opt/ros/humble/include/tf2_ros/tf2_ros/buffer.hpp:42,
                 from /opt/ros/humble/include/tf2_ros/tf2_ros/buffer.h:35,
                 from /home/misys/f1tenth_ws/src/CL2-UWaterloo/pure_pursuit/include/pure_pursuit.hpp:6,
                 from /home/misys/f1tenth_ws/src/CL2-UWaterloo/pure_pursuit/src/pure_pursuit.cpp:1:
/home/misys/f1tenth_ws/src/CL2-UWaterloo/pure_pursuit/src/pure_pursuit.cpp: In member function ‘void PurePursuit::load_waypoints()’:
/home/misys/f1tenth_ws/src/CL2-UWaterloo/pure_pursuit/src/pure_pursuit.cpp:91:42: warning: format ‘%s’ expects argument of type ‘char*’, but argument 5 has type ‘std::string’ {aka ‘std::__cxx11::basic_string<char>’} [-Wformat=]
   91 |         RCLCPP_ERROR(this->get_logger(), "Cannot Open CSV File: %s", waypoints_path);
      |                                          ^~~~~~~~~~~~~~~~~~~~~~~~~~
/home/misys/f1tenth_ws/src/CL2-UWaterloo/pure_pursuit/src/pure_pursuit.cpp:91:66: note: format string is defined here
   91 |         RCLCPP_ERROR(this->get_logger(), "Cannot Open CSV File: %s", waypoints_path);
      |                                                                 ~^
      |                                                                  |
      |                                                                  char*
In file included from /opt/ros/humble/include/rclcpp/rclcpp/logging.hpp:24,
                 from /opt/ros/humble/include/rclcpp/rclcpp/client.hpp:40,
                 from /opt/ros/humble/include/rclcpp/rclcpp/callback_group.hpp:24,
                 from /opt/ros/humble/include/rclcpp/rclcpp/any_executable.hpp:20,
                 from /opt/ros/humble/include/rclcpp/rclcpp/memory_strategy.hpp:25,
                 from /opt/ros/humble/include/rclcpp/rclcpp/memory_strategies.hpp:18,
                 from /opt/ros/humble/include/rclcpp/rclcpp/executor_options.hpp:20,
                 from /opt/ros/humble/include/rclcpp/rclcpp/executor.hpp:37,
                 from /opt/ros/humble/include/rclcpp/rclcpp/executors/multi_threaded_executor.hpp:25,
                 from /opt/ros/humble/include/rclcpp/rclcpp/executors.hpp:21,
                 from /opt/ros/humble/include/rclcpp/rclcpp/rclcpp.hpp:155,
                 from /opt/ros/humble/include/tf2_ros/tf2_ros/buffer_interface.hpp:48,
                 from /opt/ros/humble/include/tf2_ros/tf2_ros/buffer.hpp:42,
                 from /opt/ros/humble/include/tf2_ros/tf2_ros/buffer.h:35,
                 from /home/misys/f1tenth_ws/src/CL2-UWaterloo/pure_pursuit/include/pure_pursuit.hpp:6,
                 from /home/misys/f1tenth_ws/src/CL2-UWaterloo/pure_pursuit/src/pure_pursuit.cpp:1:
/home/misys/f1tenth_ws/src/CL2-UWaterloo/pure_pursuit/src/pure_pursuit.cpp:121:37: warning: format ‘%s’ expects argument of type ‘char*’, but argument 6 has type ‘std::string’ {aka ‘std::__cxx11::basic_string<char>’} [-Wformat=]
  121 |     RCLCPP_INFO(this->get_logger(), "Finished loading %d waypoints from %s", num_waypoints, waypoints_path);
      |                                     ^~~~~~~~~~~~~~~~~~~~~~~~~~~~~~~~~~~~~~~
/home/misys/f1tenth_ws/src/CL2-UWaterloo/pure_pursuit/src/pure_pursuit.cpp:121:74: note: format string is defined here
  121 |     RCLCPP_INFO(this->get_logger(), "Finished loading %d waypoints from %s", num_waypoints, waypoints_path);
      |                                                                         ~^
      |                                                                          |
      |                                                                          char*
[ 75%] Linking CXX executable waypoint_visualizer
[ 75%] Built target waypoint_visualizer
[100%] Linking CXX executable pure_pursuit
[100%] Built target pure_pursuit
-- Install configuration: ""
-- Installing: /home/misys/f1tenth_ws/install/pure_pursuit/lib/pure_pursuit/pure_pursuit
-- Set runtime path of "/home/misys/f1tenth_ws/install/pure_pursuit/lib/pure_pursuit/pure_pursuit" to ""
-- Installing: /home/misys/f1tenth_ws/install/pure_pursuit/lib/pure_pursuit/waypoint_visualizer
-- Set runtime path of "/home/misys/f1tenth_ws/install/pure_pursuit/lib/pure_pursuit/waypoint_visualizer" to ""
-- Installing: /home/misys/f1tenth_ws/install/pure_pursuit/share/pure_pursuit/launch
-- Installing: /home/misys/f1tenth_ws/install/pure_pursuit/share/pure_pursuit/launch/pure_pursuit.rviz
-- Installing: /home/misys/f1tenth_ws/install/pure_pursuit/share/pure_pursuit/launch/pure_pursuit_launch.py
-- Installing: /home/misys/f1tenth_ws/install/pure_pursuit/share/pure_pursuit/launch/sim_pure_pursuit_launch.py
-- Installing: /home/misys/f1tenth_ws/install/pure_pursuit/share/pure_pursuit/launch/sim_pure_pursuit.rviz
-- Installing: /home/misys/f1tenth_ws/install/pure_pursuit/share/pure_pursuit/config
-- Installing: /home/misys/f1tenth_ws/install/pure_pursuit/share/pure_pursuit/config/sim_config.yaml
-- Installing: /home/misys/f1tenth_ws/install/pure_pursuit/share/pure_pursuit/config/config.yaml
-- Installing: /home/misys/f1tenth_ws/install/pure_pursuit/share/ament_index/resource_index/package_run_dependencies/pure_pursuit
-- Installing: /home/misys/f1tenth_ws/install/pure_pursuit/share/ament_index/resource_index/parent_prefix_path/pure_pursuit
-- Installing: /home/misys/f1tenth_ws/install/pure_pursuit/share/pure_pursuit/environment/ament_prefix_path.sh
-- Installing: /home/misys/f1tenth_ws/install/pure_pursuit/share/pure_pursuit/environment/ament_prefix_path.dsv
-- Installing: /home/misys/f1tenth_ws/install/pure_pursuit/share/pure_pursuit/environment/path.sh
-- Installing: /home/misys/f1tenth_ws/install/pure_pursuit/share/pure_pursuit/environment/path.dsv
-- Installing: /home/misys/f1tenth_ws/install/pure_pursuit/share/pure_pursuit/local_setup.bash
-- Installing: /home/misys/f1tenth_ws/install/pure_pursuit/share/pure_pursuit/local_setup.sh
-- Installing: /home/misys/f1tenth_ws/install/pure_pursuit/share/pure_pursuit/local_setup.zsh
-- Installing: /home/misys/f1tenth_ws/install/pure_pursuit/share/pure_pursuit/local_setup.dsv
-- Installing: /home/misys/f1tenth_ws/install/pure_pursuit/share/pure_pursuit/package.dsv
-- Installing: /home/misys/f1tenth_ws/install/pure_pursuit/share/ament_index/resource_index/packages/pure_pursuit
-- Installing: /home/misys/f1tenth_ws/install/pure_pursuit/share/pure_pursuit/cmake/pure_pursuitConfig.cmake
-- Installing: /home/misys/f1tenth_ws/install/pure_pursuit/share/pure_pursuit/cmake/pure_pursuitConfig-version.cmake
-- Installing: /home/misys/f1tenth_ws/install/pure_pursuit/share/pure_pursuit/package.xml
